[2021-02-27 09:13:16,845] {scheduler_job.py:182} INFO - Started process (PID=21782) to work on /usr/local/lib/python3.9/site-packages/airflow/example_dags/example_skip_dag.py
[2021-02-27 09:13:16,845] {scheduler_job.py:629} INFO - Processing file /usr/local/lib/python3.9/site-packages/airflow/example_dags/example_skip_dag.py for tasks to queue
[2021-02-27 09:13:16,846] {logging_mixin.py:104} INFO - [2021-02-27 09:13:16,846] {dagbag.py:448} INFO - Filling up the DagBag from /usr/local/lib/python3.9/site-packages/airflow/example_dags/example_skip_dag.py
[2021-02-27 09:13:16,853] {scheduler_job.py:639} INFO - DAG(s) dict_keys(['example_skip_dag']) retrieved from /usr/local/lib/python3.9/site-packages/airflow/example_dags/example_skip_dag.py
[2021-02-27 09:13:16,884] {logging_mixin.py:104} INFO - [2021-02-27 09:13:16,884] {dag.py:1818} INFO - Sync 1 DAGs
[2021-02-27 09:13:16,892] {logging_mixin.py:104} INFO - [2021-02-27 09:13:16,892] {dag.py:2273} INFO - Setting next_dagrun for example_skip_dag to 2021-02-25 00:00:00+00:00
[2021-02-27 09:13:16,897] {scheduler_job.py:190} INFO - Processing /usr/local/lib/python3.9/site-packages/airflow/example_dags/example_skip_dag.py took 0.053 seconds
[2021-02-27 09:14:11,583] {scheduler_job.py:182} INFO - Started process (PID=21817) to work on /usr/local/lib/python3.9/site-packages/airflow/example_dags/example_skip_dag.py
[2021-02-27 09:14:11,583] {scheduler_job.py:629} INFO - Processing file /usr/local/lib/python3.9/site-packages/airflow/example_dags/example_skip_dag.py for tasks to queue
[2021-02-27 09:14:11,584] {logging_mixin.py:104} INFO - [2021-02-27 09:14:11,584] {dagbag.py:448} INFO - Filling up the DagBag from /usr/local/lib/python3.9/site-packages/airflow/example_dags/example_skip_dag.py
[2021-02-27 09:14:11,590] {scheduler_job.py:639} INFO - DAG(s) dict_keys(['example_skip_dag']) retrieved from /usr/local/lib/python3.9/site-packages/airflow/example_dags/example_skip_dag.py
[2021-02-27 09:14:11,626] {logging_mixin.py:104} INFO - [2021-02-27 09:14:11,626] {dag.py:1818} INFO - Sync 1 DAGs
[2021-02-27 09:14:11,636] {logging_mixin.py:104} INFO - [2021-02-27 09:14:11,636] {dag.py:2273} INFO - Setting next_dagrun for example_skip_dag to 2021-02-25 00:00:00+00:00
[2021-02-27 09:14:11,641] {scheduler_job.py:190} INFO - Processing /usr/local/lib/python3.9/site-packages/airflow/example_dags/example_skip_dag.py took 0.059 seconds
[2021-02-27 09:15:04,047] {scheduler_job.py:182} INFO - Started process (PID=21868) to work on /usr/local/lib/python3.9/site-packages/airflow/example_dags/example_skip_dag.py
[2021-02-27 09:15:04,048] {scheduler_job.py:629} INFO - Processing file /usr/local/lib/python3.9/site-packages/airflow/example_dags/example_skip_dag.py for tasks to queue
[2021-02-27 09:15:04,048] {logging_mixin.py:104} INFO - [2021-02-27 09:15:04,048] {dagbag.py:448} INFO - Filling up the DagBag from /usr/local/lib/python3.9/site-packages/airflow/example_dags/example_skip_dag.py
[2021-02-27 09:15:04,054] {scheduler_job.py:639} INFO - DAG(s) dict_keys(['example_skip_dag']) retrieved from /usr/local/lib/python3.9/site-packages/airflow/example_dags/example_skip_dag.py
[2021-02-27 09:15:04,085] {logging_mixin.py:104} INFO - [2021-02-27 09:15:04,084] {dag.py:1818} INFO - Sync 1 DAGs
[2021-02-27 09:15:04,092] {logging_mixin.py:104} INFO - [2021-02-27 09:15:04,092] {dag.py:2273} INFO - Setting next_dagrun for example_skip_dag to 2021-02-25 00:00:00+00:00
[2021-02-27 09:15:04,097] {scheduler_job.py:190} INFO - Processing /usr/local/lib/python3.9/site-packages/airflow/example_dags/example_skip_dag.py took 0.050 seconds
[2021-02-27 09:15:48,024] {scheduler_job.py:182} INFO - Started process (PID=21927) to work on /usr/local/lib/python3.9/site-packages/airflow/example_dags/example_skip_dag.py
[2021-02-27 09:15:48,024] {scheduler_job.py:629} INFO - Processing file /usr/local/lib/python3.9/site-packages/airflow/example_dags/example_skip_dag.py for tasks to queue
[2021-02-27 09:15:48,024] {logging_mixin.py:104} INFO - [2021-02-27 09:15:48,024] {dagbag.py:448} INFO - Filling up the DagBag from /usr/local/lib/python3.9/site-packages/airflow/example_dags/example_skip_dag.py
[2021-02-27 09:15:48,030] {scheduler_job.py:639} INFO - DAG(s) dict_keys(['example_skip_dag']) retrieved from /usr/local/lib/python3.9/site-packages/airflow/example_dags/example_skip_dag.py
[2021-02-27 09:15:48,060] {logging_mixin.py:104} INFO - [2021-02-27 09:15:48,060] {dag.py:1818} INFO - Sync 1 DAGs
[2021-02-27 09:15:48,069] {logging_mixin.py:104} INFO - [2021-02-27 09:15:48,069] {dag.py:2273} INFO - Setting next_dagrun for example_skip_dag to 2021-02-25 00:00:00+00:00
[2021-02-27 09:15:48,074] {scheduler_job.py:190} INFO - Processing /usr/local/lib/python3.9/site-packages/airflow/example_dags/example_skip_dag.py took 0.051 seconds
[2021-02-27 09:16:41,614] {scheduler_job.py:182} INFO - Started process (PID=21982) to work on /usr/local/lib/python3.9/site-packages/airflow/example_dags/example_skip_dag.py
[2021-02-27 09:16:41,615] {scheduler_job.py:629} INFO - Processing file /usr/local/lib/python3.9/site-packages/airflow/example_dags/example_skip_dag.py for tasks to queue
[2021-02-27 09:16:41,616] {logging_mixin.py:104} INFO - [2021-02-27 09:16:41,616] {dagbag.py:448} INFO - Filling up the DagBag from /usr/local/lib/python3.9/site-packages/airflow/example_dags/example_skip_dag.py
[2021-02-27 09:16:41,623] {scheduler_job.py:639} INFO - DAG(s) dict_keys(['example_skip_dag']) retrieved from /usr/local/lib/python3.9/site-packages/airflow/example_dags/example_skip_dag.py
[2021-02-27 09:16:41,654] {logging_mixin.py:104} INFO - [2021-02-27 09:16:41,654] {dag.py:1818} INFO - Sync 1 DAGs
[2021-02-27 09:16:41,662] {logging_mixin.py:104} INFO - [2021-02-27 09:16:41,662] {dag.py:2273} INFO - Setting next_dagrun for example_skip_dag to 2021-02-25 00:00:00+00:00
[2021-02-27 09:16:41,667] {scheduler_job.py:190} INFO - Processing /usr/local/lib/python3.9/site-packages/airflow/example_dags/example_skip_dag.py took 0.054 seconds
[2021-02-27 09:17:31,785] {scheduler_job.py:182} INFO - Started process (PID=22025) to work on /usr/local/lib/python3.9/site-packages/airflow/example_dags/example_skip_dag.py
[2021-02-27 09:17:31,787] {scheduler_job.py:629} INFO - Processing file /usr/local/lib/python3.9/site-packages/airflow/example_dags/example_skip_dag.py for tasks to queue
[2021-02-27 09:17:31,787] {logging_mixin.py:104} INFO - [2021-02-27 09:17:31,787] {dagbag.py:448} INFO - Filling up the DagBag from /usr/local/lib/python3.9/site-packages/airflow/example_dags/example_skip_dag.py
[2021-02-27 09:17:31,796] {scheduler_job.py:639} INFO - DAG(s) dict_keys(['example_skip_dag']) retrieved from /usr/local/lib/python3.9/site-packages/airflow/example_dags/example_skip_dag.py
[2021-02-27 09:17:31,833] {logging_mixin.py:104} INFO - [2021-02-27 09:17:31,833] {dag.py:1818} INFO - Sync 1 DAGs
[2021-02-27 09:17:31,844] {logging_mixin.py:104} INFO - [2021-02-27 09:17:31,844] {dag.py:2273} INFO - Setting next_dagrun for example_skip_dag to 2021-02-25 00:00:00+00:00
[2021-02-27 09:17:31,849] {scheduler_job.py:190} INFO - Processing /usr/local/lib/python3.9/site-packages/airflow/example_dags/example_skip_dag.py took 0.065 seconds
[2021-02-27 09:18:29,429] {scheduler_job.py:182} INFO - Started process (PID=22086) to work on /usr/local/lib/python3.9/site-packages/airflow/example_dags/example_skip_dag.py
[2021-02-27 09:18:29,430] {scheduler_job.py:629} INFO - Processing file /usr/local/lib/python3.9/site-packages/airflow/example_dags/example_skip_dag.py for tasks to queue
[2021-02-27 09:18:29,431] {logging_mixin.py:104} INFO - [2021-02-27 09:18:29,430] {dagbag.py:448} INFO - Filling up the DagBag from /usr/local/lib/python3.9/site-packages/airflow/example_dags/example_skip_dag.py
[2021-02-27 09:18:29,437] {scheduler_job.py:639} INFO - DAG(s) dict_keys(['example_skip_dag']) retrieved from /usr/local/lib/python3.9/site-packages/airflow/example_dags/example_skip_dag.py
[2021-02-27 09:18:29,466] {logging_mixin.py:104} INFO - [2021-02-27 09:18:29,466] {dag.py:1818} INFO - Sync 1 DAGs
[2021-02-27 09:18:29,474] {logging_mixin.py:104} INFO - [2021-02-27 09:18:29,474] {dag.py:2273} INFO - Setting next_dagrun for example_skip_dag to 2021-02-25 00:00:00+00:00
[2021-02-27 09:18:29,479] {scheduler_job.py:190} INFO - Processing /usr/local/lib/python3.9/site-packages/airflow/example_dags/example_skip_dag.py took 0.050 seconds
[2021-02-27 09:19:27,442] {scheduler_job.py:182} INFO - Started process (PID=22142) to work on /usr/local/lib/python3.9/site-packages/airflow/example_dags/example_skip_dag.py
[2021-02-27 09:19:27,443] {scheduler_job.py:629} INFO - Processing file /usr/local/lib/python3.9/site-packages/airflow/example_dags/example_skip_dag.py for tasks to queue
[2021-02-27 09:19:27,443] {logging_mixin.py:104} INFO - [2021-02-27 09:19:27,443] {dagbag.py:448} INFO - Filling up the DagBag from /usr/local/lib/python3.9/site-packages/airflow/example_dags/example_skip_dag.py
[2021-02-27 09:19:27,450] {scheduler_job.py:639} INFO - DAG(s) dict_keys(['example_skip_dag']) retrieved from /usr/local/lib/python3.9/site-packages/airflow/example_dags/example_skip_dag.py
[2021-02-27 09:19:27,481] {logging_mixin.py:104} INFO - [2021-02-27 09:19:27,481] {dag.py:1818} INFO - Sync 1 DAGs
[2021-02-27 09:19:27,489] {logging_mixin.py:104} INFO - [2021-02-27 09:19:27,489] {dag.py:2273} INFO - Setting next_dagrun for example_skip_dag to 2021-02-25 00:00:00+00:00
[2021-02-27 09:19:27,495] {scheduler_job.py:190} INFO - Processing /usr/local/lib/python3.9/site-packages/airflow/example_dags/example_skip_dag.py took 0.053 seconds
[2021-02-27 09:20:26,459] {scheduler_job.py:182} INFO - Started process (PID=22195) to work on /usr/local/lib/python3.9/site-packages/airflow/example_dags/example_skip_dag.py
[2021-02-27 09:20:26,461] {scheduler_job.py:629} INFO - Processing file /usr/local/lib/python3.9/site-packages/airflow/example_dags/example_skip_dag.py for tasks to queue
[2021-02-27 09:20:26,461] {logging_mixin.py:104} INFO - [2021-02-27 09:20:26,461] {dagbag.py:448} INFO - Filling up the DagBag from /usr/local/lib/python3.9/site-packages/airflow/example_dags/example_skip_dag.py
[2021-02-27 09:20:26,467] {scheduler_job.py:639} INFO - DAG(s) dict_keys(['example_skip_dag']) retrieved from /usr/local/lib/python3.9/site-packages/airflow/example_dags/example_skip_dag.py
[2021-02-27 09:20:26,499] {logging_mixin.py:104} INFO - [2021-02-27 09:20:26,499] {dag.py:1818} INFO - Sync 1 DAGs
[2021-02-27 09:20:26,508] {logging_mixin.py:104} INFO - [2021-02-27 09:20:26,508] {dag.py:2273} INFO - Setting next_dagrun for example_skip_dag to 2021-02-25 00:00:00+00:00
[2021-02-27 09:20:26,513] {scheduler_job.py:190} INFO - Processing /usr/local/lib/python3.9/site-packages/airflow/example_dags/example_skip_dag.py took 0.055 seconds
[2021-02-27 09:21:17,306] {scheduler_job.py:182} INFO - Started process (PID=22233) to work on /usr/local/lib/python3.9/site-packages/airflow/example_dags/example_skip_dag.py
[2021-02-27 09:21:17,306] {scheduler_job.py:629} INFO - Processing file /usr/local/lib/python3.9/site-packages/airflow/example_dags/example_skip_dag.py for tasks to queue
[2021-02-27 09:21:17,307] {logging_mixin.py:104} INFO - [2021-02-27 09:21:17,307] {dagbag.py:448} INFO - Filling up the DagBag from /usr/local/lib/python3.9/site-packages/airflow/example_dags/example_skip_dag.py
[2021-02-27 09:21:17,317] {scheduler_job.py:639} INFO - DAG(s) dict_keys(['example_skip_dag']) retrieved from /usr/local/lib/python3.9/site-packages/airflow/example_dags/example_skip_dag.py
[2021-02-27 09:21:17,382] {logging_mixin.py:104} INFO - [2021-02-27 09:21:17,382] {dag.py:1818} INFO - Sync 1 DAGs
[2021-02-27 09:21:17,397] {logging_mixin.py:104} INFO - [2021-02-27 09:21:17,397] {dag.py:2273} INFO - Setting next_dagrun for example_skip_dag to 2021-02-25 00:00:00+00:00
[2021-02-27 09:21:17,411] {scheduler_job.py:190} INFO - Processing /usr/local/lib/python3.9/site-packages/airflow/example_dags/example_skip_dag.py took 0.106 seconds
[2021-02-27 09:22:14,295] {scheduler_job.py:182} INFO - Started process (PID=22274) to work on /usr/local/lib/python3.9/site-packages/airflow/example_dags/example_skip_dag.py
[2021-02-27 09:22:14,297] {scheduler_job.py:629} INFO - Processing file /usr/local/lib/python3.9/site-packages/airflow/example_dags/example_skip_dag.py for tasks to queue
[2021-02-27 09:22:14,297] {logging_mixin.py:104} INFO - [2021-02-27 09:22:14,297] {dagbag.py:448} INFO - Filling up the DagBag from /usr/local/lib/python3.9/site-packages/airflow/example_dags/example_skip_dag.py
[2021-02-27 09:22:14,304] {scheduler_job.py:639} INFO - DAG(s) dict_keys(['example_skip_dag']) retrieved from /usr/local/lib/python3.9/site-packages/airflow/example_dags/example_skip_dag.py
[2021-02-27 09:22:14,335] {logging_mixin.py:104} INFO - [2021-02-27 09:22:14,335] {dag.py:1818} INFO - Sync 1 DAGs
[2021-02-27 09:22:14,344] {logging_mixin.py:104} INFO - [2021-02-27 09:22:14,344] {dag.py:2273} INFO - Setting next_dagrun for example_skip_dag to 2021-02-25 00:00:00+00:00
[2021-02-27 09:22:14,350] {scheduler_job.py:190} INFO - Processing /usr/local/lib/python3.9/site-packages/airflow/example_dags/example_skip_dag.py took 0.056 seconds
[2021-02-27 09:23:03,665] {scheduler_job.py:182} INFO - Started process (PID=22308) to work on /usr/local/lib/python3.9/site-packages/airflow/example_dags/example_skip_dag.py
[2021-02-27 09:23:03,667] {scheduler_job.py:629} INFO - Processing file /usr/local/lib/python3.9/site-packages/airflow/example_dags/example_skip_dag.py for tasks to queue
[2021-02-27 09:23:03,667] {logging_mixin.py:104} INFO - [2021-02-27 09:23:03,667] {dagbag.py:448} INFO - Filling up the DagBag from /usr/local/lib/python3.9/site-packages/airflow/example_dags/example_skip_dag.py
[2021-02-27 09:23:03,674] {scheduler_job.py:639} INFO - DAG(s) dict_keys(['example_skip_dag']) retrieved from /usr/local/lib/python3.9/site-packages/airflow/example_dags/example_skip_dag.py
[2021-02-27 09:23:03,702] {logging_mixin.py:104} INFO - [2021-02-27 09:23:03,702] {dag.py:1818} INFO - Sync 1 DAGs
[2021-02-27 09:23:03,709] {logging_mixin.py:104} INFO - [2021-02-27 09:23:03,709] {dag.py:2273} INFO - Setting next_dagrun for example_skip_dag to 2021-02-25 00:00:00+00:00
[2021-02-27 09:23:03,714] {scheduler_job.py:190} INFO - Processing /usr/local/lib/python3.9/site-packages/airflow/example_dags/example_skip_dag.py took 0.049 seconds
[2021-02-27 09:23:56,293] {scheduler_job.py:182} INFO - Started process (PID=22355) to work on /usr/local/lib/python3.9/site-packages/airflow/example_dags/example_skip_dag.py
[2021-02-27 09:23:56,295] {scheduler_job.py:629} INFO - Processing file /usr/local/lib/python3.9/site-packages/airflow/example_dags/example_skip_dag.py for tasks to queue
[2021-02-27 09:23:56,295] {logging_mixin.py:104} INFO - [2021-02-27 09:23:56,295] {dagbag.py:448} INFO - Filling up the DagBag from /usr/local/lib/python3.9/site-packages/airflow/example_dags/example_skip_dag.py
[2021-02-27 09:23:56,302] {scheduler_job.py:639} INFO - DAG(s) dict_keys(['example_skip_dag']) retrieved from /usr/local/lib/python3.9/site-packages/airflow/example_dags/example_skip_dag.py
[2021-02-27 09:23:56,338] {logging_mixin.py:104} INFO - [2021-02-27 09:23:56,338] {dag.py:1818} INFO - Sync 1 DAGs
[2021-02-27 09:23:56,347] {logging_mixin.py:104} INFO - [2021-02-27 09:23:56,347] {dag.py:2273} INFO - Setting next_dagrun for example_skip_dag to 2021-02-25 00:00:00+00:00
[2021-02-27 09:23:56,354] {scheduler_job.py:190} INFO - Processing /usr/local/lib/python3.9/site-packages/airflow/example_dags/example_skip_dag.py took 0.061 seconds
[2021-02-27 09:24:56,525] {scheduler_job.py:182} INFO - Started process (PID=22406) to work on /usr/local/lib/python3.9/site-packages/airflow/example_dags/example_skip_dag.py
[2021-02-27 09:24:56,526] {scheduler_job.py:629} INFO - Processing file /usr/local/lib/python3.9/site-packages/airflow/example_dags/example_skip_dag.py for tasks to queue
[2021-02-27 09:24:56,526] {logging_mixin.py:104} INFO - [2021-02-27 09:24:56,526] {dagbag.py:448} INFO - Filling up the DagBag from /usr/local/lib/python3.9/site-packages/airflow/example_dags/example_skip_dag.py
[2021-02-27 09:24:56,535] {scheduler_job.py:639} INFO - DAG(s) dict_keys(['example_skip_dag']) retrieved from /usr/local/lib/python3.9/site-packages/airflow/example_dags/example_skip_dag.py
[2021-02-27 09:24:56,563] {logging_mixin.py:104} INFO - [2021-02-27 09:24:56,563] {dag.py:1818} INFO - Sync 1 DAGs
[2021-02-27 09:24:56,571] {logging_mixin.py:104} INFO - [2021-02-27 09:24:56,570] {dag.py:2273} INFO - Setting next_dagrun for example_skip_dag to 2021-02-25 00:00:00+00:00
[2021-02-27 09:24:56,575] {scheduler_job.py:190} INFO - Processing /usr/local/lib/python3.9/site-packages/airflow/example_dags/example_skip_dag.py took 0.051 seconds
[2021-02-27 09:25:51,278] {scheduler_job.py:182} INFO - Started process (PID=22449) to work on /usr/local/lib/python3.9/site-packages/airflow/example_dags/example_skip_dag.py
[2021-02-27 09:25:51,279] {scheduler_job.py:629} INFO - Processing file /usr/local/lib/python3.9/site-packages/airflow/example_dags/example_skip_dag.py for tasks to queue
[2021-02-27 09:25:51,279] {logging_mixin.py:104} INFO - [2021-02-27 09:25:51,279] {dagbag.py:448} INFO - Filling up the DagBag from /usr/local/lib/python3.9/site-packages/airflow/example_dags/example_skip_dag.py
[2021-02-27 09:25:51,285] {scheduler_job.py:639} INFO - DAG(s) dict_keys(['example_skip_dag']) retrieved from /usr/local/lib/python3.9/site-packages/airflow/example_dags/example_skip_dag.py
[2021-02-27 09:25:51,313] {logging_mixin.py:104} INFO - [2021-02-27 09:25:51,313] {dag.py:1818} INFO - Sync 1 DAGs
[2021-02-27 09:25:51,321] {logging_mixin.py:104} INFO - [2021-02-27 09:25:51,320] {dag.py:2273} INFO - Setting next_dagrun for example_skip_dag to 2021-02-25 00:00:00+00:00
[2021-02-27 09:25:51,325] {scheduler_job.py:190} INFO - Processing /usr/local/lib/python3.9/site-packages/airflow/example_dags/example_skip_dag.py took 0.048 seconds
[2021-02-27 09:26:42,245] {scheduler_job.py:182} INFO - Started process (PID=22489) to work on /usr/local/lib/python3.9/site-packages/airflow/example_dags/example_skip_dag.py
[2021-02-27 09:26:42,246] {scheduler_job.py:629} INFO - Processing file /usr/local/lib/python3.9/site-packages/airflow/example_dags/example_skip_dag.py for tasks to queue
[2021-02-27 09:26:42,246] {logging_mixin.py:104} INFO - [2021-02-27 09:26:42,246] {dagbag.py:448} INFO - Filling up the DagBag from /usr/local/lib/python3.9/site-packages/airflow/example_dags/example_skip_dag.py
[2021-02-27 09:26:42,253] {scheduler_job.py:639} INFO - DAG(s) dict_keys(['example_skip_dag']) retrieved from /usr/local/lib/python3.9/site-packages/airflow/example_dags/example_skip_dag.py
[2021-02-27 09:26:42,286] {logging_mixin.py:104} INFO - [2021-02-27 09:26:42,286] {dag.py:1818} INFO - Sync 1 DAGs
[2021-02-27 09:26:42,295] {logging_mixin.py:104} INFO - [2021-02-27 09:26:42,295] {dag.py:2273} INFO - Setting next_dagrun for example_skip_dag to 2021-02-25 00:00:00+00:00
[2021-02-27 09:26:42,301] {scheduler_job.py:190} INFO - Processing /usr/local/lib/python3.9/site-packages/airflow/example_dags/example_skip_dag.py took 0.056 seconds
[2021-02-27 09:27:34,804] {scheduler_job.py:182} INFO - Started process (PID=22536) to work on /usr/local/lib/python3.9/site-packages/airflow/example_dags/example_skip_dag.py
[2021-02-27 09:27:34,805] {scheduler_job.py:629} INFO - Processing file /usr/local/lib/python3.9/site-packages/airflow/example_dags/example_skip_dag.py for tasks to queue
[2021-02-27 09:27:34,805] {logging_mixin.py:104} INFO - [2021-02-27 09:27:34,805] {dagbag.py:448} INFO - Filling up the DagBag from /usr/local/lib/python3.9/site-packages/airflow/example_dags/example_skip_dag.py
[2021-02-27 09:27:34,815] {scheduler_job.py:639} INFO - DAG(s) dict_keys(['example_skip_dag']) retrieved from /usr/local/lib/python3.9/site-packages/airflow/example_dags/example_skip_dag.py
[2021-02-27 09:27:34,852] {logging_mixin.py:104} INFO - [2021-02-27 09:27:34,852] {dag.py:1818} INFO - Sync 1 DAGs
[2021-02-27 09:27:34,861] {logging_mixin.py:104} INFO - [2021-02-27 09:27:34,861] {dag.py:2273} INFO - Setting next_dagrun for example_skip_dag to 2021-02-25 00:00:00+00:00
[2021-02-27 09:27:34,867] {scheduler_job.py:190} INFO - Processing /usr/local/lib/python3.9/site-packages/airflow/example_dags/example_skip_dag.py took 0.064 seconds
[2021-02-27 09:28:25,352] {scheduler_job.py:182} INFO - Started process (PID=22573) to work on /usr/local/lib/python3.9/site-packages/airflow/example_dags/example_skip_dag.py
[2021-02-27 09:28:25,353] {scheduler_job.py:629} INFO - Processing file /usr/local/lib/python3.9/site-packages/airflow/example_dags/example_skip_dag.py for tasks to queue
[2021-02-27 09:28:25,353] {logging_mixin.py:104} INFO - [2021-02-27 09:28:25,353] {dagbag.py:448} INFO - Filling up the DagBag from /usr/local/lib/python3.9/site-packages/airflow/example_dags/example_skip_dag.py
[2021-02-27 09:28:25,358] {scheduler_job.py:639} INFO - DAG(s) dict_keys(['example_skip_dag']) retrieved from /usr/local/lib/python3.9/site-packages/airflow/example_dags/example_skip_dag.py
[2021-02-27 09:28:25,385] {logging_mixin.py:104} INFO - [2021-02-27 09:28:25,385] {dag.py:1818} INFO - Sync 1 DAGs
[2021-02-27 09:28:25,392] {logging_mixin.py:104} INFO - [2021-02-27 09:28:25,392] {dag.py:2273} INFO - Setting next_dagrun for example_skip_dag to 2021-02-25 00:00:00+00:00
[2021-02-27 09:28:25,397] {scheduler_job.py:190} INFO - Processing /usr/local/lib/python3.9/site-packages/airflow/example_dags/example_skip_dag.py took 0.045 seconds
[2021-02-27 09:29:12,132] {scheduler_job.py:182} INFO - Started process (PID=22607) to work on /usr/local/lib/python3.9/site-packages/airflow/example_dags/example_skip_dag.py
[2021-02-27 09:29:12,133] {scheduler_job.py:629} INFO - Processing file /usr/local/lib/python3.9/site-packages/airflow/example_dags/example_skip_dag.py for tasks to queue
[2021-02-27 09:29:12,133] {logging_mixin.py:104} INFO - [2021-02-27 09:29:12,133] {dagbag.py:448} INFO - Filling up the DagBag from /usr/local/lib/python3.9/site-packages/airflow/example_dags/example_skip_dag.py
[2021-02-27 09:29:12,139] {scheduler_job.py:639} INFO - DAG(s) dict_keys(['example_skip_dag']) retrieved from /usr/local/lib/python3.9/site-packages/airflow/example_dags/example_skip_dag.py
[2021-02-27 09:29:12,167] {logging_mixin.py:104} INFO - [2021-02-27 09:29:12,167] {dag.py:1818} INFO - Sync 1 DAGs
[2021-02-27 09:29:12,175] {logging_mixin.py:104} INFO - [2021-02-27 09:29:12,175] {dag.py:2273} INFO - Setting next_dagrun for example_skip_dag to 2021-02-25 00:00:00+00:00
[2021-02-27 09:29:12,180] {scheduler_job.py:190} INFO - Processing /usr/local/lib/python3.9/site-packages/airflow/example_dags/example_skip_dag.py took 0.048 seconds
[2021-02-27 09:30:08,908] {scheduler_job.py:182} INFO - Started process (PID=22657) to work on /usr/local/lib/python3.9/site-packages/airflow/example_dags/example_skip_dag.py
[2021-02-27 09:30:08,908] {scheduler_job.py:629} INFO - Processing file /usr/local/lib/python3.9/site-packages/airflow/example_dags/example_skip_dag.py for tasks to queue
[2021-02-27 09:30:08,908] {logging_mixin.py:104} INFO - [2021-02-27 09:30:08,908] {dagbag.py:448} INFO - Filling up the DagBag from /usr/local/lib/python3.9/site-packages/airflow/example_dags/example_skip_dag.py
[2021-02-27 09:30:08,915] {scheduler_job.py:639} INFO - DAG(s) dict_keys(['example_skip_dag']) retrieved from /usr/local/lib/python3.9/site-packages/airflow/example_dags/example_skip_dag.py
[2021-02-27 09:30:08,944] {logging_mixin.py:104} INFO - [2021-02-27 09:30:08,944] {dag.py:1818} INFO - Sync 1 DAGs
[2021-02-27 09:30:08,952] {logging_mixin.py:104} INFO - [2021-02-27 09:30:08,952] {dag.py:2273} INFO - Setting next_dagrun for example_skip_dag to 2021-02-25 00:00:00+00:00
[2021-02-27 09:30:08,957] {scheduler_job.py:190} INFO - Processing /usr/local/lib/python3.9/site-packages/airflow/example_dags/example_skip_dag.py took 0.050 seconds
[2021-02-27 09:31:07,653] {scheduler_job.py:182} INFO - Started process (PID=22697) to work on /usr/local/lib/python3.9/site-packages/airflow/example_dags/example_skip_dag.py
[2021-02-27 09:31:07,654] {scheduler_job.py:629} INFO - Processing file /usr/local/lib/python3.9/site-packages/airflow/example_dags/example_skip_dag.py for tasks to queue
[2021-02-27 09:31:07,654] {logging_mixin.py:104} INFO - [2021-02-27 09:31:07,654] {dagbag.py:448} INFO - Filling up the DagBag from /usr/local/lib/python3.9/site-packages/airflow/example_dags/example_skip_dag.py
[2021-02-27 09:31:07,659] {scheduler_job.py:639} INFO - DAG(s) dict_keys(['example_skip_dag']) retrieved from /usr/local/lib/python3.9/site-packages/airflow/example_dags/example_skip_dag.py
[2021-02-27 09:31:07,688] {logging_mixin.py:104} INFO - [2021-02-27 09:31:07,688] {dag.py:1818} INFO - Sync 1 DAGs
[2021-02-27 09:31:07,695] {logging_mixin.py:104} INFO - [2021-02-27 09:31:07,695] {dag.py:2273} INFO - Setting next_dagrun for example_skip_dag to 2021-02-25 00:00:00+00:00
[2021-02-27 09:31:07,700] {scheduler_job.py:190} INFO - Processing /usr/local/lib/python3.9/site-packages/airflow/example_dags/example_skip_dag.py took 0.048 seconds
[2021-02-27 09:32:04,570] {scheduler_job.py:182} INFO - Started process (PID=22733) to work on /usr/local/lib/python3.9/site-packages/airflow/example_dags/example_skip_dag.py
[2021-02-27 09:32:04,570] {scheduler_job.py:629} INFO - Processing file /usr/local/lib/python3.9/site-packages/airflow/example_dags/example_skip_dag.py for tasks to queue
[2021-02-27 09:32:04,570] {logging_mixin.py:104} INFO - [2021-02-27 09:32:04,570] {dagbag.py:448} INFO - Filling up the DagBag from /usr/local/lib/python3.9/site-packages/airflow/example_dags/example_skip_dag.py
[2021-02-27 09:32:04,576] {scheduler_job.py:639} INFO - DAG(s) dict_keys(['example_skip_dag']) retrieved from /usr/local/lib/python3.9/site-packages/airflow/example_dags/example_skip_dag.py
[2021-02-27 09:32:04,603] {logging_mixin.py:104} INFO - [2021-02-27 09:32:04,603] {dag.py:1818} INFO - Sync 1 DAGs
[2021-02-27 09:32:04,610] {logging_mixin.py:104} INFO - [2021-02-27 09:32:04,610] {dag.py:2273} INFO - Setting next_dagrun for example_skip_dag to 2021-02-25 00:00:00+00:00
[2021-02-27 09:32:04,615] {scheduler_job.py:190} INFO - Processing /usr/local/lib/python3.9/site-packages/airflow/example_dags/example_skip_dag.py took 0.046 seconds
[2021-02-27 09:32:56,081] {scheduler_job.py:182} INFO - Started process (PID=22771) to work on /usr/local/lib/python3.9/site-packages/airflow/example_dags/example_skip_dag.py
[2021-02-27 09:32:56,083] {scheduler_job.py:629} INFO - Processing file /usr/local/lib/python3.9/site-packages/airflow/example_dags/example_skip_dag.py for tasks to queue
[2021-02-27 09:32:56,084] {logging_mixin.py:104} INFO - [2021-02-27 09:32:56,084] {dagbag.py:448} INFO - Filling up the DagBag from /usr/local/lib/python3.9/site-packages/airflow/example_dags/example_skip_dag.py
[2021-02-27 09:32:56,093] {scheduler_job.py:639} INFO - DAG(s) dict_keys(['example_skip_dag']) retrieved from /usr/local/lib/python3.9/site-packages/airflow/example_dags/example_skip_dag.py
[2021-02-27 09:32:56,127] {logging_mixin.py:104} INFO - [2021-02-27 09:32:56,127] {dag.py:1818} INFO - Sync 1 DAGs
[2021-02-27 09:32:56,138] {logging_mixin.py:104} INFO - [2021-02-27 09:32:56,137] {dag.py:2273} INFO - Setting next_dagrun for example_skip_dag to 2021-02-25 00:00:00+00:00
[2021-02-27 09:32:56,143] {scheduler_job.py:190} INFO - Processing /usr/local/lib/python3.9/site-packages/airflow/example_dags/example_skip_dag.py took 0.062 seconds
[2021-02-27 09:33:47,913] {scheduler_job.py:182} INFO - Started process (PID=22809) to work on /usr/local/lib/python3.9/site-packages/airflow/example_dags/example_skip_dag.py
[2021-02-27 09:33:47,914] {scheduler_job.py:629} INFO - Processing file /usr/local/lib/python3.9/site-packages/airflow/example_dags/example_skip_dag.py for tasks to queue
[2021-02-27 09:33:47,915] {logging_mixin.py:104} INFO - [2021-02-27 09:33:47,915] {dagbag.py:448} INFO - Filling up the DagBag from /usr/local/lib/python3.9/site-packages/airflow/example_dags/example_skip_dag.py
[2021-02-27 09:33:47,922] {scheduler_job.py:639} INFO - DAG(s) dict_keys(['example_skip_dag']) retrieved from /usr/local/lib/python3.9/site-packages/airflow/example_dags/example_skip_dag.py
[2021-02-27 09:33:47,953] {logging_mixin.py:104} INFO - [2021-02-27 09:33:47,953] {dag.py:1818} INFO - Sync 1 DAGs
[2021-02-27 09:33:47,961] {logging_mixin.py:104} INFO - [2021-02-27 09:33:47,961] {dag.py:2273} INFO - Setting next_dagrun for example_skip_dag to 2021-02-25 00:00:00+00:00
[2021-02-27 09:33:47,966] {scheduler_job.py:190} INFO - Processing /usr/local/lib/python3.9/site-packages/airflow/example_dags/example_skip_dag.py took 0.054 seconds
[2021-02-27 09:34:36,541] {scheduler_job.py:182} INFO - Started process (PID=22847) to work on /usr/local/lib/python3.9/site-packages/airflow/example_dags/example_skip_dag.py
[2021-02-27 09:34:36,542] {scheduler_job.py:629} INFO - Processing file /usr/local/lib/python3.9/site-packages/airflow/example_dags/example_skip_dag.py for tasks to queue
[2021-02-27 09:34:36,543] {logging_mixin.py:104} INFO - [2021-02-27 09:34:36,543] {dagbag.py:448} INFO - Filling up the DagBag from /usr/local/lib/python3.9/site-packages/airflow/example_dags/example_skip_dag.py
[2021-02-27 09:34:36,549] {scheduler_job.py:639} INFO - DAG(s) dict_keys(['example_skip_dag']) retrieved from /usr/local/lib/python3.9/site-packages/airflow/example_dags/example_skip_dag.py
[2021-02-27 09:34:36,581] {logging_mixin.py:104} INFO - [2021-02-27 09:34:36,581] {dag.py:1818} INFO - Sync 1 DAGs
[2021-02-27 09:34:36,591] {logging_mixin.py:104} INFO - [2021-02-27 09:34:36,590] {dag.py:2273} INFO - Setting next_dagrun for example_skip_dag to 2021-02-25 00:00:00+00:00
[2021-02-27 09:34:36,597] {scheduler_job.py:190} INFO - Processing /usr/local/lib/python3.9/site-packages/airflow/example_dags/example_skip_dag.py took 0.056 seconds
[2021-02-27 09:35:27,661] {scheduler_job.py:182} INFO - Started process (PID=22885) to work on /usr/local/lib/python3.9/site-packages/airflow/example_dags/example_skip_dag.py
[2021-02-27 09:35:27,662] {scheduler_job.py:629} INFO - Processing file /usr/local/lib/python3.9/site-packages/airflow/example_dags/example_skip_dag.py for tasks to queue
[2021-02-27 09:35:27,663] {logging_mixin.py:104} INFO - [2021-02-27 09:35:27,662] {dagbag.py:448} INFO - Filling up the DagBag from /usr/local/lib/python3.9/site-packages/airflow/example_dags/example_skip_dag.py
[2021-02-27 09:35:27,669] {scheduler_job.py:639} INFO - DAG(s) dict_keys(['example_skip_dag']) retrieved from /usr/local/lib/python3.9/site-packages/airflow/example_dags/example_skip_dag.py
[2021-02-27 09:35:27,704] {logging_mixin.py:104} INFO - [2021-02-27 09:35:27,703] {dag.py:1818} INFO - Sync 1 DAGs
[2021-02-27 09:35:27,713] {logging_mixin.py:104} INFO - [2021-02-27 09:35:27,713] {dag.py:2273} INFO - Setting next_dagrun for example_skip_dag to 2021-02-25 00:00:00+00:00
[2021-02-27 09:35:27,718] {scheduler_job.py:190} INFO - Processing /usr/local/lib/python3.9/site-packages/airflow/example_dags/example_skip_dag.py took 0.058 seconds
[2021-02-27 09:36:27,586] {scheduler_job.py:182} INFO - Started process (PID=22924) to work on /usr/local/lib/python3.9/site-packages/airflow/example_dags/example_skip_dag.py
[2021-02-27 09:36:27,586] {scheduler_job.py:629} INFO - Processing file /usr/local/lib/python3.9/site-packages/airflow/example_dags/example_skip_dag.py for tasks to queue
[2021-02-27 09:36:27,587] {logging_mixin.py:104} INFO - [2021-02-27 09:36:27,586] {dagbag.py:448} INFO - Filling up the DagBag from /usr/local/lib/python3.9/site-packages/airflow/example_dags/example_skip_dag.py
[2021-02-27 09:36:27,593] {scheduler_job.py:639} INFO - DAG(s) dict_keys(['example_skip_dag']) retrieved from /usr/local/lib/python3.9/site-packages/airflow/example_dags/example_skip_dag.py
[2021-02-27 09:36:27,624] {logging_mixin.py:104} INFO - [2021-02-27 09:36:27,624] {dag.py:1818} INFO - Sync 1 DAGs
[2021-02-27 09:36:27,633] {logging_mixin.py:104} INFO - [2021-02-27 09:36:27,633] {dag.py:2273} INFO - Setting next_dagrun for example_skip_dag to 2021-02-25 00:00:00+00:00
[2021-02-27 09:36:27,639] {scheduler_job.py:190} INFO - Processing /usr/local/lib/python3.9/site-packages/airflow/example_dags/example_skip_dag.py took 0.054 seconds
[2021-02-27 09:37:20,843] {scheduler_job.py:182} INFO - Started process (PID=22961) to work on /usr/local/lib/python3.9/site-packages/airflow/example_dags/example_skip_dag.py
[2021-02-27 09:37:20,843] {scheduler_job.py:629} INFO - Processing file /usr/local/lib/python3.9/site-packages/airflow/example_dags/example_skip_dag.py for tasks to queue
[2021-02-27 09:37:20,844] {logging_mixin.py:104} INFO - [2021-02-27 09:37:20,844] {dagbag.py:448} INFO - Filling up the DagBag from /usr/local/lib/python3.9/site-packages/airflow/example_dags/example_skip_dag.py
[2021-02-27 09:37:20,850] {scheduler_job.py:639} INFO - DAG(s) dict_keys(['example_skip_dag']) retrieved from /usr/local/lib/python3.9/site-packages/airflow/example_dags/example_skip_dag.py
[2021-02-27 09:37:20,879] {logging_mixin.py:104} INFO - [2021-02-27 09:37:20,878] {dag.py:1818} INFO - Sync 1 DAGs
[2021-02-27 09:37:20,887] {logging_mixin.py:104} INFO - [2021-02-27 09:37:20,887] {dag.py:2273} INFO - Setting next_dagrun for example_skip_dag to 2021-02-25 00:00:00+00:00
[2021-02-27 09:37:20,892] {scheduler_job.py:190} INFO - Processing /usr/local/lib/python3.9/site-packages/airflow/example_dags/example_skip_dag.py took 0.049 seconds
[2021-02-27 09:38:10,290] {scheduler_job.py:182} INFO - Started process (PID=22997) to work on /usr/local/lib/python3.9/site-packages/airflow/example_dags/example_skip_dag.py
[2021-02-27 09:38:10,291] {scheduler_job.py:629} INFO - Processing file /usr/local/lib/python3.9/site-packages/airflow/example_dags/example_skip_dag.py for tasks to queue
[2021-02-27 09:38:10,291] {logging_mixin.py:104} INFO - [2021-02-27 09:38:10,291] {dagbag.py:448} INFO - Filling up the DagBag from /usr/local/lib/python3.9/site-packages/airflow/example_dags/example_skip_dag.py
[2021-02-27 09:38:10,297] {scheduler_job.py:639} INFO - DAG(s) dict_keys(['example_skip_dag']) retrieved from /usr/local/lib/python3.9/site-packages/airflow/example_dags/example_skip_dag.py
[2021-02-27 09:38:10,328] {logging_mixin.py:104} INFO - [2021-02-27 09:38:10,328] {dag.py:1818} INFO - Sync 1 DAGs
[2021-02-27 09:38:10,337] {logging_mixin.py:104} INFO - [2021-02-27 09:38:10,337] {dag.py:2273} INFO - Setting next_dagrun for example_skip_dag to 2021-02-25 00:00:00+00:00
[2021-02-27 09:38:10,344] {scheduler_job.py:190} INFO - Processing /usr/local/lib/python3.9/site-packages/airflow/example_dags/example_skip_dag.py took 0.054 seconds
[2021-02-27 09:38:57,385] {scheduler_job.py:182} INFO - Started process (PID=23029) to work on /usr/local/lib/python3.9/site-packages/airflow/example_dags/example_skip_dag.py
[2021-02-27 09:38:57,385] {scheduler_job.py:629} INFO - Processing file /usr/local/lib/python3.9/site-packages/airflow/example_dags/example_skip_dag.py for tasks to queue
[2021-02-27 09:38:57,386] {logging_mixin.py:104} INFO - [2021-02-27 09:38:57,386] {dagbag.py:448} INFO - Filling up the DagBag from /usr/local/lib/python3.9/site-packages/airflow/example_dags/example_skip_dag.py
[2021-02-27 09:38:57,391] {scheduler_job.py:639} INFO - DAG(s) dict_keys(['example_skip_dag']) retrieved from /usr/local/lib/python3.9/site-packages/airflow/example_dags/example_skip_dag.py
[2021-02-27 09:38:57,418] {logging_mixin.py:104} INFO - [2021-02-27 09:38:57,417] {dag.py:1818} INFO - Sync 1 DAGs
[2021-02-27 09:38:57,425] {logging_mixin.py:104} INFO - [2021-02-27 09:38:57,425] {dag.py:2273} INFO - Setting next_dagrun for example_skip_dag to 2021-02-25 00:00:00+00:00
[2021-02-27 09:38:57,429] {scheduler_job.py:190} INFO - Processing /usr/local/lib/python3.9/site-packages/airflow/example_dags/example_skip_dag.py took 0.045 seconds
[2021-02-27 09:39:44,840] {scheduler_job.py:182} INFO - Started process (PID=23065) to work on /usr/local/lib/python3.9/site-packages/airflow/example_dags/example_skip_dag.py
[2021-02-27 09:39:44,841] {scheduler_job.py:629} INFO - Processing file /usr/local/lib/python3.9/site-packages/airflow/example_dags/example_skip_dag.py for tasks to queue
[2021-02-27 09:39:44,841] {logging_mixin.py:104} INFO - [2021-02-27 09:39:44,841] {dagbag.py:448} INFO - Filling up the DagBag from /usr/local/lib/python3.9/site-packages/airflow/example_dags/example_skip_dag.py
[2021-02-27 09:39:44,846] {scheduler_job.py:639} INFO - DAG(s) dict_keys(['example_skip_dag']) retrieved from /usr/local/lib/python3.9/site-packages/airflow/example_dags/example_skip_dag.py
[2021-02-27 09:39:44,874] {logging_mixin.py:104} INFO - [2021-02-27 09:39:44,874] {dag.py:1818} INFO - Sync 1 DAGs
[2021-02-27 09:39:44,881] {logging_mixin.py:104} INFO - [2021-02-27 09:39:44,881] {dag.py:2273} INFO - Setting next_dagrun for example_skip_dag to 2021-02-25 00:00:00+00:00
[2021-02-27 09:39:44,886] {scheduler_job.py:190} INFO - Processing /usr/local/lib/python3.9/site-packages/airflow/example_dags/example_skip_dag.py took 0.047 seconds
[2021-02-27 09:40:30,427] {scheduler_job.py:182} INFO - Started process (PID=23097) to work on /usr/local/lib/python3.9/site-packages/airflow/example_dags/example_skip_dag.py
[2021-02-27 09:40:30,427] {scheduler_job.py:629} INFO - Processing file /usr/local/lib/python3.9/site-packages/airflow/example_dags/example_skip_dag.py for tasks to queue
[2021-02-27 09:40:30,427] {logging_mixin.py:104} INFO - [2021-02-27 09:40:30,427] {dagbag.py:448} INFO - Filling up the DagBag from /usr/local/lib/python3.9/site-packages/airflow/example_dags/example_skip_dag.py
[2021-02-27 09:40:30,433] {scheduler_job.py:639} INFO - DAG(s) dict_keys(['example_skip_dag']) retrieved from /usr/local/lib/python3.9/site-packages/airflow/example_dags/example_skip_dag.py
[2021-02-27 09:40:30,460] {logging_mixin.py:104} INFO - [2021-02-27 09:40:30,460] {dag.py:1818} INFO - Sync 1 DAGs
[2021-02-27 09:40:30,467] {logging_mixin.py:104} INFO - [2021-02-27 09:40:30,467] {dag.py:2273} INFO - Setting next_dagrun for example_skip_dag to 2021-02-25 00:00:00+00:00
[2021-02-27 09:40:30,472] {scheduler_job.py:190} INFO - Processing /usr/local/lib/python3.9/site-packages/airflow/example_dags/example_skip_dag.py took 0.046 seconds
[2021-02-27 09:41:16,452] {scheduler_job.py:182} INFO - Started process (PID=23129) to work on /usr/local/lib/python3.9/site-packages/airflow/example_dags/example_skip_dag.py
[2021-02-27 09:41:16,452] {scheduler_job.py:629} INFO - Processing file /usr/local/lib/python3.9/site-packages/airflow/example_dags/example_skip_dag.py for tasks to queue
[2021-02-27 09:41:16,452] {logging_mixin.py:104} INFO - [2021-02-27 09:41:16,452] {dagbag.py:448} INFO - Filling up the DagBag from /usr/local/lib/python3.9/site-packages/airflow/example_dags/example_skip_dag.py
[2021-02-27 09:41:16,458] {scheduler_job.py:639} INFO - DAG(s) dict_keys(['example_skip_dag']) retrieved from /usr/local/lib/python3.9/site-packages/airflow/example_dags/example_skip_dag.py
[2021-02-27 09:41:16,485] {logging_mixin.py:104} INFO - [2021-02-27 09:41:16,485] {dag.py:1818} INFO - Sync 1 DAGs
[2021-02-27 09:41:16,492] {logging_mixin.py:104} INFO - [2021-02-27 09:41:16,492] {dag.py:2273} INFO - Setting next_dagrun for example_skip_dag to 2021-02-25 00:00:00+00:00
[2021-02-27 09:41:16,496] {scheduler_job.py:190} INFO - Processing /usr/local/lib/python3.9/site-packages/airflow/example_dags/example_skip_dag.py took 0.045 seconds
[2021-02-27 09:42:03,688] {scheduler_job.py:182} INFO - Started process (PID=23163) to work on /usr/local/lib/python3.9/site-packages/airflow/example_dags/example_skip_dag.py
[2021-02-27 09:42:03,688] {scheduler_job.py:629} INFO - Processing file /usr/local/lib/python3.9/site-packages/airflow/example_dags/example_skip_dag.py for tasks to queue
[2021-02-27 09:42:03,689] {logging_mixin.py:104} INFO - [2021-02-27 09:42:03,689] {dagbag.py:448} INFO - Filling up the DagBag from /usr/local/lib/python3.9/site-packages/airflow/example_dags/example_skip_dag.py
[2021-02-27 09:42:03,694] {scheduler_job.py:639} INFO - DAG(s) dict_keys(['example_skip_dag']) retrieved from /usr/local/lib/python3.9/site-packages/airflow/example_dags/example_skip_dag.py
[2021-02-27 09:42:03,721] {logging_mixin.py:104} INFO - [2021-02-27 09:42:03,721] {dag.py:1818} INFO - Sync 1 DAGs
[2021-02-27 09:42:03,728] {logging_mixin.py:104} INFO - [2021-02-27 09:42:03,728] {dag.py:2273} INFO - Setting next_dagrun for example_skip_dag to 2021-02-25 00:00:00+00:00
[2021-02-27 09:42:03,732] {scheduler_job.py:190} INFO - Processing /usr/local/lib/python3.9/site-packages/airflow/example_dags/example_skip_dag.py took 0.045 seconds
[2021-02-27 09:42:51,044] {scheduler_job.py:182} INFO - Started process (PID=23198) to work on /usr/local/lib/python3.9/site-packages/airflow/example_dags/example_skip_dag.py
[2021-02-27 09:42:51,045] {scheduler_job.py:629} INFO - Processing file /usr/local/lib/python3.9/site-packages/airflow/example_dags/example_skip_dag.py for tasks to queue
[2021-02-27 09:42:51,045] {logging_mixin.py:104} INFO - [2021-02-27 09:42:51,045] {dagbag.py:448} INFO - Filling up the DagBag from /usr/local/lib/python3.9/site-packages/airflow/example_dags/example_skip_dag.py
[2021-02-27 09:42:51,051] {scheduler_job.py:639} INFO - DAG(s) dict_keys(['example_skip_dag']) retrieved from /usr/local/lib/python3.9/site-packages/airflow/example_dags/example_skip_dag.py
[2021-02-27 09:42:51,084] {logging_mixin.py:104} INFO - [2021-02-27 09:42:51,084] {dag.py:1818} INFO - Sync 1 DAGs
[2021-02-27 09:42:51,091] {logging_mixin.py:104} INFO - [2021-02-27 09:42:51,091] {dag.py:2273} INFO - Setting next_dagrun for example_skip_dag to 2021-02-25 00:00:00+00:00
[2021-02-27 09:42:51,096] {scheduler_job.py:190} INFO - Processing /usr/local/lib/python3.9/site-packages/airflow/example_dags/example_skip_dag.py took 0.053 seconds
[2021-02-27 09:43:38,463] {scheduler_job.py:182} INFO - Started process (PID=23230) to work on /usr/local/lib/python3.9/site-packages/airflow/example_dags/example_skip_dag.py
[2021-02-27 09:43:38,464] {scheduler_job.py:629} INFO - Processing file /usr/local/lib/python3.9/site-packages/airflow/example_dags/example_skip_dag.py for tasks to queue
[2021-02-27 09:43:38,464] {logging_mixin.py:104} INFO - [2021-02-27 09:43:38,464] {dagbag.py:448} INFO - Filling up the DagBag from /usr/local/lib/python3.9/site-packages/airflow/example_dags/example_skip_dag.py
[2021-02-27 09:43:38,470] {scheduler_job.py:639} INFO - DAG(s) dict_keys(['example_skip_dag']) retrieved from /usr/local/lib/python3.9/site-packages/airflow/example_dags/example_skip_dag.py
[2021-02-27 09:43:38,500] {logging_mixin.py:104} INFO - [2021-02-27 09:43:38,500] {dag.py:1818} INFO - Sync 1 DAGs
[2021-02-27 09:43:38,508] {logging_mixin.py:104} INFO - [2021-02-27 09:43:38,508] {dag.py:2273} INFO - Setting next_dagrun for example_skip_dag to 2021-02-25 00:00:00+00:00
[2021-02-27 09:43:38,513] {scheduler_job.py:190} INFO - Processing /usr/local/lib/python3.9/site-packages/airflow/example_dags/example_skip_dag.py took 0.050 seconds
[2021-02-27 09:44:29,111] {scheduler_job.py:182} INFO - Started process (PID=23270) to work on /usr/local/lib/python3.9/site-packages/airflow/example_dags/example_skip_dag.py
[2021-02-27 09:44:29,112] {scheduler_job.py:629} INFO - Processing file /usr/local/lib/python3.9/site-packages/airflow/example_dags/example_skip_dag.py for tasks to queue
[2021-02-27 09:44:29,112] {logging_mixin.py:104} INFO - [2021-02-27 09:44:29,112] {dagbag.py:448} INFO - Filling up the DagBag from /usr/local/lib/python3.9/site-packages/airflow/example_dags/example_skip_dag.py
[2021-02-27 09:44:29,118] {scheduler_job.py:639} INFO - DAG(s) dict_keys(['example_skip_dag']) retrieved from /usr/local/lib/python3.9/site-packages/airflow/example_dags/example_skip_dag.py
[2021-02-27 09:44:29,146] {logging_mixin.py:104} INFO - [2021-02-27 09:44:29,146] {dag.py:1818} INFO - Sync 1 DAGs
[2021-02-27 09:44:29,154] {logging_mixin.py:104} INFO - [2021-02-27 09:44:29,154] {dag.py:2273} INFO - Setting next_dagrun for example_skip_dag to 2021-02-25 00:00:00+00:00
[2021-02-27 09:44:29,158] {scheduler_job.py:190} INFO - Processing /usr/local/lib/python3.9/site-packages/airflow/example_dags/example_skip_dag.py took 0.048 seconds
[2021-02-27 09:45:21,143] {scheduler_job.py:182} INFO - Started process (PID=23306) to work on /usr/local/lib/python3.9/site-packages/airflow/example_dags/example_skip_dag.py
[2021-02-27 09:45:21,144] {scheduler_job.py:629} INFO - Processing file /usr/local/lib/python3.9/site-packages/airflow/example_dags/example_skip_dag.py for tasks to queue
[2021-02-27 09:45:21,144] {logging_mixin.py:104} INFO - [2021-02-27 09:45:21,144] {dagbag.py:448} INFO - Filling up the DagBag from /usr/local/lib/python3.9/site-packages/airflow/example_dags/example_skip_dag.py
[2021-02-27 09:45:21,151] {scheduler_job.py:639} INFO - DAG(s) dict_keys(['example_skip_dag']) retrieved from /usr/local/lib/python3.9/site-packages/airflow/example_dags/example_skip_dag.py
[2021-02-27 09:45:21,182] {logging_mixin.py:104} INFO - [2021-02-27 09:45:21,182] {dag.py:1818} INFO - Sync 1 DAGs
[2021-02-27 09:45:21,191] {logging_mixin.py:104} INFO - [2021-02-27 09:45:21,191] {dag.py:2273} INFO - Setting next_dagrun for example_skip_dag to 2021-02-25 00:00:00+00:00
[2021-02-27 09:45:21,196] {scheduler_job.py:190} INFO - Processing /usr/local/lib/python3.9/site-packages/airflow/example_dags/example_skip_dag.py took 0.054 seconds
[2021-02-27 09:46:11,678] {scheduler_job.py:182} INFO - Started process (PID=23339) to work on /usr/local/lib/python3.9/site-packages/airflow/example_dags/example_skip_dag.py
[2021-02-27 09:46:11,679] {scheduler_job.py:629} INFO - Processing file /usr/local/lib/python3.9/site-packages/airflow/example_dags/example_skip_dag.py for tasks to queue
[2021-02-27 09:46:11,679] {logging_mixin.py:104} INFO - [2021-02-27 09:46:11,679] {dagbag.py:448} INFO - Filling up the DagBag from /usr/local/lib/python3.9/site-packages/airflow/example_dags/example_skip_dag.py
[2021-02-27 09:46:11,685] {scheduler_job.py:639} INFO - DAG(s) dict_keys(['example_skip_dag']) retrieved from /usr/local/lib/python3.9/site-packages/airflow/example_dags/example_skip_dag.py
[2021-02-27 09:46:11,715] {logging_mixin.py:104} INFO - [2021-02-27 09:46:11,715] {dag.py:1818} INFO - Sync 1 DAGs
[2021-02-27 09:46:11,723] {logging_mixin.py:104} INFO - [2021-02-27 09:46:11,723] {dag.py:2273} INFO - Setting next_dagrun for example_skip_dag to 2021-02-25 00:00:00+00:00
[2021-02-27 09:46:11,728] {scheduler_job.py:190} INFO - Processing /usr/local/lib/python3.9/site-packages/airflow/example_dags/example_skip_dag.py took 0.050 seconds
[2021-02-27 09:46:59,541] {scheduler_job.py:182} INFO - Started process (PID=23371) to work on /usr/local/lib/python3.9/site-packages/airflow/example_dags/example_skip_dag.py
[2021-02-27 09:46:59,541] {scheduler_job.py:629} INFO - Processing file /usr/local/lib/python3.9/site-packages/airflow/example_dags/example_skip_dag.py for tasks to queue
[2021-02-27 09:46:59,542] {logging_mixin.py:104} INFO - [2021-02-27 09:46:59,542] {dagbag.py:448} INFO - Filling up the DagBag from /usr/local/lib/python3.9/site-packages/airflow/example_dags/example_skip_dag.py
[2021-02-27 09:46:59,547] {scheduler_job.py:639} INFO - DAG(s) dict_keys(['example_skip_dag']) retrieved from /usr/local/lib/python3.9/site-packages/airflow/example_dags/example_skip_dag.py
[2021-02-27 09:46:59,583] {logging_mixin.py:104} INFO - [2021-02-27 09:46:59,583] {dag.py:1818} INFO - Sync 1 DAGs
[2021-02-27 09:46:59,591] {logging_mixin.py:104} INFO - [2021-02-27 09:46:59,591] {dag.py:2273} INFO - Setting next_dagrun for example_skip_dag to 2021-02-25 00:00:00+00:00
[2021-02-27 09:46:59,596] {scheduler_job.py:190} INFO - Processing /usr/local/lib/python3.9/site-packages/airflow/example_dags/example_skip_dag.py took 0.056 seconds
[2021-02-27 09:48:04,370] {scheduler_job.py:182} INFO - Started process (PID=23448) to work on /usr/local/lib/python3.9/site-packages/airflow/example_dags/example_skip_dag.py
[2021-02-27 09:48:04,371] {scheduler_job.py:629} INFO - Processing file /usr/local/lib/python3.9/site-packages/airflow/example_dags/example_skip_dag.py for tasks to queue
[2021-02-27 09:48:04,371] {logging_mixin.py:104} INFO - [2021-02-27 09:48:04,371] {dagbag.py:448} INFO - Filling up the DagBag from /usr/local/lib/python3.9/site-packages/airflow/example_dags/example_skip_dag.py
[2021-02-27 09:48:04,384] {scheduler_job.py:639} INFO - DAG(s) dict_keys(['example_skip_dag']) retrieved from /usr/local/lib/python3.9/site-packages/airflow/example_dags/example_skip_dag.py
[2021-02-27 09:48:04,437] {logging_mixin.py:104} INFO - [2021-02-27 09:48:04,437] {dag.py:1818} INFO - Sync 1 DAGs
[2021-02-27 09:48:04,449] {logging_mixin.py:104} INFO - [2021-02-27 09:48:04,449] {dag.py:2273} INFO - Setting next_dagrun for example_skip_dag to 2021-02-25 00:00:00+00:00
[2021-02-27 09:48:04,456] {scheduler_job.py:190} INFO - Processing /usr/local/lib/python3.9/site-packages/airflow/example_dags/example_skip_dag.py took 0.086 seconds
[2021-02-27 09:48:53,781] {scheduler_job.py:182} INFO - Started process (PID=23491) to work on /usr/local/lib/python3.9/site-packages/airflow/example_dags/example_skip_dag.py
[2021-02-27 09:48:53,782] {scheduler_job.py:629} INFO - Processing file /usr/local/lib/python3.9/site-packages/airflow/example_dags/example_skip_dag.py for tasks to queue
[2021-02-27 09:48:53,783] {logging_mixin.py:104} INFO - [2021-02-27 09:48:53,783] {dagbag.py:448} INFO - Filling up the DagBag from /usr/local/lib/python3.9/site-packages/airflow/example_dags/example_skip_dag.py
[2021-02-27 09:48:53,791] {scheduler_job.py:639} INFO - DAG(s) dict_keys(['example_skip_dag']) retrieved from /usr/local/lib/python3.9/site-packages/airflow/example_dags/example_skip_dag.py
[2021-02-27 09:48:53,849] {logging_mixin.py:104} INFO - [2021-02-27 09:48:53,848] {dag.py:1818} INFO - Sync 1 DAGs
[2021-02-27 09:48:53,865] {logging_mixin.py:104} INFO - [2021-02-27 09:48:53,865] {dag.py:2273} INFO - Setting next_dagrun for example_skip_dag to 2021-02-25 00:00:00+00:00
[2021-02-27 09:48:53,872] {scheduler_job.py:190} INFO - Processing /usr/local/lib/python3.9/site-packages/airflow/example_dags/example_skip_dag.py took 0.092 seconds
[2021-02-27 10:08:01,795] {scheduler_job.py:182} INFO - Started process (PID=24626) to work on /usr/local/lib/python3.9/site-packages/airflow/example_dags/example_skip_dag.py
[2021-02-27 10:08:01,797] {scheduler_job.py:629} INFO - Processing file /usr/local/lib/python3.9/site-packages/airflow/example_dags/example_skip_dag.py for tasks to queue
[2021-02-27 10:08:01,797] {logging_mixin.py:104} INFO - [2021-02-27 10:08:01,797] {dagbag.py:448} INFO - Filling up the DagBag from /usr/local/lib/python3.9/site-packages/airflow/example_dags/example_skip_dag.py
[2021-02-27 10:08:01,805] {scheduler_job.py:639} INFO - DAG(s) dict_keys(['example_skip_dag']) retrieved from /usr/local/lib/python3.9/site-packages/airflow/example_dags/example_skip_dag.py
[2021-02-27 10:08:02,944] {scheduler_job.py:193} ERROR - Got an exception! Propagating...
Traceback (most recent call last):
  File "/usr/local/lib/python3.9/site-packages/sqlalchemy/engine/base.py", line 2336, in _wrap_pool_connect
    return fn()
  File "/usr/local/lib/python3.9/site-packages/sqlalchemy/pool/base.py", line 364, in connect
    return _ConnectionFairy._checkout(self)
  File "/usr/local/lib/python3.9/site-packages/sqlalchemy/pool/base.py", line 778, in _checkout
    fairy = _ConnectionRecord.checkout(pool)
  File "/usr/local/lib/python3.9/site-packages/sqlalchemy/pool/base.py", line 495, in checkout
    rec = pool._do_get()
  File "/usr/local/lib/python3.9/site-packages/sqlalchemy/pool/impl.py", line 140, in _do_get
    self._dec_overflow()
  File "/usr/local/lib/python3.9/site-packages/sqlalchemy/util/langhelpers.py", line 68, in __exit__
    compat.raise_(
  File "/usr/local/lib/python3.9/site-packages/sqlalchemy/util/compat.py", line 182, in raise_
    raise exception
  File "/usr/local/lib/python3.9/site-packages/sqlalchemy/pool/impl.py", line 137, in _do_get
    return self._create_connection()
  File "/usr/local/lib/python3.9/site-packages/sqlalchemy/pool/base.py", line 309, in _create_connection
    return _ConnectionRecord(self)
  File "/usr/local/lib/python3.9/site-packages/sqlalchemy/pool/base.py", line 440, in __init__
    self.__connect(first_connect_check=True)
  File "/usr/local/lib/python3.9/site-packages/sqlalchemy/pool/base.py", line 661, in __connect
    pool.logger.debug("Error on connect(): %s", e)
  File "/usr/local/lib/python3.9/site-packages/sqlalchemy/util/langhelpers.py", line 68, in __exit__
    compat.raise_(
  File "/usr/local/lib/python3.9/site-packages/sqlalchemy/util/compat.py", line 182, in raise_
    raise exception
  File "/usr/local/lib/python3.9/site-packages/sqlalchemy/pool/base.py", line 656, in __connect
    connection = pool._invoke_creator(self)
  File "/usr/local/lib/python3.9/site-packages/sqlalchemy/engine/strategies.py", line 114, in connect
    return dialect.connect(*cargs, **cparams)
  File "/usr/local/lib/python3.9/site-packages/sqlalchemy/engine/default.py", line 508, in connect
    return self.dbapi.connect(*cargs, **cparams)
  File "/usr/local/lib/python3.9/site-packages/psycopg2/__init__.py", line 127, in connect
    conn = _connect(dsn, connection_factory=connection_factory, **kwasync)
psycopg2.OperationalError: could not translate host name "postgres" to address: nodename nor servname provided, or not known


The above exception was the direct cause of the following exception:

Traceback (most recent call last):
  File "/usr/local/lib/python3.9/site-packages/airflow/jobs/scheduler_job.py", line 184, in _run_file_processor
    result: Tuple[int, int] = dag_file_processor.process_file(
  File "/usr/local/lib/python3.9/site-packages/airflow/utils/session.py", line 65, in wrapper
    return func(*args, session=session, **kwargs)
  File "/usr/local/lib/python3.9/site-packages/airflow/jobs/scheduler_job.py", line 648, in process_file
    dagbag.sync_to_db()
  File "/usr/local/lib/python3.9/site-packages/airflow/utils/session.py", line 65, in wrapper
    return func(*args, session=session, **kwargs)
  File "/usr/local/lib/python3.9/site-packages/airflow/models/dagbag.py", line 552, in sync_to_db
    for attempt in run_with_db_retries(logger=self.log):
  File "/usr/local/lib/python3.9/site-packages/tenacity/__init__.py", line 390, in __iter__
    do = self.iter(retry_state=retry_state)
  File "/usr/local/lib/python3.9/site-packages/tenacity/__init__.py", line 368, in iter
    raise retry_exc.reraise()
  File "/usr/local/lib/python3.9/site-packages/tenacity/__init__.py", line 186, in reraise
    raise self.last_attempt.result()
  File "/usr/local/Cellar/python@3.9/3.9.1_6/Frameworks/Python.framework/Versions/3.9/lib/python3.9/concurrent/futures/_base.py", line 433, in result
    return self.__get_result()
  File "/usr/local/Cellar/python@3.9/3.9.1_6/Frameworks/Python.framework/Versions/3.9/lib/python3.9/concurrent/futures/_base.py", line 389, in __get_result
    raise self._exception
  File "/usr/local/lib/python3.9/site-packages/airflow/models/dagbag.py", line 564, in sync_to_db
    serialize_errors.extend(_serialze_dag_capturing_errors(dag, session))
  File "/usr/local/lib/python3.9/site-packages/airflow/models/dagbag.py", line 538, in _serialze_dag_capturing_errors
    SerializedDagModel.write_dag(
  File "/usr/local/lib/python3.9/site-packages/airflow/utils/session.py", line 62, in wrapper
    return func(*args, **kwargs)
  File "/usr/local/lib/python3.9/site-packages/airflow/models/serialized_dag.py", line 117, in write_dag
    if session.query(
  File "/usr/local/lib/python3.9/site-packages/sqlalchemy/orm/query.py", line 3523, in scalar
    ret = self.one()
  File "/usr/local/lib/python3.9/site-packages/sqlalchemy/orm/query.py", line 3490, in one
    ret = self.one_or_none()
  File "/usr/local/lib/python3.9/site-packages/sqlalchemy/orm/query.py", line 3459, in one_or_none
    ret = list(self)
  File "/usr/local/lib/python3.9/site-packages/sqlalchemy/orm/query.py", line 3535, in __iter__
    return self._execute_and_instances(context)
  File "/usr/local/lib/python3.9/site-packages/sqlalchemy/orm/query.py", line 3556, in _execute_and_instances
    conn = self._get_bind_args(
  File "/usr/local/lib/python3.9/site-packages/sqlalchemy/orm/query.py", line 3571, in _get_bind_args
    return fn(
  File "/usr/local/lib/python3.9/site-packages/sqlalchemy/orm/query.py", line 3550, in _connection_from_session
    conn = self.session.connection(**kw)
  File "/usr/local/lib/python3.9/site-packages/sqlalchemy/orm/session.py", line 1142, in connection
    return self._connection_for_bind(
  File "/usr/local/lib/python3.9/site-packages/sqlalchemy/orm/session.py", line 1150, in _connection_for_bind
    return self.transaction._connection_for_bind(
  File "/usr/local/lib/python3.9/site-packages/sqlalchemy/orm/session.py", line 433, in _connection_for_bind
    conn = bind._contextual_connect()
  File "/usr/local/lib/python3.9/site-packages/sqlalchemy/engine/base.py", line 2302, in _contextual_connect
    self._wrap_pool_connect(self.pool.connect, None),
  File "/usr/local/lib/python3.9/site-packages/sqlalchemy/engine/base.py", line 2339, in _wrap_pool_connect
    Connection._handle_dbapi_exception_noconnection(
  File "/usr/local/lib/python3.9/site-packages/sqlalchemy/engine/base.py", line 1583, in _handle_dbapi_exception_noconnection
    util.raise_(
  File "/usr/local/lib/python3.9/site-packages/sqlalchemy/util/compat.py", line 182, in raise_
    raise exception
  File "/usr/local/lib/python3.9/site-packages/sqlalchemy/engine/base.py", line 2336, in _wrap_pool_connect
    return fn()
  File "/usr/local/lib/python3.9/site-packages/sqlalchemy/pool/base.py", line 364, in connect
    return _ConnectionFairy._checkout(self)
  File "/usr/local/lib/python3.9/site-packages/sqlalchemy/pool/base.py", line 778, in _checkout
    fairy = _ConnectionRecord.checkout(pool)
  File "/usr/local/lib/python3.9/site-packages/sqlalchemy/pool/base.py", line 495, in checkout
    rec = pool._do_get()
  File "/usr/local/lib/python3.9/site-packages/sqlalchemy/pool/impl.py", line 140, in _do_get
    self._dec_overflow()
  File "/usr/local/lib/python3.9/site-packages/sqlalchemy/util/langhelpers.py", line 68, in __exit__
    compat.raise_(
  File "/usr/local/lib/python3.9/site-packages/sqlalchemy/util/compat.py", line 182, in raise_
    raise exception
  File "/usr/local/lib/python3.9/site-packages/sqlalchemy/pool/impl.py", line 137, in _do_get
    return self._create_connection()
  File "/usr/local/lib/python3.9/site-packages/sqlalchemy/pool/base.py", line 309, in _create_connection
    return _ConnectionRecord(self)
  File "/usr/local/lib/python3.9/site-packages/sqlalchemy/pool/base.py", line 440, in __init__
    self.__connect(first_connect_check=True)
  File "/usr/local/lib/python3.9/site-packages/sqlalchemy/pool/base.py", line 661, in __connect
    pool.logger.debug("Error on connect(): %s", e)
  File "/usr/local/lib/python3.9/site-packages/sqlalchemy/util/langhelpers.py", line 68, in __exit__
    compat.raise_(
  File "/usr/local/lib/python3.9/site-packages/sqlalchemy/util/compat.py", line 182, in raise_
    raise exception
  File "/usr/local/lib/python3.9/site-packages/sqlalchemy/pool/base.py", line 656, in __connect
    connection = pool._invoke_creator(self)
  File "/usr/local/lib/python3.9/site-packages/sqlalchemy/engine/strategies.py", line 114, in connect
    return dialect.connect(*cargs, **cparams)
  File "/usr/local/lib/python3.9/site-packages/sqlalchemy/engine/default.py", line 508, in connect
    return self.dbapi.connect(*cargs, **cparams)
  File "/usr/local/lib/python3.9/site-packages/psycopg2/__init__.py", line 127, in connect
    conn = _connect(dsn, connection_factory=connection_factory, **kwasync)
sqlalchemy.exc.OperationalError: (psycopg2.OperationalError) could not translate host name "postgres" to address: nodename nor servname provided, or not known

(Background on this error at: http://sqlalche.me/e/13/e3q8)
[2021-02-27 10:09:13,434] {scheduler_job.py:182} INFO - Started process (PID=24691) to work on /usr/local/lib/python3.9/site-packages/airflow/example_dags/example_skip_dag.py
[2021-02-27 10:09:13,435] {scheduler_job.py:629} INFO - Processing file /usr/local/lib/python3.9/site-packages/airflow/example_dags/example_skip_dag.py for tasks to queue
[2021-02-27 10:09:13,436] {logging_mixin.py:104} INFO - [2021-02-27 10:09:13,436] {dagbag.py:448} INFO - Filling up the DagBag from /usr/local/lib/python3.9/site-packages/airflow/example_dags/example_skip_dag.py
[2021-02-27 10:09:13,444] {scheduler_job.py:639} INFO - DAG(s) dict_keys(['example_skip_dag']) retrieved from /usr/local/lib/python3.9/site-packages/airflow/example_dags/example_skip_dag.py
[2021-02-27 10:09:13,758] {scheduler_job.py:193} ERROR - Got an exception! Propagating...
Traceback (most recent call last):
  File "/usr/local/lib/python3.9/site-packages/sqlalchemy/engine/base.py", line 2336, in _wrap_pool_connect
    return fn()
  File "/usr/local/lib/python3.9/site-packages/sqlalchemy/pool/base.py", line 364, in connect
    return _ConnectionFairy._checkout(self)
  File "/usr/local/lib/python3.9/site-packages/sqlalchemy/pool/base.py", line 778, in _checkout
    fairy = _ConnectionRecord.checkout(pool)
  File "/usr/local/lib/python3.9/site-packages/sqlalchemy/pool/base.py", line 495, in checkout
    rec = pool._do_get()
  File "/usr/local/lib/python3.9/site-packages/sqlalchemy/pool/impl.py", line 140, in _do_get
    self._dec_overflow()
  File "/usr/local/lib/python3.9/site-packages/sqlalchemy/util/langhelpers.py", line 68, in __exit__
    compat.raise_(
  File "/usr/local/lib/python3.9/site-packages/sqlalchemy/util/compat.py", line 182, in raise_
    raise exception
  File "/usr/local/lib/python3.9/site-packages/sqlalchemy/pool/impl.py", line 137, in _do_get
    return self._create_connection()
  File "/usr/local/lib/python3.9/site-packages/sqlalchemy/pool/base.py", line 309, in _create_connection
    return _ConnectionRecord(self)
  File "/usr/local/lib/python3.9/site-packages/sqlalchemy/pool/base.py", line 440, in __init__
    self.__connect(first_connect_check=True)
  File "/usr/local/lib/python3.9/site-packages/sqlalchemy/pool/base.py", line 661, in __connect
    pool.logger.debug("Error on connect(): %s", e)
  File "/usr/local/lib/python3.9/site-packages/sqlalchemy/util/langhelpers.py", line 68, in __exit__
    compat.raise_(
  File "/usr/local/lib/python3.9/site-packages/sqlalchemy/util/compat.py", line 182, in raise_
    raise exception
  File "/usr/local/lib/python3.9/site-packages/sqlalchemy/pool/base.py", line 656, in __connect
    connection = pool._invoke_creator(self)
  File "/usr/local/lib/python3.9/site-packages/sqlalchemy/engine/strategies.py", line 114, in connect
    return dialect.connect(*cargs, **cparams)
  File "/usr/local/lib/python3.9/site-packages/sqlalchemy/engine/default.py", line 508, in connect
    return self.dbapi.connect(*cargs, **cparams)
  File "/usr/local/lib/python3.9/site-packages/psycopg2/__init__.py", line 127, in connect
    conn = _connect(dsn, connection_factory=connection_factory, **kwasync)
psycopg2.OperationalError: FATAL:  role "karenzhang" does not exist


The above exception was the direct cause of the following exception:

Traceback (most recent call last):
  File "/usr/local/lib/python3.9/site-packages/airflow/jobs/scheduler_job.py", line 184, in _run_file_processor
    result: Tuple[int, int] = dag_file_processor.process_file(
  File "/usr/local/lib/python3.9/site-packages/airflow/utils/session.py", line 65, in wrapper
    return func(*args, session=session, **kwargs)
  File "/usr/local/lib/python3.9/site-packages/airflow/jobs/scheduler_job.py", line 648, in process_file
    dagbag.sync_to_db()
  File "/usr/local/lib/python3.9/site-packages/airflow/utils/session.py", line 65, in wrapper
    return func(*args, session=session, **kwargs)
  File "/usr/local/lib/python3.9/site-packages/airflow/models/dagbag.py", line 552, in sync_to_db
    for attempt in run_with_db_retries(logger=self.log):
  File "/usr/local/lib/python3.9/site-packages/tenacity/__init__.py", line 390, in __iter__
    do = self.iter(retry_state=retry_state)
  File "/usr/local/lib/python3.9/site-packages/tenacity/__init__.py", line 368, in iter
    raise retry_exc.reraise()
  File "/usr/local/lib/python3.9/site-packages/tenacity/__init__.py", line 186, in reraise
    raise self.last_attempt.result()
  File "/usr/local/Cellar/python@3.9/3.9.1_6/Frameworks/Python.framework/Versions/3.9/lib/python3.9/concurrent/futures/_base.py", line 433, in result
    return self.__get_result()
  File "/usr/local/Cellar/python@3.9/3.9.1_6/Frameworks/Python.framework/Versions/3.9/lib/python3.9/concurrent/futures/_base.py", line 389, in __get_result
    raise self._exception
  File "/usr/local/lib/python3.9/site-packages/airflow/models/dagbag.py", line 564, in sync_to_db
    serialize_errors.extend(_serialze_dag_capturing_errors(dag, session))
  File "/usr/local/lib/python3.9/site-packages/airflow/models/dagbag.py", line 538, in _serialze_dag_capturing_errors
    SerializedDagModel.write_dag(
  File "/usr/local/lib/python3.9/site-packages/airflow/utils/session.py", line 62, in wrapper
    return func(*args, **kwargs)
  File "/usr/local/lib/python3.9/site-packages/airflow/models/serialized_dag.py", line 117, in write_dag
    if session.query(
  File "/usr/local/lib/python3.9/site-packages/sqlalchemy/orm/query.py", line 3523, in scalar
    ret = self.one()
  File "/usr/local/lib/python3.9/site-packages/sqlalchemy/orm/query.py", line 3490, in one
    ret = self.one_or_none()
  File "/usr/local/lib/python3.9/site-packages/sqlalchemy/orm/query.py", line 3459, in one_or_none
    ret = list(self)
  File "/usr/local/lib/python3.9/site-packages/sqlalchemy/orm/query.py", line 3535, in __iter__
    return self._execute_and_instances(context)
  File "/usr/local/lib/python3.9/site-packages/sqlalchemy/orm/query.py", line 3556, in _execute_and_instances
    conn = self._get_bind_args(
  File "/usr/local/lib/python3.9/site-packages/sqlalchemy/orm/query.py", line 3571, in _get_bind_args
    return fn(
  File "/usr/local/lib/python3.9/site-packages/sqlalchemy/orm/query.py", line 3550, in _connection_from_session
    conn = self.session.connection(**kw)
  File "/usr/local/lib/python3.9/site-packages/sqlalchemy/orm/session.py", line 1142, in connection
    return self._connection_for_bind(
  File "/usr/local/lib/python3.9/site-packages/sqlalchemy/orm/session.py", line 1150, in _connection_for_bind
    return self.transaction._connection_for_bind(
  File "/usr/local/lib/python3.9/site-packages/sqlalchemy/orm/session.py", line 433, in _connection_for_bind
    conn = bind._contextual_connect()
  File "/usr/local/lib/python3.9/site-packages/sqlalchemy/engine/base.py", line 2302, in _contextual_connect
    self._wrap_pool_connect(self.pool.connect, None),
  File "/usr/local/lib/python3.9/site-packages/sqlalchemy/engine/base.py", line 2339, in _wrap_pool_connect
    Connection._handle_dbapi_exception_noconnection(
  File "/usr/local/lib/python3.9/site-packages/sqlalchemy/engine/base.py", line 1583, in _handle_dbapi_exception_noconnection
    util.raise_(
  File "/usr/local/lib/python3.9/site-packages/sqlalchemy/util/compat.py", line 182, in raise_
    raise exception
  File "/usr/local/lib/python3.9/site-packages/sqlalchemy/engine/base.py", line 2336, in _wrap_pool_connect
    return fn()
  File "/usr/local/lib/python3.9/site-packages/sqlalchemy/pool/base.py", line 364, in connect
    return _ConnectionFairy._checkout(self)
  File "/usr/local/lib/python3.9/site-packages/sqlalchemy/pool/base.py", line 778, in _checkout
    fairy = _ConnectionRecord.checkout(pool)
  File "/usr/local/lib/python3.9/site-packages/sqlalchemy/pool/base.py", line 495, in checkout
    rec = pool._do_get()
  File "/usr/local/lib/python3.9/site-packages/sqlalchemy/pool/impl.py", line 140, in _do_get
    self._dec_overflow()
  File "/usr/local/lib/python3.9/site-packages/sqlalchemy/util/langhelpers.py", line 68, in __exit__
    compat.raise_(
  File "/usr/local/lib/python3.9/site-packages/sqlalchemy/util/compat.py", line 182, in raise_
    raise exception
  File "/usr/local/lib/python3.9/site-packages/sqlalchemy/pool/impl.py", line 137, in _do_get
    return self._create_connection()
  File "/usr/local/lib/python3.9/site-packages/sqlalchemy/pool/base.py", line 309, in _create_connection
    return _ConnectionRecord(self)
  File "/usr/local/lib/python3.9/site-packages/sqlalchemy/pool/base.py", line 440, in __init__
    self.__connect(first_connect_check=True)
  File "/usr/local/lib/python3.9/site-packages/sqlalchemy/pool/base.py", line 661, in __connect
    pool.logger.debug("Error on connect(): %s", e)
  File "/usr/local/lib/python3.9/site-packages/sqlalchemy/util/langhelpers.py", line 68, in __exit__
    compat.raise_(
  File "/usr/local/lib/python3.9/site-packages/sqlalchemy/util/compat.py", line 182, in raise_
    raise exception
  File "/usr/local/lib/python3.9/site-packages/sqlalchemy/pool/base.py", line 656, in __connect
    connection = pool._invoke_creator(self)
  File "/usr/local/lib/python3.9/site-packages/sqlalchemy/engine/strategies.py", line 114, in connect
    return dialect.connect(*cargs, **cparams)
  File "/usr/local/lib/python3.9/site-packages/sqlalchemy/engine/default.py", line 508, in connect
    return self.dbapi.connect(*cargs, **cparams)
  File "/usr/local/lib/python3.9/site-packages/psycopg2/__init__.py", line 127, in connect
    conn = _connect(dsn, connection_factory=connection_factory, **kwasync)
sqlalchemy.exc.OperationalError: (psycopg2.OperationalError) FATAL:  role "karenzhang" does not exist

(Background on this error at: http://sqlalche.me/e/13/e3q8)
[2021-02-27 10:10:19,188] {scheduler_job.py:182} INFO - Started process (PID=24808) to work on /usr/local/lib/python3.9/site-packages/airflow/example_dags/example_skip_dag.py
[2021-02-27 10:10:19,190] {scheduler_job.py:629} INFO - Processing file /usr/local/lib/python3.9/site-packages/airflow/example_dags/example_skip_dag.py for tasks to queue
[2021-02-27 10:10:19,190] {logging_mixin.py:104} INFO - [2021-02-27 10:10:19,190] {dagbag.py:448} INFO - Filling up the DagBag from /usr/local/lib/python3.9/site-packages/airflow/example_dags/example_skip_dag.py
[2021-02-27 10:10:19,196] {scheduler_job.py:639} INFO - DAG(s) dict_keys(['example_skip_dag']) retrieved from /usr/local/lib/python3.9/site-packages/airflow/example_dags/example_skip_dag.py
[2021-02-27 10:10:19,601] {scheduler_job.py:193} ERROR - Got an exception! Propagating...
Traceback (most recent call last):
  File "/usr/local/lib/python3.9/site-packages/sqlalchemy/engine/base.py", line 2336, in _wrap_pool_connect
    return fn()
  File "/usr/local/lib/python3.9/site-packages/sqlalchemy/pool/base.py", line 364, in connect
    return _ConnectionFairy._checkout(self)
  File "/usr/local/lib/python3.9/site-packages/sqlalchemy/pool/base.py", line 778, in _checkout
    fairy = _ConnectionRecord.checkout(pool)
  File "/usr/local/lib/python3.9/site-packages/sqlalchemy/pool/base.py", line 495, in checkout
    rec = pool._do_get()
  File "/usr/local/lib/python3.9/site-packages/sqlalchemy/pool/impl.py", line 140, in _do_get
    self._dec_overflow()
  File "/usr/local/lib/python3.9/site-packages/sqlalchemy/util/langhelpers.py", line 68, in __exit__
    compat.raise_(
  File "/usr/local/lib/python3.9/site-packages/sqlalchemy/util/compat.py", line 182, in raise_
    raise exception
  File "/usr/local/lib/python3.9/site-packages/sqlalchemy/pool/impl.py", line 137, in _do_get
    return self._create_connection()
  File "/usr/local/lib/python3.9/site-packages/sqlalchemy/pool/base.py", line 309, in _create_connection
    return _ConnectionRecord(self)
  File "/usr/local/lib/python3.9/site-packages/sqlalchemy/pool/base.py", line 440, in __init__
    self.__connect(first_connect_check=True)
  File "/usr/local/lib/python3.9/site-packages/sqlalchemy/pool/base.py", line 661, in __connect
    pool.logger.debug("Error on connect(): %s", e)
  File "/usr/local/lib/python3.9/site-packages/sqlalchemy/util/langhelpers.py", line 68, in __exit__
    compat.raise_(
  File "/usr/local/lib/python3.9/site-packages/sqlalchemy/util/compat.py", line 182, in raise_
    raise exception
  File "/usr/local/lib/python3.9/site-packages/sqlalchemy/pool/base.py", line 656, in __connect
    connection = pool._invoke_creator(self)
  File "/usr/local/lib/python3.9/site-packages/sqlalchemy/engine/strategies.py", line 114, in connect
    return dialect.connect(*cargs, **cparams)
  File "/usr/local/lib/python3.9/site-packages/sqlalchemy/engine/default.py", line 508, in connect
    return self.dbapi.connect(*cargs, **cparams)
  File "/usr/local/lib/python3.9/site-packages/psycopg2/__init__.py", line 127, in connect
    conn = _connect(dsn, connection_factory=connection_factory, **kwasync)
psycopg2.OperationalError: FATAL:  role "karenzhang" does not exist


The above exception was the direct cause of the following exception:

Traceback (most recent call last):
  File "/usr/local/lib/python3.9/site-packages/airflow/jobs/scheduler_job.py", line 184, in _run_file_processor
    result: Tuple[int, int] = dag_file_processor.process_file(
  File "/usr/local/lib/python3.9/site-packages/airflow/utils/session.py", line 65, in wrapper
    return func(*args, session=session, **kwargs)
  File "/usr/local/lib/python3.9/site-packages/airflow/jobs/scheduler_job.py", line 648, in process_file
    dagbag.sync_to_db()
  File "/usr/local/lib/python3.9/site-packages/airflow/utils/session.py", line 65, in wrapper
    return func(*args, session=session, **kwargs)
  File "/usr/local/lib/python3.9/site-packages/airflow/models/dagbag.py", line 552, in sync_to_db
    for attempt in run_with_db_retries(logger=self.log):
  File "/usr/local/lib/python3.9/site-packages/tenacity/__init__.py", line 390, in __iter__
    do = self.iter(retry_state=retry_state)
  File "/usr/local/lib/python3.9/site-packages/tenacity/__init__.py", line 368, in iter
    raise retry_exc.reraise()
  File "/usr/local/lib/python3.9/site-packages/tenacity/__init__.py", line 186, in reraise
    raise self.last_attempt.result()
  File "/usr/local/Cellar/python@3.9/3.9.1_6/Frameworks/Python.framework/Versions/3.9/lib/python3.9/concurrent/futures/_base.py", line 433, in result
    return self.__get_result()
  File "/usr/local/Cellar/python@3.9/3.9.1_6/Frameworks/Python.framework/Versions/3.9/lib/python3.9/concurrent/futures/_base.py", line 389, in __get_result
    raise self._exception
  File "/usr/local/lib/python3.9/site-packages/airflow/models/dagbag.py", line 564, in sync_to_db
    serialize_errors.extend(_serialze_dag_capturing_errors(dag, session))
  File "/usr/local/lib/python3.9/site-packages/airflow/models/dagbag.py", line 538, in _serialze_dag_capturing_errors
    SerializedDagModel.write_dag(
  File "/usr/local/lib/python3.9/site-packages/airflow/utils/session.py", line 62, in wrapper
    return func(*args, **kwargs)
  File "/usr/local/lib/python3.9/site-packages/airflow/models/serialized_dag.py", line 117, in write_dag
    if session.query(
  File "/usr/local/lib/python3.9/site-packages/sqlalchemy/orm/query.py", line 3523, in scalar
    ret = self.one()
  File "/usr/local/lib/python3.9/site-packages/sqlalchemy/orm/query.py", line 3490, in one
    ret = self.one_or_none()
  File "/usr/local/lib/python3.9/site-packages/sqlalchemy/orm/query.py", line 3459, in one_or_none
    ret = list(self)
  File "/usr/local/lib/python3.9/site-packages/sqlalchemy/orm/query.py", line 3535, in __iter__
    return self._execute_and_instances(context)
  File "/usr/local/lib/python3.9/site-packages/sqlalchemy/orm/query.py", line 3556, in _execute_and_instances
    conn = self._get_bind_args(
  File "/usr/local/lib/python3.9/site-packages/sqlalchemy/orm/query.py", line 3571, in _get_bind_args
    return fn(
  File "/usr/local/lib/python3.9/site-packages/sqlalchemy/orm/query.py", line 3550, in _connection_from_session
    conn = self.session.connection(**kw)
  File "/usr/local/lib/python3.9/site-packages/sqlalchemy/orm/session.py", line 1142, in connection
    return self._connection_for_bind(
  File "/usr/local/lib/python3.9/site-packages/sqlalchemy/orm/session.py", line 1150, in _connection_for_bind
    return self.transaction._connection_for_bind(
  File "/usr/local/lib/python3.9/site-packages/sqlalchemy/orm/session.py", line 433, in _connection_for_bind
    conn = bind._contextual_connect()
  File "/usr/local/lib/python3.9/site-packages/sqlalchemy/engine/base.py", line 2302, in _contextual_connect
    self._wrap_pool_connect(self.pool.connect, None),
  File "/usr/local/lib/python3.9/site-packages/sqlalchemy/engine/base.py", line 2339, in _wrap_pool_connect
    Connection._handle_dbapi_exception_noconnection(
  File "/usr/local/lib/python3.9/site-packages/sqlalchemy/engine/base.py", line 1583, in _handle_dbapi_exception_noconnection
    util.raise_(
  File "/usr/local/lib/python3.9/site-packages/sqlalchemy/util/compat.py", line 182, in raise_
    raise exception
  File "/usr/local/lib/python3.9/site-packages/sqlalchemy/engine/base.py", line 2336, in _wrap_pool_connect
    return fn()
  File "/usr/local/lib/python3.9/site-packages/sqlalchemy/pool/base.py", line 364, in connect
    return _ConnectionFairy._checkout(self)
  File "/usr/local/lib/python3.9/site-packages/sqlalchemy/pool/base.py", line 778, in _checkout
    fairy = _ConnectionRecord.checkout(pool)
  File "/usr/local/lib/python3.9/site-packages/sqlalchemy/pool/base.py", line 495, in checkout
    rec = pool._do_get()
  File "/usr/local/lib/python3.9/site-packages/sqlalchemy/pool/impl.py", line 140, in _do_get
    self._dec_overflow()
  File "/usr/local/lib/python3.9/site-packages/sqlalchemy/util/langhelpers.py", line 68, in __exit__
    compat.raise_(
  File "/usr/local/lib/python3.9/site-packages/sqlalchemy/util/compat.py", line 182, in raise_
    raise exception
  File "/usr/local/lib/python3.9/site-packages/sqlalchemy/pool/impl.py", line 137, in _do_get
    return self._create_connection()
  File "/usr/local/lib/python3.9/site-packages/sqlalchemy/pool/base.py", line 309, in _create_connection
    return _ConnectionRecord(self)
  File "/usr/local/lib/python3.9/site-packages/sqlalchemy/pool/base.py", line 440, in __init__
    self.__connect(first_connect_check=True)
  File "/usr/local/lib/python3.9/site-packages/sqlalchemy/pool/base.py", line 661, in __connect
    pool.logger.debug("Error on connect(): %s", e)
  File "/usr/local/lib/python3.9/site-packages/sqlalchemy/util/langhelpers.py", line 68, in __exit__
    compat.raise_(
  File "/usr/local/lib/python3.9/site-packages/sqlalchemy/util/compat.py", line 182, in raise_
    raise exception
  File "/usr/local/lib/python3.9/site-packages/sqlalchemy/pool/base.py", line 656, in __connect
    connection = pool._invoke_creator(self)
  File "/usr/local/lib/python3.9/site-packages/sqlalchemy/engine/strategies.py", line 114, in connect
    return dialect.connect(*cargs, **cparams)
  File "/usr/local/lib/python3.9/site-packages/sqlalchemy/engine/default.py", line 508, in connect
    return self.dbapi.connect(*cargs, **cparams)
  File "/usr/local/lib/python3.9/site-packages/psycopg2/__init__.py", line 127, in connect
    conn = _connect(dsn, connection_factory=connection_factory, **kwasync)
sqlalchemy.exc.OperationalError: (psycopg2.OperationalError) FATAL:  role "karenzhang" does not exist

(Background on this error at: http://sqlalche.me/e/13/e3q8)
[2021-02-27 10:11:24,059] {scheduler_job.py:182} INFO - Started process (PID=24927) to work on /usr/local/lib/python3.9/site-packages/airflow/example_dags/example_skip_dag.py
[2021-02-27 10:11:24,060] {scheduler_job.py:629} INFO - Processing file /usr/local/lib/python3.9/site-packages/airflow/example_dags/example_skip_dag.py for tasks to queue
[2021-02-27 10:11:24,061] {logging_mixin.py:104} INFO - [2021-02-27 10:11:24,060] {dagbag.py:448} INFO - Filling up the DagBag from /usr/local/lib/python3.9/site-packages/airflow/example_dags/example_skip_dag.py
[2021-02-27 10:11:24,067] {scheduler_job.py:639} INFO - DAG(s) dict_keys(['example_skip_dag']) retrieved from /usr/local/lib/python3.9/site-packages/airflow/example_dags/example_skip_dag.py
[2021-02-27 10:11:24,148] {logging_mixin.py:104} INFO - [2021-02-27 10:11:24,147] {dag.py:1818} INFO - Sync 1 DAGs
[2021-02-27 10:11:24,177] {scheduler_job.py:193} ERROR - Got an exception! Propagating...
Traceback (most recent call last):
  File "/usr/local/lib/python3.9/site-packages/sqlalchemy/engine/base.py", line 1276, in _execute_context
    self.dialect.do_execute(
  File "/usr/local/lib/python3.9/site-packages/sqlalchemy/engine/default.py", line 608, in do_execute
    cursor.execute(statement, parameters)
psycopg2.errors.InFailedSqlTransaction: current transaction is aborted, commands ignored until end of transaction block


The above exception was the direct cause of the following exception:

Traceback (most recent call last):
  File "/usr/local/lib/python3.9/site-packages/airflow/jobs/scheduler_job.py", line 184, in _run_file_processor
    result: Tuple[int, int] = dag_file_processor.process_file(
  File "/usr/local/lib/python3.9/site-packages/airflow/utils/session.py", line 65, in wrapper
    return func(*args, session=session, **kwargs)
  File "/usr/local/lib/python3.9/site-packages/airflow/jobs/scheduler_job.py", line 648, in process_file
    dagbag.sync_to_db()
  File "/usr/local/lib/python3.9/site-packages/airflow/utils/session.py", line 65, in wrapper
    return func(*args, session=session, **kwargs)
  File "/usr/local/lib/python3.9/site-packages/airflow/models/dagbag.py", line 552, in sync_to_db
    for attempt in run_with_db_retries(logger=self.log):
  File "/usr/local/lib/python3.9/site-packages/tenacity/__init__.py", line 390, in __iter__
    do = self.iter(retry_state=retry_state)
  File "/usr/local/lib/python3.9/site-packages/tenacity/__init__.py", line 356, in iter
    return fut.result()
  File "/usr/local/Cellar/python@3.9/3.9.1_6/Frameworks/Python.framework/Versions/3.9/lib/python3.9/concurrent/futures/_base.py", line 433, in result
    return self.__get_result()
  File "/usr/local/Cellar/python@3.9/3.9.1_6/Frameworks/Python.framework/Versions/3.9/lib/python3.9/concurrent/futures/_base.py", line 389, in __get_result
    raise self._exception
  File "/usr/local/lib/python3.9/site-packages/airflow/models/dagbag.py", line 566, in sync_to_db
    DAG.bulk_write_to_db(self.dags.values(), session=session)
  File "/usr/local/lib/python3.9/site-packages/airflow/utils/session.py", line 62, in wrapper
    return func(*args, **kwargs)
  File "/usr/local/lib/python3.9/site-packages/airflow/models/dag.py", line 1826, in bulk_write_to_db
    orm_dags = with_row_locks(query, of=DagModel, session=session).all()
  File "/usr/local/lib/python3.9/site-packages/sqlalchemy/orm/query.py", line 3373, in all
    return list(self)
  File "/usr/local/lib/python3.9/site-packages/sqlalchemy/orm/query.py", line 3535, in __iter__
    return self._execute_and_instances(context)
  File "/usr/local/lib/python3.9/site-packages/sqlalchemy/orm/query.py", line 3560, in _execute_and_instances
    result = conn.execute(querycontext.statement, self._params)
  File "/usr/local/lib/python3.9/site-packages/sqlalchemy/engine/base.py", line 1011, in execute
    return meth(self, multiparams, params)
  File "/usr/local/lib/python3.9/site-packages/sqlalchemy/sql/elements.py", line 298, in _execute_on_connection
    return connection._execute_clauseelement(self, multiparams, params)
  File "/usr/local/lib/python3.9/site-packages/sqlalchemy/engine/base.py", line 1124, in _execute_clauseelement
    ret = self._execute_context(
  File "/usr/local/lib/python3.9/site-packages/sqlalchemy/engine/base.py", line 1316, in _execute_context
    self._handle_dbapi_exception(
  File "/usr/local/lib/python3.9/site-packages/sqlalchemy/engine/base.py", line 1510, in _handle_dbapi_exception
    util.raise_(
  File "/usr/local/lib/python3.9/site-packages/sqlalchemy/util/compat.py", line 182, in raise_
    raise exception
  File "/usr/local/lib/python3.9/site-packages/sqlalchemy/engine/base.py", line 1276, in _execute_context
    self.dialect.do_execute(
  File "/usr/local/lib/python3.9/site-packages/sqlalchemy/engine/default.py", line 608, in do_execute
    cursor.execute(statement, parameters)
sqlalchemy.exc.InternalError: (psycopg2.errors.InFailedSqlTransaction) current transaction is aborted, commands ignored until end of transaction block

[SQL: SELECT dag.dag_id AS dag_dag_id, dag.root_dag_id AS dag_root_dag_id, dag.is_paused AS dag_is_paused, dag.is_subdag AS dag_is_subdag, dag.is_active AS dag_is_active, dag.last_scheduler_run AS dag_last_scheduler_run, dag.last_pickled AS dag_last_pickled, dag.last_expired AS dag_last_expired, dag.scheduler_lock AS dag_scheduler_lock, dag.pickle_id AS dag_pickle_id, dag.fileloc AS dag_fileloc, dag.owners AS dag_owners, dag.description AS dag_description, dag.default_view AS dag_default_view, dag.schedule_interval AS dag_schedule_interval, dag.concurrency AS dag_concurrency, dag.has_task_concurrency_limits AS dag_has_task_concurrency_limits, dag.next_dagrun AS dag_next_dagrun, dag.next_dagrun_create_after AS dag_next_dagrun_create_after, dag_tag_1.name AS dag_tag_1_name, dag_tag_1.dag_id AS dag_tag_1_dag_id 
FROM dag LEFT OUTER JOIN dag_tag AS dag_tag_1 ON dag.dag_id = dag_tag_1.dag_id 
WHERE dag.dag_id IN (%(dag_id_1)s) FOR UPDATE OF dag]
[parameters: {'dag_id_1': 'example_skip_dag'}]
(Background on this error at: http://sqlalche.me/e/13/2j85)
[2021-02-27 10:12:14,787] {scheduler_job.py:182} INFO - Started process (PID=25006) to work on /usr/local/lib/python3.9/site-packages/airflow/example_dags/example_skip_dag.py
[2021-02-27 10:12:14,789] {scheduler_job.py:629} INFO - Processing file /usr/local/lib/python3.9/site-packages/airflow/example_dags/example_skip_dag.py for tasks to queue
[2021-02-27 10:12:14,789] {logging_mixin.py:104} INFO - [2021-02-27 10:12:14,789] {dagbag.py:448} INFO - Filling up the DagBag from /usr/local/lib/python3.9/site-packages/airflow/example_dags/example_skip_dag.py
[2021-02-27 10:12:14,796] {scheduler_job.py:639} INFO - DAG(s) dict_keys(['example_skip_dag']) retrieved from /usr/local/lib/python3.9/site-packages/airflow/example_dags/example_skip_dag.py
[2021-02-27 10:12:14,837] {logging_mixin.py:104} INFO - [2021-02-27 10:12:14,837] {dag.py:1818} INFO - Sync 1 DAGs
[2021-02-27 10:12:14,847] {logging_mixin.py:104} INFO - [2021-02-27 10:12:14,847] {dag.py:2273} INFO - Setting next_dagrun for example_skip_dag to 2021-02-25 00:00:00+00:00
[2021-02-27 10:12:14,853] {scheduler_job.py:190} INFO - Processing /usr/local/lib/python3.9/site-packages/airflow/example_dags/example_skip_dag.py took 0.067 seconds
[2021-02-27 10:13:10,506] {scheduler_job.py:182} INFO - Started process (PID=25175) to work on /usr/local/lib/python3.9/site-packages/airflow/example_dags/example_skip_dag.py
[2021-02-27 10:13:10,507] {scheduler_job.py:629} INFO - Processing file /usr/local/lib/python3.9/site-packages/airflow/example_dags/example_skip_dag.py for tasks to queue
[2021-02-27 10:13:10,507] {logging_mixin.py:104} INFO - [2021-02-27 10:13:10,507] {dagbag.py:448} INFO - Filling up the DagBag from /usr/local/lib/python3.9/site-packages/airflow/example_dags/example_skip_dag.py
[2021-02-27 10:13:10,515] {scheduler_job.py:639} INFO - DAG(s) dict_keys(['example_skip_dag']) retrieved from /usr/local/lib/python3.9/site-packages/airflow/example_dags/example_skip_dag.py
[2021-02-27 10:13:10,564] {logging_mixin.py:104} INFO - [2021-02-27 10:13:10,564] {dag.py:1818} INFO - Sync 1 DAGs
[2021-02-27 10:13:10,577] {logging_mixin.py:104} INFO - [2021-02-27 10:13:10,577] {dag.py:2273} INFO - Setting next_dagrun for example_skip_dag to 2021-02-25 00:00:00+00:00
[2021-02-27 10:13:10,584] {scheduler_job.py:190} INFO - Processing /usr/local/lib/python3.9/site-packages/airflow/example_dags/example_skip_dag.py took 0.080 seconds
[2021-02-27 10:13:21,083] {scheduler_job.py:182} INFO - Started process (PID=25192) to work on /usr/local/lib/python3.9/site-packages/airflow/example_dags/example_skip_dag.py
[2021-02-27 10:13:21,083] {scheduler_job.py:629} INFO - Processing file /usr/local/lib/python3.9/site-packages/airflow/example_dags/example_skip_dag.py for tasks to queue
[2021-02-27 10:13:21,084] {logging_mixin.py:104} INFO - [2021-02-27 10:13:21,084] {dagbag.py:448} INFO - Filling up the DagBag from /usr/local/lib/python3.9/site-packages/airflow/example_dags/example_skip_dag.py
[2021-02-27 10:13:21,089] {scheduler_job.py:639} INFO - DAG(s) dict_keys(['example_skip_dag']) retrieved from /usr/local/lib/python3.9/site-packages/airflow/example_dags/example_skip_dag.py
[2021-02-27 10:13:21,135] {logging_mixin.py:104} INFO - [2021-02-27 10:13:21,135] {dag.py:1818} INFO - Sync 1 DAGs
[2021-02-27 10:13:21,148] {logging_mixin.py:104} INFO - [2021-02-27 10:13:21,148] {dag.py:2273} INFO - Setting next_dagrun for example_skip_dag to 2021-02-25 00:00:00+00:00
[2021-02-27 10:13:21,155] {scheduler_job.py:190} INFO - Processing /usr/local/lib/python3.9/site-packages/airflow/example_dags/example_skip_dag.py took 0.073 seconds
[2021-02-27 10:13:42,949] {scheduler_job.py:182} INFO - Started process (PID=25266) to work on /usr/local/lib/python3.9/site-packages/airflow/example_dags/example_skip_dag.py
[2021-02-27 10:13:42,950] {scheduler_job.py:629} INFO - Processing file /usr/local/lib/python3.9/site-packages/airflow/example_dags/example_skip_dag.py for tasks to queue
[2021-02-27 10:13:42,950] {logging_mixin.py:104} INFO - [2021-02-27 10:13:42,950] {dagbag.py:448} INFO - Filling up the DagBag from /usr/local/lib/python3.9/site-packages/airflow/example_dags/example_skip_dag.py
[2021-02-27 10:13:42,958] {scheduler_job.py:639} INFO - DAG(s) dict_keys(['example_skip_dag']) retrieved from /usr/local/lib/python3.9/site-packages/airflow/example_dags/example_skip_dag.py
[2021-02-27 10:13:43,004] {logging_mixin.py:104} INFO - [2021-02-27 10:13:43,004] {dag.py:1818} INFO - Sync 1 DAGs
[2021-02-27 10:13:43,017] {logging_mixin.py:104} INFO - [2021-02-27 10:13:43,016] {dag.py:2273} INFO - Setting next_dagrun for example_skip_dag to 2021-02-25 00:00:00+00:00
[2021-02-27 10:13:43,023] {scheduler_job.py:190} INFO - Processing /usr/local/lib/python3.9/site-packages/airflow/example_dags/example_skip_dag.py took 0.074 seconds
[2021-02-27 10:14:10,736] {scheduler_job.py:182} INFO - Started process (PID=25339) to work on /usr/local/lib/python3.9/site-packages/airflow/example_dags/example_skip_dag.py
[2021-02-27 10:14:10,737] {scheduler_job.py:629} INFO - Processing file /usr/local/lib/python3.9/site-packages/airflow/example_dags/example_skip_dag.py for tasks to queue
[2021-02-27 10:14:10,737] {logging_mixin.py:104} INFO - [2021-02-27 10:14:10,737] {dagbag.py:448} INFO - Filling up the DagBag from /usr/local/lib/python3.9/site-packages/airflow/example_dags/example_skip_dag.py
[2021-02-27 10:14:10,744] {scheduler_job.py:639} INFO - DAG(s) dict_keys(['example_skip_dag']) retrieved from /usr/local/lib/python3.9/site-packages/airflow/example_dags/example_skip_dag.py
[2021-02-27 10:14:10,788] {logging_mixin.py:104} INFO - [2021-02-27 10:14:10,788] {dag.py:1818} INFO - Sync 1 DAGs
[2021-02-27 10:14:10,800] {logging_mixin.py:104} INFO - [2021-02-27 10:14:10,800] {dag.py:2273} INFO - Setting next_dagrun for example_skip_dag to 2021-02-25 00:00:00+00:00
[2021-02-27 10:14:10,806] {scheduler_job.py:190} INFO - Processing /usr/local/lib/python3.9/site-packages/airflow/example_dags/example_skip_dag.py took 0.071 seconds
[2021-02-27 10:14:14,543] {scheduler_job.py:182} INFO - Started process (PID=25361) to work on /usr/local/lib/python3.9/site-packages/airflow/example_dags/example_skip_dag.py
[2021-02-27 10:14:14,543] {scheduler_job.py:629} INFO - Processing file /usr/local/lib/python3.9/site-packages/airflow/example_dags/example_skip_dag.py for tasks to queue
[2021-02-27 10:14:14,543] {logging_mixin.py:104} INFO - [2021-02-27 10:14:14,543] {dagbag.py:448} INFO - Filling up the DagBag from /usr/local/lib/python3.9/site-packages/airflow/example_dags/example_skip_dag.py
[2021-02-27 10:14:14,550] {scheduler_job.py:639} INFO - DAG(s) dict_keys(['example_skip_dag']) retrieved from /usr/local/lib/python3.9/site-packages/airflow/example_dags/example_skip_dag.py
[2021-02-27 10:14:14,599] {logging_mixin.py:104} INFO - [2021-02-27 10:14:14,599] {dag.py:1818} INFO - Sync 1 DAGs
[2021-02-27 10:14:14,612] {logging_mixin.py:104} INFO - [2021-02-27 10:14:14,612] {dag.py:2273} INFO - Setting next_dagrun for example_skip_dag to 2021-02-25 00:00:00+00:00
[2021-02-27 10:14:14,621] {scheduler_job.py:190} INFO - Processing /usr/local/lib/python3.9/site-packages/airflow/example_dags/example_skip_dag.py took 0.079 seconds
[2021-02-27 10:14:46,051] {scheduler_job.py:182} INFO - Started process (PID=25447) to work on /usr/local/lib/python3.9/site-packages/airflow/example_dags/example_skip_dag.py
[2021-02-27 10:14:46,052] {scheduler_job.py:629} INFO - Processing file /usr/local/lib/python3.9/site-packages/airflow/example_dags/example_skip_dag.py for tasks to queue
[2021-02-27 10:14:46,053] {logging_mixin.py:104} INFO - [2021-02-27 10:14:46,052] {dagbag.py:448} INFO - Filling up the DagBag from /usr/local/lib/python3.9/site-packages/airflow/example_dags/example_skip_dag.py
[2021-02-27 10:14:46,059] {scheduler_job.py:639} INFO - DAG(s) dict_keys(['example_skip_dag']) retrieved from /usr/local/lib/python3.9/site-packages/airflow/example_dags/example_skip_dag.py
[2021-02-27 10:14:46,102] {logging_mixin.py:104} INFO - [2021-02-27 10:14:46,102] {dag.py:1818} INFO - Sync 1 DAGs
[2021-02-27 10:14:46,113] {logging_mixin.py:104} INFO - [2021-02-27 10:14:46,113] {dag.py:2273} INFO - Setting next_dagrun for example_skip_dag to 2021-02-25 00:00:00+00:00
[2021-02-27 10:14:46,120] {scheduler_job.py:190} INFO - Processing /usr/local/lib/python3.9/site-packages/airflow/example_dags/example_skip_dag.py took 0.069 seconds
[2021-02-27 10:14:56,245] {scheduler_job.py:182} INFO - Started process (PID=25460) to work on /usr/local/lib/python3.9/site-packages/airflow/example_dags/example_skip_dag.py
[2021-02-27 10:14:56,246] {scheduler_job.py:629} INFO - Processing file /usr/local/lib/python3.9/site-packages/airflow/example_dags/example_skip_dag.py for tasks to queue
[2021-02-27 10:14:56,246] {logging_mixin.py:104} INFO - [2021-02-27 10:14:56,246] {dagbag.py:448} INFO - Filling up the DagBag from /usr/local/lib/python3.9/site-packages/airflow/example_dags/example_skip_dag.py
[2021-02-27 10:14:56,256] {scheduler_job.py:639} INFO - DAG(s) dict_keys(['example_skip_dag']) retrieved from /usr/local/lib/python3.9/site-packages/airflow/example_dags/example_skip_dag.py
[2021-02-27 10:14:56,309] {logging_mixin.py:104} INFO - [2021-02-27 10:14:56,309] {dag.py:1818} INFO - Sync 1 DAGs
[2021-02-27 10:14:56,321] {logging_mixin.py:104} INFO - [2021-02-27 10:14:56,321] {dag.py:2273} INFO - Setting next_dagrun for example_skip_dag to 2021-02-25 00:00:00+00:00
[2021-02-27 10:14:56,327] {scheduler_job.py:190} INFO - Processing /usr/local/lib/python3.9/site-packages/airflow/example_dags/example_skip_dag.py took 0.084 seconds
[2021-02-27 10:15:18,017] {scheduler_job.py:182} INFO - Started process (PID=25535) to work on /usr/local/lib/python3.9/site-packages/airflow/example_dags/example_skip_dag.py
[2021-02-27 10:15:18,019] {scheduler_job.py:629} INFO - Processing file /usr/local/lib/python3.9/site-packages/airflow/example_dags/example_skip_dag.py for tasks to queue
[2021-02-27 10:15:18,019] {logging_mixin.py:104} INFO - [2021-02-27 10:15:18,019] {dagbag.py:448} INFO - Filling up the DagBag from /usr/local/lib/python3.9/site-packages/airflow/example_dags/example_skip_dag.py
[2021-02-27 10:15:18,026] {scheduler_job.py:639} INFO - DAG(s) dict_keys(['example_skip_dag']) retrieved from /usr/local/lib/python3.9/site-packages/airflow/example_dags/example_skip_dag.py
[2021-02-27 10:15:18,069] {logging_mixin.py:104} INFO - [2021-02-27 10:15:18,069] {dag.py:1818} INFO - Sync 1 DAGs
[2021-02-27 10:15:18,080] {logging_mixin.py:104} INFO - [2021-02-27 10:15:18,080] {dag.py:2273} INFO - Setting next_dagrun for example_skip_dag to 2021-02-25 00:00:00+00:00
[2021-02-27 10:15:18,086] {scheduler_job.py:190} INFO - Processing /usr/local/lib/python3.9/site-packages/airflow/example_dags/example_skip_dag.py took 0.069 seconds
[2021-02-27 10:15:40,140] {scheduler_job.py:182} INFO - Started process (PID=25584) to work on /usr/local/lib/python3.9/site-packages/airflow/example_dags/example_skip_dag.py
[2021-02-27 10:15:40,141] {scheduler_job.py:629} INFO - Processing file /usr/local/lib/python3.9/site-packages/airflow/example_dags/example_skip_dag.py for tasks to queue
[2021-02-27 10:15:40,142] {logging_mixin.py:104} INFO - [2021-02-27 10:15:40,142] {dagbag.py:448} INFO - Filling up the DagBag from /usr/local/lib/python3.9/site-packages/airflow/example_dags/example_skip_dag.py
[2021-02-27 10:15:40,149] {scheduler_job.py:639} INFO - DAG(s) dict_keys(['example_skip_dag']) retrieved from /usr/local/lib/python3.9/site-packages/airflow/example_dags/example_skip_dag.py
[2021-02-27 10:15:40,195] {logging_mixin.py:104} INFO - [2021-02-27 10:15:40,195] {dag.py:1818} INFO - Sync 1 DAGs
[2021-02-27 10:15:40,207] {logging_mixin.py:104} INFO - [2021-02-27 10:15:40,207] {dag.py:2273} INFO - Setting next_dagrun for example_skip_dag to 2021-02-25 00:00:00+00:00
[2021-02-27 10:15:40,213] {scheduler_job.py:190} INFO - Processing /usr/local/lib/python3.9/site-packages/airflow/example_dags/example_skip_dag.py took 0.074 seconds
[2021-02-27 10:15:49,106] {scheduler_job.py:182} INFO - Started process (PID=25627) to work on /usr/local/lib/python3.9/site-packages/airflow/example_dags/example_skip_dag.py
[2021-02-27 10:15:49,106] {scheduler_job.py:629} INFO - Processing file /usr/local/lib/python3.9/site-packages/airflow/example_dags/example_skip_dag.py for tasks to queue
[2021-02-27 10:15:49,106] {logging_mixin.py:104} INFO - [2021-02-27 10:15:49,106] {dagbag.py:448} INFO - Filling up the DagBag from /usr/local/lib/python3.9/site-packages/airflow/example_dags/example_skip_dag.py
[2021-02-27 10:15:49,112] {scheduler_job.py:639} INFO - DAG(s) dict_keys(['example_skip_dag']) retrieved from /usr/local/lib/python3.9/site-packages/airflow/example_dags/example_skip_dag.py
[2021-02-27 10:15:49,157] {logging_mixin.py:104} INFO - [2021-02-27 10:15:49,157] {dag.py:1818} INFO - Sync 1 DAGs
[2021-02-27 10:15:49,172] {logging_mixin.py:104} INFO - [2021-02-27 10:15:49,172] {dag.py:2273} INFO - Setting next_dagrun for example_skip_dag to 2021-02-25 00:00:00+00:00
[2021-02-27 10:15:49,181] {scheduler_job.py:190} INFO - Processing /usr/local/lib/python3.9/site-packages/airflow/example_dags/example_skip_dag.py took 0.076 seconds
[2021-02-27 10:16:20,637] {scheduler_job.py:182} INFO - Started process (PID=25716) to work on /usr/local/lib/python3.9/site-packages/airflow/example_dags/example_skip_dag.py
[2021-02-27 10:16:20,638] {scheduler_job.py:629} INFO - Processing file /usr/local/lib/python3.9/site-packages/airflow/example_dags/example_skip_dag.py for tasks to queue
[2021-02-27 10:16:20,639] {logging_mixin.py:104} INFO - [2021-02-27 10:16:20,639] {dagbag.py:448} INFO - Filling up the DagBag from /usr/local/lib/python3.9/site-packages/airflow/example_dags/example_skip_dag.py
[2021-02-27 10:16:20,645] {scheduler_job.py:639} INFO - DAG(s) dict_keys(['example_skip_dag']) retrieved from /usr/local/lib/python3.9/site-packages/airflow/example_dags/example_skip_dag.py
[2021-02-27 10:16:20,688] {logging_mixin.py:104} INFO - [2021-02-27 10:16:20,688] {dag.py:1818} INFO - Sync 1 DAGs
[2021-02-27 10:16:20,699] {logging_mixin.py:104} INFO - [2021-02-27 10:16:20,699] {dag.py:2273} INFO - Setting next_dagrun for example_skip_dag to 2021-02-25 00:00:00+00:00
[2021-02-27 10:16:20,705] {scheduler_job.py:190} INFO - Processing /usr/local/lib/python3.9/site-packages/airflow/example_dags/example_skip_dag.py took 0.069 seconds
[2021-02-27 10:16:24,036] {scheduler_job.py:182} INFO - Started process (PID=25722) to work on /usr/local/lib/python3.9/site-packages/airflow/example_dags/example_skip_dag.py
[2021-02-27 10:16:24,037] {scheduler_job.py:629} INFO - Processing file /usr/local/lib/python3.9/site-packages/airflow/example_dags/example_skip_dag.py for tasks to queue
[2021-02-27 10:16:24,037] {logging_mixin.py:104} INFO - [2021-02-27 10:16:24,037] {dagbag.py:448} INFO - Filling up the DagBag from /usr/local/lib/python3.9/site-packages/airflow/example_dags/example_skip_dag.py
[2021-02-27 10:16:24,043] {scheduler_job.py:639} INFO - DAG(s) dict_keys(['example_skip_dag']) retrieved from /usr/local/lib/python3.9/site-packages/airflow/example_dags/example_skip_dag.py
[2021-02-27 10:16:24,095] {logging_mixin.py:104} INFO - [2021-02-27 10:16:24,095] {dag.py:1818} INFO - Sync 1 DAGs
[2021-02-27 10:16:24,108] {logging_mixin.py:104} INFO - [2021-02-27 10:16:24,108] {dag.py:2273} INFO - Setting next_dagrun for example_skip_dag to 2021-02-25 00:00:00+00:00
[2021-02-27 10:16:24,114] {scheduler_job.py:190} INFO - Processing /usr/local/lib/python3.9/site-packages/airflow/example_dags/example_skip_dag.py took 0.079 seconds
[2021-02-27 10:16:52,130] {scheduler_job.py:182} INFO - Started process (PID=25805) to work on /usr/local/lib/python3.9/site-packages/airflow/example_dags/example_skip_dag.py
[2021-02-27 10:16:52,131] {scheduler_job.py:629} INFO - Processing file /usr/local/lib/python3.9/site-packages/airflow/example_dags/example_skip_dag.py for tasks to queue
[2021-02-27 10:16:52,132] {logging_mixin.py:104} INFO - [2021-02-27 10:16:52,131] {dagbag.py:448} INFO - Filling up the DagBag from /usr/local/lib/python3.9/site-packages/airflow/example_dags/example_skip_dag.py
[2021-02-27 10:16:52,138] {scheduler_job.py:639} INFO - DAG(s) dict_keys(['example_skip_dag']) retrieved from /usr/local/lib/python3.9/site-packages/airflow/example_dags/example_skip_dag.py
[2021-02-27 10:16:52,195] {logging_mixin.py:104} INFO - [2021-02-27 10:16:52,194] {dag.py:1818} INFO - Sync 1 DAGs
[2021-02-27 10:16:52,210] {logging_mixin.py:104} INFO - [2021-02-27 10:16:52,209] {dag.py:2273} INFO - Setting next_dagrun for example_skip_dag to 2021-02-25 00:00:00+00:00
[2021-02-27 10:16:52,216] {scheduler_job.py:190} INFO - Processing /usr/local/lib/python3.9/site-packages/airflow/example_dags/example_skip_dag.py took 0.087 seconds
[2021-02-27 10:17:07,564] {scheduler_job.py:182} INFO - Started process (PID=25834) to work on /usr/local/lib/python3.9/site-packages/airflow/example_dags/example_skip_dag.py
[2021-02-27 10:17:07,565] {scheduler_job.py:629} INFO - Processing file /usr/local/lib/python3.9/site-packages/airflow/example_dags/example_skip_dag.py for tasks to queue
[2021-02-27 10:17:07,565] {logging_mixin.py:104} INFO - [2021-02-27 10:17:07,565] {dagbag.py:448} INFO - Filling up the DagBag from /usr/local/lib/python3.9/site-packages/airflow/example_dags/example_skip_dag.py
[2021-02-27 10:17:07,572] {scheduler_job.py:639} INFO - DAG(s) dict_keys(['example_skip_dag']) retrieved from /usr/local/lib/python3.9/site-packages/airflow/example_dags/example_skip_dag.py
[2021-02-27 10:17:07,622] {logging_mixin.py:104} INFO - [2021-02-27 10:17:07,621] {dag.py:1818} INFO - Sync 1 DAGs
[2021-02-27 10:17:07,636] {logging_mixin.py:104} INFO - [2021-02-27 10:17:07,635] {dag.py:2273} INFO - Setting next_dagrun for example_skip_dag to 2021-02-25 00:00:00+00:00
[2021-02-27 10:17:07,643] {scheduler_job.py:190} INFO - Processing /usr/local/lib/python3.9/site-packages/airflow/example_dags/example_skip_dag.py took 0.079 seconds
[2021-02-27 10:17:23,986] {scheduler_job.py:182} INFO - Started process (PID=25905) to work on /usr/local/lib/python3.9/site-packages/airflow/example_dags/example_skip_dag.py
[2021-02-27 10:17:23,987] {scheduler_job.py:629} INFO - Processing file /usr/local/lib/python3.9/site-packages/airflow/example_dags/example_skip_dag.py for tasks to queue
[2021-02-27 10:17:23,987] {logging_mixin.py:104} INFO - [2021-02-27 10:17:23,987] {dagbag.py:448} INFO - Filling up the DagBag from /usr/local/lib/python3.9/site-packages/airflow/example_dags/example_skip_dag.py
[2021-02-27 10:17:23,993] {scheduler_job.py:639} INFO - DAG(s) dict_keys(['example_skip_dag']) retrieved from /usr/local/lib/python3.9/site-packages/airflow/example_dags/example_skip_dag.py
[2021-02-27 10:17:24,037] {logging_mixin.py:104} INFO - [2021-02-27 10:17:24,037] {dag.py:1818} INFO - Sync 1 DAGs
[2021-02-27 10:17:24,049] {logging_mixin.py:104} INFO - [2021-02-27 10:17:24,049] {dag.py:2273} INFO - Setting next_dagrun for example_skip_dag to 2021-02-25 00:00:00+00:00
[2021-02-27 10:17:24,055] {scheduler_job.py:190} INFO - Processing /usr/local/lib/python3.9/site-packages/airflow/example_dags/example_skip_dag.py took 0.070 seconds
[2021-02-27 10:17:50,571] {scheduler_job.py:182} INFO - Started process (PID=25973) to work on /usr/local/lib/python3.9/site-packages/airflow/example_dags/example_skip_dag.py
[2021-02-27 10:17:50,572] {scheduler_job.py:629} INFO - Processing file /usr/local/lib/python3.9/site-packages/airflow/example_dags/example_skip_dag.py for tasks to queue
[2021-02-27 10:17:50,572] {logging_mixin.py:104} INFO - [2021-02-27 10:17:50,572] {dagbag.py:448} INFO - Filling up the DagBag from /usr/local/lib/python3.9/site-packages/airflow/example_dags/example_skip_dag.py
[2021-02-27 10:17:50,578] {scheduler_job.py:639} INFO - DAG(s) dict_keys(['example_skip_dag']) retrieved from /usr/local/lib/python3.9/site-packages/airflow/example_dags/example_skip_dag.py
[2021-02-27 10:17:50,624] {logging_mixin.py:104} INFO - [2021-02-27 10:17:50,623] {dag.py:1818} INFO - Sync 1 DAGs
[2021-02-27 10:17:50,635] {logging_mixin.py:104} INFO - [2021-02-27 10:17:50,635] {dag.py:2273} INFO - Setting next_dagrun for example_skip_dag to 2021-02-25 00:00:00+00:00
[2021-02-27 10:17:50,642] {scheduler_job.py:190} INFO - Processing /usr/local/lib/python3.9/site-packages/airflow/example_dags/example_skip_dag.py took 0.072 seconds
[2021-02-27 10:17:55,747] {scheduler_job.py:182} INFO - Started process (PID=25992) to work on /usr/local/lib/python3.9/site-packages/airflow/example_dags/example_skip_dag.py
[2021-02-27 10:17:55,748] {scheduler_job.py:629} INFO - Processing file /usr/local/lib/python3.9/site-packages/airflow/example_dags/example_skip_dag.py for tasks to queue
[2021-02-27 10:17:55,748] {logging_mixin.py:104} INFO - [2021-02-27 10:17:55,748] {dagbag.py:448} INFO - Filling up the DagBag from /usr/local/lib/python3.9/site-packages/airflow/example_dags/example_skip_dag.py
[2021-02-27 10:17:55,755] {scheduler_job.py:639} INFO - DAG(s) dict_keys(['example_skip_dag']) retrieved from /usr/local/lib/python3.9/site-packages/airflow/example_dags/example_skip_dag.py
[2021-02-27 10:17:55,798] {logging_mixin.py:104} INFO - [2021-02-27 10:17:55,798] {dag.py:1818} INFO - Sync 1 DAGs
[2021-02-27 10:17:55,810] {logging_mixin.py:104} INFO - [2021-02-27 10:17:55,810] {dag.py:2273} INFO - Setting next_dagrun for example_skip_dag to 2021-02-25 00:00:00+00:00
[2021-02-27 10:17:55,817] {scheduler_job.py:190} INFO - Processing /usr/local/lib/python3.9/site-packages/airflow/example_dags/example_skip_dag.py took 0.070 seconds
[2021-02-27 10:18:27,132] {scheduler_job.py:182} INFO - Started process (PID=26091) to work on /usr/local/lib/python3.9/site-packages/airflow/example_dags/example_skip_dag.py
[2021-02-27 10:18:27,133] {scheduler_job.py:629} INFO - Processing file /usr/local/lib/python3.9/site-packages/airflow/example_dags/example_skip_dag.py for tasks to queue
[2021-02-27 10:18:27,133] {logging_mixin.py:104} INFO - [2021-02-27 10:18:27,133] {dagbag.py:448} INFO - Filling up the DagBag from /usr/local/lib/python3.9/site-packages/airflow/example_dags/example_skip_dag.py
[2021-02-27 10:18:27,140] {scheduler_job.py:639} INFO - DAG(s) dict_keys(['example_skip_dag']) retrieved from /usr/local/lib/python3.9/site-packages/airflow/example_dags/example_skip_dag.py
[2021-02-27 10:18:27,206] {logging_mixin.py:104} INFO - [2021-02-27 10:18:27,205] {dag.py:1818} INFO - Sync 1 DAGs
[2021-02-27 10:18:27,225] {logging_mixin.py:104} INFO - [2021-02-27 10:18:27,225] {dag.py:2273} INFO - Setting next_dagrun for example_skip_dag to 2021-02-25 00:00:00+00:00
[2021-02-27 10:18:27,235] {scheduler_job.py:190} INFO - Processing /usr/local/lib/python3.9/site-packages/airflow/example_dags/example_skip_dag.py took 0.104 seconds
[2021-02-27 10:18:33,698] {scheduler_job.py:182} INFO - Started process (PID=26100) to work on /usr/local/lib/python3.9/site-packages/airflow/example_dags/example_skip_dag.py
[2021-02-27 10:18:33,699] {scheduler_job.py:629} INFO - Processing file /usr/local/lib/python3.9/site-packages/airflow/example_dags/example_skip_dag.py for tasks to queue
[2021-02-27 10:18:33,699] {logging_mixin.py:104} INFO - [2021-02-27 10:18:33,699] {dagbag.py:448} INFO - Filling up the DagBag from /usr/local/lib/python3.9/site-packages/airflow/example_dags/example_skip_dag.py
[2021-02-27 10:18:33,706] {scheduler_job.py:639} INFO - DAG(s) dict_keys(['example_skip_dag']) retrieved from /usr/local/lib/python3.9/site-packages/airflow/example_dags/example_skip_dag.py
[2021-02-27 10:18:33,750] {logging_mixin.py:104} INFO - [2021-02-27 10:18:33,750] {dag.py:1818} INFO - Sync 1 DAGs
[2021-02-27 10:18:33,761] {logging_mixin.py:104} INFO - [2021-02-27 10:18:33,761] {dag.py:2273} INFO - Setting next_dagrun for example_skip_dag to 2021-02-25 00:00:00+00:00
[2021-02-27 10:18:33,795] {scheduler_job.py:190} INFO - Processing /usr/local/lib/python3.9/site-packages/airflow/example_dags/example_skip_dag.py took 0.098 seconds
[2021-02-27 10:18:58,971] {scheduler_job.py:182} INFO - Started process (PID=26272) to work on /usr/local/lib/python3.9/site-packages/airflow/example_dags/example_skip_dag.py
[2021-02-27 10:18:58,972] {scheduler_job.py:629} INFO - Processing file /usr/local/lib/python3.9/site-packages/airflow/example_dags/example_skip_dag.py for tasks to queue
[2021-02-27 10:18:58,973] {logging_mixin.py:104} INFO - [2021-02-27 10:18:58,973] {dagbag.py:448} INFO - Filling up the DagBag from /usr/local/lib/python3.9/site-packages/airflow/example_dags/example_skip_dag.py
[2021-02-27 10:18:58,981] {scheduler_job.py:639} INFO - DAG(s) dict_keys(['example_skip_dag']) retrieved from /usr/local/lib/python3.9/site-packages/airflow/example_dags/example_skip_dag.py
[2021-02-27 10:18:59,042] {logging_mixin.py:104} INFO - [2021-02-27 10:18:59,042] {dag.py:1818} INFO - Sync 1 DAGs
[2021-02-27 10:18:59,059] {logging_mixin.py:104} INFO - [2021-02-27 10:18:59,059] {dag.py:2273} INFO - Setting next_dagrun for example_skip_dag to 2021-02-25 00:00:00+00:00
[2021-02-27 10:18:59,067] {scheduler_job.py:190} INFO - Processing /usr/local/lib/python3.9/site-packages/airflow/example_dags/example_skip_dag.py took 0.097 seconds
[2021-02-27 10:19:17,702] {scheduler_job.py:182} INFO - Started process (PID=26430) to work on /usr/local/lib/python3.9/site-packages/airflow/example_dags/example_skip_dag.py
[2021-02-27 10:19:17,703] {scheduler_job.py:629} INFO - Processing file /usr/local/lib/python3.9/site-packages/airflow/example_dags/example_skip_dag.py for tasks to queue
[2021-02-27 10:19:17,703] {logging_mixin.py:104} INFO - [2021-02-27 10:19:17,703] {dagbag.py:448} INFO - Filling up the DagBag from /usr/local/lib/python3.9/site-packages/airflow/example_dags/example_skip_dag.py
[2021-02-27 10:19:17,710] {scheduler_job.py:639} INFO - DAG(s) dict_keys(['example_skip_dag']) retrieved from /usr/local/lib/python3.9/site-packages/airflow/example_dags/example_skip_dag.py
[2021-02-27 10:19:17,759] {logging_mixin.py:104} INFO - [2021-02-27 10:19:17,759] {dag.py:1818} INFO - Sync 1 DAGs
[2021-02-27 10:19:17,770] {logging_mixin.py:104} INFO - [2021-02-27 10:19:17,770] {dag.py:2273} INFO - Setting next_dagrun for example_skip_dag to 2021-02-25 00:00:00+00:00
[2021-02-27 10:19:17,777] {scheduler_job.py:190} INFO - Processing /usr/local/lib/python3.9/site-packages/airflow/example_dags/example_skip_dag.py took 0.076 seconds
[2021-02-27 10:19:30,520] {scheduler_job.py:182} INFO - Started process (PID=26492) to work on /usr/local/lib/python3.9/site-packages/airflow/example_dags/example_skip_dag.py
[2021-02-27 10:19:30,520] {scheduler_job.py:629} INFO - Processing file /usr/local/lib/python3.9/site-packages/airflow/example_dags/example_skip_dag.py for tasks to queue
[2021-02-27 10:19:30,520] {logging_mixin.py:104} INFO - [2021-02-27 10:19:30,520] {dagbag.py:448} INFO - Filling up the DagBag from /usr/local/lib/python3.9/site-packages/airflow/example_dags/example_skip_dag.py
[2021-02-27 10:19:30,526] {scheduler_job.py:639} INFO - DAG(s) dict_keys(['example_skip_dag']) retrieved from /usr/local/lib/python3.9/site-packages/airflow/example_dags/example_skip_dag.py
[2021-02-27 10:19:30,569] {logging_mixin.py:104} INFO - [2021-02-27 10:19:30,569] {dag.py:1818} INFO - Sync 1 DAGs
[2021-02-27 10:19:30,580] {logging_mixin.py:104} INFO - [2021-02-27 10:19:30,580] {dag.py:2273} INFO - Setting next_dagrun for example_skip_dag to 2021-02-25 00:00:00+00:00
[2021-02-27 10:19:30,586] {scheduler_job.py:190} INFO - Processing /usr/local/lib/python3.9/site-packages/airflow/example_dags/example_skip_dag.py took 0.068 seconds
