[2021-02-27 09:12:58,003] {scheduler_job.py:182} INFO - Started process (PID=21769) to work on /usr/local/lib/python3.9/site-packages/airflow/example_dags/example_complex.py
[2021-02-27 09:12:58,003] {scheduler_job.py:629} INFO - Processing file /usr/local/lib/python3.9/site-packages/airflow/example_dags/example_complex.py for tasks to queue
[2021-02-27 09:12:58,003] {logging_mixin.py:104} INFO - [2021-02-27 09:12:58,003] {dagbag.py:448} INFO - Filling up the DagBag from /usr/local/lib/python3.9/site-packages/airflow/example_dags/example_complex.py
[2021-02-27 09:12:58,013] {scheduler_job.py:639} INFO - DAG(s) dict_keys(['example_complex']) retrieved from /usr/local/lib/python3.9/site-packages/airflow/example_dags/example_complex.py
[2021-02-27 09:12:58,049] {logging_mixin.py:104} INFO - [2021-02-27 09:12:58,048] {dag.py:1818} INFO - Sync 1 DAGs
[2021-02-27 09:12:58,054] {logging_mixin.py:104} INFO - [2021-02-27 09:12:58,054] {dag.py:2273} INFO - Setting next_dagrun for example_complex to None
[2021-02-27 09:12:58,063] {scheduler_job.py:190} INFO - Processing /usr/local/lib/python3.9/site-packages/airflow/example_dags/example_complex.py took 0.061 seconds
[2021-02-27 09:13:52,435] {scheduler_job.py:182} INFO - Started process (PID=21805) to work on /usr/local/lib/python3.9/site-packages/airflow/example_dags/example_complex.py
[2021-02-27 09:13:52,436] {scheduler_job.py:629} INFO - Processing file /usr/local/lib/python3.9/site-packages/airflow/example_dags/example_complex.py for tasks to queue
[2021-02-27 09:13:52,436] {logging_mixin.py:104} INFO - [2021-02-27 09:13:52,436] {dagbag.py:448} INFO - Filling up the DagBag from /usr/local/lib/python3.9/site-packages/airflow/example_dags/example_complex.py
[2021-02-27 09:13:52,447] {scheduler_job.py:639} INFO - DAG(s) dict_keys(['example_complex']) retrieved from /usr/local/lib/python3.9/site-packages/airflow/example_dags/example_complex.py
[2021-02-27 09:13:52,490] {logging_mixin.py:104} INFO - [2021-02-27 09:13:52,490] {dag.py:1818} INFO - Sync 1 DAGs
[2021-02-27 09:13:52,497] {logging_mixin.py:104} INFO - [2021-02-27 09:13:52,497] {dag.py:2273} INFO - Setting next_dagrun for example_complex to None
[2021-02-27 09:13:52,506] {scheduler_job.py:190} INFO - Processing /usr/local/lib/python3.9/site-packages/airflow/example_dags/example_complex.py took 0.072 seconds
[2021-02-27 09:14:45,687] {scheduler_job.py:182} INFO - Started process (PID=21855) to work on /usr/local/lib/python3.9/site-packages/airflow/example_dags/example_complex.py
[2021-02-27 09:14:45,687] {scheduler_job.py:629} INFO - Processing file /usr/local/lib/python3.9/site-packages/airflow/example_dags/example_complex.py for tasks to queue
[2021-02-27 09:14:45,687] {logging_mixin.py:104} INFO - [2021-02-27 09:14:45,687] {dagbag.py:448} INFO - Filling up the DagBag from /usr/local/lib/python3.9/site-packages/airflow/example_dags/example_complex.py
[2021-02-27 09:14:45,697] {scheduler_job.py:639} INFO - DAG(s) dict_keys(['example_complex']) retrieved from /usr/local/lib/python3.9/site-packages/airflow/example_dags/example_complex.py
[2021-02-27 09:14:45,733] {logging_mixin.py:104} INFO - [2021-02-27 09:14:45,733] {dag.py:1818} INFO - Sync 1 DAGs
[2021-02-27 09:14:45,740] {logging_mixin.py:104} INFO - [2021-02-27 09:14:45,740] {dag.py:2273} INFO - Setting next_dagrun for example_complex to None
[2021-02-27 09:14:45,749] {scheduler_job.py:190} INFO - Processing /usr/local/lib/python3.9/site-packages/airflow/example_dags/example_complex.py took 0.063 seconds
[2021-02-27 09:15:46,107] {scheduler_job.py:182} INFO - Started process (PID=21926) to work on /usr/local/lib/python3.9/site-packages/airflow/example_dags/example_complex.py
[2021-02-27 09:15:46,108] {scheduler_job.py:629} INFO - Processing file /usr/local/lib/python3.9/site-packages/airflow/example_dags/example_complex.py for tasks to queue
[2021-02-27 09:15:46,108] {logging_mixin.py:104} INFO - [2021-02-27 09:15:46,108] {dagbag.py:448} INFO - Filling up the DagBag from /usr/local/lib/python3.9/site-packages/airflow/example_dags/example_complex.py
[2021-02-27 09:15:46,120] {scheduler_job.py:639} INFO - DAG(s) dict_keys(['example_complex']) retrieved from /usr/local/lib/python3.9/site-packages/airflow/example_dags/example_complex.py
[2021-02-27 09:15:46,170] {logging_mixin.py:104} INFO - [2021-02-27 09:15:46,170] {dag.py:1818} INFO - Sync 1 DAGs
[2021-02-27 09:15:46,179] {logging_mixin.py:104} INFO - [2021-02-27 09:15:46,179] {dag.py:2273} INFO - Setting next_dagrun for example_complex to None
[2021-02-27 09:15:46,189] {scheduler_job.py:190} INFO - Processing /usr/local/lib/python3.9/site-packages/airflow/example_dags/example_complex.py took 0.082 seconds
[2021-02-27 09:16:39,727] {scheduler_job.py:182} INFO - Started process (PID=21979) to work on /usr/local/lib/python3.9/site-packages/airflow/example_dags/example_complex.py
[2021-02-27 09:16:39,728] {scheduler_job.py:629} INFO - Processing file /usr/local/lib/python3.9/site-packages/airflow/example_dags/example_complex.py for tasks to queue
[2021-02-27 09:16:39,728] {logging_mixin.py:104} INFO - [2021-02-27 09:16:39,728] {dagbag.py:448} INFO - Filling up the DagBag from /usr/local/lib/python3.9/site-packages/airflow/example_dags/example_complex.py
[2021-02-27 09:16:39,740] {scheduler_job.py:639} INFO - DAG(s) dict_keys(['example_complex']) retrieved from /usr/local/lib/python3.9/site-packages/airflow/example_dags/example_complex.py
[2021-02-27 09:16:39,775] {logging_mixin.py:104} INFO - [2021-02-27 09:16:39,775] {dag.py:1818} INFO - Sync 1 DAGs
[2021-02-27 09:16:39,781] {logging_mixin.py:104} INFO - [2021-02-27 09:16:39,781] {dag.py:2273} INFO - Setting next_dagrun for example_complex to None
[2021-02-27 09:16:39,789] {scheduler_job.py:190} INFO - Processing /usr/local/lib/python3.9/site-packages/airflow/example_dags/example_complex.py took 0.063 seconds
[2021-02-27 09:17:29,651] {scheduler_job.py:182} INFO - Started process (PID=22023) to work on /usr/local/lib/python3.9/site-packages/airflow/example_dags/example_complex.py
[2021-02-27 09:17:29,652] {scheduler_job.py:629} INFO - Processing file /usr/local/lib/python3.9/site-packages/airflow/example_dags/example_complex.py for tasks to queue
[2021-02-27 09:17:29,652] {logging_mixin.py:104} INFO - [2021-02-27 09:17:29,652] {dagbag.py:448} INFO - Filling up the DagBag from /usr/local/lib/python3.9/site-packages/airflow/example_dags/example_complex.py
[2021-02-27 09:17:29,663] {scheduler_job.py:639} INFO - DAG(s) dict_keys(['example_complex']) retrieved from /usr/local/lib/python3.9/site-packages/airflow/example_dags/example_complex.py
[2021-02-27 09:17:29,699] {logging_mixin.py:104} INFO - [2021-02-27 09:17:29,698] {dag.py:1818} INFO - Sync 1 DAGs
[2021-02-27 09:17:29,705] {logging_mixin.py:104} INFO - [2021-02-27 09:17:29,704] {dag.py:2273} INFO - Setting next_dagrun for example_complex to None
[2021-02-27 09:17:29,713] {scheduler_job.py:190} INFO - Processing /usr/local/lib/python3.9/site-packages/airflow/example_dags/example_complex.py took 0.063 seconds
[2021-02-27 09:18:27,328] {scheduler_job.py:182} INFO - Started process (PID=22084) to work on /usr/local/lib/python3.9/site-packages/airflow/example_dags/example_complex.py
[2021-02-27 09:18:27,330] {scheduler_job.py:629} INFO - Processing file /usr/local/lib/python3.9/site-packages/airflow/example_dags/example_complex.py for tasks to queue
[2021-02-27 09:18:27,330] {logging_mixin.py:104} INFO - [2021-02-27 09:18:27,330] {dagbag.py:448} INFO - Filling up the DagBag from /usr/local/lib/python3.9/site-packages/airflow/example_dags/example_complex.py
[2021-02-27 09:18:27,341] {scheduler_job.py:639} INFO - DAG(s) dict_keys(['example_complex']) retrieved from /usr/local/lib/python3.9/site-packages/airflow/example_dags/example_complex.py
[2021-02-27 09:18:27,383] {logging_mixin.py:104} INFO - [2021-02-27 09:18:27,383] {dag.py:1818} INFO - Sync 1 DAGs
[2021-02-27 09:18:27,390] {logging_mixin.py:104} INFO - [2021-02-27 09:18:27,390] {dag.py:2273} INFO - Setting next_dagrun for example_complex to None
[2021-02-27 09:18:27,400] {scheduler_job.py:190} INFO - Processing /usr/local/lib/python3.9/site-packages/airflow/example_dags/example_complex.py took 0.072 seconds
[2021-02-27 09:19:25,459] {scheduler_job.py:182} INFO - Started process (PID=22140) to work on /usr/local/lib/python3.9/site-packages/airflow/example_dags/example_complex.py
[2021-02-27 09:19:25,460] {scheduler_job.py:629} INFO - Processing file /usr/local/lib/python3.9/site-packages/airflow/example_dags/example_complex.py for tasks to queue
[2021-02-27 09:19:25,460] {logging_mixin.py:104} INFO - [2021-02-27 09:19:25,460] {dagbag.py:448} INFO - Filling up the DagBag from /usr/local/lib/python3.9/site-packages/airflow/example_dags/example_complex.py
[2021-02-27 09:19:25,473] {scheduler_job.py:639} INFO - DAG(s) dict_keys(['example_complex']) retrieved from /usr/local/lib/python3.9/site-packages/airflow/example_dags/example_complex.py
[2021-02-27 09:19:25,512] {logging_mixin.py:104} INFO - [2021-02-27 09:19:25,512] {dag.py:1818} INFO - Sync 1 DAGs
[2021-02-27 09:19:25,519] {logging_mixin.py:104} INFO - [2021-02-27 09:19:25,518] {dag.py:2273} INFO - Setting next_dagrun for example_complex to None
[2021-02-27 09:19:25,528] {scheduler_job.py:190} INFO - Processing /usr/local/lib/python3.9/site-packages/airflow/example_dags/example_complex.py took 0.069 seconds
[2021-02-27 09:20:24,533] {scheduler_job.py:182} INFO - Started process (PID=22194) to work on /usr/local/lib/python3.9/site-packages/airflow/example_dags/example_complex.py
[2021-02-27 09:20:24,534] {scheduler_job.py:629} INFO - Processing file /usr/local/lib/python3.9/site-packages/airflow/example_dags/example_complex.py for tasks to queue
[2021-02-27 09:20:24,535] {logging_mixin.py:104} INFO - [2021-02-27 09:20:24,534] {dagbag.py:448} INFO - Filling up the DagBag from /usr/local/lib/python3.9/site-packages/airflow/example_dags/example_complex.py
[2021-02-27 09:20:24,545] {scheduler_job.py:639} INFO - DAG(s) dict_keys(['example_complex']) retrieved from /usr/local/lib/python3.9/site-packages/airflow/example_dags/example_complex.py
[2021-02-27 09:20:24,578] {logging_mixin.py:104} INFO - [2021-02-27 09:20:24,578] {dag.py:1818} INFO - Sync 1 DAGs
[2021-02-27 09:20:24,584] {logging_mixin.py:104} INFO - [2021-02-27 09:20:24,584] {dag.py:2273} INFO - Setting next_dagrun for example_complex to None
[2021-02-27 09:20:24,592] {scheduler_job.py:190} INFO - Processing /usr/local/lib/python3.9/site-packages/airflow/example_dags/example_complex.py took 0.060 seconds
[2021-02-27 09:21:15,352] {scheduler_job.py:182} INFO - Started process (PID=22232) to work on /usr/local/lib/python3.9/site-packages/airflow/example_dags/example_complex.py
[2021-02-27 09:21:15,352] {scheduler_job.py:629} INFO - Processing file /usr/local/lib/python3.9/site-packages/airflow/example_dags/example_complex.py for tasks to queue
[2021-02-27 09:21:15,353] {logging_mixin.py:104} INFO - [2021-02-27 09:21:15,353] {dagbag.py:448} INFO - Filling up the DagBag from /usr/local/lib/python3.9/site-packages/airflow/example_dags/example_complex.py
[2021-02-27 09:21:15,362] {scheduler_job.py:639} INFO - DAG(s) dict_keys(['example_complex']) retrieved from /usr/local/lib/python3.9/site-packages/airflow/example_dags/example_complex.py
[2021-02-27 09:21:15,395] {logging_mixin.py:104} INFO - [2021-02-27 09:21:15,395] {dag.py:1818} INFO - Sync 1 DAGs
[2021-02-27 09:21:15,401] {logging_mixin.py:104} INFO - [2021-02-27 09:21:15,401] {dag.py:2273} INFO - Setting next_dagrun for example_complex to None
[2021-02-27 09:21:15,410] {scheduler_job.py:190} INFO - Processing /usr/local/lib/python3.9/site-packages/airflow/example_dags/example_complex.py took 0.059 seconds
[2021-02-27 09:22:12,343] {scheduler_job.py:182} INFO - Started process (PID=22273) to work on /usr/local/lib/python3.9/site-packages/airflow/example_dags/example_complex.py
[2021-02-27 09:22:12,345] {scheduler_job.py:629} INFO - Processing file /usr/local/lib/python3.9/site-packages/airflow/example_dags/example_complex.py for tasks to queue
[2021-02-27 09:22:12,345] {logging_mixin.py:104} INFO - [2021-02-27 09:22:12,345] {dagbag.py:448} INFO - Filling up the DagBag from /usr/local/lib/python3.9/site-packages/airflow/example_dags/example_complex.py
[2021-02-27 09:22:12,360] {scheduler_job.py:639} INFO - DAG(s) dict_keys(['example_complex']) retrieved from /usr/local/lib/python3.9/site-packages/airflow/example_dags/example_complex.py
[2021-02-27 09:22:12,398] {logging_mixin.py:104} INFO - [2021-02-27 09:22:12,398] {dag.py:1818} INFO - Sync 1 DAGs
[2021-02-27 09:22:12,405] {logging_mixin.py:104} INFO - [2021-02-27 09:22:12,405] {dag.py:2273} INFO - Setting next_dagrun for example_complex to None
[2021-02-27 09:22:12,414] {scheduler_job.py:190} INFO - Processing /usr/local/lib/python3.9/site-packages/airflow/example_dags/example_complex.py took 0.071 seconds
[2021-02-27 09:23:02,698] {scheduler_job.py:182} INFO - Started process (PID=22306) to work on /usr/local/lib/python3.9/site-packages/airflow/example_dags/example_complex.py
[2021-02-27 09:23:02,700] {scheduler_job.py:629} INFO - Processing file /usr/local/lib/python3.9/site-packages/airflow/example_dags/example_complex.py for tasks to queue
[2021-02-27 09:23:02,700] {logging_mixin.py:104} INFO - [2021-02-27 09:23:02,700] {dagbag.py:448} INFO - Filling up the DagBag from /usr/local/lib/python3.9/site-packages/airflow/example_dags/example_complex.py
[2021-02-27 09:23:02,714] {scheduler_job.py:639} INFO - DAG(s) dict_keys(['example_complex']) retrieved from /usr/local/lib/python3.9/site-packages/airflow/example_dags/example_complex.py
[2021-02-27 09:23:02,751] {logging_mixin.py:104} INFO - [2021-02-27 09:23:02,751] {dag.py:1818} INFO - Sync 1 DAGs
[2021-02-27 09:23:02,758] {logging_mixin.py:104} INFO - [2021-02-27 09:23:02,758] {dag.py:2273} INFO - Setting next_dagrun for example_complex to None
[2021-02-27 09:23:02,767] {scheduler_job.py:190} INFO - Processing /usr/local/lib/python3.9/site-packages/airflow/example_dags/example_complex.py took 0.069 seconds
[2021-02-27 09:23:54,339] {scheduler_job.py:182} INFO - Started process (PID=22354) to work on /usr/local/lib/python3.9/site-packages/airflow/example_dags/example_complex.py
[2021-02-27 09:23:54,341] {scheduler_job.py:629} INFO - Processing file /usr/local/lib/python3.9/site-packages/airflow/example_dags/example_complex.py for tasks to queue
[2021-02-27 09:23:54,341] {logging_mixin.py:104} INFO - [2021-02-27 09:23:54,341] {dagbag.py:448} INFO - Filling up the DagBag from /usr/local/lib/python3.9/site-packages/airflow/example_dags/example_complex.py
[2021-02-27 09:23:54,354] {scheduler_job.py:639} INFO - DAG(s) dict_keys(['example_complex']) retrieved from /usr/local/lib/python3.9/site-packages/airflow/example_dags/example_complex.py
[2021-02-27 09:23:54,395] {logging_mixin.py:104} INFO - [2021-02-27 09:23:54,395] {dag.py:1818} INFO - Sync 1 DAGs
[2021-02-27 09:23:54,404] {logging_mixin.py:104} INFO - [2021-02-27 09:23:54,404] {dag.py:2273} INFO - Setting next_dagrun for example_complex to None
[2021-02-27 09:23:54,412] {scheduler_job.py:190} INFO - Processing /usr/local/lib/python3.9/site-packages/airflow/example_dags/example_complex.py took 0.074 seconds
[2021-02-27 09:24:54,581] {scheduler_job.py:182} INFO - Started process (PID=22405) to work on /usr/local/lib/python3.9/site-packages/airflow/example_dags/example_complex.py
[2021-02-27 09:24:54,583] {scheduler_job.py:629} INFO - Processing file /usr/local/lib/python3.9/site-packages/airflow/example_dags/example_complex.py for tasks to queue
[2021-02-27 09:24:54,583] {logging_mixin.py:104} INFO - [2021-02-27 09:24:54,583] {dagbag.py:448} INFO - Filling up the DagBag from /usr/local/lib/python3.9/site-packages/airflow/example_dags/example_complex.py
[2021-02-27 09:24:54,595] {scheduler_job.py:639} INFO - DAG(s) dict_keys(['example_complex']) retrieved from /usr/local/lib/python3.9/site-packages/airflow/example_dags/example_complex.py
[2021-02-27 09:24:54,634] {logging_mixin.py:104} INFO - [2021-02-27 09:24:54,634] {dag.py:1818} INFO - Sync 1 DAGs
[2021-02-27 09:24:54,641] {logging_mixin.py:104} INFO - [2021-02-27 09:24:54,641] {dag.py:2273} INFO - Setting next_dagrun for example_complex to None
[2021-02-27 09:24:54,651] {scheduler_job.py:190} INFO - Processing /usr/local/lib/python3.9/site-packages/airflow/example_dags/example_complex.py took 0.070 seconds
[2021-02-27 09:25:49,379] {scheduler_job.py:182} INFO - Started process (PID=22448) to work on /usr/local/lib/python3.9/site-packages/airflow/example_dags/example_complex.py
[2021-02-27 09:25:49,379] {scheduler_job.py:629} INFO - Processing file /usr/local/lib/python3.9/site-packages/airflow/example_dags/example_complex.py for tasks to queue
[2021-02-27 09:25:49,379] {logging_mixin.py:104} INFO - [2021-02-27 09:25:49,379] {dagbag.py:448} INFO - Filling up the DagBag from /usr/local/lib/python3.9/site-packages/airflow/example_dags/example_complex.py
[2021-02-27 09:25:49,390] {scheduler_job.py:639} INFO - DAG(s) dict_keys(['example_complex']) retrieved from /usr/local/lib/python3.9/site-packages/airflow/example_dags/example_complex.py
[2021-02-27 09:25:49,424] {logging_mixin.py:104} INFO - [2021-02-27 09:25:49,424] {dag.py:1818} INFO - Sync 1 DAGs
[2021-02-27 09:25:49,432] {logging_mixin.py:104} INFO - [2021-02-27 09:25:49,432] {dag.py:2273} INFO - Setting next_dagrun for example_complex to None
[2021-02-27 09:25:49,442] {scheduler_job.py:190} INFO - Processing /usr/local/lib/python3.9/site-packages/airflow/example_dags/example_complex.py took 0.064 seconds
[2021-02-27 09:26:40,280] {scheduler_job.py:182} INFO - Started process (PID=22488) to work on /usr/local/lib/python3.9/site-packages/airflow/example_dags/example_complex.py
[2021-02-27 09:26:40,281] {scheduler_job.py:629} INFO - Processing file /usr/local/lib/python3.9/site-packages/airflow/example_dags/example_complex.py for tasks to queue
[2021-02-27 09:26:40,281] {logging_mixin.py:104} INFO - [2021-02-27 09:26:40,281] {dagbag.py:448} INFO - Filling up the DagBag from /usr/local/lib/python3.9/site-packages/airflow/example_dags/example_complex.py
[2021-02-27 09:26:40,293] {scheduler_job.py:639} INFO - DAG(s) dict_keys(['example_complex']) retrieved from /usr/local/lib/python3.9/site-packages/airflow/example_dags/example_complex.py
[2021-02-27 09:26:40,333] {logging_mixin.py:104} INFO - [2021-02-27 09:26:40,333] {dag.py:1818} INFO - Sync 1 DAGs
[2021-02-27 09:26:40,341] {logging_mixin.py:104} INFO - [2021-02-27 09:26:40,341] {dag.py:2273} INFO - Setting next_dagrun for example_complex to None
[2021-02-27 09:26:40,351] {scheduler_job.py:190} INFO - Processing /usr/local/lib/python3.9/site-packages/airflow/example_dags/example_complex.py took 0.071 seconds
[2021-02-27 09:27:32,898] {scheduler_job.py:182} INFO - Started process (PID=22533) to work on /usr/local/lib/python3.9/site-packages/airflow/example_dags/example_complex.py
[2021-02-27 09:27:32,899] {scheduler_job.py:629} INFO - Processing file /usr/local/lib/python3.9/site-packages/airflow/example_dags/example_complex.py for tasks to queue
[2021-02-27 09:27:32,899] {logging_mixin.py:104} INFO - [2021-02-27 09:27:32,899] {dagbag.py:448} INFO - Filling up the DagBag from /usr/local/lib/python3.9/site-packages/airflow/example_dags/example_complex.py
[2021-02-27 09:27:32,909] {scheduler_job.py:639} INFO - DAG(s) dict_keys(['example_complex']) retrieved from /usr/local/lib/python3.9/site-packages/airflow/example_dags/example_complex.py
[2021-02-27 09:27:32,943] {logging_mixin.py:104} INFO - [2021-02-27 09:27:32,943] {dag.py:1818} INFO - Sync 1 DAGs
[2021-02-27 09:27:32,949] {logging_mixin.py:104} INFO - [2021-02-27 09:27:32,949] {dag.py:2273} INFO - Setting next_dagrun for example_complex to None
[2021-02-27 09:27:32,958] {scheduler_job.py:190} INFO - Processing /usr/local/lib/python3.9/site-packages/airflow/example_dags/example_complex.py took 0.060 seconds
[2021-02-27 09:28:23,537] {scheduler_job.py:182} INFO - Started process (PID=22572) to work on /usr/local/lib/python3.9/site-packages/airflow/example_dags/example_complex.py
[2021-02-27 09:28:23,538] {scheduler_job.py:629} INFO - Processing file /usr/local/lib/python3.9/site-packages/airflow/example_dags/example_complex.py for tasks to queue
[2021-02-27 09:28:23,538] {logging_mixin.py:104} INFO - [2021-02-27 09:28:23,538] {dagbag.py:448} INFO - Filling up the DagBag from /usr/local/lib/python3.9/site-packages/airflow/example_dags/example_complex.py
[2021-02-27 09:28:23,548] {scheduler_job.py:639} INFO - DAG(s) dict_keys(['example_complex']) retrieved from /usr/local/lib/python3.9/site-packages/airflow/example_dags/example_complex.py
[2021-02-27 09:28:23,582] {logging_mixin.py:104} INFO - [2021-02-27 09:28:23,582] {dag.py:1818} INFO - Sync 1 DAGs
[2021-02-27 09:28:23,588] {logging_mixin.py:104} INFO - [2021-02-27 09:28:23,588] {dag.py:2273} INFO - Setting next_dagrun for example_complex to None
[2021-02-27 09:28:23,597] {scheduler_job.py:190} INFO - Processing /usr/local/lib/python3.9/site-packages/airflow/example_dags/example_complex.py took 0.060 seconds
[2021-02-27 09:29:10,236] {scheduler_job.py:182} INFO - Started process (PID=22603) to work on /usr/local/lib/python3.9/site-packages/airflow/example_dags/example_complex.py
[2021-02-27 09:29:10,237] {scheduler_job.py:629} INFO - Processing file /usr/local/lib/python3.9/site-packages/airflow/example_dags/example_complex.py for tasks to queue
[2021-02-27 09:29:10,237] {logging_mixin.py:104} INFO - [2021-02-27 09:29:10,237] {dagbag.py:448} INFO - Filling up the DagBag from /usr/local/lib/python3.9/site-packages/airflow/example_dags/example_complex.py
[2021-02-27 09:29:10,248] {scheduler_job.py:639} INFO - DAG(s) dict_keys(['example_complex']) retrieved from /usr/local/lib/python3.9/site-packages/airflow/example_dags/example_complex.py
[2021-02-27 09:29:10,288] {logging_mixin.py:104} INFO - [2021-02-27 09:29:10,288] {dag.py:1818} INFO - Sync 1 DAGs
[2021-02-27 09:29:10,296] {logging_mixin.py:104} INFO - [2021-02-27 09:29:10,296] {dag.py:2273} INFO - Setting next_dagrun for example_complex to None
[2021-02-27 09:29:10,306] {scheduler_job.py:190} INFO - Processing /usr/local/lib/python3.9/site-packages/airflow/example_dags/example_complex.py took 0.070 seconds
[2021-02-27 09:30:06,969] {scheduler_job.py:182} INFO - Started process (PID=22656) to work on /usr/local/lib/python3.9/site-packages/airflow/example_dags/example_complex.py
[2021-02-27 09:30:06,970] {scheduler_job.py:629} INFO - Processing file /usr/local/lib/python3.9/site-packages/airflow/example_dags/example_complex.py for tasks to queue
[2021-02-27 09:30:06,970] {logging_mixin.py:104} INFO - [2021-02-27 09:30:06,970] {dagbag.py:448} INFO - Filling up the DagBag from /usr/local/lib/python3.9/site-packages/airflow/example_dags/example_complex.py
[2021-02-27 09:30:06,980] {scheduler_job.py:639} INFO - DAG(s) dict_keys(['example_complex']) retrieved from /usr/local/lib/python3.9/site-packages/airflow/example_dags/example_complex.py
[2021-02-27 09:30:07,017] {logging_mixin.py:104} INFO - [2021-02-27 09:30:07,017] {dag.py:1818} INFO - Sync 1 DAGs
[2021-02-27 09:30:07,024] {logging_mixin.py:104} INFO - [2021-02-27 09:30:07,024] {dag.py:2273} INFO - Setting next_dagrun for example_complex to None
[2021-02-27 09:30:07,034] {scheduler_job.py:190} INFO - Processing /usr/local/lib/python3.9/site-packages/airflow/example_dags/example_complex.py took 0.065 seconds
[2021-02-27 09:31:05,792] {scheduler_job.py:182} INFO - Started process (PID=22696) to work on /usr/local/lib/python3.9/site-packages/airflow/example_dags/example_complex.py
[2021-02-27 09:31:05,792] {scheduler_job.py:629} INFO - Processing file /usr/local/lib/python3.9/site-packages/airflow/example_dags/example_complex.py for tasks to queue
[2021-02-27 09:31:05,793] {logging_mixin.py:104} INFO - [2021-02-27 09:31:05,792] {dagbag.py:448} INFO - Filling up the DagBag from /usr/local/lib/python3.9/site-packages/airflow/example_dags/example_complex.py
[2021-02-27 09:31:05,803] {scheduler_job.py:639} INFO - DAG(s) dict_keys(['example_complex']) retrieved from /usr/local/lib/python3.9/site-packages/airflow/example_dags/example_complex.py
[2021-02-27 09:31:05,839] {logging_mixin.py:104} INFO - [2021-02-27 09:31:05,838] {dag.py:1818} INFO - Sync 1 DAGs
[2021-02-27 09:31:05,845] {logging_mixin.py:104} INFO - [2021-02-27 09:31:05,845] {dag.py:2273} INFO - Setting next_dagrun for example_complex to None
[2021-02-27 09:31:05,854] {scheduler_job.py:190} INFO - Processing /usr/local/lib/python3.9/site-packages/airflow/example_dags/example_complex.py took 0.062 seconds
[2021-02-27 09:32:02,705] {scheduler_job.py:182} INFO - Started process (PID=22732) to work on /usr/local/lib/python3.9/site-packages/airflow/example_dags/example_complex.py
[2021-02-27 09:32:02,706] {scheduler_job.py:629} INFO - Processing file /usr/local/lib/python3.9/site-packages/airflow/example_dags/example_complex.py for tasks to queue
[2021-02-27 09:32:02,706] {logging_mixin.py:104} INFO - [2021-02-27 09:32:02,706] {dagbag.py:448} INFO - Filling up the DagBag from /usr/local/lib/python3.9/site-packages/airflow/example_dags/example_complex.py
[2021-02-27 09:32:02,718] {scheduler_job.py:639} INFO - DAG(s) dict_keys(['example_complex']) retrieved from /usr/local/lib/python3.9/site-packages/airflow/example_dags/example_complex.py
[2021-02-27 09:32:02,759] {logging_mixin.py:104} INFO - [2021-02-27 09:32:02,759] {dag.py:1818} INFO - Sync 1 DAGs
[2021-02-27 09:32:02,768] {logging_mixin.py:104} INFO - [2021-02-27 09:32:02,767] {dag.py:2273} INFO - Setting next_dagrun for example_complex to None
[2021-02-27 09:32:02,777] {scheduler_job.py:190} INFO - Processing /usr/local/lib/python3.9/site-packages/airflow/example_dags/example_complex.py took 0.072 seconds
[2021-02-27 09:32:55,133] {scheduler_job.py:182} INFO - Started process (PID=22770) to work on /usr/local/lib/python3.9/site-packages/airflow/example_dags/example_complex.py
[2021-02-27 09:32:55,134] {scheduler_job.py:629} INFO - Processing file /usr/local/lib/python3.9/site-packages/airflow/example_dags/example_complex.py for tasks to queue
[2021-02-27 09:32:55,134] {logging_mixin.py:104} INFO - [2021-02-27 09:32:55,134] {dagbag.py:448} INFO - Filling up the DagBag from /usr/local/lib/python3.9/site-packages/airflow/example_dags/example_complex.py
[2021-02-27 09:32:55,144] {scheduler_job.py:639} INFO - DAG(s) dict_keys(['example_complex']) retrieved from /usr/local/lib/python3.9/site-packages/airflow/example_dags/example_complex.py
[2021-02-27 09:32:55,178] {logging_mixin.py:104} INFO - [2021-02-27 09:32:55,178] {dag.py:1818} INFO - Sync 1 DAGs
[2021-02-27 09:32:55,185] {logging_mixin.py:104} INFO - [2021-02-27 09:32:55,184] {dag.py:2273} INFO - Setting next_dagrun for example_complex to None
[2021-02-27 09:32:55,193] {scheduler_job.py:190} INFO - Processing /usr/local/lib/python3.9/site-packages/airflow/example_dags/example_complex.py took 0.060 seconds
[2021-02-27 09:33:45,990] {scheduler_job.py:182} INFO - Started process (PID=22808) to work on /usr/local/lib/python3.9/site-packages/airflow/example_dags/example_complex.py
[2021-02-27 09:33:45,992] {scheduler_job.py:629} INFO - Processing file /usr/local/lib/python3.9/site-packages/airflow/example_dags/example_complex.py for tasks to queue
[2021-02-27 09:33:45,992] {logging_mixin.py:104} INFO - [2021-02-27 09:33:45,992] {dagbag.py:448} INFO - Filling up the DagBag from /usr/local/lib/python3.9/site-packages/airflow/example_dags/example_complex.py
[2021-02-27 09:33:46,003] {scheduler_job.py:639} INFO - DAG(s) dict_keys(['example_complex']) retrieved from /usr/local/lib/python3.9/site-packages/airflow/example_dags/example_complex.py
[2021-02-27 09:33:46,041] {logging_mixin.py:104} INFO - [2021-02-27 09:33:46,041] {dag.py:1818} INFO - Sync 1 DAGs
[2021-02-27 09:33:46,048] {logging_mixin.py:104} INFO - [2021-02-27 09:33:46,048] {dag.py:2273} INFO - Setting next_dagrun for example_complex to None
[2021-02-27 09:33:46,056] {scheduler_job.py:190} INFO - Processing /usr/local/lib/python3.9/site-packages/airflow/example_dags/example_complex.py took 0.067 seconds
[2021-02-27 09:34:34,687] {scheduler_job.py:182} INFO - Started process (PID=22846) to work on /usr/local/lib/python3.9/site-packages/airflow/example_dags/example_complex.py
[2021-02-27 09:34:34,688] {scheduler_job.py:629} INFO - Processing file /usr/local/lib/python3.9/site-packages/airflow/example_dags/example_complex.py for tasks to queue
[2021-02-27 09:34:34,688] {logging_mixin.py:104} INFO - [2021-02-27 09:34:34,688] {dagbag.py:448} INFO - Filling up the DagBag from /usr/local/lib/python3.9/site-packages/airflow/example_dags/example_complex.py
[2021-02-27 09:34:34,699] {scheduler_job.py:639} INFO - DAG(s) dict_keys(['example_complex']) retrieved from /usr/local/lib/python3.9/site-packages/airflow/example_dags/example_complex.py
[2021-02-27 09:34:34,734] {logging_mixin.py:104} INFO - [2021-02-27 09:34:34,734] {dag.py:1818} INFO - Sync 1 DAGs
[2021-02-27 09:34:34,740] {logging_mixin.py:104} INFO - [2021-02-27 09:34:34,740] {dag.py:2273} INFO - Setting next_dagrun for example_complex to None
[2021-02-27 09:34:34,748] {scheduler_job.py:190} INFO - Processing /usr/local/lib/python3.9/site-packages/airflow/example_dags/example_complex.py took 0.061 seconds
[2021-02-27 09:35:25,678] {scheduler_job.py:182} INFO - Started process (PID=22883) to work on /usr/local/lib/python3.9/site-packages/airflow/example_dags/example_complex.py
[2021-02-27 09:35:25,679] {scheduler_job.py:629} INFO - Processing file /usr/local/lib/python3.9/site-packages/airflow/example_dags/example_complex.py for tasks to queue
[2021-02-27 09:35:25,680] {logging_mixin.py:104} INFO - [2021-02-27 09:35:25,680] {dagbag.py:448} INFO - Filling up the DagBag from /usr/local/lib/python3.9/site-packages/airflow/example_dags/example_complex.py
[2021-02-27 09:35:25,691] {scheduler_job.py:639} INFO - DAG(s) dict_keys(['example_complex']) retrieved from /usr/local/lib/python3.9/site-packages/airflow/example_dags/example_complex.py
[2021-02-27 09:35:25,732] {logging_mixin.py:104} INFO - [2021-02-27 09:35:25,732] {dag.py:1818} INFO - Sync 1 DAGs
[2021-02-27 09:35:25,738] {logging_mixin.py:104} INFO - [2021-02-27 09:35:25,738] {dag.py:2273} INFO - Setting next_dagrun for example_complex to None
[2021-02-27 09:35:25,747] {scheduler_job.py:190} INFO - Processing /usr/local/lib/python3.9/site-packages/airflow/example_dags/example_complex.py took 0.070 seconds
[2021-02-27 09:36:25,717] {scheduler_job.py:182} INFO - Started process (PID=22923) to work on /usr/local/lib/python3.9/site-packages/airflow/example_dags/example_complex.py
[2021-02-27 09:36:25,718] {scheduler_job.py:629} INFO - Processing file /usr/local/lib/python3.9/site-packages/airflow/example_dags/example_complex.py for tasks to queue
[2021-02-27 09:36:25,718] {logging_mixin.py:104} INFO - [2021-02-27 09:36:25,718] {dagbag.py:448} INFO - Filling up the DagBag from /usr/local/lib/python3.9/site-packages/airflow/example_dags/example_complex.py
[2021-02-27 09:36:25,729] {scheduler_job.py:639} INFO - DAG(s) dict_keys(['example_complex']) retrieved from /usr/local/lib/python3.9/site-packages/airflow/example_dags/example_complex.py
[2021-02-27 09:36:25,763] {logging_mixin.py:104} INFO - [2021-02-27 09:36:25,763] {dag.py:1818} INFO - Sync 1 DAGs
[2021-02-27 09:36:25,770] {logging_mixin.py:104} INFO - [2021-02-27 09:36:25,769] {dag.py:2273} INFO - Setting next_dagrun for example_complex to None
[2021-02-27 09:36:25,779] {scheduler_job.py:190} INFO - Processing /usr/local/lib/python3.9/site-packages/airflow/example_dags/example_complex.py took 0.062 seconds
[2021-02-27 09:37:19,001] {scheduler_job.py:182} INFO - Started process (PID=22960) to work on /usr/local/lib/python3.9/site-packages/airflow/example_dags/example_complex.py
[2021-02-27 09:37:19,002] {scheduler_job.py:629} INFO - Processing file /usr/local/lib/python3.9/site-packages/airflow/example_dags/example_complex.py for tasks to queue
[2021-02-27 09:37:19,002] {logging_mixin.py:104} INFO - [2021-02-27 09:37:19,002] {dagbag.py:448} INFO - Filling up the DagBag from /usr/local/lib/python3.9/site-packages/airflow/example_dags/example_complex.py
[2021-02-27 09:37:19,013] {scheduler_job.py:639} INFO - DAG(s) dict_keys(['example_complex']) retrieved from /usr/local/lib/python3.9/site-packages/airflow/example_dags/example_complex.py
[2021-02-27 09:37:19,054] {logging_mixin.py:104} INFO - [2021-02-27 09:37:19,053] {dag.py:1818} INFO - Sync 1 DAGs
[2021-02-27 09:37:19,063] {logging_mixin.py:104} INFO - [2021-02-27 09:37:19,063] {dag.py:2273} INFO - Setting next_dagrun for example_complex to None
[2021-02-27 09:37:19,073] {scheduler_job.py:190} INFO - Processing /usr/local/lib/python3.9/site-packages/airflow/example_dags/example_complex.py took 0.072 seconds
[2021-02-27 09:38:08,451] {scheduler_job.py:182} INFO - Started process (PID=22996) to work on /usr/local/lib/python3.9/site-packages/airflow/example_dags/example_complex.py
[2021-02-27 09:38:08,452] {scheduler_job.py:629} INFO - Processing file /usr/local/lib/python3.9/site-packages/airflow/example_dags/example_complex.py for tasks to queue
[2021-02-27 09:38:08,452] {logging_mixin.py:104} INFO - [2021-02-27 09:38:08,452] {dagbag.py:448} INFO - Filling up the DagBag from /usr/local/lib/python3.9/site-packages/airflow/example_dags/example_complex.py
[2021-02-27 09:38:08,463] {scheduler_job.py:639} INFO - DAG(s) dict_keys(['example_complex']) retrieved from /usr/local/lib/python3.9/site-packages/airflow/example_dags/example_complex.py
[2021-02-27 09:38:08,499] {logging_mixin.py:104} INFO - [2021-02-27 09:38:08,499] {dag.py:1818} INFO - Sync 1 DAGs
[2021-02-27 09:38:08,505] {logging_mixin.py:104} INFO - [2021-02-27 09:38:08,505] {dag.py:2273} INFO - Setting next_dagrun for example_complex to None
[2021-02-27 09:38:08,514] {scheduler_job.py:190} INFO - Processing /usr/local/lib/python3.9/site-packages/airflow/example_dags/example_complex.py took 0.063 seconds
[2021-02-27 09:38:55,531] {scheduler_job.py:182} INFO - Started process (PID=23028) to work on /usr/local/lib/python3.9/site-packages/airflow/example_dags/example_complex.py
[2021-02-27 09:38:55,531] {scheduler_job.py:629} INFO - Processing file /usr/local/lib/python3.9/site-packages/airflow/example_dags/example_complex.py for tasks to queue
[2021-02-27 09:38:55,531] {logging_mixin.py:104} INFO - [2021-02-27 09:38:55,531] {dagbag.py:448} INFO - Filling up the DagBag from /usr/local/lib/python3.9/site-packages/airflow/example_dags/example_complex.py
[2021-02-27 09:38:55,542] {scheduler_job.py:639} INFO - DAG(s) dict_keys(['example_complex']) retrieved from /usr/local/lib/python3.9/site-packages/airflow/example_dags/example_complex.py
[2021-02-27 09:38:55,577] {logging_mixin.py:104} INFO - [2021-02-27 09:38:55,577] {dag.py:1818} INFO - Sync 1 DAGs
[2021-02-27 09:38:55,583] {logging_mixin.py:104} INFO - [2021-02-27 09:38:55,583] {dag.py:2273} INFO - Setting next_dagrun for example_complex to None
[2021-02-27 09:38:55,591] {scheduler_job.py:190} INFO - Processing /usr/local/lib/python3.9/site-packages/airflow/example_dags/example_complex.py took 0.061 seconds
[2021-02-27 09:39:43,008] {scheduler_job.py:182} INFO - Started process (PID=23064) to work on /usr/local/lib/python3.9/site-packages/airflow/example_dags/example_complex.py
[2021-02-27 09:39:43,009] {scheduler_job.py:629} INFO - Processing file /usr/local/lib/python3.9/site-packages/airflow/example_dags/example_complex.py for tasks to queue
[2021-02-27 09:39:43,009] {logging_mixin.py:104} INFO - [2021-02-27 09:39:43,009] {dagbag.py:448} INFO - Filling up the DagBag from /usr/local/lib/python3.9/site-packages/airflow/example_dags/example_complex.py
[2021-02-27 09:39:43,020] {scheduler_job.py:639} INFO - DAG(s) dict_keys(['example_complex']) retrieved from /usr/local/lib/python3.9/site-packages/airflow/example_dags/example_complex.py
[2021-02-27 09:39:43,055] {logging_mixin.py:104} INFO - [2021-02-27 09:39:43,055] {dag.py:1818} INFO - Sync 1 DAGs
[2021-02-27 09:39:43,061] {logging_mixin.py:104} INFO - [2021-02-27 09:39:43,061] {dag.py:2273} INFO - Setting next_dagrun for example_complex to None
[2021-02-27 09:39:43,069] {scheduler_job.py:190} INFO - Processing /usr/local/lib/python3.9/site-packages/airflow/example_dags/example_complex.py took 0.062 seconds
[2021-02-27 09:40:29,475] {scheduler_job.py:182} INFO - Started process (PID=23096) to work on /usr/local/lib/python3.9/site-packages/airflow/example_dags/example_complex.py
[2021-02-27 09:40:29,475] {scheduler_job.py:629} INFO - Processing file /usr/local/lib/python3.9/site-packages/airflow/example_dags/example_complex.py for tasks to queue
[2021-02-27 09:40:29,475] {logging_mixin.py:104} INFO - [2021-02-27 09:40:29,475] {dagbag.py:448} INFO - Filling up the DagBag from /usr/local/lib/python3.9/site-packages/airflow/example_dags/example_complex.py
[2021-02-27 09:40:29,485] {scheduler_job.py:639} INFO - DAG(s) dict_keys(['example_complex']) retrieved from /usr/local/lib/python3.9/site-packages/airflow/example_dags/example_complex.py
[2021-02-27 09:40:29,519] {logging_mixin.py:104} INFO - [2021-02-27 09:40:29,519] {dag.py:1818} INFO - Sync 1 DAGs
[2021-02-27 09:40:29,525] {logging_mixin.py:104} INFO - [2021-02-27 09:40:29,525] {dag.py:2273} INFO - Setting next_dagrun for example_complex to None
[2021-02-27 09:40:29,534] {scheduler_job.py:190} INFO - Processing /usr/local/lib/python3.9/site-packages/airflow/example_dags/example_complex.py took 0.060 seconds
[2021-02-27 09:41:14,629] {scheduler_job.py:182} INFO - Started process (PID=23128) to work on /usr/local/lib/python3.9/site-packages/airflow/example_dags/example_complex.py
[2021-02-27 09:41:14,630] {scheduler_job.py:629} INFO - Processing file /usr/local/lib/python3.9/site-packages/airflow/example_dags/example_complex.py for tasks to queue
[2021-02-27 09:41:14,630] {logging_mixin.py:104} INFO - [2021-02-27 09:41:14,630] {dagbag.py:448} INFO - Filling up the DagBag from /usr/local/lib/python3.9/site-packages/airflow/example_dags/example_complex.py
[2021-02-27 09:41:14,640] {scheduler_job.py:639} INFO - DAG(s) dict_keys(['example_complex']) retrieved from /usr/local/lib/python3.9/site-packages/airflow/example_dags/example_complex.py
[2021-02-27 09:41:14,674] {logging_mixin.py:104} INFO - [2021-02-27 09:41:14,674] {dag.py:1818} INFO - Sync 1 DAGs
[2021-02-27 09:41:14,681] {logging_mixin.py:104} INFO - [2021-02-27 09:41:14,681] {dag.py:2273} INFO - Setting next_dagrun for example_complex to None
[2021-02-27 09:41:14,691] {scheduler_job.py:190} INFO - Processing /usr/local/lib/python3.9/site-packages/airflow/example_dags/example_complex.py took 0.062 seconds
[2021-02-27 09:42:02,467] {scheduler_job.py:182} INFO - Started process (PID=23161) to work on /usr/local/lib/python3.9/site-packages/airflow/example_dags/example_complex.py
[2021-02-27 09:42:02,467] {scheduler_job.py:629} INFO - Processing file /usr/local/lib/python3.9/site-packages/airflow/example_dags/example_complex.py for tasks to queue
[2021-02-27 09:42:02,467] {logging_mixin.py:104} INFO - [2021-02-27 09:42:02,467] {dagbag.py:448} INFO - Filling up the DagBag from /usr/local/lib/python3.9/site-packages/airflow/example_dags/example_complex.py
[2021-02-27 09:42:02,477] {scheduler_job.py:639} INFO - DAG(s) dict_keys(['example_complex']) retrieved from /usr/local/lib/python3.9/site-packages/airflow/example_dags/example_complex.py
[2021-02-27 09:42:02,509] {logging_mixin.py:104} INFO - [2021-02-27 09:42:02,509] {dag.py:1818} INFO - Sync 1 DAGs
[2021-02-27 09:42:02,515] {logging_mixin.py:104} INFO - [2021-02-27 09:42:02,515] {dag.py:2273} INFO - Setting next_dagrun for example_complex to None
[2021-02-27 09:42:02,524] {scheduler_job.py:190} INFO - Processing /usr/local/lib/python3.9/site-packages/airflow/example_dags/example_complex.py took 0.057 seconds
[2021-02-27 09:42:49,149] {scheduler_job.py:182} INFO - Started process (PID=23197) to work on /usr/local/lib/python3.9/site-packages/airflow/example_dags/example_complex.py
[2021-02-27 09:42:49,150] {scheduler_job.py:629} INFO - Processing file /usr/local/lib/python3.9/site-packages/airflow/example_dags/example_complex.py for tasks to queue
[2021-02-27 09:42:49,150] {logging_mixin.py:104} INFO - [2021-02-27 09:42:49,150] {dagbag.py:448} INFO - Filling up the DagBag from /usr/local/lib/python3.9/site-packages/airflow/example_dags/example_complex.py
[2021-02-27 09:42:49,160] {scheduler_job.py:639} INFO - DAG(s) dict_keys(['example_complex']) retrieved from /usr/local/lib/python3.9/site-packages/airflow/example_dags/example_complex.py
[2021-02-27 09:42:49,196] {logging_mixin.py:104} INFO - [2021-02-27 09:42:49,196] {dag.py:1818} INFO - Sync 1 DAGs
[2021-02-27 09:42:49,203] {logging_mixin.py:104} INFO - [2021-02-27 09:42:49,202] {dag.py:2273} INFO - Setting next_dagrun for example_complex to None
[2021-02-27 09:42:49,212] {scheduler_job.py:190} INFO - Processing /usr/local/lib/python3.9/site-packages/airflow/example_dags/example_complex.py took 0.063 seconds
[2021-02-27 09:43:37,256] {scheduler_job.py:182} INFO - Started process (PID=23229) to work on /usr/local/lib/python3.9/site-packages/airflow/example_dags/example_complex.py
[2021-02-27 09:43:37,257] {scheduler_job.py:629} INFO - Processing file /usr/local/lib/python3.9/site-packages/airflow/example_dags/example_complex.py for tasks to queue
[2021-02-27 09:43:37,257] {logging_mixin.py:104} INFO - [2021-02-27 09:43:37,257] {dagbag.py:448} INFO - Filling up the DagBag from /usr/local/lib/python3.9/site-packages/airflow/example_dags/example_complex.py
[2021-02-27 09:43:37,266] {scheduler_job.py:639} INFO - DAG(s) dict_keys(['example_complex']) retrieved from /usr/local/lib/python3.9/site-packages/airflow/example_dags/example_complex.py
[2021-02-27 09:43:37,301] {logging_mixin.py:104} INFO - [2021-02-27 09:43:37,301] {dag.py:1818} INFO - Sync 1 DAGs
[2021-02-27 09:43:37,307] {logging_mixin.py:104} INFO - [2021-02-27 09:43:37,307] {dag.py:2273} INFO - Setting next_dagrun for example_complex to None
[2021-02-27 09:43:37,316] {scheduler_job.py:190} INFO - Processing /usr/local/lib/python3.9/site-packages/airflow/example_dags/example_complex.py took 0.060 seconds
[2021-02-27 09:44:27,186] {scheduler_job.py:182} INFO - Started process (PID=23269) to work on /usr/local/lib/python3.9/site-packages/airflow/example_dags/example_complex.py
[2021-02-27 09:44:27,187] {scheduler_job.py:629} INFO - Processing file /usr/local/lib/python3.9/site-packages/airflow/example_dags/example_complex.py for tasks to queue
[2021-02-27 09:44:27,187] {logging_mixin.py:104} INFO - [2021-02-27 09:44:27,187] {dagbag.py:448} INFO - Filling up the DagBag from /usr/local/lib/python3.9/site-packages/airflow/example_dags/example_complex.py
[2021-02-27 09:44:27,197] {scheduler_job.py:639} INFO - DAG(s) dict_keys(['example_complex']) retrieved from /usr/local/lib/python3.9/site-packages/airflow/example_dags/example_complex.py
[2021-02-27 09:44:27,235] {logging_mixin.py:104} INFO - [2021-02-27 09:44:27,235] {dag.py:1818} INFO - Sync 1 DAGs
[2021-02-27 09:44:27,242] {logging_mixin.py:104} INFO - [2021-02-27 09:44:27,242] {dag.py:2273} INFO - Setting next_dagrun for example_complex to None
[2021-02-27 09:44:27,252] {scheduler_job.py:190} INFO - Processing /usr/local/lib/python3.9/site-packages/airflow/example_dags/example_complex.py took 0.066 seconds
[2021-02-27 09:45:19,228] {scheduler_job.py:182} INFO - Started process (PID=23305) to work on /usr/local/lib/python3.9/site-packages/airflow/example_dags/example_complex.py
[2021-02-27 09:45:19,228] {scheduler_job.py:629} INFO - Processing file /usr/local/lib/python3.9/site-packages/airflow/example_dags/example_complex.py for tasks to queue
[2021-02-27 09:45:19,229] {logging_mixin.py:104} INFO - [2021-02-27 09:45:19,229] {dagbag.py:448} INFO - Filling up the DagBag from /usr/local/lib/python3.9/site-packages/airflow/example_dags/example_complex.py
[2021-02-27 09:45:19,239] {scheduler_job.py:639} INFO - DAG(s) dict_keys(['example_complex']) retrieved from /usr/local/lib/python3.9/site-packages/airflow/example_dags/example_complex.py
[2021-02-27 09:45:19,277] {logging_mixin.py:104} INFO - [2021-02-27 09:45:19,277] {dag.py:1818} INFO - Sync 1 DAGs
[2021-02-27 09:45:19,284] {logging_mixin.py:104} INFO - [2021-02-27 09:45:19,284] {dag.py:2273} INFO - Setting next_dagrun for example_complex to None
[2021-02-27 09:45:19,292] {scheduler_job.py:190} INFO - Processing /usr/local/lib/python3.9/site-packages/airflow/example_dags/example_complex.py took 0.065 seconds
[2021-02-27 09:46:09,775] {scheduler_job.py:182} INFO - Started process (PID=23338) to work on /usr/local/lib/python3.9/site-packages/airflow/example_dags/example_complex.py
[2021-02-27 09:46:09,775] {scheduler_job.py:629} INFO - Processing file /usr/local/lib/python3.9/site-packages/airflow/example_dags/example_complex.py for tasks to queue
[2021-02-27 09:46:09,775] {logging_mixin.py:104} INFO - [2021-02-27 09:46:09,775] {dagbag.py:448} INFO - Filling up the DagBag from /usr/local/lib/python3.9/site-packages/airflow/example_dags/example_complex.py
[2021-02-27 09:46:09,785] {scheduler_job.py:639} INFO - DAG(s) dict_keys(['example_complex']) retrieved from /usr/local/lib/python3.9/site-packages/airflow/example_dags/example_complex.py
[2021-02-27 09:46:09,819] {logging_mixin.py:104} INFO - [2021-02-27 09:46:09,819] {dag.py:1818} INFO - Sync 1 DAGs
[2021-02-27 09:46:09,826] {logging_mixin.py:104} INFO - [2021-02-27 09:46:09,826] {dag.py:2273} INFO - Setting next_dagrun for example_complex to None
[2021-02-27 09:46:09,837] {scheduler_job.py:190} INFO - Processing /usr/local/lib/python3.9/site-packages/airflow/example_dags/example_complex.py took 0.063 seconds
[2021-02-27 09:46:57,648] {scheduler_job.py:182} INFO - Started process (PID=23370) to work on /usr/local/lib/python3.9/site-packages/airflow/example_dags/example_complex.py
[2021-02-27 09:46:57,649] {scheduler_job.py:629} INFO - Processing file /usr/local/lib/python3.9/site-packages/airflow/example_dags/example_complex.py for tasks to queue
[2021-02-27 09:46:57,649] {logging_mixin.py:104} INFO - [2021-02-27 09:46:57,649] {dagbag.py:448} INFO - Filling up the DagBag from /usr/local/lib/python3.9/site-packages/airflow/example_dags/example_complex.py
[2021-02-27 09:46:57,661] {scheduler_job.py:639} INFO - DAG(s) dict_keys(['example_complex']) retrieved from /usr/local/lib/python3.9/site-packages/airflow/example_dags/example_complex.py
[2021-02-27 09:46:57,713] {logging_mixin.py:104} INFO - [2021-02-27 09:46:57,712] {dag.py:1818} INFO - Sync 1 DAGs
[2021-02-27 09:46:57,720] {logging_mixin.py:104} INFO - [2021-02-27 09:46:57,720] {dag.py:2273} INFO - Setting next_dagrun for example_complex to None
[2021-02-27 09:46:57,728] {scheduler_job.py:190} INFO - Processing /usr/local/lib/python3.9/site-packages/airflow/example_dags/example_complex.py took 0.081 seconds
[2021-02-27 09:47:59,653] {scheduler_job.py:182} INFO - Started process (PID=23441) to work on /usr/local/lib/python3.9/site-packages/airflow/example_dags/example_complex.py
[2021-02-27 09:47:59,653] {scheduler_job.py:629} INFO - Processing file /usr/local/lib/python3.9/site-packages/airflow/example_dags/example_complex.py for tasks to queue
[2021-02-27 09:47:59,654] {logging_mixin.py:104} INFO - [2021-02-27 09:47:59,654] {dagbag.py:448} INFO - Filling up the DagBag from /usr/local/lib/python3.9/site-packages/airflow/example_dags/example_complex.py
[2021-02-27 09:47:59,742] {scheduler_job.py:639} INFO - DAG(s) dict_keys(['example_complex']) retrieved from /usr/local/lib/python3.9/site-packages/airflow/example_dags/example_complex.py
[2021-02-27 09:47:59,816] {logging_mixin.py:104} INFO - [2021-02-27 09:47:59,816] {dag.py:1818} INFO - Sync 1 DAGs
[2021-02-27 09:47:59,831] {logging_mixin.py:104} INFO - [2021-02-27 09:47:59,831] {dag.py:2273} INFO - Setting next_dagrun for example_complex to None
[2021-02-27 09:47:59,842] {scheduler_job.py:190} INFO - Processing /usr/local/lib/python3.9/site-packages/airflow/example_dags/example_complex.py took 0.190 seconds
[2021-02-27 09:48:49,588] {scheduler_job.py:182} INFO - Started process (PID=23489) to work on /usr/local/lib/python3.9/site-packages/airflow/example_dags/example_complex.py
[2021-02-27 09:48:49,589] {scheduler_job.py:629} INFO - Processing file /usr/local/lib/python3.9/site-packages/airflow/example_dags/example_complex.py for tasks to queue
[2021-02-27 09:48:49,589] {logging_mixin.py:104} INFO - [2021-02-27 09:48:49,589] {dagbag.py:448} INFO - Filling up the DagBag from /usr/local/lib/python3.9/site-packages/airflow/example_dags/example_complex.py
[2021-02-27 09:48:49,605] {scheduler_job.py:639} INFO - DAG(s) dict_keys(['example_complex']) retrieved from /usr/local/lib/python3.9/site-packages/airflow/example_dags/example_complex.py
[2021-02-27 09:48:49,653] {logging_mixin.py:104} INFO - [2021-02-27 09:48:49,653] {dag.py:1818} INFO - Sync 1 DAGs
[2021-02-27 09:48:49,661] {logging_mixin.py:104} INFO - [2021-02-27 09:48:49,661] {dag.py:2273} INFO - Setting next_dagrun for example_complex to None
[2021-02-27 09:48:49,673] {scheduler_job.py:190} INFO - Processing /usr/local/lib/python3.9/site-packages/airflow/example_dags/example_complex.py took 0.085 seconds
[2021-02-27 09:49:58,419] {scheduler_job.py:182} INFO - Started process (PID=23547) to work on /usr/local/lib/python3.9/site-packages/airflow/example_dags/example_complex.py
[2021-02-27 09:49:58,419] {scheduler_job.py:629} INFO - Processing file /usr/local/lib/python3.9/site-packages/airflow/example_dags/example_complex.py for tasks to queue
[2021-02-27 09:49:58,420] {logging_mixin.py:104} INFO - [2021-02-27 09:49:58,420] {dagbag.py:448} INFO - Filling up the DagBag from /usr/local/lib/python3.9/site-packages/airflow/example_dags/example_complex.py
[2021-02-27 09:49:58,435] {scheduler_job.py:639} INFO - DAG(s) dict_keys(['example_complex']) retrieved from /usr/local/lib/python3.9/site-packages/airflow/example_dags/example_complex.py
[2021-02-27 09:49:58,482] {logging_mixin.py:104} INFO - [2021-02-27 09:49:58,481] {dag.py:1818} INFO - Sync 1 DAGs
[2021-02-27 09:49:58,490] {logging_mixin.py:104} INFO - [2021-02-27 09:49:58,490] {dag.py:2273} INFO - Setting next_dagrun for example_complex to None
[2021-02-27 09:49:58,501] {scheduler_job.py:190} INFO - Processing /usr/local/lib/python3.9/site-packages/airflow/example_dags/example_complex.py took 0.083 seconds
[2021-02-27 10:07:29,852] {scheduler_job.py:182} INFO - Started process (PID=24596) to work on /usr/local/lib/python3.9/site-packages/airflow/example_dags/example_complex.py
[2021-02-27 10:07:29,853] {scheduler_job.py:629} INFO - Processing file /usr/local/lib/python3.9/site-packages/airflow/example_dags/example_complex.py for tasks to queue
[2021-02-27 10:07:29,854] {logging_mixin.py:104} INFO - [2021-02-27 10:07:29,854] {dagbag.py:448} INFO - Filling up the DagBag from /usr/local/lib/python3.9/site-packages/airflow/example_dags/example_complex.py
[2021-02-27 10:07:29,865] {scheduler_job.py:639} INFO - DAG(s) dict_keys(['example_complex']) retrieved from /usr/local/lib/python3.9/site-packages/airflow/example_dags/example_complex.py
[2021-02-27 10:07:31,077] {scheduler_job.py:193} ERROR - Got an exception! Propagating...
Traceback (most recent call last):
  File "/usr/local/lib/python3.9/site-packages/sqlalchemy/engine/base.py", line 2336, in _wrap_pool_connect
    return fn()
  File "/usr/local/lib/python3.9/site-packages/sqlalchemy/pool/base.py", line 364, in connect
    return _ConnectionFairy._checkout(self)
  File "/usr/local/lib/python3.9/site-packages/sqlalchemy/pool/base.py", line 778, in _checkout
    fairy = _ConnectionRecord.checkout(pool)
  File "/usr/local/lib/python3.9/site-packages/sqlalchemy/pool/base.py", line 495, in checkout
    rec = pool._do_get()
  File "/usr/local/lib/python3.9/site-packages/sqlalchemy/pool/impl.py", line 140, in _do_get
    self._dec_overflow()
  File "/usr/local/lib/python3.9/site-packages/sqlalchemy/util/langhelpers.py", line 68, in __exit__
    compat.raise_(
  File "/usr/local/lib/python3.9/site-packages/sqlalchemy/util/compat.py", line 182, in raise_
    raise exception
  File "/usr/local/lib/python3.9/site-packages/sqlalchemy/pool/impl.py", line 137, in _do_get
    return self._create_connection()
  File "/usr/local/lib/python3.9/site-packages/sqlalchemy/pool/base.py", line 309, in _create_connection
    return _ConnectionRecord(self)
  File "/usr/local/lib/python3.9/site-packages/sqlalchemy/pool/base.py", line 440, in __init__
    self.__connect(first_connect_check=True)
  File "/usr/local/lib/python3.9/site-packages/sqlalchemy/pool/base.py", line 661, in __connect
    pool.logger.debug("Error on connect(): %s", e)
  File "/usr/local/lib/python3.9/site-packages/sqlalchemy/util/langhelpers.py", line 68, in __exit__
    compat.raise_(
  File "/usr/local/lib/python3.9/site-packages/sqlalchemy/util/compat.py", line 182, in raise_
    raise exception
  File "/usr/local/lib/python3.9/site-packages/sqlalchemy/pool/base.py", line 656, in __connect
    connection = pool._invoke_creator(self)
  File "/usr/local/lib/python3.9/site-packages/sqlalchemy/engine/strategies.py", line 114, in connect
    return dialect.connect(*cargs, **cparams)
  File "/usr/local/lib/python3.9/site-packages/sqlalchemy/engine/default.py", line 508, in connect
    return self.dbapi.connect(*cargs, **cparams)
  File "/usr/local/lib/python3.9/site-packages/psycopg2/__init__.py", line 127, in connect
    conn = _connect(dsn, connection_factory=connection_factory, **kwasync)
psycopg2.OperationalError: could not translate host name "postgres" to address: nodename nor servname provided, or not known


The above exception was the direct cause of the following exception:

Traceback (most recent call last):
  File "/usr/local/lib/python3.9/site-packages/airflow/jobs/scheduler_job.py", line 184, in _run_file_processor
    result: Tuple[int, int] = dag_file_processor.process_file(
  File "/usr/local/lib/python3.9/site-packages/airflow/utils/session.py", line 65, in wrapper
    return func(*args, session=session, **kwargs)
  File "/usr/local/lib/python3.9/site-packages/airflow/jobs/scheduler_job.py", line 648, in process_file
    dagbag.sync_to_db()
  File "/usr/local/lib/python3.9/site-packages/airflow/utils/session.py", line 65, in wrapper
    return func(*args, session=session, **kwargs)
  File "/usr/local/lib/python3.9/site-packages/airflow/models/dagbag.py", line 552, in sync_to_db
    for attempt in run_with_db_retries(logger=self.log):
  File "/usr/local/lib/python3.9/site-packages/tenacity/__init__.py", line 390, in __iter__
    do = self.iter(retry_state=retry_state)
  File "/usr/local/lib/python3.9/site-packages/tenacity/__init__.py", line 368, in iter
    raise retry_exc.reraise()
  File "/usr/local/lib/python3.9/site-packages/tenacity/__init__.py", line 186, in reraise
    raise self.last_attempt.result()
  File "/usr/local/Cellar/python@3.9/3.9.1_6/Frameworks/Python.framework/Versions/3.9/lib/python3.9/concurrent/futures/_base.py", line 433, in result
    return self.__get_result()
  File "/usr/local/Cellar/python@3.9/3.9.1_6/Frameworks/Python.framework/Versions/3.9/lib/python3.9/concurrent/futures/_base.py", line 389, in __get_result
    raise self._exception
  File "/usr/local/lib/python3.9/site-packages/airflow/models/dagbag.py", line 564, in sync_to_db
    serialize_errors.extend(_serialze_dag_capturing_errors(dag, session))
  File "/usr/local/lib/python3.9/site-packages/airflow/models/dagbag.py", line 538, in _serialze_dag_capturing_errors
    SerializedDagModel.write_dag(
  File "/usr/local/lib/python3.9/site-packages/airflow/utils/session.py", line 62, in wrapper
    return func(*args, **kwargs)
  File "/usr/local/lib/python3.9/site-packages/airflow/models/serialized_dag.py", line 117, in write_dag
    if session.query(
  File "/usr/local/lib/python3.9/site-packages/sqlalchemy/orm/query.py", line 3523, in scalar
    ret = self.one()
  File "/usr/local/lib/python3.9/site-packages/sqlalchemy/orm/query.py", line 3490, in one
    ret = self.one_or_none()
  File "/usr/local/lib/python3.9/site-packages/sqlalchemy/orm/query.py", line 3459, in one_or_none
    ret = list(self)
  File "/usr/local/lib/python3.9/site-packages/sqlalchemy/orm/query.py", line 3535, in __iter__
    return self._execute_and_instances(context)
  File "/usr/local/lib/python3.9/site-packages/sqlalchemy/orm/query.py", line 3556, in _execute_and_instances
    conn = self._get_bind_args(
  File "/usr/local/lib/python3.9/site-packages/sqlalchemy/orm/query.py", line 3571, in _get_bind_args
    return fn(
  File "/usr/local/lib/python3.9/site-packages/sqlalchemy/orm/query.py", line 3550, in _connection_from_session
    conn = self.session.connection(**kw)
  File "/usr/local/lib/python3.9/site-packages/sqlalchemy/orm/session.py", line 1142, in connection
    return self._connection_for_bind(
  File "/usr/local/lib/python3.9/site-packages/sqlalchemy/orm/session.py", line 1150, in _connection_for_bind
    return self.transaction._connection_for_bind(
  File "/usr/local/lib/python3.9/site-packages/sqlalchemy/orm/session.py", line 433, in _connection_for_bind
    conn = bind._contextual_connect()
  File "/usr/local/lib/python3.9/site-packages/sqlalchemy/engine/base.py", line 2302, in _contextual_connect
    self._wrap_pool_connect(self.pool.connect, None),
  File "/usr/local/lib/python3.9/site-packages/sqlalchemy/engine/base.py", line 2339, in _wrap_pool_connect
    Connection._handle_dbapi_exception_noconnection(
  File "/usr/local/lib/python3.9/site-packages/sqlalchemy/engine/base.py", line 1583, in _handle_dbapi_exception_noconnection
    util.raise_(
  File "/usr/local/lib/python3.9/site-packages/sqlalchemy/util/compat.py", line 182, in raise_
    raise exception
  File "/usr/local/lib/python3.9/site-packages/sqlalchemy/engine/base.py", line 2336, in _wrap_pool_connect
    return fn()
  File "/usr/local/lib/python3.9/site-packages/sqlalchemy/pool/base.py", line 364, in connect
    return _ConnectionFairy._checkout(self)
  File "/usr/local/lib/python3.9/site-packages/sqlalchemy/pool/base.py", line 778, in _checkout
    fairy = _ConnectionRecord.checkout(pool)
  File "/usr/local/lib/python3.9/site-packages/sqlalchemy/pool/base.py", line 495, in checkout
    rec = pool._do_get()
  File "/usr/local/lib/python3.9/site-packages/sqlalchemy/pool/impl.py", line 140, in _do_get
    self._dec_overflow()
  File "/usr/local/lib/python3.9/site-packages/sqlalchemy/util/langhelpers.py", line 68, in __exit__
    compat.raise_(
  File "/usr/local/lib/python3.9/site-packages/sqlalchemy/util/compat.py", line 182, in raise_
    raise exception
  File "/usr/local/lib/python3.9/site-packages/sqlalchemy/pool/impl.py", line 137, in _do_get
    return self._create_connection()
  File "/usr/local/lib/python3.9/site-packages/sqlalchemy/pool/base.py", line 309, in _create_connection
    return _ConnectionRecord(self)
  File "/usr/local/lib/python3.9/site-packages/sqlalchemy/pool/base.py", line 440, in __init__
    self.__connect(first_connect_check=True)
  File "/usr/local/lib/python3.9/site-packages/sqlalchemy/pool/base.py", line 661, in __connect
    pool.logger.debug("Error on connect(): %s", e)
  File "/usr/local/lib/python3.9/site-packages/sqlalchemy/util/langhelpers.py", line 68, in __exit__
    compat.raise_(
  File "/usr/local/lib/python3.9/site-packages/sqlalchemy/util/compat.py", line 182, in raise_
    raise exception
  File "/usr/local/lib/python3.9/site-packages/sqlalchemy/pool/base.py", line 656, in __connect
    connection = pool._invoke_creator(self)
  File "/usr/local/lib/python3.9/site-packages/sqlalchemy/engine/strategies.py", line 114, in connect
    return dialect.connect(*cargs, **cparams)
  File "/usr/local/lib/python3.9/site-packages/sqlalchemy/engine/default.py", line 508, in connect
    return self.dbapi.connect(*cargs, **cparams)
  File "/usr/local/lib/python3.9/site-packages/psycopg2/__init__.py", line 127, in connect
    conn = _connect(dsn, connection_factory=connection_factory, **kwasync)
sqlalchemy.exc.OperationalError: (psycopg2.OperationalError) could not translate host name "postgres" to address: nodename nor servname provided, or not known

(Background on this error at: http://sqlalche.me/e/13/e3q8)
[2021-02-27 10:08:30,264] {scheduler_job.py:182} INFO - Started process (PID=24649) to work on /usr/local/lib/python3.9/site-packages/airflow/example_dags/example_complex.py
[2021-02-27 10:08:30,265] {scheduler_job.py:629} INFO - Processing file /usr/local/lib/python3.9/site-packages/airflow/example_dags/example_complex.py for tasks to queue
[2021-02-27 10:08:30,265] {logging_mixin.py:104} INFO - [2021-02-27 10:08:30,265] {dagbag.py:448} INFO - Filling up the DagBag from /usr/local/lib/python3.9/site-packages/airflow/example_dags/example_complex.py
[2021-02-27 10:08:30,279] {scheduler_job.py:639} INFO - DAG(s) dict_keys(['example_complex']) retrieved from /usr/local/lib/python3.9/site-packages/airflow/example_dags/example_complex.py
[2021-02-27 10:08:30,803] {scheduler_job.py:193} ERROR - Got an exception! Propagating...
Traceback (most recent call last):
  File "/usr/local/lib/python3.9/site-packages/sqlalchemy/engine/base.py", line 2336, in _wrap_pool_connect
    return fn()
  File "/usr/local/lib/python3.9/site-packages/sqlalchemy/pool/base.py", line 364, in connect
    return _ConnectionFairy._checkout(self)
  File "/usr/local/lib/python3.9/site-packages/sqlalchemy/pool/base.py", line 778, in _checkout
    fairy = _ConnectionRecord.checkout(pool)
  File "/usr/local/lib/python3.9/site-packages/sqlalchemy/pool/base.py", line 495, in checkout
    rec = pool._do_get()
  File "/usr/local/lib/python3.9/site-packages/sqlalchemy/pool/impl.py", line 140, in _do_get
    self._dec_overflow()
  File "/usr/local/lib/python3.9/site-packages/sqlalchemy/util/langhelpers.py", line 68, in __exit__
    compat.raise_(
  File "/usr/local/lib/python3.9/site-packages/sqlalchemy/util/compat.py", line 182, in raise_
    raise exception
  File "/usr/local/lib/python3.9/site-packages/sqlalchemy/pool/impl.py", line 137, in _do_get
    return self._create_connection()
  File "/usr/local/lib/python3.9/site-packages/sqlalchemy/pool/base.py", line 309, in _create_connection
    return _ConnectionRecord(self)
  File "/usr/local/lib/python3.9/site-packages/sqlalchemy/pool/base.py", line 440, in __init__
    self.__connect(first_connect_check=True)
  File "/usr/local/lib/python3.9/site-packages/sqlalchemy/pool/base.py", line 661, in __connect
    pool.logger.debug("Error on connect(): %s", e)
  File "/usr/local/lib/python3.9/site-packages/sqlalchemy/util/langhelpers.py", line 68, in __exit__
    compat.raise_(
  File "/usr/local/lib/python3.9/site-packages/sqlalchemy/util/compat.py", line 182, in raise_
    raise exception
  File "/usr/local/lib/python3.9/site-packages/sqlalchemy/pool/base.py", line 656, in __connect
    connection = pool._invoke_creator(self)
  File "/usr/local/lib/python3.9/site-packages/sqlalchemy/engine/strategies.py", line 114, in connect
    return dialect.connect(*cargs, **cparams)
  File "/usr/local/lib/python3.9/site-packages/sqlalchemy/engine/default.py", line 508, in connect
    return self.dbapi.connect(*cargs, **cparams)
  File "/usr/local/lib/python3.9/site-packages/psycopg2/__init__.py", line 127, in connect
    conn = _connect(dsn, connection_factory=connection_factory, **kwasync)
psycopg2.OperationalError: could not translate host name "postgres" to address: nodename nor servname provided, or not known


The above exception was the direct cause of the following exception:

Traceback (most recent call last):
  File "/usr/local/lib/python3.9/site-packages/airflow/jobs/scheduler_job.py", line 184, in _run_file_processor
    result: Tuple[int, int] = dag_file_processor.process_file(
  File "/usr/local/lib/python3.9/site-packages/airflow/utils/session.py", line 65, in wrapper
    return func(*args, session=session, **kwargs)
  File "/usr/local/lib/python3.9/site-packages/airflow/jobs/scheduler_job.py", line 648, in process_file
    dagbag.sync_to_db()
  File "/usr/local/lib/python3.9/site-packages/airflow/utils/session.py", line 65, in wrapper
    return func(*args, session=session, **kwargs)
  File "/usr/local/lib/python3.9/site-packages/airflow/models/dagbag.py", line 552, in sync_to_db
    for attempt in run_with_db_retries(logger=self.log):
  File "/usr/local/lib/python3.9/site-packages/tenacity/__init__.py", line 390, in __iter__
    do = self.iter(retry_state=retry_state)
  File "/usr/local/lib/python3.9/site-packages/tenacity/__init__.py", line 368, in iter
    raise retry_exc.reraise()
  File "/usr/local/lib/python3.9/site-packages/tenacity/__init__.py", line 186, in reraise
    raise self.last_attempt.result()
  File "/usr/local/Cellar/python@3.9/3.9.1_6/Frameworks/Python.framework/Versions/3.9/lib/python3.9/concurrent/futures/_base.py", line 433, in result
    return self.__get_result()
  File "/usr/local/Cellar/python@3.9/3.9.1_6/Frameworks/Python.framework/Versions/3.9/lib/python3.9/concurrent/futures/_base.py", line 389, in __get_result
    raise self._exception
  File "/usr/local/lib/python3.9/site-packages/airflow/models/dagbag.py", line 564, in sync_to_db
    serialize_errors.extend(_serialze_dag_capturing_errors(dag, session))
  File "/usr/local/lib/python3.9/site-packages/airflow/models/dagbag.py", line 538, in _serialze_dag_capturing_errors
    SerializedDagModel.write_dag(
  File "/usr/local/lib/python3.9/site-packages/airflow/utils/session.py", line 62, in wrapper
    return func(*args, **kwargs)
  File "/usr/local/lib/python3.9/site-packages/airflow/models/serialized_dag.py", line 117, in write_dag
    if session.query(
  File "/usr/local/lib/python3.9/site-packages/sqlalchemy/orm/query.py", line 3523, in scalar
    ret = self.one()
  File "/usr/local/lib/python3.9/site-packages/sqlalchemy/orm/query.py", line 3490, in one
    ret = self.one_or_none()
  File "/usr/local/lib/python3.9/site-packages/sqlalchemy/orm/query.py", line 3459, in one_or_none
    ret = list(self)
  File "/usr/local/lib/python3.9/site-packages/sqlalchemy/orm/query.py", line 3535, in __iter__
    return self._execute_and_instances(context)
  File "/usr/local/lib/python3.9/site-packages/sqlalchemy/orm/query.py", line 3556, in _execute_and_instances
    conn = self._get_bind_args(
  File "/usr/local/lib/python3.9/site-packages/sqlalchemy/orm/query.py", line 3571, in _get_bind_args
    return fn(
  File "/usr/local/lib/python3.9/site-packages/sqlalchemy/orm/query.py", line 3550, in _connection_from_session
    conn = self.session.connection(**kw)
  File "/usr/local/lib/python3.9/site-packages/sqlalchemy/orm/session.py", line 1142, in connection
    return self._connection_for_bind(
  File "/usr/local/lib/python3.9/site-packages/sqlalchemy/orm/session.py", line 1150, in _connection_for_bind
    return self.transaction._connection_for_bind(
  File "/usr/local/lib/python3.9/site-packages/sqlalchemy/orm/session.py", line 433, in _connection_for_bind
    conn = bind._contextual_connect()
  File "/usr/local/lib/python3.9/site-packages/sqlalchemy/engine/base.py", line 2302, in _contextual_connect
    self._wrap_pool_connect(self.pool.connect, None),
  File "/usr/local/lib/python3.9/site-packages/sqlalchemy/engine/base.py", line 2339, in _wrap_pool_connect
    Connection._handle_dbapi_exception_noconnection(
  File "/usr/local/lib/python3.9/site-packages/sqlalchemy/engine/base.py", line 1583, in _handle_dbapi_exception_noconnection
    util.raise_(
  File "/usr/local/lib/python3.9/site-packages/sqlalchemy/util/compat.py", line 182, in raise_
    raise exception
  File "/usr/local/lib/python3.9/site-packages/sqlalchemy/engine/base.py", line 2336, in _wrap_pool_connect
    return fn()
  File "/usr/local/lib/python3.9/site-packages/sqlalchemy/pool/base.py", line 364, in connect
    return _ConnectionFairy._checkout(self)
  File "/usr/local/lib/python3.9/site-packages/sqlalchemy/pool/base.py", line 778, in _checkout
    fairy = _ConnectionRecord.checkout(pool)
  File "/usr/local/lib/python3.9/site-packages/sqlalchemy/pool/base.py", line 495, in checkout
    rec = pool._do_get()
  File "/usr/local/lib/python3.9/site-packages/sqlalchemy/pool/impl.py", line 140, in _do_get
    self._dec_overflow()
  File "/usr/local/lib/python3.9/site-packages/sqlalchemy/util/langhelpers.py", line 68, in __exit__
    compat.raise_(
  File "/usr/local/lib/python3.9/site-packages/sqlalchemy/util/compat.py", line 182, in raise_
    raise exception
  File "/usr/local/lib/python3.9/site-packages/sqlalchemy/pool/impl.py", line 137, in _do_get
    return self._create_connection()
  File "/usr/local/lib/python3.9/site-packages/sqlalchemy/pool/base.py", line 309, in _create_connection
    return _ConnectionRecord(self)
  File "/usr/local/lib/python3.9/site-packages/sqlalchemy/pool/base.py", line 440, in __init__
    self.__connect(first_connect_check=True)
  File "/usr/local/lib/python3.9/site-packages/sqlalchemy/pool/base.py", line 661, in __connect
    pool.logger.debug("Error on connect(): %s", e)
  File "/usr/local/lib/python3.9/site-packages/sqlalchemy/util/langhelpers.py", line 68, in __exit__
    compat.raise_(
  File "/usr/local/lib/python3.9/site-packages/sqlalchemy/util/compat.py", line 182, in raise_
    raise exception
  File "/usr/local/lib/python3.9/site-packages/sqlalchemy/pool/base.py", line 656, in __connect
    connection = pool._invoke_creator(self)
  File "/usr/local/lib/python3.9/site-packages/sqlalchemy/engine/strategies.py", line 114, in connect
    return dialect.connect(*cargs, **cparams)
  File "/usr/local/lib/python3.9/site-packages/sqlalchemy/engine/default.py", line 508, in connect
    return self.dbapi.connect(*cargs, **cparams)
  File "/usr/local/lib/python3.9/site-packages/psycopg2/__init__.py", line 127, in connect
    conn = _connect(dsn, connection_factory=connection_factory, **kwasync)
sqlalchemy.exc.OperationalError: (psycopg2.OperationalError) could not translate host name "postgres" to address: nodename nor servname provided, or not known

(Background on this error at: http://sqlalche.me/e/13/e3q8)
[2021-02-27 10:09:35,015] {scheduler_job.py:182} INFO - Started process (PID=24733) to work on /usr/local/lib/python3.9/site-packages/airflow/example_dags/example_complex.py
[2021-02-27 10:09:35,016] {scheduler_job.py:629} INFO - Processing file /usr/local/lib/python3.9/site-packages/airflow/example_dags/example_complex.py for tasks to queue
[2021-02-27 10:09:35,017] {logging_mixin.py:104} INFO - [2021-02-27 10:09:35,016] {dagbag.py:448} INFO - Filling up the DagBag from /usr/local/lib/python3.9/site-packages/airflow/example_dags/example_complex.py
[2021-02-27 10:09:35,030] {scheduler_job.py:639} INFO - DAG(s) dict_keys(['example_complex']) retrieved from /usr/local/lib/python3.9/site-packages/airflow/example_dags/example_complex.py
[2021-02-27 10:09:36,165] {scheduler_job.py:193} ERROR - Got an exception! Propagating...
Traceback (most recent call last):
  File "/usr/local/lib/python3.9/site-packages/sqlalchemy/engine/base.py", line 2336, in _wrap_pool_connect
    return fn()
  File "/usr/local/lib/python3.9/site-packages/sqlalchemy/pool/base.py", line 364, in connect
    return _ConnectionFairy._checkout(self)
  File "/usr/local/lib/python3.9/site-packages/sqlalchemy/pool/base.py", line 778, in _checkout
    fairy = _ConnectionRecord.checkout(pool)
  File "/usr/local/lib/python3.9/site-packages/sqlalchemy/pool/base.py", line 495, in checkout
    rec = pool._do_get()
  File "/usr/local/lib/python3.9/site-packages/sqlalchemy/pool/impl.py", line 140, in _do_get
    self._dec_overflow()
  File "/usr/local/lib/python3.9/site-packages/sqlalchemy/util/langhelpers.py", line 68, in __exit__
    compat.raise_(
  File "/usr/local/lib/python3.9/site-packages/sqlalchemy/util/compat.py", line 182, in raise_
    raise exception
  File "/usr/local/lib/python3.9/site-packages/sqlalchemy/pool/impl.py", line 137, in _do_get
    return self._create_connection()
  File "/usr/local/lib/python3.9/site-packages/sqlalchemy/pool/base.py", line 309, in _create_connection
    return _ConnectionRecord(self)
  File "/usr/local/lib/python3.9/site-packages/sqlalchemy/pool/base.py", line 440, in __init__
    self.__connect(first_connect_check=True)
  File "/usr/local/lib/python3.9/site-packages/sqlalchemy/pool/base.py", line 661, in __connect
    pool.logger.debug("Error on connect(): %s", e)
  File "/usr/local/lib/python3.9/site-packages/sqlalchemy/util/langhelpers.py", line 68, in __exit__
    compat.raise_(
  File "/usr/local/lib/python3.9/site-packages/sqlalchemy/util/compat.py", line 182, in raise_
    raise exception
  File "/usr/local/lib/python3.9/site-packages/sqlalchemy/pool/base.py", line 656, in __connect
    connection = pool._invoke_creator(self)
  File "/usr/local/lib/python3.9/site-packages/sqlalchemy/engine/strategies.py", line 114, in connect
    return dialect.connect(*cargs, **cparams)
  File "/usr/local/lib/python3.9/site-packages/sqlalchemy/engine/default.py", line 508, in connect
    return self.dbapi.connect(*cargs, **cparams)
  File "/usr/local/lib/python3.9/site-packages/psycopg2/__init__.py", line 127, in connect
    conn = _connect(dsn, connection_factory=connection_factory, **kwasync)
psycopg2.OperationalError: FATAL:  role "karenzhang" does not exist


The above exception was the direct cause of the following exception:

Traceback (most recent call last):
  File "/usr/local/lib/python3.9/site-packages/airflow/jobs/scheduler_job.py", line 184, in _run_file_processor
    result: Tuple[int, int] = dag_file_processor.process_file(
  File "/usr/local/lib/python3.9/site-packages/airflow/utils/session.py", line 65, in wrapper
    return func(*args, session=session, **kwargs)
  File "/usr/local/lib/python3.9/site-packages/airflow/jobs/scheduler_job.py", line 648, in process_file
    dagbag.sync_to_db()
  File "/usr/local/lib/python3.9/site-packages/airflow/utils/session.py", line 65, in wrapper
    return func(*args, session=session, **kwargs)
  File "/usr/local/lib/python3.9/site-packages/airflow/models/dagbag.py", line 552, in sync_to_db
    for attempt in run_with_db_retries(logger=self.log):
  File "/usr/local/lib/python3.9/site-packages/tenacity/__init__.py", line 390, in __iter__
    do = self.iter(retry_state=retry_state)
  File "/usr/local/lib/python3.9/site-packages/tenacity/__init__.py", line 368, in iter
    raise retry_exc.reraise()
  File "/usr/local/lib/python3.9/site-packages/tenacity/__init__.py", line 186, in reraise
    raise self.last_attempt.result()
  File "/usr/local/Cellar/python@3.9/3.9.1_6/Frameworks/Python.framework/Versions/3.9/lib/python3.9/concurrent/futures/_base.py", line 433, in result
    return self.__get_result()
  File "/usr/local/Cellar/python@3.9/3.9.1_6/Frameworks/Python.framework/Versions/3.9/lib/python3.9/concurrent/futures/_base.py", line 389, in __get_result
    raise self._exception
  File "/usr/local/lib/python3.9/site-packages/airflow/models/dagbag.py", line 564, in sync_to_db
    serialize_errors.extend(_serialze_dag_capturing_errors(dag, session))
  File "/usr/local/lib/python3.9/site-packages/airflow/models/dagbag.py", line 538, in _serialze_dag_capturing_errors
    SerializedDagModel.write_dag(
  File "/usr/local/lib/python3.9/site-packages/airflow/utils/session.py", line 62, in wrapper
    return func(*args, **kwargs)
  File "/usr/local/lib/python3.9/site-packages/airflow/models/serialized_dag.py", line 117, in write_dag
    if session.query(
  File "/usr/local/lib/python3.9/site-packages/sqlalchemy/orm/query.py", line 3523, in scalar
    ret = self.one()
  File "/usr/local/lib/python3.9/site-packages/sqlalchemy/orm/query.py", line 3490, in one
    ret = self.one_or_none()
  File "/usr/local/lib/python3.9/site-packages/sqlalchemy/orm/query.py", line 3459, in one_or_none
    ret = list(self)
  File "/usr/local/lib/python3.9/site-packages/sqlalchemy/orm/query.py", line 3535, in __iter__
    return self._execute_and_instances(context)
  File "/usr/local/lib/python3.9/site-packages/sqlalchemy/orm/query.py", line 3556, in _execute_and_instances
    conn = self._get_bind_args(
  File "/usr/local/lib/python3.9/site-packages/sqlalchemy/orm/query.py", line 3571, in _get_bind_args
    return fn(
  File "/usr/local/lib/python3.9/site-packages/sqlalchemy/orm/query.py", line 3550, in _connection_from_session
    conn = self.session.connection(**kw)
  File "/usr/local/lib/python3.9/site-packages/sqlalchemy/orm/session.py", line 1142, in connection
    return self._connection_for_bind(
  File "/usr/local/lib/python3.9/site-packages/sqlalchemy/orm/session.py", line 1150, in _connection_for_bind
    return self.transaction._connection_for_bind(
  File "/usr/local/lib/python3.9/site-packages/sqlalchemy/orm/session.py", line 433, in _connection_for_bind
    conn = bind._contextual_connect()
  File "/usr/local/lib/python3.9/site-packages/sqlalchemy/engine/base.py", line 2302, in _contextual_connect
    self._wrap_pool_connect(self.pool.connect, None),
  File "/usr/local/lib/python3.9/site-packages/sqlalchemy/engine/base.py", line 2339, in _wrap_pool_connect
    Connection._handle_dbapi_exception_noconnection(
  File "/usr/local/lib/python3.9/site-packages/sqlalchemy/engine/base.py", line 1583, in _handle_dbapi_exception_noconnection
    util.raise_(
  File "/usr/local/lib/python3.9/site-packages/sqlalchemy/util/compat.py", line 182, in raise_
    raise exception
  File "/usr/local/lib/python3.9/site-packages/sqlalchemy/engine/base.py", line 2336, in _wrap_pool_connect
    return fn()
  File "/usr/local/lib/python3.9/site-packages/sqlalchemy/pool/base.py", line 364, in connect
    return _ConnectionFairy._checkout(self)
  File "/usr/local/lib/python3.9/site-packages/sqlalchemy/pool/base.py", line 778, in _checkout
    fairy = _ConnectionRecord.checkout(pool)
  File "/usr/local/lib/python3.9/site-packages/sqlalchemy/pool/base.py", line 495, in checkout
    rec = pool._do_get()
  File "/usr/local/lib/python3.9/site-packages/sqlalchemy/pool/impl.py", line 140, in _do_get
    self._dec_overflow()
  File "/usr/local/lib/python3.9/site-packages/sqlalchemy/util/langhelpers.py", line 68, in __exit__
    compat.raise_(
  File "/usr/local/lib/python3.9/site-packages/sqlalchemy/util/compat.py", line 182, in raise_
    raise exception
  File "/usr/local/lib/python3.9/site-packages/sqlalchemy/pool/impl.py", line 137, in _do_get
    return self._create_connection()
  File "/usr/local/lib/python3.9/site-packages/sqlalchemy/pool/base.py", line 309, in _create_connection
    return _ConnectionRecord(self)
  File "/usr/local/lib/python3.9/site-packages/sqlalchemy/pool/base.py", line 440, in __init__
    self.__connect(first_connect_check=True)
  File "/usr/local/lib/python3.9/site-packages/sqlalchemy/pool/base.py", line 661, in __connect
    pool.logger.debug("Error on connect(): %s", e)
  File "/usr/local/lib/python3.9/site-packages/sqlalchemy/util/langhelpers.py", line 68, in __exit__
    compat.raise_(
  File "/usr/local/lib/python3.9/site-packages/sqlalchemy/util/compat.py", line 182, in raise_
    raise exception
  File "/usr/local/lib/python3.9/site-packages/sqlalchemy/pool/base.py", line 656, in __connect
    connection = pool._invoke_creator(self)
  File "/usr/local/lib/python3.9/site-packages/sqlalchemy/engine/strategies.py", line 114, in connect
    return dialect.connect(*cargs, **cparams)
  File "/usr/local/lib/python3.9/site-packages/sqlalchemy/engine/default.py", line 508, in connect
    return self.dbapi.connect(*cargs, **cparams)
  File "/usr/local/lib/python3.9/site-packages/psycopg2/__init__.py", line 127, in connect
    conn = _connect(dsn, connection_factory=connection_factory, **kwasync)
sqlalchemy.exc.OperationalError: (psycopg2.OperationalError) FATAL:  role "karenzhang" does not exist

(Background on this error at: http://sqlalche.me/e/13/e3q8)
[2021-02-27 10:10:46,167] {scheduler_job.py:182} INFO - Started process (PID=24852) to work on /usr/local/lib/python3.9/site-packages/airflow/example_dags/example_complex.py
[2021-02-27 10:10:46,169] {scheduler_job.py:629} INFO - Processing file /usr/local/lib/python3.9/site-packages/airflow/example_dags/example_complex.py for tasks to queue
[2021-02-27 10:10:46,169] {logging_mixin.py:104} INFO - [2021-02-27 10:10:46,169] {dagbag.py:448} INFO - Filling up the DagBag from /usr/local/lib/python3.9/site-packages/airflow/example_dags/example_complex.py
[2021-02-27 10:10:46,180] {scheduler_job.py:639} INFO - DAG(s) dict_keys(['example_complex']) retrieved from /usr/local/lib/python3.9/site-packages/airflow/example_dags/example_complex.py
[2021-02-27 10:10:47,186] {scheduler_job.py:193} ERROR - Got an exception! Propagating...
Traceback (most recent call last):
  File "/usr/local/lib/python3.9/site-packages/sqlalchemy/engine/base.py", line 2336, in _wrap_pool_connect
    return fn()
  File "/usr/local/lib/python3.9/site-packages/sqlalchemy/pool/base.py", line 364, in connect
    return _ConnectionFairy._checkout(self)
  File "/usr/local/lib/python3.9/site-packages/sqlalchemy/pool/base.py", line 778, in _checkout
    fairy = _ConnectionRecord.checkout(pool)
  File "/usr/local/lib/python3.9/site-packages/sqlalchemy/pool/base.py", line 495, in checkout
    rec = pool._do_get()
  File "/usr/local/lib/python3.9/site-packages/sqlalchemy/pool/impl.py", line 140, in _do_get
    self._dec_overflow()
  File "/usr/local/lib/python3.9/site-packages/sqlalchemy/util/langhelpers.py", line 68, in __exit__
    compat.raise_(
  File "/usr/local/lib/python3.9/site-packages/sqlalchemy/util/compat.py", line 182, in raise_
    raise exception
  File "/usr/local/lib/python3.9/site-packages/sqlalchemy/pool/impl.py", line 137, in _do_get
    return self._create_connection()
  File "/usr/local/lib/python3.9/site-packages/sqlalchemy/pool/base.py", line 309, in _create_connection
    return _ConnectionRecord(self)
  File "/usr/local/lib/python3.9/site-packages/sqlalchemy/pool/base.py", line 440, in __init__
    self.__connect(first_connect_check=True)
  File "/usr/local/lib/python3.9/site-packages/sqlalchemy/pool/base.py", line 661, in __connect
    pool.logger.debug("Error on connect(): %s", e)
  File "/usr/local/lib/python3.9/site-packages/sqlalchemy/util/langhelpers.py", line 68, in __exit__
    compat.raise_(
  File "/usr/local/lib/python3.9/site-packages/sqlalchemy/util/compat.py", line 182, in raise_
    raise exception
  File "/usr/local/lib/python3.9/site-packages/sqlalchemy/pool/base.py", line 656, in __connect
    connection = pool._invoke_creator(self)
  File "/usr/local/lib/python3.9/site-packages/sqlalchemy/engine/strategies.py", line 114, in connect
    return dialect.connect(*cargs, **cparams)
  File "/usr/local/lib/python3.9/site-packages/sqlalchemy/engine/default.py", line 508, in connect
    return self.dbapi.connect(*cargs, **cparams)
  File "/usr/local/lib/python3.9/site-packages/psycopg2/__init__.py", line 127, in connect
    conn = _connect(dsn, connection_factory=connection_factory, **kwasync)
psycopg2.OperationalError: FATAL:  role "karenzhang" does not exist


The above exception was the direct cause of the following exception:

Traceback (most recent call last):
  File "/usr/local/lib/python3.9/site-packages/airflow/jobs/scheduler_job.py", line 184, in _run_file_processor
    result: Tuple[int, int] = dag_file_processor.process_file(
  File "/usr/local/lib/python3.9/site-packages/airflow/utils/session.py", line 65, in wrapper
    return func(*args, session=session, **kwargs)
  File "/usr/local/lib/python3.9/site-packages/airflow/jobs/scheduler_job.py", line 648, in process_file
    dagbag.sync_to_db()
  File "/usr/local/lib/python3.9/site-packages/airflow/utils/session.py", line 65, in wrapper
    return func(*args, session=session, **kwargs)
  File "/usr/local/lib/python3.9/site-packages/airflow/models/dagbag.py", line 552, in sync_to_db
    for attempt in run_with_db_retries(logger=self.log):
  File "/usr/local/lib/python3.9/site-packages/tenacity/__init__.py", line 390, in __iter__
    do = self.iter(retry_state=retry_state)
  File "/usr/local/lib/python3.9/site-packages/tenacity/__init__.py", line 368, in iter
    raise retry_exc.reraise()
  File "/usr/local/lib/python3.9/site-packages/tenacity/__init__.py", line 186, in reraise
    raise self.last_attempt.result()
  File "/usr/local/Cellar/python@3.9/3.9.1_6/Frameworks/Python.framework/Versions/3.9/lib/python3.9/concurrent/futures/_base.py", line 433, in result
    return self.__get_result()
  File "/usr/local/Cellar/python@3.9/3.9.1_6/Frameworks/Python.framework/Versions/3.9/lib/python3.9/concurrent/futures/_base.py", line 389, in __get_result
    raise self._exception
  File "/usr/local/lib/python3.9/site-packages/airflow/models/dagbag.py", line 564, in sync_to_db
    serialize_errors.extend(_serialze_dag_capturing_errors(dag, session))
  File "/usr/local/lib/python3.9/site-packages/airflow/models/dagbag.py", line 538, in _serialze_dag_capturing_errors
    SerializedDagModel.write_dag(
  File "/usr/local/lib/python3.9/site-packages/airflow/utils/session.py", line 62, in wrapper
    return func(*args, **kwargs)
  File "/usr/local/lib/python3.9/site-packages/airflow/models/serialized_dag.py", line 117, in write_dag
    if session.query(
  File "/usr/local/lib/python3.9/site-packages/sqlalchemy/orm/query.py", line 3523, in scalar
    ret = self.one()
  File "/usr/local/lib/python3.9/site-packages/sqlalchemy/orm/query.py", line 3490, in one
    ret = self.one_or_none()
  File "/usr/local/lib/python3.9/site-packages/sqlalchemy/orm/query.py", line 3459, in one_or_none
    ret = list(self)
  File "/usr/local/lib/python3.9/site-packages/sqlalchemy/orm/query.py", line 3535, in __iter__
    return self._execute_and_instances(context)
  File "/usr/local/lib/python3.9/site-packages/sqlalchemy/orm/query.py", line 3556, in _execute_and_instances
    conn = self._get_bind_args(
  File "/usr/local/lib/python3.9/site-packages/sqlalchemy/orm/query.py", line 3571, in _get_bind_args
    return fn(
  File "/usr/local/lib/python3.9/site-packages/sqlalchemy/orm/query.py", line 3550, in _connection_from_session
    conn = self.session.connection(**kw)
  File "/usr/local/lib/python3.9/site-packages/sqlalchemy/orm/session.py", line 1142, in connection
    return self._connection_for_bind(
  File "/usr/local/lib/python3.9/site-packages/sqlalchemy/orm/session.py", line 1150, in _connection_for_bind
    return self.transaction._connection_for_bind(
  File "/usr/local/lib/python3.9/site-packages/sqlalchemy/orm/session.py", line 433, in _connection_for_bind
    conn = bind._contextual_connect()
  File "/usr/local/lib/python3.9/site-packages/sqlalchemy/engine/base.py", line 2302, in _contextual_connect
    self._wrap_pool_connect(self.pool.connect, None),
  File "/usr/local/lib/python3.9/site-packages/sqlalchemy/engine/base.py", line 2339, in _wrap_pool_connect
    Connection._handle_dbapi_exception_noconnection(
  File "/usr/local/lib/python3.9/site-packages/sqlalchemy/engine/base.py", line 1583, in _handle_dbapi_exception_noconnection
    util.raise_(
  File "/usr/local/lib/python3.9/site-packages/sqlalchemy/util/compat.py", line 182, in raise_
    raise exception
  File "/usr/local/lib/python3.9/site-packages/sqlalchemy/engine/base.py", line 2336, in _wrap_pool_connect
    return fn()
  File "/usr/local/lib/python3.9/site-packages/sqlalchemy/pool/base.py", line 364, in connect
    return _ConnectionFairy._checkout(self)
  File "/usr/local/lib/python3.9/site-packages/sqlalchemy/pool/base.py", line 778, in _checkout
    fairy = _ConnectionRecord.checkout(pool)
  File "/usr/local/lib/python3.9/site-packages/sqlalchemy/pool/base.py", line 495, in checkout
    rec = pool._do_get()
  File "/usr/local/lib/python3.9/site-packages/sqlalchemy/pool/impl.py", line 140, in _do_get
    self._dec_overflow()
  File "/usr/local/lib/python3.9/site-packages/sqlalchemy/util/langhelpers.py", line 68, in __exit__
    compat.raise_(
  File "/usr/local/lib/python3.9/site-packages/sqlalchemy/util/compat.py", line 182, in raise_
    raise exception
  File "/usr/local/lib/python3.9/site-packages/sqlalchemy/pool/impl.py", line 137, in _do_get
    return self._create_connection()
  File "/usr/local/lib/python3.9/site-packages/sqlalchemy/pool/base.py", line 309, in _create_connection
    return _ConnectionRecord(self)
  File "/usr/local/lib/python3.9/site-packages/sqlalchemy/pool/base.py", line 440, in __init__
    self.__connect(first_connect_check=True)
  File "/usr/local/lib/python3.9/site-packages/sqlalchemy/pool/base.py", line 661, in __connect
    pool.logger.debug("Error on connect(): %s", e)
  File "/usr/local/lib/python3.9/site-packages/sqlalchemy/util/langhelpers.py", line 68, in __exit__
    compat.raise_(
  File "/usr/local/lib/python3.9/site-packages/sqlalchemy/util/compat.py", line 182, in raise_
    raise exception
  File "/usr/local/lib/python3.9/site-packages/sqlalchemy/pool/base.py", line 656, in __connect
    connection = pool._invoke_creator(self)
  File "/usr/local/lib/python3.9/site-packages/sqlalchemy/engine/strategies.py", line 114, in connect
    return dialect.connect(*cargs, **cparams)
  File "/usr/local/lib/python3.9/site-packages/sqlalchemy/engine/default.py", line 508, in connect
    return self.dbapi.connect(*cargs, **cparams)
  File "/usr/local/lib/python3.9/site-packages/psycopg2/__init__.py", line 127, in connect
    conn = _connect(dsn, connection_factory=connection_factory, **kwasync)
sqlalchemy.exc.OperationalError: (psycopg2.OperationalError) FATAL:  role "karenzhang" does not exist

(Background on this error at: http://sqlalche.me/e/13/e3q8)
[2021-02-27 10:11:43,653] {scheduler_job.py:182} INFO - Started process (PID=24967) to work on /usr/local/lib/python3.9/site-packages/airflow/example_dags/example_complex.py
[2021-02-27 10:11:43,655] {scheduler_job.py:629} INFO - Processing file /usr/local/lib/python3.9/site-packages/airflow/example_dags/example_complex.py for tasks to queue
[2021-02-27 10:11:43,656] {logging_mixin.py:104} INFO - [2021-02-27 10:11:43,656] {dagbag.py:448} INFO - Filling up the DagBag from /usr/local/lib/python3.9/site-packages/airflow/example_dags/example_complex.py
[2021-02-27 10:11:43,669] {scheduler_job.py:639} INFO - DAG(s) dict_keys(['example_complex']) retrieved from /usr/local/lib/python3.9/site-packages/airflow/example_dags/example_complex.py
[2021-02-27 10:11:43,686] {logging_mixin.py:104} INFO - [2021-02-27 10:11:43,686] {dag.py:1818} INFO - Sync 1 DAGs
[2021-02-27 10:11:43,718] {logging_mixin.py:104} INFO - [2021-02-27 10:11:43,718] {dag.py:2273} INFO - Setting next_dagrun for example_complex to None
[2021-02-27 10:11:43,725] {scheduler_job.py:190} INFO - Processing /usr/local/lib/python3.9/site-packages/airflow/example_dags/example_complex.py took 0.073 seconds
[2021-02-27 10:12:30,299] {scheduler_job.py:182} INFO - Started process (PID=25027) to work on /usr/local/lib/python3.9/site-packages/airflow/example_dags/example_complex.py
[2021-02-27 10:12:30,301] {scheduler_job.py:629} INFO - Processing file /usr/local/lib/python3.9/site-packages/airflow/example_dags/example_complex.py for tasks to queue
[2021-02-27 10:12:30,301] {logging_mixin.py:104} INFO - [2021-02-27 10:12:30,301] {dagbag.py:448} INFO - Filling up the DagBag from /usr/local/lib/python3.9/site-packages/airflow/example_dags/example_complex.py
[2021-02-27 10:12:30,313] {scheduler_job.py:639} INFO - DAG(s) dict_keys(['example_complex']) retrieved from /usr/local/lib/python3.9/site-packages/airflow/example_dags/example_complex.py
[2021-02-27 10:12:30,359] {logging_mixin.py:104} INFO - [2021-02-27 10:12:30,359] {dag.py:1818} INFO - Sync 1 DAGs
[2021-02-27 10:12:30,369] {logging_mixin.py:104} INFO - [2021-02-27 10:12:30,369] {dag.py:2273} INFO - Setting next_dagrun for example_complex to None
[2021-02-27 10:12:30,380] {scheduler_job.py:190} INFO - Processing /usr/local/lib/python3.9/site-packages/airflow/example_dags/example_complex.py took 0.081 seconds
[2021-02-27 10:12:59,294] {scheduler_job.py:182} INFO - Started process (PID=25104) to work on /usr/local/lib/python3.9/site-packages/airflow/example_dags/example_complex.py
[2021-02-27 10:12:59,295] {scheduler_job.py:629} INFO - Processing file /usr/local/lib/python3.9/site-packages/airflow/example_dags/example_complex.py for tasks to queue
[2021-02-27 10:12:59,295] {logging_mixin.py:104} INFO - [2021-02-27 10:12:59,295] {dagbag.py:448} INFO - Filling up the DagBag from /usr/local/lib/python3.9/site-packages/airflow/example_dags/example_complex.py
[2021-02-27 10:12:59,310] {scheduler_job.py:639} INFO - DAG(s) dict_keys(['example_complex']) retrieved from /usr/local/lib/python3.9/site-packages/airflow/example_dags/example_complex.py
[2021-02-27 10:12:59,337] {logging_mixin.py:104} INFO - [2021-02-27 10:12:59,336] {dag.py:1818} INFO - Sync 1 DAGs
[2021-02-27 10:12:59,404] {logging_mixin.py:104} INFO - [2021-02-27 10:12:59,404] {dag.py:2273} INFO - Setting next_dagrun for example_complex to None
[2021-02-27 10:12:59,417] {scheduler_job.py:190} INFO - Processing /usr/local/lib/python3.9/site-packages/airflow/example_dags/example_complex.py took 0.125 seconds
[2021-02-27 10:13:19,125] {scheduler_job.py:182} INFO - Started process (PID=25190) to work on /usr/local/lib/python3.9/site-packages/airflow/example_dags/example_complex.py
[2021-02-27 10:13:19,126] {scheduler_job.py:629} INFO - Processing file /usr/local/lib/python3.9/site-packages/airflow/example_dags/example_complex.py for tasks to queue
[2021-02-27 10:13:19,127] {logging_mixin.py:104} INFO - [2021-02-27 10:13:19,127] {dagbag.py:448} INFO - Filling up the DagBag from /usr/local/lib/python3.9/site-packages/airflow/example_dags/example_complex.py
[2021-02-27 10:13:19,140] {scheduler_job.py:639} INFO - DAG(s) dict_keys(['example_complex']) retrieved from /usr/local/lib/python3.9/site-packages/airflow/example_dags/example_complex.py
[2021-02-27 10:13:19,190] {logging_mixin.py:104} INFO - [2021-02-27 10:13:19,190] {dag.py:1818} INFO - Sync 1 DAGs
[2021-02-27 10:13:19,201] {logging_mixin.py:104} INFO - [2021-02-27 10:13:19,200] {dag.py:2273} INFO - Setting next_dagrun for example_complex to None
[2021-02-27 10:13:19,214] {scheduler_job.py:190} INFO - Processing /usr/local/lib/python3.9/site-packages/airflow/example_dags/example_complex.py took 0.090 seconds
[2021-02-27 10:13:30,776] {scheduler_job.py:182} INFO - Started process (PID=25213) to work on /usr/local/lib/python3.9/site-packages/airflow/example_dags/example_complex.py
[2021-02-27 10:13:30,777] {scheduler_job.py:629} INFO - Processing file /usr/local/lib/python3.9/site-packages/airflow/example_dags/example_complex.py for tasks to queue
[2021-02-27 10:13:30,777] {logging_mixin.py:104} INFO - [2021-02-27 10:13:30,777] {dagbag.py:448} INFO - Filling up the DagBag from /usr/local/lib/python3.9/site-packages/airflow/example_dags/example_complex.py
[2021-02-27 10:13:30,790] {scheduler_job.py:639} INFO - DAG(s) dict_keys(['example_complex']) retrieved from /usr/local/lib/python3.9/site-packages/airflow/example_dags/example_complex.py
[2021-02-27 10:13:30,807] {logging_mixin.py:104} INFO - [2021-02-27 10:13:30,807] {dag.py:1818} INFO - Sync 1 DAGs
[2021-02-27 10:13:30,844] {logging_mixin.py:104} INFO - [2021-02-27 10:13:30,844] {dag.py:2273} INFO - Setting next_dagrun for example_complex to None
[2021-02-27 10:13:30,851] {scheduler_job.py:190} INFO - Processing /usr/local/lib/python3.9/site-packages/airflow/example_dags/example_complex.py took 0.076 seconds
[2021-02-27 10:14:02,065] {scheduler_job.py:182} INFO - Started process (PID=25301) to work on /usr/local/lib/python3.9/site-packages/airflow/example_dags/example_complex.py
[2021-02-27 10:14:02,065] {scheduler_job.py:629} INFO - Processing file /usr/local/lib/python3.9/site-packages/airflow/example_dags/example_complex.py for tasks to queue
[2021-02-27 10:14:02,066] {logging_mixin.py:104} INFO - [2021-02-27 10:14:02,066] {dagbag.py:448} INFO - Filling up the DagBag from /usr/local/lib/python3.9/site-packages/airflow/example_dags/example_complex.py
[2021-02-27 10:14:02,079] {scheduler_job.py:639} INFO - DAG(s) dict_keys(['example_complex']) retrieved from /usr/local/lib/python3.9/site-packages/airflow/example_dags/example_complex.py
[2021-02-27 10:14:02,134] {logging_mixin.py:104} INFO - [2021-02-27 10:14:02,134] {dag.py:1818} INFO - Sync 1 DAGs
[2021-02-27 10:14:02,146] {logging_mixin.py:104} INFO - [2021-02-27 10:14:02,145] {dag.py:2273} INFO - Setting next_dagrun for example_complex to None
[2021-02-27 10:14:02,156] {scheduler_job.py:190} INFO - Processing /usr/local/lib/python3.9/site-packages/airflow/example_dags/example_complex.py took 0.093 seconds
[2021-02-27 10:14:08,777] {scheduler_job.py:182} INFO - Started process (PID=25333) to work on /usr/local/lib/python3.9/site-packages/airflow/example_dags/example_complex.py
[2021-02-27 10:14:08,778] {scheduler_job.py:629} INFO - Processing file /usr/local/lib/python3.9/site-packages/airflow/example_dags/example_complex.py for tasks to queue
[2021-02-27 10:14:08,778] {logging_mixin.py:104} INFO - [2021-02-27 10:14:08,778] {dagbag.py:448} INFO - Filling up the DagBag from /usr/local/lib/python3.9/site-packages/airflow/example_dags/example_complex.py
[2021-02-27 10:14:08,789] {scheduler_job.py:639} INFO - DAG(s) dict_keys(['example_complex']) retrieved from /usr/local/lib/python3.9/site-packages/airflow/example_dags/example_complex.py
[2021-02-27 10:14:08,806] {logging_mixin.py:104} INFO - [2021-02-27 10:14:08,806] {dag.py:1818} INFO - Sync 1 DAGs
[2021-02-27 10:14:08,838] {logging_mixin.py:104} INFO - [2021-02-27 10:14:08,838] {dag.py:2273} INFO - Setting next_dagrun for example_complex to None
[2021-02-27 10:14:08,846] {scheduler_job.py:190} INFO - Processing /usr/local/lib/python3.9/site-packages/airflow/example_dags/example_complex.py took 0.070 seconds
[2021-02-27 10:14:33,494] {scheduler_job.py:182} INFO - Started process (PID=25394) to work on /usr/local/lib/python3.9/site-packages/airflow/example_dags/example_complex.py
[2021-02-27 10:14:33,495] {scheduler_job.py:629} INFO - Processing file /usr/local/lib/python3.9/site-packages/airflow/example_dags/example_complex.py for tasks to queue
[2021-02-27 10:14:33,495] {logging_mixin.py:104} INFO - [2021-02-27 10:14:33,495] {dagbag.py:448} INFO - Filling up the DagBag from /usr/local/lib/python3.9/site-packages/airflow/example_dags/example_complex.py
[2021-02-27 10:14:33,507] {scheduler_job.py:639} INFO - DAG(s) dict_keys(['example_complex']) retrieved from /usr/local/lib/python3.9/site-packages/airflow/example_dags/example_complex.py
[2021-02-27 10:14:33,557] {logging_mixin.py:104} INFO - [2021-02-27 10:14:33,556] {dag.py:1818} INFO - Sync 1 DAGs
[2021-02-27 10:14:33,569] {logging_mixin.py:104} INFO - [2021-02-27 10:14:33,568] {dag.py:2273} INFO - Setting next_dagrun for example_complex to None
[2021-02-27 10:14:33,578] {scheduler_job.py:190} INFO - Processing /usr/local/lib/python3.9/site-packages/airflow/example_dags/example_complex.py took 0.085 seconds
[2021-02-27 10:14:54,263] {scheduler_job.py:182} INFO - Started process (PID=25458) to work on /usr/local/lib/python3.9/site-packages/airflow/example_dags/example_complex.py
[2021-02-27 10:14:54,264] {scheduler_job.py:629} INFO - Processing file /usr/local/lib/python3.9/site-packages/airflow/example_dags/example_complex.py for tasks to queue
[2021-02-27 10:14:54,264] {logging_mixin.py:104} INFO - [2021-02-27 10:14:54,264] {dagbag.py:448} INFO - Filling up the DagBag from /usr/local/lib/python3.9/site-packages/airflow/example_dags/example_complex.py
[2021-02-27 10:14:54,275] {scheduler_job.py:639} INFO - DAG(s) dict_keys(['example_complex']) retrieved from /usr/local/lib/python3.9/site-packages/airflow/example_dags/example_complex.py
[2021-02-27 10:14:54,292] {logging_mixin.py:104} INFO - [2021-02-27 10:14:54,292] {dag.py:1818} INFO - Sync 1 DAGs
[2021-02-27 10:14:54,324] {logging_mixin.py:104} INFO - [2021-02-27 10:14:54,324] {dag.py:2273} INFO - Setting next_dagrun for example_complex to None
[2021-02-27 10:14:54,332] {scheduler_job.py:190} INFO - Processing /usr/local/lib/python3.9/site-packages/airflow/example_dags/example_complex.py took 0.069 seconds
[2021-02-27 10:15:05,976] {scheduler_job.py:182} INFO - Started process (PID=25481) to work on /usr/local/lib/python3.9/site-packages/airflow/example_dags/example_complex.py
[2021-02-27 10:15:05,977] {scheduler_job.py:629} INFO - Processing file /usr/local/lib/python3.9/site-packages/airflow/example_dags/example_complex.py for tasks to queue
[2021-02-27 10:15:05,977] {logging_mixin.py:104} INFO - [2021-02-27 10:15:05,977] {dagbag.py:448} INFO - Filling up the DagBag from /usr/local/lib/python3.9/site-packages/airflow/example_dags/example_complex.py
[2021-02-27 10:15:05,991] {scheduler_job.py:639} INFO - DAG(s) dict_keys(['example_complex']) retrieved from /usr/local/lib/python3.9/site-packages/airflow/example_dags/example_complex.py
[2021-02-27 10:15:06,061] {logging_mixin.py:104} INFO - [2021-02-27 10:15:06,061] {dag.py:1818} INFO - Sync 1 DAGs
[2021-02-27 10:15:06,073] {logging_mixin.py:104} INFO - [2021-02-27 10:15:06,073] {dag.py:2273} INFO - Setting next_dagrun for example_complex to None
[2021-02-27 10:15:06,087] {scheduler_job.py:190} INFO - Processing /usr/local/lib/python3.9/site-packages/airflow/example_dags/example_complex.py took 0.112 seconds
[2021-02-27 10:15:37,304] {scheduler_job.py:182} INFO - Started process (PID=25572) to work on /usr/local/lib/python3.9/site-packages/airflow/example_dags/example_complex.py
[2021-02-27 10:15:37,305] {scheduler_job.py:629} INFO - Processing file /usr/local/lib/python3.9/site-packages/airflow/example_dags/example_complex.py for tasks to queue
[2021-02-27 10:15:37,305] {logging_mixin.py:104} INFO - [2021-02-27 10:15:37,305] {dagbag.py:448} INFO - Filling up the DagBag from /usr/local/lib/python3.9/site-packages/airflow/example_dags/example_complex.py
[2021-02-27 10:15:37,318] {scheduler_job.py:639} INFO - DAG(s) dict_keys(['example_complex']) retrieved from /usr/local/lib/python3.9/site-packages/airflow/example_dags/example_complex.py
[2021-02-27 10:15:37,369] {logging_mixin.py:104} INFO - [2021-02-27 10:15:37,369] {dag.py:1818} INFO - Sync 1 DAGs
[2021-02-27 10:15:37,381] {logging_mixin.py:104} INFO - [2021-02-27 10:15:37,380] {dag.py:2273} INFO - Setting next_dagrun for example_complex to None
[2021-02-27 10:15:37,391] {scheduler_job.py:190} INFO - Processing /usr/local/lib/python3.9/site-packages/airflow/example_dags/example_complex.py took 0.088 seconds
[2021-02-27 10:15:38,108] {scheduler_job.py:182} INFO - Started process (PID=25574) to work on /usr/local/lib/python3.9/site-packages/airflow/example_dags/example_complex.py
[2021-02-27 10:15:38,109] {scheduler_job.py:629} INFO - Processing file /usr/local/lib/python3.9/site-packages/airflow/example_dags/example_complex.py for tasks to queue
[2021-02-27 10:15:38,109] {logging_mixin.py:104} INFO - [2021-02-27 10:15:38,109] {dagbag.py:448} INFO - Filling up the DagBag from /usr/local/lib/python3.9/site-packages/airflow/example_dags/example_complex.py
[2021-02-27 10:15:38,121] {scheduler_job.py:639} INFO - DAG(s) dict_keys(['example_complex']) retrieved from /usr/local/lib/python3.9/site-packages/airflow/example_dags/example_complex.py
[2021-02-27 10:15:38,139] {logging_mixin.py:104} INFO - [2021-02-27 10:15:38,139] {dag.py:1818} INFO - Sync 1 DAGs
[2021-02-27 10:15:38,177] {logging_mixin.py:104} INFO - [2021-02-27 10:15:38,177] {dag.py:2273} INFO - Setting next_dagrun for example_complex to None
[2021-02-27 10:15:38,184] {scheduler_job.py:190} INFO - Processing /usr/local/lib/python3.9/site-packages/airflow/example_dags/example_complex.py took 0.077 seconds
[2021-02-27 10:16:09,040] {scheduler_job.py:182} INFO - Started process (PID=25664) to work on /usr/local/lib/python3.9/site-packages/airflow/example_dags/example_complex.py
[2021-02-27 10:16:09,040] {scheduler_job.py:629} INFO - Processing file /usr/local/lib/python3.9/site-packages/airflow/example_dags/example_complex.py for tasks to queue
[2021-02-27 10:16:09,041] {logging_mixin.py:104} INFO - [2021-02-27 10:16:09,041] {dagbag.py:448} INFO - Filling up the DagBag from /usr/local/lib/python3.9/site-packages/airflow/example_dags/example_complex.py
[2021-02-27 10:16:09,053] {scheduler_job.py:639} INFO - DAG(s) dict_keys(['example_complex']) retrieved from /usr/local/lib/python3.9/site-packages/airflow/example_dags/example_complex.py
[2021-02-27 10:16:09,107] {logging_mixin.py:104} INFO - [2021-02-27 10:16:09,107] {dag.py:1818} INFO - Sync 1 DAGs
[2021-02-27 10:16:09,117] {logging_mixin.py:104} INFO - [2021-02-27 10:16:09,117] {dag.py:2273} INFO - Setting next_dagrun for example_complex to None
[2021-02-27 10:16:09,127] {scheduler_job.py:190} INFO - Processing /usr/local/lib/python3.9/site-packages/airflow/example_dags/example_complex.py took 0.088 seconds
[2021-02-27 10:16:21,825] {scheduler_job.py:182} INFO - Started process (PID=25720) to work on /usr/local/lib/python3.9/site-packages/airflow/example_dags/example_complex.py
[2021-02-27 10:16:21,825] {scheduler_job.py:629} INFO - Processing file /usr/local/lib/python3.9/site-packages/airflow/example_dags/example_complex.py for tasks to queue
[2021-02-27 10:16:21,826] {logging_mixin.py:104} INFO - [2021-02-27 10:16:21,826] {dagbag.py:448} INFO - Filling up the DagBag from /usr/local/lib/python3.9/site-packages/airflow/example_dags/example_complex.py
[2021-02-27 10:16:21,838] {scheduler_job.py:639} INFO - DAG(s) dict_keys(['example_complex']) retrieved from /usr/local/lib/python3.9/site-packages/airflow/example_dags/example_complex.py
[2021-02-27 10:16:21,855] {logging_mixin.py:104} INFO - [2021-02-27 10:16:21,855] {dag.py:1818} INFO - Sync 1 DAGs
[2021-02-27 10:16:21,895] {logging_mixin.py:104} INFO - [2021-02-27 10:16:21,895] {dag.py:2273} INFO - Setting next_dagrun for example_complex to None
[2021-02-27 10:16:21,903] {scheduler_job.py:190} INFO - Processing /usr/local/lib/python3.9/site-packages/airflow/example_dags/example_complex.py took 0.079 seconds
[2021-02-27 10:16:40,735] {scheduler_job.py:182} INFO - Started process (PID=25754) to work on /usr/local/lib/python3.9/site-packages/airflow/example_dags/example_complex.py
[2021-02-27 10:16:40,736] {scheduler_job.py:629} INFO - Processing file /usr/local/lib/python3.9/site-packages/airflow/example_dags/example_complex.py for tasks to queue
[2021-02-27 10:16:40,737] {logging_mixin.py:104} INFO - [2021-02-27 10:16:40,737] {dagbag.py:448} INFO - Filling up the DagBag from /usr/local/lib/python3.9/site-packages/airflow/example_dags/example_complex.py
[2021-02-27 10:16:40,749] {scheduler_job.py:639} INFO - DAG(s) dict_keys(['example_complex']) retrieved from /usr/local/lib/python3.9/site-packages/airflow/example_dags/example_complex.py
[2021-02-27 10:16:40,809] {logging_mixin.py:104} INFO - [2021-02-27 10:16:40,808] {dag.py:1818} INFO - Sync 1 DAGs
[2021-02-27 10:16:40,820] {logging_mixin.py:104} INFO - [2021-02-27 10:16:40,819] {dag.py:2273} INFO - Setting next_dagrun for example_complex to None
[2021-02-27 10:16:40,830] {scheduler_job.py:190} INFO - Processing /usr/local/lib/python3.9/site-packages/airflow/example_dags/example_complex.py took 0.096 seconds
[2021-02-27 10:17:05,557] {scheduler_job.py:182} INFO - Started process (PID=25826) to work on /usr/local/lib/python3.9/site-packages/airflow/example_dags/example_complex.py
[2021-02-27 10:17:05,558] {scheduler_job.py:629} INFO - Processing file /usr/local/lib/python3.9/site-packages/airflow/example_dags/example_complex.py for tasks to queue
[2021-02-27 10:17:05,558] {logging_mixin.py:104} INFO - [2021-02-27 10:17:05,558] {dagbag.py:448} INFO - Filling up the DagBag from /usr/local/lib/python3.9/site-packages/airflow/example_dags/example_complex.py
[2021-02-27 10:17:05,571] {scheduler_job.py:639} INFO - DAG(s) dict_keys(['example_complex']) retrieved from /usr/local/lib/python3.9/site-packages/airflow/example_dags/example_complex.py
[2021-02-27 10:17:05,589] {logging_mixin.py:104} INFO - [2021-02-27 10:17:05,589] {dag.py:1818} INFO - Sync 1 DAGs
[2021-02-27 10:17:05,625] {logging_mixin.py:104} INFO - [2021-02-27 10:17:05,625] {dag.py:2273} INFO - Setting next_dagrun for example_complex to None
[2021-02-27 10:17:05,632] {scheduler_job.py:190} INFO - Processing /usr/local/lib/python3.9/site-packages/airflow/example_dags/example_complex.py took 0.076 seconds
[2021-02-27 10:17:12,166] {scheduler_job.py:182} INFO - Started process (PID=25852) to work on /usr/local/lib/python3.9/site-packages/airflow/example_dags/example_complex.py
[2021-02-27 10:17:12,167] {scheduler_job.py:629} INFO - Processing file /usr/local/lib/python3.9/site-packages/airflow/example_dags/example_complex.py for tasks to queue
[2021-02-27 10:17:12,168] {logging_mixin.py:104} INFO - [2021-02-27 10:17:12,167] {dagbag.py:448} INFO - Filling up the DagBag from /usr/local/lib/python3.9/site-packages/airflow/example_dags/example_complex.py
[2021-02-27 10:17:12,179] {scheduler_job.py:639} INFO - DAG(s) dict_keys(['example_complex']) retrieved from /usr/local/lib/python3.9/site-packages/airflow/example_dags/example_complex.py
[2021-02-27 10:17:12,232] {logging_mixin.py:104} INFO - [2021-02-27 10:17:12,232] {dag.py:1818} INFO - Sync 1 DAGs
[2021-02-27 10:17:12,244] {logging_mixin.py:104} INFO - [2021-02-27 10:17:12,243] {dag.py:2273} INFO - Setting next_dagrun for example_complex to None
[2021-02-27 10:17:12,255] {scheduler_job.py:190} INFO - Processing /usr/local/lib/python3.9/site-packages/airflow/example_dags/example_complex.py took 0.089 seconds
[2021-02-27 10:17:43,616] {scheduler_job.py:182} INFO - Started process (PID=25941) to work on /usr/local/lib/python3.9/site-packages/airflow/example_dags/example_complex.py
[2021-02-27 10:17:43,617] {scheduler_job.py:629} INFO - Processing file /usr/local/lib/python3.9/site-packages/airflow/example_dags/example_complex.py for tasks to queue
[2021-02-27 10:17:43,617] {logging_mixin.py:104} INFO - [2021-02-27 10:17:43,617] {dagbag.py:448} INFO - Filling up the DagBag from /usr/local/lib/python3.9/site-packages/airflow/example_dags/example_complex.py
[2021-02-27 10:17:43,628] {scheduler_job.py:639} INFO - DAG(s) dict_keys(['example_complex']) retrieved from /usr/local/lib/python3.9/site-packages/airflow/example_dags/example_complex.py
[2021-02-27 10:17:43,676] {logging_mixin.py:104} INFO - [2021-02-27 10:17:43,676] {dag.py:1818} INFO - Sync 1 DAGs
[2021-02-27 10:17:43,687] {logging_mixin.py:104} INFO - [2021-02-27 10:17:43,687] {dag.py:2273} INFO - Setting next_dagrun for example_complex to None
[2021-02-27 10:17:43,698] {scheduler_job.py:190} INFO - Processing /usr/local/lib/python3.9/site-packages/airflow/example_dags/example_complex.py took 0.083 seconds
[2021-02-27 10:17:48,563] {scheduler_job.py:182} INFO - Started process (PID=25963) to work on /usr/local/lib/python3.9/site-packages/airflow/example_dags/example_complex.py
[2021-02-27 10:17:48,564] {scheduler_job.py:629} INFO - Processing file /usr/local/lib/python3.9/site-packages/airflow/example_dags/example_complex.py for tasks to queue
[2021-02-27 10:17:48,564] {logging_mixin.py:104} INFO - [2021-02-27 10:17:48,564] {dagbag.py:448} INFO - Filling up the DagBag from /usr/local/lib/python3.9/site-packages/airflow/example_dags/example_complex.py
[2021-02-27 10:17:48,575] {scheduler_job.py:639} INFO - DAG(s) dict_keys(['example_complex']) retrieved from /usr/local/lib/python3.9/site-packages/airflow/example_dags/example_complex.py
[2021-02-27 10:17:48,593] {logging_mixin.py:104} INFO - [2021-02-27 10:17:48,592] {dag.py:1818} INFO - Sync 1 DAGs
[2021-02-27 10:17:48,627] {logging_mixin.py:104} INFO - [2021-02-27 10:17:48,627] {dag.py:2273} INFO - Setting next_dagrun for example_complex to None
[2021-02-27 10:17:48,635] {scheduler_job.py:190} INFO - Processing /usr/local/lib/python3.9/site-packages/airflow/example_dags/example_complex.py took 0.072 seconds
[2021-02-27 10:18:14,787] {scheduler_job.py:182} INFO - Started process (PID=26034) to work on /usr/local/lib/python3.9/site-packages/airflow/example_dags/example_complex.py
[2021-02-27 10:18:14,787] {scheduler_job.py:629} INFO - Processing file /usr/local/lib/python3.9/site-packages/airflow/example_dags/example_complex.py for tasks to queue
[2021-02-27 10:18:14,788] {logging_mixin.py:104} INFO - [2021-02-27 10:18:14,788] {dagbag.py:448} INFO - Filling up the DagBag from /usr/local/lib/python3.9/site-packages/airflow/example_dags/example_complex.py
[2021-02-27 10:18:14,799] {scheduler_job.py:639} INFO - DAG(s) dict_keys(['example_complex']) retrieved from /usr/local/lib/python3.9/site-packages/airflow/example_dags/example_complex.py
[2021-02-27 10:18:14,849] {logging_mixin.py:104} INFO - [2021-02-27 10:18:14,849] {dag.py:1818} INFO - Sync 1 DAGs
[2021-02-27 10:18:14,859] {logging_mixin.py:104} INFO - [2021-02-27 10:18:14,859] {dag.py:2273} INFO - Setting next_dagrun for example_complex to None
[2021-02-27 10:18:14,870] {scheduler_job.py:190} INFO - Processing /usr/local/lib/python3.9/site-packages/airflow/example_dags/example_complex.py took 0.084 seconds
[2021-02-27 10:18:31,783] {scheduler_job.py:182} INFO - Started process (PID=26098) to work on /usr/local/lib/python3.9/site-packages/airflow/example_dags/example_complex.py
[2021-02-27 10:18:31,784] {scheduler_job.py:629} INFO - Processing file /usr/local/lib/python3.9/site-packages/airflow/example_dags/example_complex.py for tasks to queue
[2021-02-27 10:18:31,784] {logging_mixin.py:104} INFO - [2021-02-27 10:18:31,784] {dagbag.py:448} INFO - Filling up the DagBag from /usr/local/lib/python3.9/site-packages/airflow/example_dags/example_complex.py
[2021-02-27 10:18:31,794] {scheduler_job.py:639} INFO - DAG(s) dict_keys(['example_complex']) retrieved from /usr/local/lib/python3.9/site-packages/airflow/example_dags/example_complex.py
[2021-02-27 10:18:31,812] {logging_mixin.py:104} INFO - [2021-02-27 10:18:31,812] {dag.py:1818} INFO - Sync 1 DAGs
[2021-02-27 10:18:31,845] {logging_mixin.py:104} INFO - [2021-02-27 10:18:31,845] {dag.py:2273} INFO - Setting next_dagrun for example_complex to None
[2021-02-27 10:18:31,852] {scheduler_job.py:190} INFO - Processing /usr/local/lib/python3.9/site-packages/airflow/example_dags/example_complex.py took 0.070 seconds
[2021-02-27 10:18:46,013] {scheduler_job.py:182} INFO - Started process (PID=26125) to work on /usr/local/lib/python3.9/site-packages/airflow/example_dags/example_complex.py
[2021-02-27 10:18:46,013] {scheduler_job.py:629} INFO - Processing file /usr/local/lib/python3.9/site-packages/airflow/example_dags/example_complex.py for tasks to queue
[2021-02-27 10:18:46,014] {logging_mixin.py:104} INFO - [2021-02-27 10:18:46,014] {dagbag.py:448} INFO - Filling up the DagBag from /usr/local/lib/python3.9/site-packages/airflow/example_dags/example_complex.py
[2021-02-27 10:18:46,025] {scheduler_job.py:639} INFO - DAG(s) dict_keys(['example_complex']) retrieved from /usr/local/lib/python3.9/site-packages/airflow/example_dags/example_complex.py
[2021-02-27 10:18:46,075] {logging_mixin.py:104} INFO - [2021-02-27 10:18:46,075] {dag.py:1818} INFO - Sync 1 DAGs
[2021-02-27 10:18:46,086] {logging_mixin.py:104} INFO - [2021-02-27 10:18:46,086] {dag.py:2273} INFO - Setting next_dagrun for example_complex to None
[2021-02-27 10:18:46,096] {scheduler_job.py:190} INFO - Processing /usr/local/lib/python3.9/site-packages/airflow/example_dags/example_complex.py took 0.084 seconds
[2021-02-27 10:19:15,604] {scheduler_job.py:182} INFO - Started process (PID=26418) to work on /usr/local/lib/python3.9/site-packages/airflow/example_dags/example_complex.py
[2021-02-27 10:19:15,605] {scheduler_job.py:629} INFO - Processing file /usr/local/lib/python3.9/site-packages/airflow/example_dags/example_complex.py for tasks to queue
[2021-02-27 10:19:15,605] {logging_mixin.py:104} INFO - [2021-02-27 10:19:15,605] {dagbag.py:448} INFO - Filling up the DagBag from /usr/local/lib/python3.9/site-packages/airflow/example_dags/example_complex.py
[2021-02-27 10:19:15,618] {scheduler_job.py:639} INFO - DAG(s) dict_keys(['example_complex']) retrieved from /usr/local/lib/python3.9/site-packages/airflow/example_dags/example_complex.py
[2021-02-27 10:19:15,636] {logging_mixin.py:104} INFO - [2021-02-27 10:19:15,636] {dag.py:1818} INFO - Sync 1 DAGs
[2021-02-27 10:19:15,670] {logging_mixin.py:104} INFO - [2021-02-27 10:19:15,670] {dag.py:2273} INFO - Setting next_dagrun for example_complex to None
[2021-02-27 10:19:15,677] {scheduler_job.py:190} INFO - Processing /usr/local/lib/python3.9/site-packages/airflow/example_dags/example_complex.py took 0.074 seconds
[2021-02-27 10:19:17,117] {scheduler_job.py:182} INFO - Started process (PID=26428) to work on /usr/local/lib/python3.9/site-packages/airflow/example_dags/example_complex.py
[2021-02-27 10:19:17,118] {scheduler_job.py:629} INFO - Processing file /usr/local/lib/python3.9/site-packages/airflow/example_dags/example_complex.py for tasks to queue
[2021-02-27 10:19:17,118] {logging_mixin.py:104} INFO - [2021-02-27 10:19:17,118] {dagbag.py:448} INFO - Filling up the DagBag from /usr/local/lib/python3.9/site-packages/airflow/example_dags/example_complex.py
[2021-02-27 10:19:17,129] {scheduler_job.py:639} INFO - DAG(s) dict_keys(['example_complex']) retrieved from /usr/local/lib/python3.9/site-packages/airflow/example_dags/example_complex.py
[2021-02-27 10:19:17,185] {logging_mixin.py:104} INFO - [2021-02-27 10:19:17,184] {dag.py:1818} INFO - Sync 1 DAGs
[2021-02-27 10:19:17,196] {logging_mixin.py:104} INFO - [2021-02-27 10:19:17,196] {dag.py:2273} INFO - Setting next_dagrun for example_complex to None
[2021-02-27 10:19:17,207] {scheduler_job.py:190} INFO - Processing /usr/local/lib/python3.9/site-packages/airflow/example_dags/example_complex.py took 0.090 seconds
[2021-02-27 10:19:48,554] {scheduler_job.py:182} INFO - Started process (PID=26524) to work on /usr/local/lib/python3.9/site-packages/airflow/example_dags/example_complex.py
[2021-02-27 10:19:48,555] {scheduler_job.py:629} INFO - Processing file /usr/local/lib/python3.9/site-packages/airflow/example_dags/example_complex.py for tasks to queue
[2021-02-27 10:19:48,555] {logging_mixin.py:104} INFO - [2021-02-27 10:19:48,555] {dagbag.py:448} INFO - Filling up the DagBag from /usr/local/lib/python3.9/site-packages/airflow/example_dags/example_complex.py
[2021-02-27 10:19:48,568] {scheduler_job.py:639} INFO - DAG(s) dict_keys(['example_complex']) retrieved from /usr/local/lib/python3.9/site-packages/airflow/example_dags/example_complex.py
[2021-02-27 10:19:48,622] {logging_mixin.py:104} INFO - [2021-02-27 10:19:48,622] {dag.py:1818} INFO - Sync 1 DAGs
[2021-02-27 10:19:48,635] {logging_mixin.py:104} INFO - [2021-02-27 10:19:48,635] {dag.py:2273} INFO - Setting next_dagrun for example_complex to None
[2021-02-27 10:19:48,644] {scheduler_job.py:190} INFO - Processing /usr/local/lib/python3.9/site-packages/airflow/example_dags/example_complex.py took 0.092 seconds
