[2021-02-27 09:12:41,048] {scheduler_job.py:182} INFO - Started process (PID=21758) to work on /usr/local/lib/python3.9/site-packages/airflow/example_dags/example_passing_params_via_test_command.py
[2021-02-27 09:12:41,049] {scheduler_job.py:629} INFO - Processing file /usr/local/lib/python3.9/site-packages/airflow/example_dags/example_passing_params_via_test_command.py for tasks to queue
[2021-02-27 09:12:41,049] {logging_mixin.py:104} INFO - [2021-02-27 09:12:41,049] {dagbag.py:448} INFO - Filling up the DagBag from /usr/local/lib/python3.9/site-packages/airflow/example_dags/example_passing_params_via_test_command.py
[2021-02-27 09:12:41,059] {scheduler_job.py:639} INFO - DAG(s) dict_keys(['example_passing_params_via_test_command']) retrieved from /usr/local/lib/python3.9/site-packages/airflow/example_dags/example_passing_params_via_test_command.py
[2021-02-27 09:12:41,087] {logging_mixin.py:104} INFO - [2021-02-27 09:12:41,087] {dag.py:1818} INFO - Sync 1 DAGs
[2021-02-27 09:12:41,105] {logging_mixin.py:104} INFO - [2021-02-27 09:12:41,105] {dag.py:2273} INFO - Setting next_dagrun for example_passing_params_via_test_command to 2021-02-26 00:00:00+00:00
[2021-02-27 09:12:41,110] {scheduler_job.py:190} INFO - Processing /usr/local/lib/python3.9/site-packages/airflow/example_dags/example_passing_params_via_test_command.py took 0.062 seconds
[2021-02-27 09:13:27,942] {scheduler_job.py:182} INFO - Started process (PID=21788) to work on /usr/local/lib/python3.9/site-packages/airflow/example_dags/example_passing_params_via_test_command.py
[2021-02-27 09:13:27,943] {scheduler_job.py:629} INFO - Processing file /usr/local/lib/python3.9/site-packages/airflow/example_dags/example_passing_params_via_test_command.py for tasks to queue
[2021-02-27 09:13:27,944] {logging_mixin.py:104} INFO - [2021-02-27 09:13:27,944] {dagbag.py:448} INFO - Filling up the DagBag from /usr/local/lib/python3.9/site-packages/airflow/example_dags/example_passing_params_via_test_command.py
[2021-02-27 09:13:27,953] {scheduler_job.py:639} INFO - DAG(s) dict_keys(['example_passing_params_via_test_command']) retrieved from /usr/local/lib/python3.9/site-packages/airflow/example_dags/example_passing_params_via_test_command.py
[2021-02-27 09:13:27,981] {logging_mixin.py:104} INFO - [2021-02-27 09:13:27,981] {dag.py:1818} INFO - Sync 1 DAGs
[2021-02-27 09:13:28,000] {logging_mixin.py:104} INFO - [2021-02-27 09:13:28,000] {dag.py:2273} INFO - Setting next_dagrun for example_passing_params_via_test_command to 2021-02-26 00:00:00+00:00
[2021-02-27 09:13:28,005] {scheduler_job.py:190} INFO - Processing /usr/local/lib/python3.9/site-packages/airflow/example_dags/example_passing_params_via_test_command.py took 0.064 seconds
[2021-02-27 09:14:17,229] {scheduler_job.py:182} INFO - Started process (PID=21824) to work on /usr/local/lib/python3.9/site-packages/airflow/example_dags/example_passing_params_via_test_command.py
[2021-02-27 09:14:17,229] {scheduler_job.py:629} INFO - Processing file /usr/local/lib/python3.9/site-packages/airflow/example_dags/example_passing_params_via_test_command.py for tasks to queue
[2021-02-27 09:14:17,229] {logging_mixin.py:104} INFO - [2021-02-27 09:14:17,229] {dagbag.py:448} INFO - Filling up the DagBag from /usr/local/lib/python3.9/site-packages/airflow/example_dags/example_passing_params_via_test_command.py
[2021-02-27 09:14:17,237] {scheduler_job.py:639} INFO - DAG(s) dict_keys(['example_passing_params_via_test_command']) retrieved from /usr/local/lib/python3.9/site-packages/airflow/example_dags/example_passing_params_via_test_command.py
[2021-02-27 09:14:17,269] {logging_mixin.py:104} INFO - [2021-02-27 09:14:17,269] {dag.py:1818} INFO - Sync 1 DAGs
[2021-02-27 09:14:17,290] {logging_mixin.py:104} INFO - [2021-02-27 09:14:17,290] {dag.py:2273} INFO - Setting next_dagrun for example_passing_params_via_test_command to 2021-02-26 00:00:00+00:00
[2021-02-27 09:14:17,296] {scheduler_job.py:190} INFO - Processing /usr/local/lib/python3.9/site-packages/airflow/example_dags/example_passing_params_via_test_command.py took 0.068 seconds
[2021-02-27 09:14:53,133] {scheduler_job.py:182} INFO - Started process (PID=21860) to work on /usr/local/lib/python3.9/site-packages/airflow/example_dags/example_passing_params_via_test_command.py
[2021-02-27 09:14:53,134] {scheduler_job.py:629} INFO - Processing file /usr/local/lib/python3.9/site-packages/airflow/example_dags/example_passing_params_via_test_command.py for tasks to queue
[2021-02-27 09:14:53,134] {logging_mixin.py:104} INFO - [2021-02-27 09:14:53,134] {dagbag.py:448} INFO - Filling up the DagBag from /usr/local/lib/python3.9/site-packages/airflow/example_dags/example_passing_params_via_test_command.py
[2021-02-27 09:14:53,143] {scheduler_job.py:639} INFO - DAG(s) dict_keys(['example_passing_params_via_test_command']) retrieved from /usr/local/lib/python3.9/site-packages/airflow/example_dags/example_passing_params_via_test_command.py
[2021-02-27 09:14:53,173] {logging_mixin.py:104} INFO - [2021-02-27 09:14:53,172] {dag.py:1818} INFO - Sync 1 DAGs
[2021-02-27 09:14:53,193] {logging_mixin.py:104} INFO - [2021-02-27 09:14:53,193] {dag.py:2273} INFO - Setting next_dagrun for example_passing_params_via_test_command to 2021-02-26 00:00:00+00:00
[2021-02-27 09:14:53,198] {scheduler_job.py:190} INFO - Processing /usr/local/lib/python3.9/site-packages/airflow/example_dags/example_passing_params_via_test_command.py took 0.065 seconds
[2021-02-27 09:15:27,104] {scheduler_job.py:182} INFO - Started process (PID=21898) to work on /usr/local/lib/python3.9/site-packages/airflow/example_dags/example_passing_params_via_test_command.py
[2021-02-27 09:15:27,104] {scheduler_job.py:629} INFO - Processing file /usr/local/lib/python3.9/site-packages/airflow/example_dags/example_passing_params_via_test_command.py for tasks to queue
[2021-02-27 09:15:27,104] {logging_mixin.py:104} INFO - [2021-02-27 09:15:27,104] {dagbag.py:448} INFO - Filling up the DagBag from /usr/local/lib/python3.9/site-packages/airflow/example_dags/example_passing_params_via_test_command.py
[2021-02-27 09:15:27,113] {scheduler_job.py:639} INFO - DAG(s) dict_keys(['example_passing_params_via_test_command']) retrieved from /usr/local/lib/python3.9/site-packages/airflow/example_dags/example_passing_params_via_test_command.py
[2021-02-27 09:15:27,142] {logging_mixin.py:104} INFO - [2021-02-27 09:15:27,142] {dag.py:1818} INFO - Sync 1 DAGs
[2021-02-27 09:15:27,163] {logging_mixin.py:104} INFO - [2021-02-27 09:15:27,163] {dag.py:2273} INFO - Setting next_dagrun for example_passing_params_via_test_command to 2021-02-26 00:00:00+00:00
[2021-02-27 09:15:27,168] {scheduler_job.py:190} INFO - Processing /usr/local/lib/python3.9/site-packages/airflow/example_dags/example_passing_params_via_test_command.py took 0.065 seconds
[2021-02-27 09:15:50,844] {scheduler_job.py:182} INFO - Started process (PID=21930) to work on /usr/local/lib/python3.9/site-packages/airflow/example_dags/example_passing_params_via_test_command.py
[2021-02-27 09:15:50,845] {scheduler_job.py:629} INFO - Processing file /usr/local/lib/python3.9/site-packages/airflow/example_dags/example_passing_params_via_test_command.py for tasks to queue
[2021-02-27 09:15:50,845] {logging_mixin.py:104} INFO - [2021-02-27 09:15:50,845] {dagbag.py:448} INFO - Filling up the DagBag from /usr/local/lib/python3.9/site-packages/airflow/example_dags/example_passing_params_via_test_command.py
[2021-02-27 09:15:50,854] {scheduler_job.py:639} INFO - DAG(s) dict_keys(['example_passing_params_via_test_command']) retrieved from /usr/local/lib/python3.9/site-packages/airflow/example_dags/example_passing_params_via_test_command.py
[2021-02-27 09:15:50,882] {logging_mixin.py:104} INFO - [2021-02-27 09:15:50,882] {dag.py:1818} INFO - Sync 1 DAGs
[2021-02-27 09:15:50,903] {logging_mixin.py:104} INFO - [2021-02-27 09:15:50,903] {dag.py:2273} INFO - Setting next_dagrun for example_passing_params_via_test_command to 2021-02-26 00:00:00+00:00
[2021-02-27 09:15:50,908] {scheduler_job.py:190} INFO - Processing /usr/local/lib/python3.9/site-packages/airflow/example_dags/example_passing_params_via_test_command.py took 0.065 seconds
[2021-02-27 09:16:45,357] {scheduler_job.py:182} INFO - Started process (PID=21984) to work on /usr/local/lib/python3.9/site-packages/airflow/example_dags/example_passing_params_via_test_command.py
[2021-02-27 09:16:45,358] {scheduler_job.py:629} INFO - Processing file /usr/local/lib/python3.9/site-packages/airflow/example_dags/example_passing_params_via_test_command.py for tasks to queue
[2021-02-27 09:16:45,358] {logging_mixin.py:104} INFO - [2021-02-27 09:16:45,358] {dagbag.py:448} INFO - Filling up the DagBag from /usr/local/lib/python3.9/site-packages/airflow/example_dags/example_passing_params_via_test_command.py
[2021-02-27 09:16:45,368] {scheduler_job.py:639} INFO - DAG(s) dict_keys(['example_passing_params_via_test_command']) retrieved from /usr/local/lib/python3.9/site-packages/airflow/example_dags/example_passing_params_via_test_command.py
[2021-02-27 09:16:45,397] {logging_mixin.py:104} INFO - [2021-02-27 09:16:45,397] {dag.py:1818} INFO - Sync 1 DAGs
[2021-02-27 09:16:45,417] {logging_mixin.py:104} INFO - [2021-02-27 09:16:45,417] {dag.py:2273} INFO - Setting next_dagrun for example_passing_params_via_test_command to 2021-02-26 00:00:00+00:00
[2021-02-27 09:16:45,423] {scheduler_job.py:190} INFO - Processing /usr/local/lib/python3.9/site-packages/airflow/example_dags/example_passing_params_via_test_command.py took 0.067 seconds
[2021-02-27 09:17:35,696] {scheduler_job.py:182} INFO - Started process (PID=22030) to work on /usr/local/lib/python3.9/site-packages/airflow/example_dags/example_passing_params_via_test_command.py
[2021-02-27 09:17:35,697] {scheduler_job.py:629} INFO - Processing file /usr/local/lib/python3.9/site-packages/airflow/example_dags/example_passing_params_via_test_command.py for tasks to queue
[2021-02-27 09:17:35,698] {logging_mixin.py:104} INFO - [2021-02-27 09:17:35,698] {dagbag.py:448} INFO - Filling up the DagBag from /usr/local/lib/python3.9/site-packages/airflow/example_dags/example_passing_params_via_test_command.py
[2021-02-27 09:17:35,708] {scheduler_job.py:639} INFO - DAG(s) dict_keys(['example_passing_params_via_test_command']) retrieved from /usr/local/lib/python3.9/site-packages/airflow/example_dags/example_passing_params_via_test_command.py
[2021-02-27 09:17:35,738] {logging_mixin.py:104} INFO - [2021-02-27 09:17:35,738] {dag.py:1818} INFO - Sync 1 DAGs
[2021-02-27 09:17:35,759] {logging_mixin.py:104} INFO - [2021-02-27 09:17:35,759] {dag.py:2273} INFO - Setting next_dagrun for example_passing_params_via_test_command to 2021-02-26 00:00:00+00:00
[2021-02-27 09:17:35,765] {scheduler_job.py:190} INFO - Processing /usr/local/lib/python3.9/site-packages/airflow/example_dags/example_passing_params_via_test_command.py took 0.069 seconds
[2021-02-27 09:18:33,164] {scheduler_job.py:182} INFO - Started process (PID=22089) to work on /usr/local/lib/python3.9/site-packages/airflow/example_dags/example_passing_params_via_test_command.py
[2021-02-27 09:18:33,165] {scheduler_job.py:629} INFO - Processing file /usr/local/lib/python3.9/site-packages/airflow/example_dags/example_passing_params_via_test_command.py for tasks to queue
[2021-02-27 09:18:33,166] {logging_mixin.py:104} INFO - [2021-02-27 09:18:33,166] {dagbag.py:448} INFO - Filling up the DagBag from /usr/local/lib/python3.9/site-packages/airflow/example_dags/example_passing_params_via_test_command.py
[2021-02-27 09:18:33,184] {scheduler_job.py:639} INFO - DAG(s) dict_keys(['example_passing_params_via_test_command']) retrieved from /usr/local/lib/python3.9/site-packages/airflow/example_dags/example_passing_params_via_test_command.py
[2021-02-27 09:18:33,255] {logging_mixin.py:104} INFO - [2021-02-27 09:18:33,255] {dag.py:1818} INFO - Sync 1 DAGs
[2021-02-27 09:18:33,279] {logging_mixin.py:104} INFO - [2021-02-27 09:18:33,279] {dag.py:2273} INFO - Setting next_dagrun for example_passing_params_via_test_command to 2021-02-26 00:00:00+00:00
[2021-02-27 09:18:33,284] {scheduler_job.py:190} INFO - Processing /usr/local/lib/python3.9/site-packages/airflow/example_dags/example_passing_params_via_test_command.py took 0.122 seconds
[2021-02-27 09:19:29,455] {scheduler_job.py:182} INFO - Started process (PID=22147) to work on /usr/local/lib/python3.9/site-packages/airflow/example_dags/example_passing_params_via_test_command.py
[2021-02-27 09:19:29,456] {scheduler_job.py:629} INFO - Processing file /usr/local/lib/python3.9/site-packages/airflow/example_dags/example_passing_params_via_test_command.py for tasks to queue
[2021-02-27 09:19:29,456] {logging_mixin.py:104} INFO - [2021-02-27 09:19:29,456] {dagbag.py:448} INFO - Filling up the DagBag from /usr/local/lib/python3.9/site-packages/airflow/example_dags/example_passing_params_via_test_command.py
[2021-02-27 09:19:29,466] {scheduler_job.py:639} INFO - DAG(s) dict_keys(['example_passing_params_via_test_command']) retrieved from /usr/local/lib/python3.9/site-packages/airflow/example_dags/example_passing_params_via_test_command.py
[2021-02-27 09:19:29,530] {logging_mixin.py:104} INFO - [2021-02-27 09:19:29,530] {dag.py:1818} INFO - Sync 1 DAGs
[2021-02-27 09:19:29,575] {logging_mixin.py:104} INFO - [2021-02-27 09:19:29,575] {dag.py:2273} INFO - Setting next_dagrun for example_passing_params_via_test_command to 2021-02-26 00:00:00+00:00
[2021-02-27 09:19:29,582] {scheduler_job.py:190} INFO - Processing /usr/local/lib/python3.9/site-packages/airflow/example_dags/example_passing_params_via_test_command.py took 0.128 seconds
[2021-02-27 09:20:28,338] {scheduler_job.py:182} INFO - Started process (PID=22196) to work on /usr/local/lib/python3.9/site-packages/airflow/example_dags/example_passing_params_via_test_command.py
[2021-02-27 09:20:28,339] {scheduler_job.py:629} INFO - Processing file /usr/local/lib/python3.9/site-packages/airflow/example_dags/example_passing_params_via_test_command.py for tasks to queue
[2021-02-27 09:20:28,339] {logging_mixin.py:104} INFO - [2021-02-27 09:20:28,339] {dagbag.py:448} INFO - Filling up the DagBag from /usr/local/lib/python3.9/site-packages/airflow/example_dags/example_passing_params_via_test_command.py
[2021-02-27 09:20:28,348] {scheduler_job.py:639} INFO - DAG(s) dict_keys(['example_passing_params_via_test_command']) retrieved from /usr/local/lib/python3.9/site-packages/airflow/example_dags/example_passing_params_via_test_command.py
[2021-02-27 09:20:28,378] {logging_mixin.py:104} INFO - [2021-02-27 09:20:28,378] {dag.py:1818} INFO - Sync 1 DAGs
[2021-02-27 09:20:28,399] {logging_mixin.py:104} INFO - [2021-02-27 09:20:28,399] {dag.py:2273} INFO - Setting next_dagrun for example_passing_params_via_test_command to 2021-02-26 00:00:00+00:00
[2021-02-27 09:20:28,404] {scheduler_job.py:190} INFO - Processing /usr/local/lib/python3.9/site-packages/airflow/example_dags/example_passing_params_via_test_command.py took 0.067 seconds
[2021-02-27 09:21:19,315] {scheduler_job.py:182} INFO - Started process (PID=22235) to work on /usr/local/lib/python3.9/site-packages/airflow/example_dags/example_passing_params_via_test_command.py
[2021-02-27 09:21:19,316] {scheduler_job.py:629} INFO - Processing file /usr/local/lib/python3.9/site-packages/airflow/example_dags/example_passing_params_via_test_command.py for tasks to queue
[2021-02-27 09:21:19,316] {logging_mixin.py:104} INFO - [2021-02-27 09:21:19,316] {dagbag.py:448} INFO - Filling up the DagBag from /usr/local/lib/python3.9/site-packages/airflow/example_dags/example_passing_params_via_test_command.py
[2021-02-27 09:21:19,327] {scheduler_job.py:639} INFO - DAG(s) dict_keys(['example_passing_params_via_test_command']) retrieved from /usr/local/lib/python3.9/site-packages/airflow/example_dags/example_passing_params_via_test_command.py
[2021-02-27 09:21:19,358] {logging_mixin.py:104} INFO - [2021-02-27 09:21:19,358] {dag.py:1818} INFO - Sync 1 DAGs
[2021-02-27 09:21:19,381] {logging_mixin.py:104} INFO - [2021-02-27 09:21:19,381] {dag.py:2273} INFO - Setting next_dagrun for example_passing_params_via_test_command to 2021-02-26 00:00:00+00:00
[2021-02-27 09:21:19,387] {scheduler_job.py:190} INFO - Processing /usr/local/lib/python3.9/site-packages/airflow/example_dags/example_passing_params_via_test_command.py took 0.073 seconds
[2021-02-27 09:22:16,170] {scheduler_job.py:182} INFO - Started process (PID=22275) to work on /usr/local/lib/python3.9/site-packages/airflow/example_dags/example_passing_params_via_test_command.py
[2021-02-27 09:22:16,172] {scheduler_job.py:629} INFO - Processing file /usr/local/lib/python3.9/site-packages/airflow/example_dags/example_passing_params_via_test_command.py for tasks to queue
[2021-02-27 09:22:16,172] {logging_mixin.py:104} INFO - [2021-02-27 09:22:16,172] {dagbag.py:448} INFO - Filling up the DagBag from /usr/local/lib/python3.9/site-packages/airflow/example_dags/example_passing_params_via_test_command.py
[2021-02-27 09:22:16,182] {scheduler_job.py:639} INFO - DAG(s) dict_keys(['example_passing_params_via_test_command']) retrieved from /usr/local/lib/python3.9/site-packages/airflow/example_dags/example_passing_params_via_test_command.py
[2021-02-27 09:22:16,211] {logging_mixin.py:104} INFO - [2021-02-27 09:22:16,210] {dag.py:1818} INFO - Sync 1 DAGs
[2021-02-27 09:22:16,231] {logging_mixin.py:104} INFO - [2021-02-27 09:22:16,231] {dag.py:2273} INFO - Setting next_dagrun for example_passing_params_via_test_command to 2021-02-26 00:00:00+00:00
[2021-02-27 09:22:16,236] {scheduler_job.py:190} INFO - Processing /usr/local/lib/python3.9/site-packages/airflow/example_dags/example_passing_params_via_test_command.py took 0.066 seconds
[2021-02-27 09:23:05,534] {scheduler_job.py:182} INFO - Started process (PID=22309) to work on /usr/local/lib/python3.9/site-packages/airflow/example_dags/example_passing_params_via_test_command.py
[2021-02-27 09:23:05,535] {scheduler_job.py:629} INFO - Processing file /usr/local/lib/python3.9/site-packages/airflow/example_dags/example_passing_params_via_test_command.py for tasks to queue
[2021-02-27 09:23:05,536] {logging_mixin.py:104} INFO - [2021-02-27 09:23:05,536] {dagbag.py:448} INFO - Filling up the DagBag from /usr/local/lib/python3.9/site-packages/airflow/example_dags/example_passing_params_via_test_command.py
[2021-02-27 09:23:05,546] {scheduler_job.py:639} INFO - DAG(s) dict_keys(['example_passing_params_via_test_command']) retrieved from /usr/local/lib/python3.9/site-packages/airflow/example_dags/example_passing_params_via_test_command.py
[2021-02-27 09:23:05,575] {logging_mixin.py:104} INFO - [2021-02-27 09:23:05,575] {dag.py:1818} INFO - Sync 1 DAGs
[2021-02-27 09:23:05,596] {logging_mixin.py:104} INFO - [2021-02-27 09:23:05,595] {dag.py:2273} INFO - Setting next_dagrun for example_passing_params_via_test_command to 2021-02-26 00:00:00+00:00
[2021-02-27 09:23:05,601] {scheduler_job.py:190} INFO - Processing /usr/local/lib/python3.9/site-packages/airflow/example_dags/example_passing_params_via_test_command.py took 0.067 seconds
[2021-02-27 09:23:58,313] {scheduler_job.py:182} INFO - Started process (PID=22357) to work on /usr/local/lib/python3.9/site-packages/airflow/example_dags/example_passing_params_via_test_command.py
[2021-02-27 09:23:58,314] {scheduler_job.py:629} INFO - Processing file /usr/local/lib/python3.9/site-packages/airflow/example_dags/example_passing_params_via_test_command.py for tasks to queue
[2021-02-27 09:23:58,315] {logging_mixin.py:104} INFO - [2021-02-27 09:23:58,315] {dagbag.py:448} INFO - Filling up the DagBag from /usr/local/lib/python3.9/site-packages/airflow/example_dags/example_passing_params_via_test_command.py
[2021-02-27 09:23:58,329] {scheduler_job.py:639} INFO - DAG(s) dict_keys(['example_passing_params_via_test_command']) retrieved from /usr/local/lib/python3.9/site-packages/airflow/example_dags/example_passing_params_via_test_command.py
[2021-02-27 09:23:58,362] {logging_mixin.py:104} INFO - [2021-02-27 09:23:58,362] {dag.py:1818} INFO - Sync 1 DAGs
[2021-02-27 09:23:58,387] {logging_mixin.py:104} INFO - [2021-02-27 09:23:58,387] {dag.py:2273} INFO - Setting next_dagrun for example_passing_params_via_test_command to 2021-02-26 00:00:00+00:00
[2021-02-27 09:23:58,394] {scheduler_job.py:190} INFO - Processing /usr/local/lib/python3.9/site-packages/airflow/example_dags/example_passing_params_via_test_command.py took 0.081 seconds
[2021-02-27 09:25:00,327] {scheduler_job.py:182} INFO - Started process (PID=22408) to work on /usr/local/lib/python3.9/site-packages/airflow/example_dags/example_passing_params_via_test_command.py
[2021-02-27 09:25:00,328] {scheduler_job.py:629} INFO - Processing file /usr/local/lib/python3.9/site-packages/airflow/example_dags/example_passing_params_via_test_command.py for tasks to queue
[2021-02-27 09:25:00,329] {logging_mixin.py:104} INFO - [2021-02-27 09:25:00,329] {dagbag.py:448} INFO - Filling up the DagBag from /usr/local/lib/python3.9/site-packages/airflow/example_dags/example_passing_params_via_test_command.py
[2021-02-27 09:25:00,339] {scheduler_job.py:639} INFO - DAG(s) dict_keys(['example_passing_params_via_test_command']) retrieved from /usr/local/lib/python3.9/site-packages/airflow/example_dags/example_passing_params_via_test_command.py
[2021-02-27 09:25:00,370] {logging_mixin.py:104} INFO - [2021-02-27 09:25:00,370] {dag.py:1818} INFO - Sync 1 DAGs
[2021-02-27 09:25:00,392] {logging_mixin.py:104} INFO - [2021-02-27 09:25:00,391] {dag.py:2273} INFO - Setting next_dagrun for example_passing_params_via_test_command to 2021-02-26 00:00:00+00:00
[2021-02-27 09:25:00,397] {scheduler_job.py:190} INFO - Processing /usr/local/lib/python3.9/site-packages/airflow/example_dags/example_passing_params_via_test_command.py took 0.071 seconds
[2021-02-27 09:25:53,174] {scheduler_job.py:182} INFO - Started process (PID=22450) to work on /usr/local/lib/python3.9/site-packages/airflow/example_dags/example_passing_params_via_test_command.py
[2021-02-27 09:25:53,174] {scheduler_job.py:629} INFO - Processing file /usr/local/lib/python3.9/site-packages/airflow/example_dags/example_passing_params_via_test_command.py for tasks to queue
[2021-02-27 09:25:53,174] {logging_mixin.py:104} INFO - [2021-02-27 09:25:53,174] {dagbag.py:448} INFO - Filling up the DagBag from /usr/local/lib/python3.9/site-packages/airflow/example_dags/example_passing_params_via_test_command.py
[2021-02-27 09:25:53,182] {scheduler_job.py:639} INFO - DAG(s) dict_keys(['example_passing_params_via_test_command']) retrieved from /usr/local/lib/python3.9/site-packages/airflow/example_dags/example_passing_params_via_test_command.py
[2021-02-27 09:25:53,211] {logging_mixin.py:104} INFO - [2021-02-27 09:25:53,211] {dag.py:1818} INFO - Sync 1 DAGs
[2021-02-27 09:25:53,233] {logging_mixin.py:104} INFO - [2021-02-27 09:25:53,232] {dag.py:2273} INFO - Setting next_dagrun for example_passing_params_via_test_command to 2021-02-26 00:00:00+00:00
[2021-02-27 09:25:53,238] {scheduler_job.py:190} INFO - Processing /usr/local/lib/python3.9/site-packages/airflow/example_dags/example_passing_params_via_test_command.py took 0.065 seconds
[2021-02-27 09:26:44,121] {scheduler_job.py:182} INFO - Started process (PID=22491) to work on /usr/local/lib/python3.9/site-packages/airflow/example_dags/example_passing_params_via_test_command.py
[2021-02-27 09:26:44,122] {scheduler_job.py:629} INFO - Processing file /usr/local/lib/python3.9/site-packages/airflow/example_dags/example_passing_params_via_test_command.py for tasks to queue
[2021-02-27 09:26:44,122] {logging_mixin.py:104} INFO - [2021-02-27 09:26:44,122] {dagbag.py:448} INFO - Filling up the DagBag from /usr/local/lib/python3.9/site-packages/airflow/example_dags/example_passing_params_via_test_command.py
[2021-02-27 09:26:44,130] {scheduler_job.py:639} INFO - DAG(s) dict_keys(['example_passing_params_via_test_command']) retrieved from /usr/local/lib/python3.9/site-packages/airflow/example_dags/example_passing_params_via_test_command.py
[2021-02-27 09:26:44,159] {logging_mixin.py:104} INFO - [2021-02-27 09:26:44,159] {dag.py:1818} INFO - Sync 1 DAGs
[2021-02-27 09:26:44,179] {logging_mixin.py:104} INFO - [2021-02-27 09:26:44,179] {dag.py:2273} INFO - Setting next_dagrun for example_passing_params_via_test_command to 2021-02-26 00:00:00+00:00
[2021-02-27 09:26:44,185] {scheduler_job.py:190} INFO - Processing /usr/local/lib/python3.9/site-packages/airflow/example_dags/example_passing_params_via_test_command.py took 0.065 seconds
[2021-02-27 09:27:36,721] {scheduler_job.py:182} INFO - Started process (PID=22539) to work on /usr/local/lib/python3.9/site-packages/airflow/example_dags/example_passing_params_via_test_command.py
[2021-02-27 09:27:36,721] {scheduler_job.py:629} INFO - Processing file /usr/local/lib/python3.9/site-packages/airflow/example_dags/example_passing_params_via_test_command.py for tasks to queue
[2021-02-27 09:27:36,721] {logging_mixin.py:104} INFO - [2021-02-27 09:27:36,721] {dagbag.py:448} INFO - Filling up the DagBag from /usr/local/lib/python3.9/site-packages/airflow/example_dags/example_passing_params_via_test_command.py
[2021-02-27 09:27:36,730] {scheduler_job.py:639} INFO - DAG(s) dict_keys(['example_passing_params_via_test_command']) retrieved from /usr/local/lib/python3.9/site-packages/airflow/example_dags/example_passing_params_via_test_command.py
[2021-02-27 09:27:36,760] {logging_mixin.py:104} INFO - [2021-02-27 09:27:36,760] {dag.py:1818} INFO - Sync 1 DAGs
[2021-02-27 09:27:36,781] {logging_mixin.py:104} INFO - [2021-02-27 09:27:36,781] {dag.py:2273} INFO - Setting next_dagrun for example_passing_params_via_test_command to 2021-02-26 00:00:00+00:00
[2021-02-27 09:27:36,786] {scheduler_job.py:190} INFO - Processing /usr/local/lib/python3.9/site-packages/airflow/example_dags/example_passing_params_via_test_command.py took 0.066 seconds
[2021-02-27 09:28:27,144] {scheduler_job.py:182} INFO - Started process (PID=22574) to work on /usr/local/lib/python3.9/site-packages/airflow/example_dags/example_passing_params_via_test_command.py
[2021-02-27 09:28:27,144] {scheduler_job.py:629} INFO - Processing file /usr/local/lib/python3.9/site-packages/airflow/example_dags/example_passing_params_via_test_command.py for tasks to queue
[2021-02-27 09:28:27,145] {logging_mixin.py:104} INFO - [2021-02-27 09:28:27,145] {dagbag.py:448} INFO - Filling up the DagBag from /usr/local/lib/python3.9/site-packages/airflow/example_dags/example_passing_params_via_test_command.py
[2021-02-27 09:28:27,153] {scheduler_job.py:639} INFO - DAG(s) dict_keys(['example_passing_params_via_test_command']) retrieved from /usr/local/lib/python3.9/site-packages/airflow/example_dags/example_passing_params_via_test_command.py
[2021-02-27 09:28:27,180] {logging_mixin.py:104} INFO - [2021-02-27 09:28:27,179] {dag.py:1818} INFO - Sync 1 DAGs
[2021-02-27 09:28:27,198] {logging_mixin.py:104} INFO - [2021-02-27 09:28:27,198] {dag.py:2273} INFO - Setting next_dagrun for example_passing_params_via_test_command to 2021-02-26 00:00:00+00:00
[2021-02-27 09:28:27,203] {scheduler_job.py:190} INFO - Processing /usr/local/lib/python3.9/site-packages/airflow/example_dags/example_passing_params_via_test_command.py took 0.060 seconds
[2021-02-27 09:29:13,977] {scheduler_job.py:182} INFO - Started process (PID=22608) to work on /usr/local/lib/python3.9/site-packages/airflow/example_dags/example_passing_params_via_test_command.py
[2021-02-27 09:29:13,977] {scheduler_job.py:629} INFO - Processing file /usr/local/lib/python3.9/site-packages/airflow/example_dags/example_passing_params_via_test_command.py for tasks to queue
[2021-02-27 09:29:13,977] {logging_mixin.py:104} INFO - [2021-02-27 09:29:13,977] {dagbag.py:448} INFO - Filling up the DagBag from /usr/local/lib/python3.9/site-packages/airflow/example_dags/example_passing_params_via_test_command.py
[2021-02-27 09:29:13,986] {scheduler_job.py:639} INFO - DAG(s) dict_keys(['example_passing_params_via_test_command']) retrieved from /usr/local/lib/python3.9/site-packages/airflow/example_dags/example_passing_params_via_test_command.py
[2021-02-27 09:29:14,014] {logging_mixin.py:104} INFO - [2021-02-27 09:29:14,014] {dag.py:1818} INFO - Sync 1 DAGs
[2021-02-27 09:29:14,033] {logging_mixin.py:104} INFO - [2021-02-27 09:29:14,033] {dag.py:2273} INFO - Setting next_dagrun for example_passing_params_via_test_command to 2021-02-26 00:00:00+00:00
[2021-02-27 09:29:14,038] {scheduler_job.py:190} INFO - Processing /usr/local/lib/python3.9/site-packages/airflow/example_dags/example_passing_params_via_test_command.py took 0.062 seconds
[2021-02-27 09:30:10,773] {scheduler_job.py:182} INFO - Started process (PID=22658) to work on /usr/local/lib/python3.9/site-packages/airflow/example_dags/example_passing_params_via_test_command.py
[2021-02-27 09:30:10,773] {scheduler_job.py:629} INFO - Processing file /usr/local/lib/python3.9/site-packages/airflow/example_dags/example_passing_params_via_test_command.py for tasks to queue
[2021-02-27 09:30:10,774] {logging_mixin.py:104} INFO - [2021-02-27 09:30:10,774] {dagbag.py:448} INFO - Filling up the DagBag from /usr/local/lib/python3.9/site-packages/airflow/example_dags/example_passing_params_via_test_command.py
[2021-02-27 09:30:10,783] {scheduler_job.py:639} INFO - DAG(s) dict_keys(['example_passing_params_via_test_command']) retrieved from /usr/local/lib/python3.9/site-packages/airflow/example_dags/example_passing_params_via_test_command.py
[2021-02-27 09:30:10,815] {logging_mixin.py:104} INFO - [2021-02-27 09:30:10,815] {dag.py:1818} INFO - Sync 1 DAGs
[2021-02-27 09:30:10,838] {logging_mixin.py:104} INFO - [2021-02-27 09:30:10,838] {dag.py:2273} INFO - Setting next_dagrun for example_passing_params_via_test_command to 2021-02-26 00:00:00+00:00
[2021-02-27 09:30:10,843] {scheduler_job.py:190} INFO - Processing /usr/local/lib/python3.9/site-packages/airflow/example_dags/example_passing_params_via_test_command.py took 0.071 seconds
[2021-02-27 09:31:09,559] {scheduler_job.py:182} INFO - Started process (PID=22698) to work on /usr/local/lib/python3.9/site-packages/airflow/example_dags/example_passing_params_via_test_command.py
[2021-02-27 09:31:09,560] {scheduler_job.py:629} INFO - Processing file /usr/local/lib/python3.9/site-packages/airflow/example_dags/example_passing_params_via_test_command.py for tasks to queue
[2021-02-27 09:31:09,560] {logging_mixin.py:104} INFO - [2021-02-27 09:31:09,560] {dagbag.py:448} INFO - Filling up the DagBag from /usr/local/lib/python3.9/site-packages/airflow/example_dags/example_passing_params_via_test_command.py
[2021-02-27 09:31:09,571] {scheduler_job.py:639} INFO - DAG(s) dict_keys(['example_passing_params_via_test_command']) retrieved from /usr/local/lib/python3.9/site-packages/airflow/example_dags/example_passing_params_via_test_command.py
[2021-02-27 09:31:09,605] {logging_mixin.py:104} INFO - [2021-02-27 09:31:09,605] {dag.py:1818} INFO - Sync 1 DAGs
[2021-02-27 09:31:09,628] {logging_mixin.py:104} INFO - [2021-02-27 09:31:09,627] {dag.py:2273} INFO - Setting next_dagrun for example_passing_params_via_test_command to 2021-02-26 00:00:00+00:00
[2021-02-27 09:31:09,634] {scheduler_job.py:190} INFO - Processing /usr/local/lib/python3.9/site-packages/airflow/example_dags/example_passing_params_via_test_command.py took 0.075 seconds
[2021-02-27 09:32:06,371] {scheduler_job.py:182} INFO - Started process (PID=22736) to work on /usr/local/lib/python3.9/site-packages/airflow/example_dags/example_passing_params_via_test_command.py
[2021-02-27 09:32:06,372] {scheduler_job.py:629} INFO - Processing file /usr/local/lib/python3.9/site-packages/airflow/example_dags/example_passing_params_via_test_command.py for tasks to queue
[2021-02-27 09:32:06,372] {logging_mixin.py:104} INFO - [2021-02-27 09:32:06,372] {dagbag.py:448} INFO - Filling up the DagBag from /usr/local/lib/python3.9/site-packages/airflow/example_dags/example_passing_params_via_test_command.py
[2021-02-27 09:32:06,380] {scheduler_job.py:639} INFO - DAG(s) dict_keys(['example_passing_params_via_test_command']) retrieved from /usr/local/lib/python3.9/site-packages/airflow/example_dags/example_passing_params_via_test_command.py
[2021-02-27 09:32:06,408] {logging_mixin.py:104} INFO - [2021-02-27 09:32:06,407] {dag.py:1818} INFO - Sync 1 DAGs
[2021-02-27 09:32:06,426] {logging_mixin.py:104} INFO - [2021-02-27 09:32:06,426] {dag.py:2273} INFO - Setting next_dagrun for example_passing_params_via_test_command to 2021-02-26 00:00:00+00:00
[2021-02-27 09:32:06,431] {scheduler_job.py:190} INFO - Processing /usr/local/lib/python3.9/site-packages/airflow/example_dags/example_passing_params_via_test_command.py took 0.060 seconds
[2021-02-27 09:32:57,911] {scheduler_job.py:182} INFO - Started process (PID=22772) to work on /usr/local/lib/python3.9/site-packages/airflow/example_dags/example_passing_params_via_test_command.py
[2021-02-27 09:32:57,912] {scheduler_job.py:629} INFO - Processing file /usr/local/lib/python3.9/site-packages/airflow/example_dags/example_passing_params_via_test_command.py for tasks to queue
[2021-02-27 09:32:57,913] {logging_mixin.py:104} INFO - [2021-02-27 09:32:57,913] {dagbag.py:448} INFO - Filling up the DagBag from /usr/local/lib/python3.9/site-packages/airflow/example_dags/example_passing_params_via_test_command.py
[2021-02-27 09:32:57,921] {scheduler_job.py:639} INFO - DAG(s) dict_keys(['example_passing_params_via_test_command']) retrieved from /usr/local/lib/python3.9/site-packages/airflow/example_dags/example_passing_params_via_test_command.py
[2021-02-27 09:32:57,948] {logging_mixin.py:104} INFO - [2021-02-27 09:32:57,948] {dag.py:1818} INFO - Sync 1 DAGs
[2021-02-27 09:32:57,966] {logging_mixin.py:104} INFO - [2021-02-27 09:32:57,966] {dag.py:2273} INFO - Setting next_dagrun for example_passing_params_via_test_command to 2021-02-26 00:00:00+00:00
[2021-02-27 09:32:57,971] {scheduler_job.py:190} INFO - Processing /usr/local/lib/python3.9/site-packages/airflow/example_dags/example_passing_params_via_test_command.py took 0.060 seconds
[2021-02-27 09:33:49,759] {scheduler_job.py:182} INFO - Started process (PID=22810) to work on /usr/local/lib/python3.9/site-packages/airflow/example_dags/example_passing_params_via_test_command.py
[2021-02-27 09:33:49,761] {scheduler_job.py:629} INFO - Processing file /usr/local/lib/python3.9/site-packages/airflow/example_dags/example_passing_params_via_test_command.py for tasks to queue
[2021-02-27 09:33:49,762] {logging_mixin.py:104} INFO - [2021-02-27 09:33:49,762] {dagbag.py:448} INFO - Filling up the DagBag from /usr/local/lib/python3.9/site-packages/airflow/example_dags/example_passing_params_via_test_command.py
[2021-02-27 09:33:49,773] {scheduler_job.py:639} INFO - DAG(s) dict_keys(['example_passing_params_via_test_command']) retrieved from /usr/local/lib/python3.9/site-packages/airflow/example_dags/example_passing_params_via_test_command.py
[2021-02-27 09:33:49,801] {logging_mixin.py:104} INFO - [2021-02-27 09:33:49,801] {dag.py:1818} INFO - Sync 1 DAGs
[2021-02-27 09:33:49,820] {logging_mixin.py:104} INFO - [2021-02-27 09:33:49,820] {dag.py:2273} INFO - Setting next_dagrun for example_passing_params_via_test_command to 2021-02-26 00:00:00+00:00
[2021-02-27 09:33:49,825] {scheduler_job.py:190} INFO - Processing /usr/local/lib/python3.9/site-packages/airflow/example_dags/example_passing_params_via_test_command.py took 0.066 seconds
[2021-02-27 09:34:38,378] {scheduler_job.py:182} INFO - Started process (PID=22848) to work on /usr/local/lib/python3.9/site-packages/airflow/example_dags/example_passing_params_via_test_command.py
[2021-02-27 09:34:38,380] {scheduler_job.py:629} INFO - Processing file /usr/local/lib/python3.9/site-packages/airflow/example_dags/example_passing_params_via_test_command.py for tasks to queue
[2021-02-27 09:34:38,380] {logging_mixin.py:104} INFO - [2021-02-27 09:34:38,380] {dagbag.py:448} INFO - Filling up the DagBag from /usr/local/lib/python3.9/site-packages/airflow/example_dags/example_passing_params_via_test_command.py
[2021-02-27 09:34:38,389] {scheduler_job.py:639} INFO - DAG(s) dict_keys(['example_passing_params_via_test_command']) retrieved from /usr/local/lib/python3.9/site-packages/airflow/example_dags/example_passing_params_via_test_command.py
[2021-02-27 09:34:38,418] {logging_mixin.py:104} INFO - [2021-02-27 09:34:38,418] {dag.py:1818} INFO - Sync 1 DAGs
[2021-02-27 09:34:38,439] {logging_mixin.py:104} INFO - [2021-02-27 09:34:38,439] {dag.py:2273} INFO - Setting next_dagrun for example_passing_params_via_test_command to 2021-02-26 00:00:00+00:00
[2021-02-27 09:34:38,445] {scheduler_job.py:190} INFO - Processing /usr/local/lib/python3.9/site-packages/airflow/example_dags/example_passing_params_via_test_command.py took 0.067 seconds
[2021-02-27 09:35:29,613] {scheduler_job.py:182} INFO - Started process (PID=22886) to work on /usr/local/lib/python3.9/site-packages/airflow/example_dags/example_passing_params_via_test_command.py
[2021-02-27 09:35:29,614] {scheduler_job.py:629} INFO - Processing file /usr/local/lib/python3.9/site-packages/airflow/example_dags/example_passing_params_via_test_command.py for tasks to queue
[2021-02-27 09:35:29,614] {logging_mixin.py:104} INFO - [2021-02-27 09:35:29,614] {dagbag.py:448} INFO - Filling up the DagBag from /usr/local/lib/python3.9/site-packages/airflow/example_dags/example_passing_params_via_test_command.py
[2021-02-27 09:35:29,625] {scheduler_job.py:639} INFO - DAG(s) dict_keys(['example_passing_params_via_test_command']) retrieved from /usr/local/lib/python3.9/site-packages/airflow/example_dags/example_passing_params_via_test_command.py
[2021-02-27 09:35:29,666] {logging_mixin.py:104} INFO - [2021-02-27 09:35:29,665] {dag.py:1818} INFO - Sync 1 DAGs
[2021-02-27 09:35:29,694] {logging_mixin.py:104} INFO - [2021-02-27 09:35:29,694] {dag.py:2273} INFO - Setting next_dagrun for example_passing_params_via_test_command to 2021-02-26 00:00:00+00:00
[2021-02-27 09:35:29,700] {scheduler_job.py:190} INFO - Processing /usr/local/lib/python3.9/site-packages/airflow/example_dags/example_passing_params_via_test_command.py took 0.089 seconds
[2021-02-27 09:36:31,406] {scheduler_job.py:182} INFO - Started process (PID=22927) to work on /usr/local/lib/python3.9/site-packages/airflow/example_dags/example_passing_params_via_test_command.py
[2021-02-27 09:36:31,407] {scheduler_job.py:629} INFO - Processing file /usr/local/lib/python3.9/site-packages/airflow/example_dags/example_passing_params_via_test_command.py for tasks to queue
[2021-02-27 09:36:31,407] {logging_mixin.py:104} INFO - [2021-02-27 09:36:31,407] {dagbag.py:448} INFO - Filling up the DagBag from /usr/local/lib/python3.9/site-packages/airflow/example_dags/example_passing_params_via_test_command.py
[2021-02-27 09:36:31,415] {scheduler_job.py:639} INFO - DAG(s) dict_keys(['example_passing_params_via_test_command']) retrieved from /usr/local/lib/python3.9/site-packages/airflow/example_dags/example_passing_params_via_test_command.py
[2021-02-27 09:36:31,444] {logging_mixin.py:104} INFO - [2021-02-27 09:36:31,444] {dag.py:1818} INFO - Sync 1 DAGs
[2021-02-27 09:36:31,464] {logging_mixin.py:104} INFO - [2021-02-27 09:36:31,464] {dag.py:2273} INFO - Setting next_dagrun for example_passing_params_via_test_command to 2021-02-26 00:00:00+00:00
[2021-02-27 09:36:31,471] {scheduler_job.py:190} INFO - Processing /usr/local/lib/python3.9/site-packages/airflow/example_dags/example_passing_params_via_test_command.py took 0.065 seconds
[2021-02-27 09:37:24,547] {scheduler_job.py:182} INFO - Started process (PID=22963) to work on /usr/local/lib/python3.9/site-packages/airflow/example_dags/example_passing_params_via_test_command.py
[2021-02-27 09:37:24,548] {scheduler_job.py:629} INFO - Processing file /usr/local/lib/python3.9/site-packages/airflow/example_dags/example_passing_params_via_test_command.py for tasks to queue
[2021-02-27 09:37:24,548] {logging_mixin.py:104} INFO - [2021-02-27 09:37:24,548] {dagbag.py:448} INFO - Filling up the DagBag from /usr/local/lib/python3.9/site-packages/airflow/example_dags/example_passing_params_via_test_command.py
[2021-02-27 09:37:24,557] {scheduler_job.py:639} INFO - DAG(s) dict_keys(['example_passing_params_via_test_command']) retrieved from /usr/local/lib/python3.9/site-packages/airflow/example_dags/example_passing_params_via_test_command.py
[2021-02-27 09:37:24,594] {logging_mixin.py:104} INFO - [2021-02-27 09:37:24,594] {dag.py:1818} INFO - Sync 1 DAGs
[2021-02-27 09:37:24,619] {logging_mixin.py:104} INFO - [2021-02-27 09:37:24,619] {dag.py:2273} INFO - Setting next_dagrun for example_passing_params_via_test_command to 2021-02-26 00:00:00+00:00
[2021-02-27 09:37:24,625] {scheduler_job.py:190} INFO - Processing /usr/local/lib/python3.9/site-packages/airflow/example_dags/example_passing_params_via_test_command.py took 0.078 seconds
[2021-02-27 09:38:13,209] {scheduler_job.py:182} INFO - Started process (PID=23000) to work on /usr/local/lib/python3.9/site-packages/airflow/example_dags/example_passing_params_via_test_command.py
[2021-02-27 09:38:13,210] {scheduler_job.py:629} INFO - Processing file /usr/local/lib/python3.9/site-packages/airflow/example_dags/example_passing_params_via_test_command.py for tasks to queue
[2021-02-27 09:38:13,210] {logging_mixin.py:104} INFO - [2021-02-27 09:38:13,210] {dagbag.py:448} INFO - Filling up the DagBag from /usr/local/lib/python3.9/site-packages/airflow/example_dags/example_passing_params_via_test_command.py
[2021-02-27 09:38:13,218] {scheduler_job.py:639} INFO - DAG(s) dict_keys(['example_passing_params_via_test_command']) retrieved from /usr/local/lib/python3.9/site-packages/airflow/example_dags/example_passing_params_via_test_command.py
[2021-02-27 09:38:13,244] {logging_mixin.py:104} INFO - [2021-02-27 09:38:13,244] {dag.py:1818} INFO - Sync 1 DAGs
[2021-02-27 09:38:13,263] {logging_mixin.py:104} INFO - [2021-02-27 09:38:13,263] {dag.py:2273} INFO - Setting next_dagrun for example_passing_params_via_test_command to 2021-02-26 00:00:00+00:00
[2021-02-27 09:38:13,267] {scheduler_job.py:190} INFO - Processing /usr/local/lib/python3.9/site-packages/airflow/example_dags/example_passing_params_via_test_command.py took 0.059 seconds
[2021-02-27 09:39:01,043] {scheduler_job.py:182} INFO - Started process (PID=23031) to work on /usr/local/lib/python3.9/site-packages/airflow/example_dags/example_passing_params_via_test_command.py
[2021-02-27 09:39:01,043] {scheduler_job.py:629} INFO - Processing file /usr/local/lib/python3.9/site-packages/airflow/example_dags/example_passing_params_via_test_command.py for tasks to queue
[2021-02-27 09:39:01,043] {logging_mixin.py:104} INFO - [2021-02-27 09:39:01,043] {dagbag.py:448} INFO - Filling up the DagBag from /usr/local/lib/python3.9/site-packages/airflow/example_dags/example_passing_params_via_test_command.py
[2021-02-27 09:39:01,051] {scheduler_job.py:639} INFO - DAG(s) dict_keys(['example_passing_params_via_test_command']) retrieved from /usr/local/lib/python3.9/site-packages/airflow/example_dags/example_passing_params_via_test_command.py
[2021-02-27 09:39:01,078] {logging_mixin.py:104} INFO - [2021-02-27 09:39:01,077] {dag.py:1818} INFO - Sync 1 DAGs
[2021-02-27 09:39:01,097] {logging_mixin.py:104} INFO - [2021-02-27 09:39:01,097] {dag.py:2273} INFO - Setting next_dagrun for example_passing_params_via_test_command to 2021-02-26 00:00:00+00:00
[2021-02-27 09:39:01,102] {scheduler_job.py:190} INFO - Processing /usr/local/lib/python3.9/site-packages/airflow/example_dags/example_passing_params_via_test_command.py took 0.060 seconds
[2021-02-27 09:39:47,655] {scheduler_job.py:182} INFO - Started process (PID=23067) to work on /usr/local/lib/python3.9/site-packages/airflow/example_dags/example_passing_params_via_test_command.py
[2021-02-27 09:39:47,656] {scheduler_job.py:629} INFO - Processing file /usr/local/lib/python3.9/site-packages/airflow/example_dags/example_passing_params_via_test_command.py for tasks to queue
[2021-02-27 09:39:47,656] {logging_mixin.py:104} INFO - [2021-02-27 09:39:47,656] {dagbag.py:448} INFO - Filling up the DagBag from /usr/local/lib/python3.9/site-packages/airflow/example_dags/example_passing_params_via_test_command.py
[2021-02-27 09:39:47,664] {scheduler_job.py:639} INFO - DAG(s) dict_keys(['example_passing_params_via_test_command']) retrieved from /usr/local/lib/python3.9/site-packages/airflow/example_dags/example_passing_params_via_test_command.py
[2021-02-27 09:39:47,691] {logging_mixin.py:104} INFO - [2021-02-27 09:39:47,691] {dag.py:1818} INFO - Sync 1 DAGs
[2021-02-27 09:39:47,711] {logging_mixin.py:104} INFO - [2021-02-27 09:39:47,711] {dag.py:2273} INFO - Setting next_dagrun for example_passing_params_via_test_command to 2021-02-26 00:00:00+00:00
[2021-02-27 09:39:47,716] {scheduler_job.py:190} INFO - Processing /usr/local/lib/python3.9/site-packages/airflow/example_dags/example_passing_params_via_test_command.py took 0.061 seconds
[2021-02-27 09:40:34,030] {scheduler_job.py:182} INFO - Started process (PID=23099) to work on /usr/local/lib/python3.9/site-packages/airflow/example_dags/example_passing_params_via_test_command.py
[2021-02-27 09:40:34,030] {scheduler_job.py:629} INFO - Processing file /usr/local/lib/python3.9/site-packages/airflow/example_dags/example_passing_params_via_test_command.py for tasks to queue
[2021-02-27 09:40:34,030] {logging_mixin.py:104} INFO - [2021-02-27 09:40:34,030] {dagbag.py:448} INFO - Filling up the DagBag from /usr/local/lib/python3.9/site-packages/airflow/example_dags/example_passing_params_via_test_command.py
[2021-02-27 09:40:34,038] {scheduler_job.py:639} INFO - DAG(s) dict_keys(['example_passing_params_via_test_command']) retrieved from /usr/local/lib/python3.9/site-packages/airflow/example_dags/example_passing_params_via_test_command.py
[2021-02-27 09:40:34,065] {logging_mixin.py:104} INFO - [2021-02-27 09:40:34,064] {dag.py:1818} INFO - Sync 1 DAGs
[2021-02-27 09:40:34,083] {logging_mixin.py:104} INFO - [2021-02-27 09:40:34,083] {dag.py:2273} INFO - Setting next_dagrun for example_passing_params_via_test_command to 2021-02-26 00:00:00+00:00
[2021-02-27 09:40:34,087] {scheduler_job.py:190} INFO - Processing /usr/local/lib/python3.9/site-packages/airflow/example_dags/example_passing_params_via_test_command.py took 0.058 seconds
[2021-02-27 09:41:20,087] {scheduler_job.py:182} INFO - Started process (PID=23131) to work on /usr/local/lib/python3.9/site-packages/airflow/example_dags/example_passing_params_via_test_command.py
[2021-02-27 09:41:20,087] {scheduler_job.py:629} INFO - Processing file /usr/local/lib/python3.9/site-packages/airflow/example_dags/example_passing_params_via_test_command.py for tasks to queue
[2021-02-27 09:41:20,087] {logging_mixin.py:104} INFO - [2021-02-27 09:41:20,087] {dagbag.py:448} INFO - Filling up the DagBag from /usr/local/lib/python3.9/site-packages/airflow/example_dags/example_passing_params_via_test_command.py
[2021-02-27 09:41:20,096] {scheduler_job.py:639} INFO - DAG(s) dict_keys(['example_passing_params_via_test_command']) retrieved from /usr/local/lib/python3.9/site-packages/airflow/example_dags/example_passing_params_via_test_command.py
[2021-02-27 09:41:20,123] {logging_mixin.py:104} INFO - [2021-02-27 09:41:20,123] {dag.py:1818} INFO - Sync 1 DAGs
[2021-02-27 09:41:20,142] {logging_mixin.py:104} INFO - [2021-02-27 09:41:20,142] {dag.py:2273} INFO - Setting next_dagrun for example_passing_params_via_test_command to 2021-02-26 00:00:00+00:00
[2021-02-27 09:41:20,146] {scheduler_job.py:190} INFO - Processing /usr/local/lib/python3.9/site-packages/airflow/example_dags/example_passing_params_via_test_command.py took 0.060 seconds
[2021-02-27 09:42:06,490] {scheduler_job.py:182} INFO - Started process (PID=23166) to work on /usr/local/lib/python3.9/site-packages/airflow/example_dags/example_passing_params_via_test_command.py
[2021-02-27 09:42:06,490] {scheduler_job.py:629} INFO - Processing file /usr/local/lib/python3.9/site-packages/airflow/example_dags/example_passing_params_via_test_command.py for tasks to queue
[2021-02-27 09:42:06,490] {logging_mixin.py:104} INFO - [2021-02-27 09:42:06,490] {dagbag.py:448} INFO - Filling up the DagBag from /usr/local/lib/python3.9/site-packages/airflow/example_dags/example_passing_params_via_test_command.py
[2021-02-27 09:42:06,498] {scheduler_job.py:639} INFO - DAG(s) dict_keys(['example_passing_params_via_test_command']) retrieved from /usr/local/lib/python3.9/site-packages/airflow/example_dags/example_passing_params_via_test_command.py
[2021-02-27 09:42:06,524] {logging_mixin.py:104} INFO - [2021-02-27 09:42:06,524] {dag.py:1818} INFO - Sync 1 DAGs
[2021-02-27 09:42:06,543] {logging_mixin.py:104} INFO - [2021-02-27 09:42:06,543] {dag.py:2273} INFO - Setting next_dagrun for example_passing_params_via_test_command to 2021-02-26 00:00:00+00:00
[2021-02-27 09:42:06,548] {scheduler_job.py:190} INFO - Processing /usr/local/lib/python3.9/site-packages/airflow/example_dags/example_passing_params_via_test_command.py took 0.059 seconds
[2021-02-27 09:42:54,677] {scheduler_job.py:182} INFO - Started process (PID=23200) to work on /usr/local/lib/python3.9/site-packages/airflow/example_dags/example_passing_params_via_test_command.py
[2021-02-27 09:42:54,678] {scheduler_job.py:629} INFO - Processing file /usr/local/lib/python3.9/site-packages/airflow/example_dags/example_passing_params_via_test_command.py for tasks to queue
[2021-02-27 09:42:54,678] {logging_mixin.py:104} INFO - [2021-02-27 09:42:54,678] {dagbag.py:448} INFO - Filling up the DagBag from /usr/local/lib/python3.9/site-packages/airflow/example_dags/example_passing_params_via_test_command.py
[2021-02-27 09:42:54,686] {scheduler_job.py:639} INFO - DAG(s) dict_keys(['example_passing_params_via_test_command']) retrieved from /usr/local/lib/python3.9/site-packages/airflow/example_dags/example_passing_params_via_test_command.py
[2021-02-27 09:42:54,714] {logging_mixin.py:104} INFO - [2021-02-27 09:42:54,714] {dag.py:1818} INFO - Sync 1 DAGs
[2021-02-27 09:42:54,732] {logging_mixin.py:104} INFO - [2021-02-27 09:42:54,732] {dag.py:2273} INFO - Setting next_dagrun for example_passing_params_via_test_command to 2021-02-26 00:00:00+00:00
[2021-02-27 09:42:54,737] {scheduler_job.py:190} INFO - Processing /usr/local/lib/python3.9/site-packages/airflow/example_dags/example_passing_params_via_test_command.py took 0.061 seconds
[2021-02-27 09:43:41,364] {scheduler_job.py:182} INFO - Started process (PID=23234) to work on /usr/local/lib/python3.9/site-packages/airflow/example_dags/example_passing_params_via_test_command.py
[2021-02-27 09:43:41,365] {scheduler_job.py:629} INFO - Processing file /usr/local/lib/python3.9/site-packages/airflow/example_dags/example_passing_params_via_test_command.py for tasks to queue
[2021-02-27 09:43:41,365] {logging_mixin.py:104} INFO - [2021-02-27 09:43:41,365] {dagbag.py:448} INFO - Filling up the DagBag from /usr/local/lib/python3.9/site-packages/airflow/example_dags/example_passing_params_via_test_command.py
[2021-02-27 09:43:41,373] {scheduler_job.py:639} INFO - DAG(s) dict_keys(['example_passing_params_via_test_command']) retrieved from /usr/local/lib/python3.9/site-packages/airflow/example_dags/example_passing_params_via_test_command.py
[2021-02-27 09:43:41,401] {logging_mixin.py:104} INFO - [2021-02-27 09:43:41,401] {dag.py:1818} INFO - Sync 1 DAGs
[2021-02-27 09:43:41,420] {logging_mixin.py:104} INFO - [2021-02-27 09:43:41,420] {dag.py:2273} INFO - Setting next_dagrun for example_passing_params_via_test_command to 2021-02-26 00:00:00+00:00
[2021-02-27 09:43:41,425] {scheduler_job.py:190} INFO - Processing /usr/local/lib/python3.9/site-packages/airflow/example_dags/example_passing_params_via_test_command.py took 0.061 seconds
[2021-02-27 09:44:32,268] {scheduler_job.py:182} INFO - Started process (PID=23272) to work on /usr/local/lib/python3.9/site-packages/airflow/example_dags/example_passing_params_via_test_command.py
[2021-02-27 09:44:32,268] {scheduler_job.py:629} INFO - Processing file /usr/local/lib/python3.9/site-packages/airflow/example_dags/example_passing_params_via_test_command.py for tasks to queue
[2021-02-27 09:44:32,269] {logging_mixin.py:104} INFO - [2021-02-27 09:44:32,269] {dagbag.py:448} INFO - Filling up the DagBag from /usr/local/lib/python3.9/site-packages/airflow/example_dags/example_passing_params_via_test_command.py
[2021-02-27 09:44:32,277] {scheduler_job.py:639} INFO - DAG(s) dict_keys(['example_passing_params_via_test_command']) retrieved from /usr/local/lib/python3.9/site-packages/airflow/example_dags/example_passing_params_via_test_command.py
[2021-02-27 09:44:32,306] {logging_mixin.py:104} INFO - [2021-02-27 09:44:32,306] {dag.py:1818} INFO - Sync 1 DAGs
[2021-02-27 09:44:32,326] {logging_mixin.py:104} INFO - [2021-02-27 09:44:32,326] {dag.py:2273} INFO - Setting next_dagrun for example_passing_params_via_test_command to 2021-02-26 00:00:00+00:00
[2021-02-27 09:44:32,331] {scheduler_job.py:190} INFO - Processing /usr/local/lib/python3.9/site-packages/airflow/example_dags/example_passing_params_via_test_command.py took 0.064 seconds
[2021-02-27 09:45:24,942] {scheduler_job.py:182} INFO - Started process (PID=23308) to work on /usr/local/lib/python3.9/site-packages/airflow/example_dags/example_passing_params_via_test_command.py
[2021-02-27 09:45:24,942] {scheduler_job.py:629} INFO - Processing file /usr/local/lib/python3.9/site-packages/airflow/example_dags/example_passing_params_via_test_command.py for tasks to queue
[2021-02-27 09:45:24,943] {logging_mixin.py:104} INFO - [2021-02-27 09:45:24,943] {dagbag.py:448} INFO - Filling up the DagBag from /usr/local/lib/python3.9/site-packages/airflow/example_dags/example_passing_params_via_test_command.py
[2021-02-27 09:45:24,951] {scheduler_job.py:639} INFO - DAG(s) dict_keys(['example_passing_params_via_test_command']) retrieved from /usr/local/lib/python3.9/site-packages/airflow/example_dags/example_passing_params_via_test_command.py
[2021-02-27 09:45:24,978] {logging_mixin.py:104} INFO - [2021-02-27 09:45:24,978] {dag.py:1818} INFO - Sync 1 DAGs
[2021-02-27 09:45:24,998] {logging_mixin.py:104} INFO - [2021-02-27 09:45:24,998] {dag.py:2273} INFO - Setting next_dagrun for example_passing_params_via_test_command to 2021-02-26 00:00:00+00:00
[2021-02-27 09:45:25,002] {scheduler_job.py:190} INFO - Processing /usr/local/lib/python3.9/site-packages/airflow/example_dags/example_passing_params_via_test_command.py took 0.061 seconds
[2021-02-27 09:46:14,519] {scheduler_job.py:182} INFO - Started process (PID=23343) to work on /usr/local/lib/python3.9/site-packages/airflow/example_dags/example_passing_params_via_test_command.py
[2021-02-27 09:46:14,519] {scheduler_job.py:629} INFO - Processing file /usr/local/lib/python3.9/site-packages/airflow/example_dags/example_passing_params_via_test_command.py for tasks to queue
[2021-02-27 09:46:14,520] {logging_mixin.py:104} INFO - [2021-02-27 09:46:14,520] {dagbag.py:448} INFO - Filling up the DagBag from /usr/local/lib/python3.9/site-packages/airflow/example_dags/example_passing_params_via_test_command.py
[2021-02-27 09:46:14,528] {scheduler_job.py:639} INFO - DAG(s) dict_keys(['example_passing_params_via_test_command']) retrieved from /usr/local/lib/python3.9/site-packages/airflow/example_dags/example_passing_params_via_test_command.py
[2021-02-27 09:46:14,556] {logging_mixin.py:104} INFO - [2021-02-27 09:46:14,556] {dag.py:1818} INFO - Sync 1 DAGs
[2021-02-27 09:46:14,576] {logging_mixin.py:104} INFO - [2021-02-27 09:46:14,576] {dag.py:2273} INFO - Setting next_dagrun for example_passing_params_via_test_command to 2021-02-26 00:00:00+00:00
[2021-02-27 09:46:14,581] {scheduler_job.py:190} INFO - Processing /usr/local/lib/python3.9/site-packages/airflow/example_dags/example_passing_params_via_test_command.py took 0.063 seconds
[2021-02-27 09:47:03,364] {scheduler_job.py:182} INFO - Started process (PID=23373) to work on /usr/local/lib/python3.9/site-packages/airflow/example_dags/example_passing_params_via_test_command.py
[2021-02-27 09:47:03,365] {scheduler_job.py:629} INFO - Processing file /usr/local/lib/python3.9/site-packages/airflow/example_dags/example_passing_params_via_test_command.py for tasks to queue
[2021-02-27 09:47:03,365] {logging_mixin.py:104} INFO - [2021-02-27 09:47:03,365] {dagbag.py:448} INFO - Filling up the DagBag from /usr/local/lib/python3.9/site-packages/airflow/example_dags/example_passing_params_via_test_command.py
[2021-02-27 09:47:03,374] {scheduler_job.py:639} INFO - DAG(s) dict_keys(['example_passing_params_via_test_command']) retrieved from /usr/local/lib/python3.9/site-packages/airflow/example_dags/example_passing_params_via_test_command.py
[2021-02-27 09:47:03,405] {logging_mixin.py:104} INFO - [2021-02-27 09:47:03,405] {dag.py:1818} INFO - Sync 1 DAGs
[2021-02-27 09:47:03,426] {logging_mixin.py:104} INFO - [2021-02-27 09:47:03,426] {dag.py:2273} INFO - Setting next_dagrun for example_passing_params_via_test_command to 2021-02-26 00:00:00+00:00
[2021-02-27 09:47:03,432] {scheduler_job.py:190} INFO - Processing /usr/local/lib/python3.9/site-packages/airflow/example_dags/example_passing_params_via_test_command.py took 0.068 seconds
[2021-02-27 09:48:05,973] {scheduler_job.py:182} INFO - Started process (PID=23453) to work on /usr/local/lib/python3.9/site-packages/airflow/example_dags/example_passing_params_via_test_command.py
[2021-02-27 09:48:05,974] {scheduler_job.py:629} INFO - Processing file /usr/local/lib/python3.9/site-packages/airflow/example_dags/example_passing_params_via_test_command.py for tasks to queue
[2021-02-27 09:48:05,974] {logging_mixin.py:104} INFO - [2021-02-27 09:48:05,974] {dagbag.py:448} INFO - Filling up the DagBag from /usr/local/lib/python3.9/site-packages/airflow/example_dags/example_passing_params_via_test_command.py
[2021-02-27 09:48:05,985] {scheduler_job.py:639} INFO - DAG(s) dict_keys(['example_passing_params_via_test_command']) retrieved from /usr/local/lib/python3.9/site-packages/airflow/example_dags/example_passing_params_via_test_command.py
[2021-02-27 09:48:06,037] {logging_mixin.py:104} INFO - [2021-02-27 09:48:06,037] {dag.py:1818} INFO - Sync 1 DAGs
[2021-02-27 09:48:06,068] {logging_mixin.py:104} INFO - [2021-02-27 09:48:06,068] {dag.py:2273} INFO - Setting next_dagrun for example_passing_params_via_test_command to 2021-02-26 00:00:00+00:00
[2021-02-27 09:48:06,075] {scheduler_job.py:190} INFO - Processing /usr/local/lib/python3.9/site-packages/airflow/example_dags/example_passing_params_via_test_command.py took 0.103 seconds
[2021-02-27 09:48:57,946] {scheduler_job.py:182} INFO - Started process (PID=23492) to work on /usr/local/lib/python3.9/site-packages/airflow/example_dags/example_passing_params_via_test_command.py
[2021-02-27 09:48:57,948] {scheduler_job.py:629} INFO - Processing file /usr/local/lib/python3.9/site-packages/airflow/example_dags/example_passing_params_via_test_command.py for tasks to queue
[2021-02-27 09:48:57,949] {logging_mixin.py:104} INFO - [2021-02-27 09:48:57,949] {dagbag.py:448} INFO - Filling up the DagBag from /usr/local/lib/python3.9/site-packages/airflow/example_dags/example_passing_params_via_test_command.py
[2021-02-27 09:48:57,964] {scheduler_job.py:639} INFO - DAG(s) dict_keys(['example_passing_params_via_test_command']) retrieved from /usr/local/lib/python3.9/site-packages/airflow/example_dags/example_passing_params_via_test_command.py
[2021-02-27 09:48:58,044] {logging_mixin.py:104} INFO - [2021-02-27 09:48:58,044] {dag.py:1818} INFO - Sync 1 DAGs
[2021-02-27 09:48:58,148] {logging_mixin.py:104} INFO - [2021-02-27 09:48:58,148] {dag.py:2273} INFO - Setting next_dagrun for example_passing_params_via_test_command to 2021-02-26 00:00:00+00:00
[2021-02-27 09:48:58,164] {scheduler_job.py:190} INFO - Processing /usr/local/lib/python3.9/site-packages/airflow/example_dags/example_passing_params_via_test_command.py took 0.218 seconds
[2021-02-27 10:08:04,779] {scheduler_job.py:182} INFO - Started process (PID=24627) to work on /usr/local/lib/python3.9/site-packages/airflow/example_dags/example_passing_params_via_test_command.py
[2021-02-27 10:08:04,781] {scheduler_job.py:629} INFO - Processing file /usr/local/lib/python3.9/site-packages/airflow/example_dags/example_passing_params_via_test_command.py for tasks to queue
[2021-02-27 10:08:04,781] {logging_mixin.py:104} INFO - [2021-02-27 10:08:04,781] {dagbag.py:448} INFO - Filling up the DagBag from /usr/local/lib/python3.9/site-packages/airflow/example_dags/example_passing_params_via_test_command.py
[2021-02-27 10:08:04,792] {scheduler_job.py:639} INFO - DAG(s) dict_keys(['example_passing_params_via_test_command']) retrieved from /usr/local/lib/python3.9/site-packages/airflow/example_dags/example_passing_params_via_test_command.py
[2021-02-27 10:08:05,510] {scheduler_job.py:193} ERROR - Got an exception! Propagating...
Traceback (most recent call last):
  File "/usr/local/lib/python3.9/site-packages/sqlalchemy/engine/base.py", line 2336, in _wrap_pool_connect
    return fn()
  File "/usr/local/lib/python3.9/site-packages/sqlalchemy/pool/base.py", line 364, in connect
    return _ConnectionFairy._checkout(self)
  File "/usr/local/lib/python3.9/site-packages/sqlalchemy/pool/base.py", line 778, in _checkout
    fairy = _ConnectionRecord.checkout(pool)
  File "/usr/local/lib/python3.9/site-packages/sqlalchemy/pool/base.py", line 495, in checkout
    rec = pool._do_get()
  File "/usr/local/lib/python3.9/site-packages/sqlalchemy/pool/impl.py", line 140, in _do_get
    self._dec_overflow()
  File "/usr/local/lib/python3.9/site-packages/sqlalchemy/util/langhelpers.py", line 68, in __exit__
    compat.raise_(
  File "/usr/local/lib/python3.9/site-packages/sqlalchemy/util/compat.py", line 182, in raise_
    raise exception
  File "/usr/local/lib/python3.9/site-packages/sqlalchemy/pool/impl.py", line 137, in _do_get
    return self._create_connection()
  File "/usr/local/lib/python3.9/site-packages/sqlalchemy/pool/base.py", line 309, in _create_connection
    return _ConnectionRecord(self)
  File "/usr/local/lib/python3.9/site-packages/sqlalchemy/pool/base.py", line 440, in __init__
    self.__connect(first_connect_check=True)
  File "/usr/local/lib/python3.9/site-packages/sqlalchemy/pool/base.py", line 661, in __connect
    pool.logger.debug("Error on connect(): %s", e)
  File "/usr/local/lib/python3.9/site-packages/sqlalchemy/util/langhelpers.py", line 68, in __exit__
    compat.raise_(
  File "/usr/local/lib/python3.9/site-packages/sqlalchemy/util/compat.py", line 182, in raise_
    raise exception
  File "/usr/local/lib/python3.9/site-packages/sqlalchemy/pool/base.py", line 656, in __connect
    connection = pool._invoke_creator(self)
  File "/usr/local/lib/python3.9/site-packages/sqlalchemy/engine/strategies.py", line 114, in connect
    return dialect.connect(*cargs, **cparams)
  File "/usr/local/lib/python3.9/site-packages/sqlalchemy/engine/default.py", line 508, in connect
    return self.dbapi.connect(*cargs, **cparams)
  File "/usr/local/lib/python3.9/site-packages/psycopg2/__init__.py", line 127, in connect
    conn = _connect(dsn, connection_factory=connection_factory, **kwasync)
psycopg2.OperationalError: could not translate host name "postgres" to address: nodename nor servname provided, or not known


The above exception was the direct cause of the following exception:

Traceback (most recent call last):
  File "/usr/local/lib/python3.9/site-packages/airflow/jobs/scheduler_job.py", line 184, in _run_file_processor
    result: Tuple[int, int] = dag_file_processor.process_file(
  File "/usr/local/lib/python3.9/site-packages/airflow/utils/session.py", line 65, in wrapper
    return func(*args, session=session, **kwargs)
  File "/usr/local/lib/python3.9/site-packages/airflow/jobs/scheduler_job.py", line 648, in process_file
    dagbag.sync_to_db()
  File "/usr/local/lib/python3.9/site-packages/airflow/utils/session.py", line 65, in wrapper
    return func(*args, session=session, **kwargs)
  File "/usr/local/lib/python3.9/site-packages/airflow/models/dagbag.py", line 552, in sync_to_db
    for attempt in run_with_db_retries(logger=self.log):
  File "/usr/local/lib/python3.9/site-packages/tenacity/__init__.py", line 390, in __iter__
    do = self.iter(retry_state=retry_state)
  File "/usr/local/lib/python3.9/site-packages/tenacity/__init__.py", line 368, in iter
    raise retry_exc.reraise()
  File "/usr/local/lib/python3.9/site-packages/tenacity/__init__.py", line 186, in reraise
    raise self.last_attempt.result()
  File "/usr/local/Cellar/python@3.9/3.9.1_6/Frameworks/Python.framework/Versions/3.9/lib/python3.9/concurrent/futures/_base.py", line 433, in result
    return self.__get_result()
  File "/usr/local/Cellar/python@3.9/3.9.1_6/Frameworks/Python.framework/Versions/3.9/lib/python3.9/concurrent/futures/_base.py", line 389, in __get_result
    raise self._exception
  File "/usr/local/lib/python3.9/site-packages/airflow/models/dagbag.py", line 564, in sync_to_db
    serialize_errors.extend(_serialze_dag_capturing_errors(dag, session))
  File "/usr/local/lib/python3.9/site-packages/airflow/models/dagbag.py", line 538, in _serialze_dag_capturing_errors
    SerializedDagModel.write_dag(
  File "/usr/local/lib/python3.9/site-packages/airflow/utils/session.py", line 62, in wrapper
    return func(*args, **kwargs)
  File "/usr/local/lib/python3.9/site-packages/airflow/models/serialized_dag.py", line 117, in write_dag
    if session.query(
  File "/usr/local/lib/python3.9/site-packages/sqlalchemy/orm/query.py", line 3523, in scalar
    ret = self.one()
  File "/usr/local/lib/python3.9/site-packages/sqlalchemy/orm/query.py", line 3490, in one
    ret = self.one_or_none()
  File "/usr/local/lib/python3.9/site-packages/sqlalchemy/orm/query.py", line 3459, in one_or_none
    ret = list(self)
  File "/usr/local/lib/python3.9/site-packages/sqlalchemy/orm/query.py", line 3535, in __iter__
    return self._execute_and_instances(context)
  File "/usr/local/lib/python3.9/site-packages/sqlalchemy/orm/query.py", line 3556, in _execute_and_instances
    conn = self._get_bind_args(
  File "/usr/local/lib/python3.9/site-packages/sqlalchemy/orm/query.py", line 3571, in _get_bind_args
    return fn(
  File "/usr/local/lib/python3.9/site-packages/sqlalchemy/orm/query.py", line 3550, in _connection_from_session
    conn = self.session.connection(**kw)
  File "/usr/local/lib/python3.9/site-packages/sqlalchemy/orm/session.py", line 1142, in connection
    return self._connection_for_bind(
  File "/usr/local/lib/python3.9/site-packages/sqlalchemy/orm/session.py", line 1150, in _connection_for_bind
    return self.transaction._connection_for_bind(
  File "/usr/local/lib/python3.9/site-packages/sqlalchemy/orm/session.py", line 433, in _connection_for_bind
    conn = bind._contextual_connect()
  File "/usr/local/lib/python3.9/site-packages/sqlalchemy/engine/base.py", line 2302, in _contextual_connect
    self._wrap_pool_connect(self.pool.connect, None),
  File "/usr/local/lib/python3.9/site-packages/sqlalchemy/engine/base.py", line 2339, in _wrap_pool_connect
    Connection._handle_dbapi_exception_noconnection(
  File "/usr/local/lib/python3.9/site-packages/sqlalchemy/engine/base.py", line 1583, in _handle_dbapi_exception_noconnection
    util.raise_(
  File "/usr/local/lib/python3.9/site-packages/sqlalchemy/util/compat.py", line 182, in raise_
    raise exception
  File "/usr/local/lib/python3.9/site-packages/sqlalchemy/engine/base.py", line 2336, in _wrap_pool_connect
    return fn()
  File "/usr/local/lib/python3.9/site-packages/sqlalchemy/pool/base.py", line 364, in connect
    return _ConnectionFairy._checkout(self)
  File "/usr/local/lib/python3.9/site-packages/sqlalchemy/pool/base.py", line 778, in _checkout
    fairy = _ConnectionRecord.checkout(pool)
  File "/usr/local/lib/python3.9/site-packages/sqlalchemy/pool/base.py", line 495, in checkout
    rec = pool._do_get()
  File "/usr/local/lib/python3.9/site-packages/sqlalchemy/pool/impl.py", line 140, in _do_get
    self._dec_overflow()
  File "/usr/local/lib/python3.9/site-packages/sqlalchemy/util/langhelpers.py", line 68, in __exit__
    compat.raise_(
  File "/usr/local/lib/python3.9/site-packages/sqlalchemy/util/compat.py", line 182, in raise_
    raise exception
  File "/usr/local/lib/python3.9/site-packages/sqlalchemy/pool/impl.py", line 137, in _do_get
    return self._create_connection()
  File "/usr/local/lib/python3.9/site-packages/sqlalchemy/pool/base.py", line 309, in _create_connection
    return _ConnectionRecord(self)
  File "/usr/local/lib/python3.9/site-packages/sqlalchemy/pool/base.py", line 440, in __init__
    self.__connect(first_connect_check=True)
  File "/usr/local/lib/python3.9/site-packages/sqlalchemy/pool/base.py", line 661, in __connect
    pool.logger.debug("Error on connect(): %s", e)
  File "/usr/local/lib/python3.9/site-packages/sqlalchemy/util/langhelpers.py", line 68, in __exit__
    compat.raise_(
  File "/usr/local/lib/python3.9/site-packages/sqlalchemy/util/compat.py", line 182, in raise_
    raise exception
  File "/usr/local/lib/python3.9/site-packages/sqlalchemy/pool/base.py", line 656, in __connect
    connection = pool._invoke_creator(self)
  File "/usr/local/lib/python3.9/site-packages/sqlalchemy/engine/strategies.py", line 114, in connect
    return dialect.connect(*cargs, **cparams)
  File "/usr/local/lib/python3.9/site-packages/sqlalchemy/engine/default.py", line 508, in connect
    return self.dbapi.connect(*cargs, **cparams)
  File "/usr/local/lib/python3.9/site-packages/psycopg2/__init__.py", line 127, in connect
    conn = _connect(dsn, connection_factory=connection_factory, **kwasync)
sqlalchemy.exc.OperationalError: (psycopg2.OperationalError) could not translate host name "postgres" to address: nodename nor servname provided, or not known

(Background on this error at: http://sqlalche.me/e/13/e3q8)
[2021-02-27 10:09:15,681] {scheduler_job.py:182} INFO - Started process (PID=24695) to work on /usr/local/lib/python3.9/site-packages/airflow/example_dags/example_passing_params_via_test_command.py
[2021-02-27 10:09:15,681] {scheduler_job.py:629} INFO - Processing file /usr/local/lib/python3.9/site-packages/airflow/example_dags/example_passing_params_via_test_command.py for tasks to queue
[2021-02-27 10:09:15,682] {logging_mixin.py:104} INFO - [2021-02-27 10:09:15,682] {dagbag.py:448} INFO - Filling up the DagBag from /usr/local/lib/python3.9/site-packages/airflow/example_dags/example_passing_params_via_test_command.py
[2021-02-27 10:09:15,694] {scheduler_job.py:639} INFO - DAG(s) dict_keys(['example_passing_params_via_test_command']) retrieved from /usr/local/lib/python3.9/site-packages/airflow/example_dags/example_passing_params_via_test_command.py
[2021-02-27 10:09:16,288] {scheduler_job.py:193} ERROR - Got an exception! Propagating...
Traceback (most recent call last):
  File "/usr/local/lib/python3.9/site-packages/sqlalchemy/engine/base.py", line 2336, in _wrap_pool_connect
    return fn()
  File "/usr/local/lib/python3.9/site-packages/sqlalchemy/pool/base.py", line 364, in connect
    return _ConnectionFairy._checkout(self)
  File "/usr/local/lib/python3.9/site-packages/sqlalchemy/pool/base.py", line 778, in _checkout
    fairy = _ConnectionRecord.checkout(pool)
  File "/usr/local/lib/python3.9/site-packages/sqlalchemy/pool/base.py", line 495, in checkout
    rec = pool._do_get()
  File "/usr/local/lib/python3.9/site-packages/sqlalchemy/pool/impl.py", line 140, in _do_get
    self._dec_overflow()
  File "/usr/local/lib/python3.9/site-packages/sqlalchemy/util/langhelpers.py", line 68, in __exit__
    compat.raise_(
  File "/usr/local/lib/python3.9/site-packages/sqlalchemy/util/compat.py", line 182, in raise_
    raise exception
  File "/usr/local/lib/python3.9/site-packages/sqlalchemy/pool/impl.py", line 137, in _do_get
    return self._create_connection()
  File "/usr/local/lib/python3.9/site-packages/sqlalchemy/pool/base.py", line 309, in _create_connection
    return _ConnectionRecord(self)
  File "/usr/local/lib/python3.9/site-packages/sqlalchemy/pool/base.py", line 440, in __init__
    self.__connect(first_connect_check=True)
  File "/usr/local/lib/python3.9/site-packages/sqlalchemy/pool/base.py", line 661, in __connect
    pool.logger.debug("Error on connect(): %s", e)
  File "/usr/local/lib/python3.9/site-packages/sqlalchemy/util/langhelpers.py", line 68, in __exit__
    compat.raise_(
  File "/usr/local/lib/python3.9/site-packages/sqlalchemy/util/compat.py", line 182, in raise_
    raise exception
  File "/usr/local/lib/python3.9/site-packages/sqlalchemy/pool/base.py", line 656, in __connect
    connection = pool._invoke_creator(self)
  File "/usr/local/lib/python3.9/site-packages/sqlalchemy/engine/strategies.py", line 114, in connect
    return dialect.connect(*cargs, **cparams)
  File "/usr/local/lib/python3.9/site-packages/sqlalchemy/engine/default.py", line 508, in connect
    return self.dbapi.connect(*cargs, **cparams)
  File "/usr/local/lib/python3.9/site-packages/psycopg2/__init__.py", line 127, in connect
    conn = _connect(dsn, connection_factory=connection_factory, **kwasync)
psycopg2.OperationalError: FATAL:  role "karenzhang" does not exist


The above exception was the direct cause of the following exception:

Traceback (most recent call last):
  File "/usr/local/lib/python3.9/site-packages/airflow/jobs/scheduler_job.py", line 184, in _run_file_processor
    result: Tuple[int, int] = dag_file_processor.process_file(
  File "/usr/local/lib/python3.9/site-packages/airflow/utils/session.py", line 65, in wrapper
    return func(*args, session=session, **kwargs)
  File "/usr/local/lib/python3.9/site-packages/airflow/jobs/scheduler_job.py", line 648, in process_file
    dagbag.sync_to_db()
  File "/usr/local/lib/python3.9/site-packages/airflow/utils/session.py", line 65, in wrapper
    return func(*args, session=session, **kwargs)
  File "/usr/local/lib/python3.9/site-packages/airflow/models/dagbag.py", line 552, in sync_to_db
    for attempt in run_with_db_retries(logger=self.log):
  File "/usr/local/lib/python3.9/site-packages/tenacity/__init__.py", line 390, in __iter__
    do = self.iter(retry_state=retry_state)
  File "/usr/local/lib/python3.9/site-packages/tenacity/__init__.py", line 368, in iter
    raise retry_exc.reraise()
  File "/usr/local/lib/python3.9/site-packages/tenacity/__init__.py", line 186, in reraise
    raise self.last_attempt.result()
  File "/usr/local/Cellar/python@3.9/3.9.1_6/Frameworks/Python.framework/Versions/3.9/lib/python3.9/concurrent/futures/_base.py", line 433, in result
    return self.__get_result()
  File "/usr/local/Cellar/python@3.9/3.9.1_6/Frameworks/Python.framework/Versions/3.9/lib/python3.9/concurrent/futures/_base.py", line 389, in __get_result
    raise self._exception
  File "/usr/local/lib/python3.9/site-packages/airflow/models/dagbag.py", line 564, in sync_to_db
    serialize_errors.extend(_serialze_dag_capturing_errors(dag, session))
  File "/usr/local/lib/python3.9/site-packages/airflow/models/dagbag.py", line 538, in _serialze_dag_capturing_errors
    SerializedDagModel.write_dag(
  File "/usr/local/lib/python3.9/site-packages/airflow/utils/session.py", line 62, in wrapper
    return func(*args, **kwargs)
  File "/usr/local/lib/python3.9/site-packages/airflow/models/serialized_dag.py", line 117, in write_dag
    if session.query(
  File "/usr/local/lib/python3.9/site-packages/sqlalchemy/orm/query.py", line 3523, in scalar
    ret = self.one()
  File "/usr/local/lib/python3.9/site-packages/sqlalchemy/orm/query.py", line 3490, in one
    ret = self.one_or_none()
  File "/usr/local/lib/python3.9/site-packages/sqlalchemy/orm/query.py", line 3459, in one_or_none
    ret = list(self)
  File "/usr/local/lib/python3.9/site-packages/sqlalchemy/orm/query.py", line 3535, in __iter__
    return self._execute_and_instances(context)
  File "/usr/local/lib/python3.9/site-packages/sqlalchemy/orm/query.py", line 3556, in _execute_and_instances
    conn = self._get_bind_args(
  File "/usr/local/lib/python3.9/site-packages/sqlalchemy/orm/query.py", line 3571, in _get_bind_args
    return fn(
  File "/usr/local/lib/python3.9/site-packages/sqlalchemy/orm/query.py", line 3550, in _connection_from_session
    conn = self.session.connection(**kw)
  File "/usr/local/lib/python3.9/site-packages/sqlalchemy/orm/session.py", line 1142, in connection
    return self._connection_for_bind(
  File "/usr/local/lib/python3.9/site-packages/sqlalchemy/orm/session.py", line 1150, in _connection_for_bind
    return self.transaction._connection_for_bind(
  File "/usr/local/lib/python3.9/site-packages/sqlalchemy/orm/session.py", line 433, in _connection_for_bind
    conn = bind._contextual_connect()
  File "/usr/local/lib/python3.9/site-packages/sqlalchemy/engine/base.py", line 2302, in _contextual_connect
    self._wrap_pool_connect(self.pool.connect, None),
  File "/usr/local/lib/python3.9/site-packages/sqlalchemy/engine/base.py", line 2339, in _wrap_pool_connect
    Connection._handle_dbapi_exception_noconnection(
  File "/usr/local/lib/python3.9/site-packages/sqlalchemy/engine/base.py", line 1583, in _handle_dbapi_exception_noconnection
    util.raise_(
  File "/usr/local/lib/python3.9/site-packages/sqlalchemy/util/compat.py", line 182, in raise_
    raise exception
  File "/usr/local/lib/python3.9/site-packages/sqlalchemy/engine/base.py", line 2336, in _wrap_pool_connect
    return fn()
  File "/usr/local/lib/python3.9/site-packages/sqlalchemy/pool/base.py", line 364, in connect
    return _ConnectionFairy._checkout(self)
  File "/usr/local/lib/python3.9/site-packages/sqlalchemy/pool/base.py", line 778, in _checkout
    fairy = _ConnectionRecord.checkout(pool)
  File "/usr/local/lib/python3.9/site-packages/sqlalchemy/pool/base.py", line 495, in checkout
    rec = pool._do_get()
  File "/usr/local/lib/python3.9/site-packages/sqlalchemy/pool/impl.py", line 140, in _do_get
    self._dec_overflow()
  File "/usr/local/lib/python3.9/site-packages/sqlalchemy/util/langhelpers.py", line 68, in __exit__
    compat.raise_(
  File "/usr/local/lib/python3.9/site-packages/sqlalchemy/util/compat.py", line 182, in raise_
    raise exception
  File "/usr/local/lib/python3.9/site-packages/sqlalchemy/pool/impl.py", line 137, in _do_get
    return self._create_connection()
  File "/usr/local/lib/python3.9/site-packages/sqlalchemy/pool/base.py", line 309, in _create_connection
    return _ConnectionRecord(self)
  File "/usr/local/lib/python3.9/site-packages/sqlalchemy/pool/base.py", line 440, in __init__
    self.__connect(first_connect_check=True)
  File "/usr/local/lib/python3.9/site-packages/sqlalchemy/pool/base.py", line 661, in __connect
    pool.logger.debug("Error on connect(): %s", e)
  File "/usr/local/lib/python3.9/site-packages/sqlalchemy/util/langhelpers.py", line 68, in __exit__
    compat.raise_(
  File "/usr/local/lib/python3.9/site-packages/sqlalchemy/util/compat.py", line 182, in raise_
    raise exception
  File "/usr/local/lib/python3.9/site-packages/sqlalchemy/pool/base.py", line 656, in __connect
    connection = pool._invoke_creator(self)
  File "/usr/local/lib/python3.9/site-packages/sqlalchemy/engine/strategies.py", line 114, in connect
    return dialect.connect(*cargs, **cparams)
  File "/usr/local/lib/python3.9/site-packages/sqlalchemy/engine/default.py", line 508, in connect
    return self.dbapi.connect(*cargs, **cparams)
  File "/usr/local/lib/python3.9/site-packages/psycopg2/__init__.py", line 127, in connect
    conn = _connect(dsn, connection_factory=connection_factory, **kwasync)
sqlalchemy.exc.OperationalError: (psycopg2.OperationalError) FATAL:  role "karenzhang" does not exist

(Background on this error at: http://sqlalche.me/e/13/e3q8)
[2021-02-27 10:10:21,524] {scheduler_job.py:182} INFO - Started process (PID=24813) to work on /usr/local/lib/python3.9/site-packages/airflow/example_dags/example_passing_params_via_test_command.py
[2021-02-27 10:10:21,525] {scheduler_job.py:629} INFO - Processing file /usr/local/lib/python3.9/site-packages/airflow/example_dags/example_passing_params_via_test_command.py for tasks to queue
[2021-02-27 10:10:21,525] {logging_mixin.py:104} INFO - [2021-02-27 10:10:21,525] {dagbag.py:448} INFO - Filling up the DagBag from /usr/local/lib/python3.9/site-packages/airflow/example_dags/example_passing_params_via_test_command.py
[2021-02-27 10:10:21,534] {scheduler_job.py:639} INFO - DAG(s) dict_keys(['example_passing_params_via_test_command']) retrieved from /usr/local/lib/python3.9/site-packages/airflow/example_dags/example_passing_params_via_test_command.py
[2021-02-27 10:10:22,416] {scheduler_job.py:193} ERROR - Got an exception! Propagating...
Traceback (most recent call last):
  File "/usr/local/lib/python3.9/site-packages/sqlalchemy/engine/base.py", line 2336, in _wrap_pool_connect
    return fn()
  File "/usr/local/lib/python3.9/site-packages/sqlalchemy/pool/base.py", line 364, in connect
    return _ConnectionFairy._checkout(self)
  File "/usr/local/lib/python3.9/site-packages/sqlalchemy/pool/base.py", line 778, in _checkout
    fairy = _ConnectionRecord.checkout(pool)
  File "/usr/local/lib/python3.9/site-packages/sqlalchemy/pool/base.py", line 495, in checkout
    rec = pool._do_get()
  File "/usr/local/lib/python3.9/site-packages/sqlalchemy/pool/impl.py", line 140, in _do_get
    self._dec_overflow()
  File "/usr/local/lib/python3.9/site-packages/sqlalchemy/util/langhelpers.py", line 68, in __exit__
    compat.raise_(
  File "/usr/local/lib/python3.9/site-packages/sqlalchemy/util/compat.py", line 182, in raise_
    raise exception
  File "/usr/local/lib/python3.9/site-packages/sqlalchemy/pool/impl.py", line 137, in _do_get
    return self._create_connection()
  File "/usr/local/lib/python3.9/site-packages/sqlalchemy/pool/base.py", line 309, in _create_connection
    return _ConnectionRecord(self)
  File "/usr/local/lib/python3.9/site-packages/sqlalchemy/pool/base.py", line 440, in __init__
    self.__connect(first_connect_check=True)
  File "/usr/local/lib/python3.9/site-packages/sqlalchemy/pool/base.py", line 661, in __connect
    pool.logger.debug("Error on connect(): %s", e)
  File "/usr/local/lib/python3.9/site-packages/sqlalchemy/util/langhelpers.py", line 68, in __exit__
    compat.raise_(
  File "/usr/local/lib/python3.9/site-packages/sqlalchemy/util/compat.py", line 182, in raise_
    raise exception
  File "/usr/local/lib/python3.9/site-packages/sqlalchemy/pool/base.py", line 656, in __connect
    connection = pool._invoke_creator(self)
  File "/usr/local/lib/python3.9/site-packages/sqlalchemy/engine/strategies.py", line 114, in connect
    return dialect.connect(*cargs, **cparams)
  File "/usr/local/lib/python3.9/site-packages/sqlalchemy/engine/default.py", line 508, in connect
    return self.dbapi.connect(*cargs, **cparams)
  File "/usr/local/lib/python3.9/site-packages/psycopg2/__init__.py", line 127, in connect
    conn = _connect(dsn, connection_factory=connection_factory, **kwasync)
psycopg2.OperationalError: FATAL:  role "karenzhang" does not exist


The above exception was the direct cause of the following exception:

Traceback (most recent call last):
  File "/usr/local/lib/python3.9/site-packages/airflow/jobs/scheduler_job.py", line 184, in _run_file_processor
    result: Tuple[int, int] = dag_file_processor.process_file(
  File "/usr/local/lib/python3.9/site-packages/airflow/utils/session.py", line 65, in wrapper
    return func(*args, session=session, **kwargs)
  File "/usr/local/lib/python3.9/site-packages/airflow/jobs/scheduler_job.py", line 648, in process_file
    dagbag.sync_to_db()
  File "/usr/local/lib/python3.9/site-packages/airflow/utils/session.py", line 65, in wrapper
    return func(*args, session=session, **kwargs)
  File "/usr/local/lib/python3.9/site-packages/airflow/models/dagbag.py", line 552, in sync_to_db
    for attempt in run_with_db_retries(logger=self.log):
  File "/usr/local/lib/python3.9/site-packages/tenacity/__init__.py", line 390, in __iter__
    do = self.iter(retry_state=retry_state)
  File "/usr/local/lib/python3.9/site-packages/tenacity/__init__.py", line 368, in iter
    raise retry_exc.reraise()
  File "/usr/local/lib/python3.9/site-packages/tenacity/__init__.py", line 186, in reraise
    raise self.last_attempt.result()
  File "/usr/local/Cellar/python@3.9/3.9.1_6/Frameworks/Python.framework/Versions/3.9/lib/python3.9/concurrent/futures/_base.py", line 433, in result
    return self.__get_result()
  File "/usr/local/Cellar/python@3.9/3.9.1_6/Frameworks/Python.framework/Versions/3.9/lib/python3.9/concurrent/futures/_base.py", line 389, in __get_result
    raise self._exception
  File "/usr/local/lib/python3.9/site-packages/airflow/models/dagbag.py", line 564, in sync_to_db
    serialize_errors.extend(_serialze_dag_capturing_errors(dag, session))
  File "/usr/local/lib/python3.9/site-packages/airflow/models/dagbag.py", line 538, in _serialze_dag_capturing_errors
    SerializedDagModel.write_dag(
  File "/usr/local/lib/python3.9/site-packages/airflow/utils/session.py", line 62, in wrapper
    return func(*args, **kwargs)
  File "/usr/local/lib/python3.9/site-packages/airflow/models/serialized_dag.py", line 117, in write_dag
    if session.query(
  File "/usr/local/lib/python3.9/site-packages/sqlalchemy/orm/query.py", line 3523, in scalar
    ret = self.one()
  File "/usr/local/lib/python3.9/site-packages/sqlalchemy/orm/query.py", line 3490, in one
    ret = self.one_or_none()
  File "/usr/local/lib/python3.9/site-packages/sqlalchemy/orm/query.py", line 3459, in one_or_none
    ret = list(self)
  File "/usr/local/lib/python3.9/site-packages/sqlalchemy/orm/query.py", line 3535, in __iter__
    return self._execute_and_instances(context)
  File "/usr/local/lib/python3.9/site-packages/sqlalchemy/orm/query.py", line 3556, in _execute_and_instances
    conn = self._get_bind_args(
  File "/usr/local/lib/python3.9/site-packages/sqlalchemy/orm/query.py", line 3571, in _get_bind_args
    return fn(
  File "/usr/local/lib/python3.9/site-packages/sqlalchemy/orm/query.py", line 3550, in _connection_from_session
    conn = self.session.connection(**kw)
  File "/usr/local/lib/python3.9/site-packages/sqlalchemy/orm/session.py", line 1142, in connection
    return self._connection_for_bind(
  File "/usr/local/lib/python3.9/site-packages/sqlalchemy/orm/session.py", line 1150, in _connection_for_bind
    return self.transaction._connection_for_bind(
  File "/usr/local/lib/python3.9/site-packages/sqlalchemy/orm/session.py", line 433, in _connection_for_bind
    conn = bind._contextual_connect()
  File "/usr/local/lib/python3.9/site-packages/sqlalchemy/engine/base.py", line 2302, in _contextual_connect
    self._wrap_pool_connect(self.pool.connect, None),
  File "/usr/local/lib/python3.9/site-packages/sqlalchemy/engine/base.py", line 2339, in _wrap_pool_connect
    Connection._handle_dbapi_exception_noconnection(
  File "/usr/local/lib/python3.9/site-packages/sqlalchemy/engine/base.py", line 1583, in _handle_dbapi_exception_noconnection
    util.raise_(
  File "/usr/local/lib/python3.9/site-packages/sqlalchemy/util/compat.py", line 182, in raise_
    raise exception
  File "/usr/local/lib/python3.9/site-packages/sqlalchemy/engine/base.py", line 2336, in _wrap_pool_connect
    return fn()
  File "/usr/local/lib/python3.9/site-packages/sqlalchemy/pool/base.py", line 364, in connect
    return _ConnectionFairy._checkout(self)
  File "/usr/local/lib/python3.9/site-packages/sqlalchemy/pool/base.py", line 778, in _checkout
    fairy = _ConnectionRecord.checkout(pool)
  File "/usr/local/lib/python3.9/site-packages/sqlalchemy/pool/base.py", line 495, in checkout
    rec = pool._do_get()
  File "/usr/local/lib/python3.9/site-packages/sqlalchemy/pool/impl.py", line 140, in _do_get
    self._dec_overflow()
  File "/usr/local/lib/python3.9/site-packages/sqlalchemy/util/langhelpers.py", line 68, in __exit__
    compat.raise_(
  File "/usr/local/lib/python3.9/site-packages/sqlalchemy/util/compat.py", line 182, in raise_
    raise exception
  File "/usr/local/lib/python3.9/site-packages/sqlalchemy/pool/impl.py", line 137, in _do_get
    return self._create_connection()
  File "/usr/local/lib/python3.9/site-packages/sqlalchemy/pool/base.py", line 309, in _create_connection
    return _ConnectionRecord(self)
  File "/usr/local/lib/python3.9/site-packages/sqlalchemy/pool/base.py", line 440, in __init__
    self.__connect(first_connect_check=True)
  File "/usr/local/lib/python3.9/site-packages/sqlalchemy/pool/base.py", line 661, in __connect
    pool.logger.debug("Error on connect(): %s", e)
  File "/usr/local/lib/python3.9/site-packages/sqlalchemy/util/langhelpers.py", line 68, in __exit__
    compat.raise_(
  File "/usr/local/lib/python3.9/site-packages/sqlalchemy/util/compat.py", line 182, in raise_
    raise exception
  File "/usr/local/lib/python3.9/site-packages/sqlalchemy/pool/base.py", line 656, in __connect
    connection = pool._invoke_creator(self)
  File "/usr/local/lib/python3.9/site-packages/sqlalchemy/engine/strategies.py", line 114, in connect
    return dialect.connect(*cargs, **cparams)
  File "/usr/local/lib/python3.9/site-packages/sqlalchemy/engine/default.py", line 508, in connect
    return self.dbapi.connect(*cargs, **cparams)
  File "/usr/local/lib/python3.9/site-packages/psycopg2/__init__.py", line 127, in connect
    conn = _connect(dsn, connection_factory=connection_factory, **kwasync)
sqlalchemy.exc.OperationalError: (psycopg2.OperationalError) FATAL:  role "karenzhang" does not exist

(Background on this error at: http://sqlalche.me/e/13/e3q8)
[2021-02-27 10:11:26,058] {scheduler_job.py:182} INFO - Started process (PID=24930) to work on /usr/local/lib/python3.9/site-packages/airflow/example_dags/example_passing_params_via_test_command.py
[2021-02-27 10:11:26,059] {scheduler_job.py:629} INFO - Processing file /usr/local/lib/python3.9/site-packages/airflow/example_dags/example_passing_params_via_test_command.py for tasks to queue
[2021-02-27 10:11:26,059] {logging_mixin.py:104} INFO - [2021-02-27 10:11:26,059] {dagbag.py:448} INFO - Filling up the DagBag from /usr/local/lib/python3.9/site-packages/airflow/example_dags/example_passing_params_via_test_command.py
[2021-02-27 10:11:26,069] {scheduler_job.py:639} INFO - DAG(s) dict_keys(['example_passing_params_via_test_command']) retrieved from /usr/local/lib/python3.9/site-packages/airflow/example_dags/example_passing_params_via_test_command.py
[2021-02-27 10:11:26,086] {logging_mixin.py:104} INFO - [2021-02-27 10:11:26,086] {dag.py:1818} INFO - Sync 1 DAGs
[2021-02-27 10:11:26,111] {scheduler_job.py:193} ERROR - Got an exception! Propagating...
Traceback (most recent call last):
  File "/usr/local/lib/python3.9/site-packages/sqlalchemy/engine/base.py", line 1276, in _execute_context
    self.dialect.do_execute(
  File "/usr/local/lib/python3.9/site-packages/sqlalchemy/engine/default.py", line 608, in do_execute
    cursor.execute(statement, parameters)
psycopg2.errors.InFailedSqlTransaction: current transaction is aborted, commands ignored until end of transaction block


The above exception was the direct cause of the following exception:

Traceback (most recent call last):
  File "/usr/local/lib/python3.9/site-packages/airflow/jobs/scheduler_job.py", line 184, in _run_file_processor
    result: Tuple[int, int] = dag_file_processor.process_file(
  File "/usr/local/lib/python3.9/site-packages/airflow/utils/session.py", line 65, in wrapper
    return func(*args, session=session, **kwargs)
  File "/usr/local/lib/python3.9/site-packages/airflow/jobs/scheduler_job.py", line 648, in process_file
    dagbag.sync_to_db()
  File "/usr/local/lib/python3.9/site-packages/airflow/utils/session.py", line 65, in wrapper
    return func(*args, session=session, **kwargs)
  File "/usr/local/lib/python3.9/site-packages/airflow/models/dagbag.py", line 552, in sync_to_db
    for attempt in run_with_db_retries(logger=self.log):
  File "/usr/local/lib/python3.9/site-packages/tenacity/__init__.py", line 390, in __iter__
    do = self.iter(retry_state=retry_state)
  File "/usr/local/lib/python3.9/site-packages/tenacity/__init__.py", line 356, in iter
    return fut.result()
  File "/usr/local/Cellar/python@3.9/3.9.1_6/Frameworks/Python.framework/Versions/3.9/lib/python3.9/concurrent/futures/_base.py", line 433, in result
    return self.__get_result()
  File "/usr/local/Cellar/python@3.9/3.9.1_6/Frameworks/Python.framework/Versions/3.9/lib/python3.9/concurrent/futures/_base.py", line 389, in __get_result
    raise self._exception
  File "/usr/local/lib/python3.9/site-packages/airflow/models/dagbag.py", line 566, in sync_to_db
    DAG.bulk_write_to_db(self.dags.values(), session=session)
  File "/usr/local/lib/python3.9/site-packages/airflow/utils/session.py", line 62, in wrapper
    return func(*args, **kwargs)
  File "/usr/local/lib/python3.9/site-packages/airflow/models/dag.py", line 1826, in bulk_write_to_db
    orm_dags = with_row_locks(query, of=DagModel, session=session).all()
  File "/usr/local/lib/python3.9/site-packages/sqlalchemy/orm/query.py", line 3373, in all
    return list(self)
  File "/usr/local/lib/python3.9/site-packages/sqlalchemy/orm/query.py", line 3535, in __iter__
    return self._execute_and_instances(context)
  File "/usr/local/lib/python3.9/site-packages/sqlalchemy/orm/query.py", line 3560, in _execute_and_instances
    result = conn.execute(querycontext.statement, self._params)
  File "/usr/local/lib/python3.9/site-packages/sqlalchemy/engine/base.py", line 1011, in execute
    return meth(self, multiparams, params)
  File "/usr/local/lib/python3.9/site-packages/sqlalchemy/sql/elements.py", line 298, in _execute_on_connection
    return connection._execute_clauseelement(self, multiparams, params)
  File "/usr/local/lib/python3.9/site-packages/sqlalchemy/engine/base.py", line 1124, in _execute_clauseelement
    ret = self._execute_context(
  File "/usr/local/lib/python3.9/site-packages/sqlalchemy/engine/base.py", line 1316, in _execute_context
    self._handle_dbapi_exception(
  File "/usr/local/lib/python3.9/site-packages/sqlalchemy/engine/base.py", line 1510, in _handle_dbapi_exception
    util.raise_(
  File "/usr/local/lib/python3.9/site-packages/sqlalchemy/util/compat.py", line 182, in raise_
    raise exception
  File "/usr/local/lib/python3.9/site-packages/sqlalchemy/engine/base.py", line 1276, in _execute_context
    self.dialect.do_execute(
  File "/usr/local/lib/python3.9/site-packages/sqlalchemy/engine/default.py", line 608, in do_execute
    cursor.execute(statement, parameters)
sqlalchemy.exc.InternalError: (psycopg2.errors.InFailedSqlTransaction) current transaction is aborted, commands ignored until end of transaction block

[SQL: SELECT dag.dag_id AS dag_dag_id, dag.root_dag_id AS dag_root_dag_id, dag.is_paused AS dag_is_paused, dag.is_subdag AS dag_is_subdag, dag.is_active AS dag_is_active, dag.last_scheduler_run AS dag_last_scheduler_run, dag.last_pickled AS dag_last_pickled, dag.last_expired AS dag_last_expired, dag.scheduler_lock AS dag_scheduler_lock, dag.pickle_id AS dag_pickle_id, dag.fileloc AS dag_fileloc, dag.owners AS dag_owners, dag.description AS dag_description, dag.default_view AS dag_default_view, dag.schedule_interval AS dag_schedule_interval, dag.concurrency AS dag_concurrency, dag.has_task_concurrency_limits AS dag_has_task_concurrency_limits, dag.next_dagrun AS dag_next_dagrun, dag.next_dagrun_create_after AS dag_next_dagrun_create_after, dag_tag_1.name AS dag_tag_1_name, dag_tag_1.dag_id AS dag_tag_1_dag_id 
FROM dag LEFT OUTER JOIN dag_tag AS dag_tag_1 ON dag.dag_id = dag_tag_1.dag_id 
WHERE dag.dag_id IN (%(dag_id_1)s) FOR UPDATE OF dag]
[parameters: {'dag_id_1': 'example_passing_params_via_test_command'}]
(Background on this error at: http://sqlalche.me/e/13/2j85)
[2021-02-27 10:12:16,665] {scheduler_job.py:182} INFO - Started process (PID=25008) to work on /usr/local/lib/python3.9/site-packages/airflow/example_dags/example_passing_params_via_test_command.py
[2021-02-27 10:12:16,667] {scheduler_job.py:629} INFO - Processing file /usr/local/lib/python3.9/site-packages/airflow/example_dags/example_passing_params_via_test_command.py for tasks to queue
[2021-02-27 10:12:16,668] {logging_mixin.py:104} INFO - [2021-02-27 10:12:16,668] {dagbag.py:448} INFO - Filling up the DagBag from /usr/local/lib/python3.9/site-packages/airflow/example_dags/example_passing_params_via_test_command.py
[2021-02-27 10:12:16,680] {scheduler_job.py:639} INFO - DAG(s) dict_keys(['example_passing_params_via_test_command']) retrieved from /usr/local/lib/python3.9/site-packages/airflow/example_dags/example_passing_params_via_test_command.py
[2021-02-27 10:12:16,723] {logging_mixin.py:104} INFO - [2021-02-27 10:12:16,722] {dag.py:1818} INFO - Sync 1 DAGs
[2021-02-27 10:12:16,744] {logging_mixin.py:104} INFO - [2021-02-27 10:12:16,744] {dag.py:2273} INFO - Setting next_dagrun for example_passing_params_via_test_command to 2021-02-26 00:00:00+00:00
[2021-02-27 10:12:16,751] {scheduler_job.py:190} INFO - Processing /usr/local/lib/python3.9/site-packages/airflow/example_dags/example_passing_params_via_test_command.py took 0.086 seconds
[2021-02-27 10:13:11,295] {scheduler_job.py:182} INFO - Started process (PID=25179) to work on /usr/local/lib/python3.9/site-packages/airflow/example_dags/example_passing_params_via_test_command.py
[2021-02-27 10:13:11,295] {scheduler_job.py:629} INFO - Processing file /usr/local/lib/python3.9/site-packages/airflow/example_dags/example_passing_params_via_test_command.py for tasks to queue
[2021-02-27 10:13:11,296] {logging_mixin.py:104} INFO - [2021-02-27 10:13:11,296] {dagbag.py:448} INFO - Filling up the DagBag from /usr/local/lib/python3.9/site-packages/airflow/example_dags/example_passing_params_via_test_command.py
[2021-02-27 10:13:11,305] {scheduler_job.py:639} INFO - DAG(s) dict_keys(['example_passing_params_via_test_command']) retrieved from /usr/local/lib/python3.9/site-packages/airflow/example_dags/example_passing_params_via_test_command.py
[2021-02-27 10:13:11,352] {logging_mixin.py:104} INFO - [2021-02-27 10:13:11,351] {dag.py:1818} INFO - Sync 1 DAGs
[2021-02-27 10:13:11,377] {logging_mixin.py:104} INFO - [2021-02-27 10:13:11,376] {dag.py:2273} INFO - Setting next_dagrun for example_passing_params_via_test_command to 2021-02-26 00:00:00+00:00
[2021-02-27 10:13:11,383] {scheduler_job.py:190} INFO - Processing /usr/local/lib/python3.9/site-packages/airflow/example_dags/example_passing_params_via_test_command.py took 0.089 seconds
[2021-02-27 10:13:31,176] {scheduler_job.py:182} INFO - Started process (PID=25214) to work on /usr/local/lib/python3.9/site-packages/airflow/example_dags/example_passing_params_via_test_command.py
[2021-02-27 10:13:31,177] {scheduler_job.py:629} INFO - Processing file /usr/local/lib/python3.9/site-packages/airflow/example_dags/example_passing_params_via_test_command.py for tasks to queue
[2021-02-27 10:13:31,178] {logging_mixin.py:104} INFO - [2021-02-27 10:13:31,177] {dagbag.py:448} INFO - Filling up the DagBag from /usr/local/lib/python3.9/site-packages/airflow/example_dags/example_passing_params_via_test_command.py
[2021-02-27 10:13:31,187] {scheduler_job.py:639} INFO - DAG(s) dict_keys(['example_passing_params_via_test_command']) retrieved from /usr/local/lib/python3.9/site-packages/airflow/example_dags/example_passing_params_via_test_command.py
[2021-02-27 10:13:31,234] {logging_mixin.py:104} INFO - [2021-02-27 10:13:31,234] {dag.py:1818} INFO - Sync 1 DAGs
[2021-02-27 10:13:31,261] {logging_mixin.py:104} INFO - [2021-02-27 10:13:31,261] {dag.py:2273} INFO - Setting next_dagrun for example_passing_params_via_test_command to 2021-02-26 00:00:00+00:00
[2021-02-27 10:13:31,268] {scheduler_job.py:190} INFO - Processing /usr/local/lib/python3.9/site-packages/airflow/example_dags/example_passing_params_via_test_command.py took 0.093 seconds
[2021-02-27 10:13:42,999] {scheduler_job.py:182} INFO - Started process (PID=25267) to work on /usr/local/lib/python3.9/site-packages/airflow/example_dags/example_passing_params_via_test_command.py
[2021-02-27 10:13:42,999] {scheduler_job.py:629} INFO - Processing file /usr/local/lib/python3.9/site-packages/airflow/example_dags/example_passing_params_via_test_command.py for tasks to queue
[2021-02-27 10:13:43,000] {logging_mixin.py:104} INFO - [2021-02-27 10:13:43,000] {dagbag.py:448} INFO - Filling up the DagBag from /usr/local/lib/python3.9/site-packages/airflow/example_dags/example_passing_params_via_test_command.py
[2021-02-27 10:13:43,009] {scheduler_job.py:639} INFO - DAG(s) dict_keys(['example_passing_params_via_test_command']) retrieved from /usr/local/lib/python3.9/site-packages/airflow/example_dags/example_passing_params_via_test_command.py
[2021-02-27 10:13:43,053] {logging_mixin.py:104} INFO - [2021-02-27 10:13:43,053] {dag.py:1818} INFO - Sync 1 DAGs
[2021-02-27 10:13:43,077] {logging_mixin.py:104} INFO - [2021-02-27 10:13:43,077] {dag.py:2273} INFO - Setting next_dagrun for example_passing_params_via_test_command to 2021-02-26 00:00:00+00:00
[2021-02-27 10:13:43,084] {scheduler_job.py:190} INFO - Processing /usr/local/lib/python3.9/site-packages/airflow/example_dags/example_passing_params_via_test_command.py took 0.086 seconds
[2021-02-27 10:14:14,383] {scheduler_job.py:182} INFO - Started process (PID=25359) to work on /usr/local/lib/python3.9/site-packages/airflow/example_dags/example_passing_params_via_test_command.py
[2021-02-27 10:14:14,384] {scheduler_job.py:629} INFO - Processing file /usr/local/lib/python3.9/site-packages/airflow/example_dags/example_passing_params_via_test_command.py for tasks to queue
[2021-02-27 10:14:14,384] {logging_mixin.py:104} INFO - [2021-02-27 10:14:14,384] {dagbag.py:448} INFO - Filling up the DagBag from /usr/local/lib/python3.9/site-packages/airflow/example_dags/example_passing_params_via_test_command.py
[2021-02-27 10:14:14,394] {scheduler_job.py:639} INFO - DAG(s) dict_keys(['example_passing_params_via_test_command']) retrieved from /usr/local/lib/python3.9/site-packages/airflow/example_dags/example_passing_params_via_test_command.py
[2021-02-27 10:14:14,438] {logging_mixin.py:104} INFO - [2021-02-27 10:14:14,437] {dag.py:1818} INFO - Sync 1 DAGs
[2021-02-27 10:14:14,465] {logging_mixin.py:104} INFO - [2021-02-27 10:14:14,465] {dag.py:2273} INFO - Setting next_dagrun for example_passing_params_via_test_command to 2021-02-26 00:00:00+00:00
[2021-02-27 10:14:14,471] {scheduler_job.py:190} INFO - Processing /usr/local/lib/python3.9/site-packages/airflow/example_dags/example_passing_params_via_test_command.py took 0.089 seconds
[2021-02-27 10:14:34,494] {scheduler_job.py:182} INFO - Started process (PID=25398) to work on /usr/local/lib/python3.9/site-packages/airflow/example_dags/example_passing_params_via_test_command.py
[2021-02-27 10:14:34,494] {scheduler_job.py:629} INFO - Processing file /usr/local/lib/python3.9/site-packages/airflow/example_dags/example_passing_params_via_test_command.py for tasks to queue
[2021-02-27 10:14:34,495] {logging_mixin.py:104} INFO - [2021-02-27 10:14:34,495] {dagbag.py:448} INFO - Filling up the DagBag from /usr/local/lib/python3.9/site-packages/airflow/example_dags/example_passing_params_via_test_command.py
[2021-02-27 10:14:34,503] {scheduler_job.py:639} INFO - DAG(s) dict_keys(['example_passing_params_via_test_command']) retrieved from /usr/local/lib/python3.9/site-packages/airflow/example_dags/example_passing_params_via_test_command.py
[2021-02-27 10:14:34,546] {logging_mixin.py:104} INFO - [2021-02-27 10:14:34,546] {dag.py:1818} INFO - Sync 1 DAGs
[2021-02-27 10:14:34,569] {logging_mixin.py:104} INFO - [2021-02-27 10:14:34,569] {dag.py:2273} INFO - Setting next_dagrun for example_passing_params_via_test_command to 2021-02-26 00:00:00+00:00
[2021-02-27 10:14:34,577] {scheduler_job.py:190} INFO - Processing /usr/local/lib/python3.9/site-packages/airflow/example_dags/example_passing_params_via_test_command.py took 0.084 seconds
[2021-02-27 10:14:45,912] {scheduler_job.py:182} INFO - Started process (PID=25446) to work on /usr/local/lib/python3.9/site-packages/airflow/example_dags/example_passing_params_via_test_command.py
[2021-02-27 10:14:45,912] {scheduler_job.py:629} INFO - Processing file /usr/local/lib/python3.9/site-packages/airflow/example_dags/example_passing_params_via_test_command.py for tasks to queue
[2021-02-27 10:14:45,912] {logging_mixin.py:104} INFO - [2021-02-27 10:14:45,912] {dagbag.py:448} INFO - Filling up the DagBag from /usr/local/lib/python3.9/site-packages/airflow/example_dags/example_passing_params_via_test_command.py
[2021-02-27 10:14:45,922] {scheduler_job.py:639} INFO - DAG(s) dict_keys(['example_passing_params_via_test_command']) retrieved from /usr/local/lib/python3.9/site-packages/airflow/example_dags/example_passing_params_via_test_command.py
[2021-02-27 10:14:45,965] {logging_mixin.py:104} INFO - [2021-02-27 10:14:45,965] {dag.py:1818} INFO - Sync 1 DAGs
[2021-02-27 10:14:45,989] {logging_mixin.py:104} INFO - [2021-02-27 10:14:45,989] {dag.py:2273} INFO - Setting next_dagrun for example_passing_params_via_test_command to 2021-02-26 00:00:00+00:00
[2021-02-27 10:14:45,997] {scheduler_job.py:190} INFO - Processing /usr/local/lib/python3.9/site-packages/airflow/example_dags/example_passing_params_via_test_command.py took 0.086 seconds
[2021-02-27 10:15:17,058] {scheduler_job.py:182} INFO - Started process (PID=25532) to work on /usr/local/lib/python3.9/site-packages/airflow/example_dags/example_passing_params_via_test_command.py
[2021-02-27 10:15:17,059] {scheduler_job.py:629} INFO - Processing file /usr/local/lib/python3.9/site-packages/airflow/example_dags/example_passing_params_via_test_command.py for tasks to queue
[2021-02-27 10:15:17,060] {logging_mixin.py:104} INFO - [2021-02-27 10:15:17,060] {dagbag.py:448} INFO - Filling up the DagBag from /usr/local/lib/python3.9/site-packages/airflow/example_dags/example_passing_params_via_test_command.py
[2021-02-27 10:15:17,069] {scheduler_job.py:639} INFO - DAG(s) dict_keys(['example_passing_params_via_test_command']) retrieved from /usr/local/lib/python3.9/site-packages/airflow/example_dags/example_passing_params_via_test_command.py
[2021-02-27 10:15:17,118] {logging_mixin.py:104} INFO - [2021-02-27 10:15:17,118] {dag.py:1818} INFO - Sync 1 DAGs
[2021-02-27 10:15:17,157] {logging_mixin.py:104} INFO - [2021-02-27 10:15:17,157] {dag.py:2273} INFO - Setting next_dagrun for example_passing_params_via_test_command to 2021-02-26 00:00:00+00:00
[2021-02-27 10:15:17,166] {scheduler_job.py:190} INFO - Processing /usr/local/lib/python3.9/site-packages/airflow/example_dags/example_passing_params_via_test_command.py took 0.109 seconds
[2021-02-27 10:15:20,213] {scheduler_job.py:182} INFO - Started process (PID=25539) to work on /usr/local/lib/python3.9/site-packages/airflow/example_dags/example_passing_params_via_test_command.py
[2021-02-27 10:15:20,213] {scheduler_job.py:629} INFO - Processing file /usr/local/lib/python3.9/site-packages/airflow/example_dags/example_passing_params_via_test_command.py for tasks to queue
[2021-02-27 10:15:20,214] {logging_mixin.py:104} INFO - [2021-02-27 10:15:20,214] {dagbag.py:448} INFO - Filling up the DagBag from /usr/local/lib/python3.9/site-packages/airflow/example_dags/example_passing_params_via_test_command.py
[2021-02-27 10:15:20,222] {scheduler_job.py:639} INFO - DAG(s) dict_keys(['example_passing_params_via_test_command']) retrieved from /usr/local/lib/python3.9/site-packages/airflow/example_dags/example_passing_params_via_test_command.py
[2021-02-27 10:15:20,264] {logging_mixin.py:104} INFO - [2021-02-27 10:15:20,264] {dag.py:1818} INFO - Sync 1 DAGs
[2021-02-27 10:15:20,286] {logging_mixin.py:104} INFO - [2021-02-27 10:15:20,286] {dag.py:2273} INFO - Setting next_dagrun for example_passing_params_via_test_command to 2021-02-26 00:00:00+00:00
[2021-02-27 10:15:20,293] {scheduler_job.py:190} INFO - Processing /usr/local/lib/python3.9/site-packages/airflow/example_dags/example_passing_params_via_test_command.py took 0.081 seconds
[2021-02-27 10:15:49,004] {scheduler_job.py:182} INFO - Started process (PID=25626) to work on /usr/local/lib/python3.9/site-packages/airflow/example_dags/example_passing_params_via_test_command.py
[2021-02-27 10:15:49,005] {scheduler_job.py:629} INFO - Processing file /usr/local/lib/python3.9/site-packages/airflow/example_dags/example_passing_params_via_test_command.py for tasks to queue
[2021-02-27 10:15:49,005] {logging_mixin.py:104} INFO - [2021-02-27 10:15:49,005] {dagbag.py:448} INFO - Filling up the DagBag from /usr/local/lib/python3.9/site-packages/airflow/example_dags/example_passing_params_via_test_command.py
[2021-02-27 10:15:49,014] {scheduler_job.py:639} INFO - DAG(s) dict_keys(['example_passing_params_via_test_command']) retrieved from /usr/local/lib/python3.9/site-packages/airflow/example_dags/example_passing_params_via_test_command.py
[2021-02-27 10:15:49,058] {logging_mixin.py:104} INFO - [2021-02-27 10:15:49,058] {dag.py:1818} INFO - Sync 1 DAGs
[2021-02-27 10:15:49,082] {logging_mixin.py:104} INFO - [2021-02-27 10:15:49,082] {dag.py:2273} INFO - Setting next_dagrun for example_passing_params_via_test_command to 2021-02-26 00:00:00+00:00
[2021-02-27 10:15:49,088] {scheduler_job.py:190} INFO - Processing /usr/local/lib/python3.9/site-packages/airflow/example_dags/example_passing_params_via_test_command.py took 0.085 seconds
[2021-02-27 10:16:20,639] {scheduler_job.py:182} INFO - Started process (PID=25715) to work on /usr/local/lib/python3.9/site-packages/airflow/example_dags/example_passing_params_via_test_command.py
[2021-02-27 10:16:20,640] {scheduler_job.py:629} INFO - Processing file /usr/local/lib/python3.9/site-packages/airflow/example_dags/example_passing_params_via_test_command.py for tasks to queue
[2021-02-27 10:16:20,640] {logging_mixin.py:104} INFO - [2021-02-27 10:16:20,640] {dagbag.py:448} INFO - Filling up the DagBag from /usr/local/lib/python3.9/site-packages/airflow/example_dags/example_passing_params_via_test_command.py
[2021-02-27 10:16:20,649] {scheduler_job.py:639} INFO - DAG(s) dict_keys(['example_passing_params_via_test_command']) retrieved from /usr/local/lib/python3.9/site-packages/airflow/example_dags/example_passing_params_via_test_command.py
[2021-02-27 10:16:20,691] {logging_mixin.py:104} INFO - [2021-02-27 10:16:20,691] {dag.py:1818} INFO - Sync 1 DAGs
[2021-02-27 10:16:20,714] {logging_mixin.py:104} INFO - [2021-02-27 10:16:20,714] {dag.py:2273} INFO - Setting next_dagrun for example_passing_params_via_test_command to 2021-02-26 00:00:00+00:00
[2021-02-27 10:16:20,721] {scheduler_job.py:190} INFO - Processing /usr/local/lib/python3.9/site-packages/airflow/example_dags/example_passing_params_via_test_command.py took 0.083 seconds
[2021-02-27 10:16:25,979] {scheduler_job.py:182} INFO - Started process (PID=25724) to work on /usr/local/lib/python3.9/site-packages/airflow/example_dags/example_passing_params_via_test_command.py
[2021-02-27 10:16:25,980] {scheduler_job.py:629} INFO - Processing file /usr/local/lib/python3.9/site-packages/airflow/example_dags/example_passing_params_via_test_command.py for tasks to queue
[2021-02-27 10:16:25,980] {logging_mixin.py:104} INFO - [2021-02-27 10:16:25,980] {dagbag.py:448} INFO - Filling up the DagBag from /usr/local/lib/python3.9/site-packages/airflow/example_dags/example_passing_params_via_test_command.py
[2021-02-27 10:16:25,989] {scheduler_job.py:639} INFO - DAG(s) dict_keys(['example_passing_params_via_test_command']) retrieved from /usr/local/lib/python3.9/site-packages/airflow/example_dags/example_passing_params_via_test_command.py
[2021-02-27 10:16:26,035] {logging_mixin.py:104} INFO - [2021-02-27 10:16:26,035] {dag.py:1818} INFO - Sync 1 DAGs
[2021-02-27 10:16:26,060] {logging_mixin.py:104} INFO - [2021-02-27 10:16:26,060] {dag.py:2273} INFO - Setting next_dagrun for example_passing_params_via_test_command to 2021-02-26 00:00:00+00:00
[2021-02-27 10:16:26,067] {scheduler_job.py:190} INFO - Processing /usr/local/lib/python3.9/site-packages/airflow/example_dags/example_passing_params_via_test_command.py took 0.089 seconds
[2021-02-27 10:16:52,095] {scheduler_job.py:182} INFO - Started process (PID=25804) to work on /usr/local/lib/python3.9/site-packages/airflow/example_dags/example_passing_params_via_test_command.py
[2021-02-27 10:16:52,096] {scheduler_job.py:629} INFO - Processing file /usr/local/lib/python3.9/site-packages/airflow/example_dags/example_passing_params_via_test_command.py for tasks to queue
[2021-02-27 10:16:52,096] {logging_mixin.py:104} INFO - [2021-02-27 10:16:52,096] {dagbag.py:448} INFO - Filling up the DagBag from /usr/local/lib/python3.9/site-packages/airflow/example_dags/example_passing_params_via_test_command.py
[2021-02-27 10:16:52,107] {scheduler_job.py:639} INFO - DAG(s) dict_keys(['example_passing_params_via_test_command']) retrieved from /usr/local/lib/python3.9/site-packages/airflow/example_dags/example_passing_params_via_test_command.py
[2021-02-27 10:16:52,153] {logging_mixin.py:104} INFO - [2021-02-27 10:16:52,153] {dag.py:1818} INFO - Sync 1 DAGs
[2021-02-27 10:16:52,181] {logging_mixin.py:104} INFO - [2021-02-27 10:16:52,181] {dag.py:2273} INFO - Setting next_dagrun for example_passing_params_via_test_command to 2021-02-26 00:00:00+00:00
[2021-02-27 10:16:52,188] {scheduler_job.py:190} INFO - Processing /usr/local/lib/python3.9/site-packages/airflow/example_dags/example_passing_params_via_test_command.py took 0.094 seconds
[2021-02-27 10:17:23,986] {scheduler_job.py:182} INFO - Started process (PID=25904) to work on /usr/local/lib/python3.9/site-packages/airflow/example_dags/example_passing_params_via_test_command.py
[2021-02-27 10:17:23,987] {scheduler_job.py:629} INFO - Processing file /usr/local/lib/python3.9/site-packages/airflow/example_dags/example_passing_params_via_test_command.py for tasks to queue
[2021-02-27 10:17:23,988] {logging_mixin.py:104} INFO - [2021-02-27 10:17:23,987] {dagbag.py:448} INFO - Filling up the DagBag from /usr/local/lib/python3.9/site-packages/airflow/example_dags/example_passing_params_via_test_command.py
[2021-02-27 10:17:23,997] {scheduler_job.py:639} INFO - DAG(s) dict_keys(['example_passing_params_via_test_command']) retrieved from /usr/local/lib/python3.9/site-packages/airflow/example_dags/example_passing_params_via_test_command.py
[2021-02-27 10:17:24,040] {logging_mixin.py:104} INFO - [2021-02-27 10:17:24,040] {dag.py:1818} INFO - Sync 1 DAGs
[2021-02-27 10:17:24,065] {logging_mixin.py:104} INFO - [2021-02-27 10:17:24,064] {dag.py:2273} INFO - Setting next_dagrun for example_passing_params_via_test_command to 2021-02-26 00:00:00+00:00
[2021-02-27 10:17:24,071] {scheduler_job.py:190} INFO - Processing /usr/local/lib/python3.9/site-packages/airflow/example_dags/example_passing_params_via_test_command.py took 0.086 seconds
[2021-02-27 10:17:31,173] {scheduler_job.py:182} INFO - Started process (PID=25915) to work on /usr/local/lib/python3.9/site-packages/airflow/example_dags/example_passing_params_via_test_command.py
[2021-02-27 10:17:31,173] {scheduler_job.py:629} INFO - Processing file /usr/local/lib/python3.9/site-packages/airflow/example_dags/example_passing_params_via_test_command.py for tasks to queue
[2021-02-27 10:17:31,173] {logging_mixin.py:104} INFO - [2021-02-27 10:17:31,173] {dagbag.py:448} INFO - Filling up the DagBag from /usr/local/lib/python3.9/site-packages/airflow/example_dags/example_passing_params_via_test_command.py
[2021-02-27 10:17:31,183] {scheduler_job.py:639} INFO - DAG(s) dict_keys(['example_passing_params_via_test_command']) retrieved from /usr/local/lib/python3.9/site-packages/airflow/example_dags/example_passing_params_via_test_command.py
[2021-02-27 10:17:31,227] {logging_mixin.py:104} INFO - [2021-02-27 10:17:31,227] {dag.py:1818} INFO - Sync 1 DAGs
[2021-02-27 10:17:31,252] {logging_mixin.py:104} INFO - [2021-02-27 10:17:31,252] {dag.py:2273} INFO - Setting next_dagrun for example_passing_params_via_test_command to 2021-02-26 00:00:00+00:00
[2021-02-27 10:17:31,259] {scheduler_job.py:190} INFO - Processing /usr/local/lib/python3.9/site-packages/airflow/example_dags/example_passing_params_via_test_command.py took 0.088 seconds
[2021-02-27 10:17:55,744] {scheduler_job.py:182} INFO - Started process (PID=25991) to work on /usr/local/lib/python3.9/site-packages/airflow/example_dags/example_passing_params_via_test_command.py
[2021-02-27 10:17:55,744] {scheduler_job.py:629} INFO - Processing file /usr/local/lib/python3.9/site-packages/airflow/example_dags/example_passing_params_via_test_command.py for tasks to queue
[2021-02-27 10:17:55,745] {logging_mixin.py:104} INFO - [2021-02-27 10:17:55,745] {dagbag.py:448} INFO - Filling up the DagBag from /usr/local/lib/python3.9/site-packages/airflow/example_dags/example_passing_params_via_test_command.py
[2021-02-27 10:17:55,754] {scheduler_job.py:639} INFO - DAG(s) dict_keys(['example_passing_params_via_test_command']) retrieved from /usr/local/lib/python3.9/site-packages/airflow/example_dags/example_passing_params_via_test_command.py
[2021-02-27 10:17:55,798] {logging_mixin.py:104} INFO - [2021-02-27 10:17:55,797] {dag.py:1818} INFO - Sync 1 DAGs
[2021-02-27 10:17:55,823] {logging_mixin.py:104} INFO - [2021-02-27 10:17:55,823] {dag.py:2273} INFO - Setting next_dagrun for example_passing_params_via_test_command to 2021-02-26 00:00:00+00:00
[2021-02-27 10:17:55,830] {scheduler_job.py:190} INFO - Processing /usr/local/lib/python3.9/site-packages/airflow/example_dags/example_passing_params_via_test_command.py took 0.087 seconds
[2021-02-27 10:18:27,136] {scheduler_job.py:182} INFO - Started process (PID=26090) to work on /usr/local/lib/python3.9/site-packages/airflow/example_dags/example_passing_params_via_test_command.py
[2021-02-27 10:18:27,136] {scheduler_job.py:629} INFO - Processing file /usr/local/lib/python3.9/site-packages/airflow/example_dags/example_passing_params_via_test_command.py for tasks to queue
[2021-02-27 10:18:27,137] {logging_mixin.py:104} INFO - [2021-02-27 10:18:27,137] {dagbag.py:448} INFO - Filling up the DagBag from /usr/local/lib/python3.9/site-packages/airflow/example_dags/example_passing_params_via_test_command.py
[2021-02-27 10:18:27,148] {scheduler_job.py:639} INFO - DAG(s) dict_keys(['example_passing_params_via_test_command']) retrieved from /usr/local/lib/python3.9/site-packages/airflow/example_dags/example_passing_params_via_test_command.py
[2021-02-27 10:18:27,215] {logging_mixin.py:104} INFO - [2021-02-27 10:18:27,215] {dag.py:1818} INFO - Sync 1 DAGs
[2021-02-27 10:18:27,255] {logging_mixin.py:104} INFO - [2021-02-27 10:18:27,255] {dag.py:2273} INFO - Setting next_dagrun for example_passing_params_via_test_command to 2021-02-26 00:00:00+00:00
[2021-02-27 10:18:27,264] {scheduler_job.py:190} INFO - Processing /usr/local/lib/python3.9/site-packages/airflow/example_dags/example_passing_params_via_test_command.py took 0.129 seconds
[2021-02-27 10:18:35,685] {scheduler_job.py:182} INFO - Started process (PID=26102) to work on /usr/local/lib/python3.9/site-packages/airflow/example_dags/example_passing_params_via_test_command.py
[2021-02-27 10:18:35,686] {scheduler_job.py:629} INFO - Processing file /usr/local/lib/python3.9/site-packages/airflow/example_dags/example_passing_params_via_test_command.py for tasks to queue
[2021-02-27 10:18:35,686] {logging_mixin.py:104} INFO - [2021-02-27 10:18:35,686] {dagbag.py:448} INFO - Filling up the DagBag from /usr/local/lib/python3.9/site-packages/airflow/example_dags/example_passing_params_via_test_command.py
[2021-02-27 10:18:35,695] {scheduler_job.py:639} INFO - DAG(s) dict_keys(['example_passing_params_via_test_command']) retrieved from /usr/local/lib/python3.9/site-packages/airflow/example_dags/example_passing_params_via_test_command.py
[2021-02-27 10:18:35,740] {logging_mixin.py:104} INFO - [2021-02-27 10:18:35,740] {dag.py:1818} INFO - Sync 1 DAGs
[2021-02-27 10:18:35,765] {logging_mixin.py:104} INFO - [2021-02-27 10:18:35,765] {dag.py:2273} INFO - Setting next_dagrun for example_passing_params_via_test_command to 2021-02-26 00:00:00+00:00
[2021-02-27 10:18:35,772] {scheduler_job.py:190} INFO - Processing /usr/local/lib/python3.9/site-packages/airflow/example_dags/example_passing_params_via_test_command.py took 0.087 seconds
[2021-02-27 10:18:58,972] {scheduler_job.py:182} INFO - Started process (PID=26271) to work on /usr/local/lib/python3.9/site-packages/airflow/example_dags/example_passing_params_via_test_command.py
[2021-02-27 10:18:58,972] {scheduler_job.py:629} INFO - Processing file /usr/local/lib/python3.9/site-packages/airflow/example_dags/example_passing_params_via_test_command.py for tasks to queue
[2021-02-27 10:18:58,973] {logging_mixin.py:104} INFO - [2021-02-27 10:18:58,973] {dagbag.py:448} INFO - Filling up the DagBag from /usr/local/lib/python3.9/site-packages/airflow/example_dags/example_passing_params_via_test_command.py
[2021-02-27 10:18:58,986] {scheduler_job.py:639} INFO - DAG(s) dict_keys(['example_passing_params_via_test_command']) retrieved from /usr/local/lib/python3.9/site-packages/airflow/example_dags/example_passing_params_via_test_command.py
[2021-02-27 10:18:59,042] {logging_mixin.py:104} INFO - [2021-02-27 10:18:59,042] {dag.py:1818} INFO - Sync 1 DAGs
[2021-02-27 10:18:59,076] {logging_mixin.py:104} INFO - [2021-02-27 10:18:59,076] {dag.py:2273} INFO - Setting next_dagrun for example_passing_params_via_test_command to 2021-02-26 00:00:00+00:00
[2021-02-27 10:18:59,085] {scheduler_job.py:190} INFO - Processing /usr/local/lib/python3.9/site-packages/airflow/example_dags/example_passing_params_via_test_command.py took 0.114 seconds
[2021-02-27 10:19:30,519] {scheduler_job.py:182} INFO - Started process (PID=26491) to work on /usr/local/lib/python3.9/site-packages/airflow/example_dags/example_passing_params_via_test_command.py
[2021-02-27 10:19:30,520] {scheduler_job.py:629} INFO - Processing file /usr/local/lib/python3.9/site-packages/airflow/example_dags/example_passing_params_via_test_command.py for tasks to queue
[2021-02-27 10:19:30,520] {logging_mixin.py:104} INFO - [2021-02-27 10:19:30,520] {dagbag.py:448} INFO - Filling up the DagBag from /usr/local/lib/python3.9/site-packages/airflow/example_dags/example_passing_params_via_test_command.py
[2021-02-27 10:19:30,529] {scheduler_job.py:639} INFO - DAG(s) dict_keys(['example_passing_params_via_test_command']) retrieved from /usr/local/lib/python3.9/site-packages/airflow/example_dags/example_passing_params_via_test_command.py
[2021-02-27 10:19:30,573] {logging_mixin.py:104} INFO - [2021-02-27 10:19:30,572] {dag.py:1818} INFO - Sync 1 DAGs
[2021-02-27 10:19:30,598] {logging_mixin.py:104} INFO - [2021-02-27 10:19:30,597] {dag.py:2273} INFO - Setting next_dagrun for example_passing_params_via_test_command to 2021-02-26 00:00:00+00:00
[2021-02-27 10:19:30,604] {scheduler_job.py:190} INFO - Processing /usr/local/lib/python3.9/site-packages/airflow/example_dags/example_passing_params_via_test_command.py took 0.086 seconds
[2021-02-27 10:19:41,373] {scheduler_job.py:182} INFO - Started process (PID=26508) to work on /usr/local/lib/python3.9/site-packages/airflow/example_dags/example_passing_params_via_test_command.py
[2021-02-27 10:19:41,374] {scheduler_job.py:629} INFO - Processing file /usr/local/lib/python3.9/site-packages/airflow/example_dags/example_passing_params_via_test_command.py for tasks to queue
[2021-02-27 10:19:41,374] {logging_mixin.py:104} INFO - [2021-02-27 10:19:41,374] {dagbag.py:448} INFO - Filling up the DagBag from /usr/local/lib/python3.9/site-packages/airflow/example_dags/example_passing_params_via_test_command.py
[2021-02-27 10:19:41,384] {scheduler_job.py:639} INFO - DAG(s) dict_keys(['example_passing_params_via_test_command']) retrieved from /usr/local/lib/python3.9/site-packages/airflow/example_dags/example_passing_params_via_test_command.py
[2021-02-27 10:19:41,429] {logging_mixin.py:104} INFO - [2021-02-27 10:19:41,429] {dag.py:1818} INFO - Sync 1 DAGs
[2021-02-27 10:19:41,451] {logging_mixin.py:104} INFO - [2021-02-27 10:19:41,451] {dag.py:2273} INFO - Setting next_dagrun for example_passing_params_via_test_command to 2021-02-26 00:00:00+00:00
[2021-02-27 10:19:41,459] {scheduler_job.py:190} INFO - Processing /usr/local/lib/python3.9/site-packages/airflow/example_dags/example_passing_params_via_test_command.py took 0.086 seconds
