[2021-02-27 09:12:54,343] {scheduler_job.py:182} INFO - Started process (PID=21766) to work on /usr/local/lib/python3.9/site-packages/airflow/example_dags/test_utils.py
[2021-02-27 09:12:54,344] {scheduler_job.py:629} INFO - Processing file /usr/local/lib/python3.9/site-packages/airflow/example_dags/test_utils.py for tasks to queue
[2021-02-27 09:12:54,344] {logging_mixin.py:104} INFO - [2021-02-27 09:12:54,344] {dagbag.py:448} INFO - Filling up the DagBag from /usr/local/lib/python3.9/site-packages/airflow/example_dags/test_utils.py
[2021-02-27 09:12:54,349] {scheduler_job.py:639} INFO - DAG(s) dict_keys(['test_utils']) retrieved from /usr/local/lib/python3.9/site-packages/airflow/example_dags/test_utils.py
[2021-02-27 09:12:54,378] {logging_mixin.py:104} INFO - [2021-02-27 09:12:54,378] {dag.py:1818} INFO - Sync 1 DAGs
[2021-02-27 09:12:54,385] {logging_mixin.py:104} INFO - [2021-02-27 09:12:54,385] {dag.py:2273} INFO - Setting next_dagrun for test_utils to None
[2021-02-27 09:12:54,390] {scheduler_job.py:190} INFO - Processing /usr/local/lib/python3.9/site-packages/airflow/example_dags/test_utils.py took 0.047 seconds
[2021-02-27 09:13:47,282] {scheduler_job.py:182} INFO - Started process (PID=21801) to work on /usr/local/lib/python3.9/site-packages/airflow/example_dags/test_utils.py
[2021-02-27 09:13:47,283] {scheduler_job.py:629} INFO - Processing file /usr/local/lib/python3.9/site-packages/airflow/example_dags/test_utils.py for tasks to queue
[2021-02-27 09:13:47,283] {logging_mixin.py:104} INFO - [2021-02-27 09:13:47,283] {dagbag.py:448} INFO - Filling up the DagBag from /usr/local/lib/python3.9/site-packages/airflow/example_dags/test_utils.py
[2021-02-27 09:13:47,289] {scheduler_job.py:639} INFO - DAG(s) dict_keys(['test_utils']) retrieved from /usr/local/lib/python3.9/site-packages/airflow/example_dags/test_utils.py
[2021-02-27 09:13:47,321] {logging_mixin.py:104} INFO - [2021-02-27 09:13:47,321] {dag.py:1818} INFO - Sync 1 DAGs
[2021-02-27 09:13:47,331] {logging_mixin.py:104} INFO - [2021-02-27 09:13:47,331] {dag.py:2273} INFO - Setting next_dagrun for test_utils to None
[2021-02-27 09:13:47,337] {scheduler_job.py:190} INFO - Processing /usr/local/lib/python3.9/site-packages/airflow/example_dags/test_utils.py took 0.056 seconds
[2021-02-27 09:14:40,677] {scheduler_job.py:182} INFO - Started process (PID=21842) to work on /usr/local/lib/python3.9/site-packages/airflow/example_dags/test_utils.py
[2021-02-27 09:14:40,677] {scheduler_job.py:629} INFO - Processing file /usr/local/lib/python3.9/site-packages/airflow/example_dags/test_utils.py for tasks to queue
[2021-02-27 09:14:40,678] {logging_mixin.py:104} INFO - [2021-02-27 09:14:40,677] {dagbag.py:448} INFO - Filling up the DagBag from /usr/local/lib/python3.9/site-packages/airflow/example_dags/test_utils.py
[2021-02-27 09:14:40,683] {scheduler_job.py:639} INFO - DAG(s) dict_keys(['test_utils']) retrieved from /usr/local/lib/python3.9/site-packages/airflow/example_dags/test_utils.py
[2021-02-27 09:14:40,711] {logging_mixin.py:104} INFO - [2021-02-27 09:14:40,711] {dag.py:1818} INFO - Sync 1 DAGs
[2021-02-27 09:14:40,720] {logging_mixin.py:104} INFO - [2021-02-27 09:14:40,720] {dag.py:2273} INFO - Setting next_dagrun for test_utils to None
[2021-02-27 09:14:40,724] {scheduler_job.py:190} INFO - Processing /usr/local/lib/python3.9/site-packages/airflow/example_dags/test_utils.py took 0.048 seconds
[2021-02-27 09:15:36,845] {scheduler_job.py:182} INFO - Started process (PID=21921) to work on /usr/local/lib/python3.9/site-packages/airflow/example_dags/test_utils.py
[2021-02-27 09:15:36,846] {scheduler_job.py:629} INFO - Processing file /usr/local/lib/python3.9/site-packages/airflow/example_dags/test_utils.py for tasks to queue
[2021-02-27 09:15:36,846] {logging_mixin.py:104} INFO - [2021-02-27 09:15:36,846] {dagbag.py:448} INFO - Filling up the DagBag from /usr/local/lib/python3.9/site-packages/airflow/example_dags/test_utils.py
[2021-02-27 09:15:36,851] {scheduler_job.py:639} INFO - DAG(s) dict_keys(['test_utils']) retrieved from /usr/local/lib/python3.9/site-packages/airflow/example_dags/test_utils.py
[2021-02-27 09:15:36,877] {logging_mixin.py:104} INFO - [2021-02-27 09:15:36,877] {dag.py:1818} INFO - Sync 1 DAGs
[2021-02-27 09:15:36,885] {logging_mixin.py:104} INFO - [2021-02-27 09:15:36,885] {dag.py:2273} INFO - Setting next_dagrun for test_utils to None
[2021-02-27 09:15:36,890] {scheduler_job.py:190} INFO - Processing /usr/local/lib/python3.9/site-packages/airflow/example_dags/test_utils.py took 0.045 seconds
[2021-02-27 09:16:26,263] {scheduler_job.py:182} INFO - Started process (PID=21969) to work on /usr/local/lib/python3.9/site-packages/airflow/example_dags/test_utils.py
[2021-02-27 09:16:26,263] {scheduler_job.py:629} INFO - Processing file /usr/local/lib/python3.9/site-packages/airflow/example_dags/test_utils.py for tasks to queue
[2021-02-27 09:16:26,264] {logging_mixin.py:104} INFO - [2021-02-27 09:16:26,263] {dagbag.py:448} INFO - Filling up the DagBag from /usr/local/lib/python3.9/site-packages/airflow/example_dags/test_utils.py
[2021-02-27 09:16:26,270] {scheduler_job.py:639} INFO - DAG(s) dict_keys(['test_utils']) retrieved from /usr/local/lib/python3.9/site-packages/airflow/example_dags/test_utils.py
[2021-02-27 09:16:26,301] {logging_mixin.py:104} INFO - [2021-02-27 09:16:26,301] {dag.py:1818} INFO - Sync 1 DAGs
[2021-02-27 09:16:26,309] {logging_mixin.py:104} INFO - [2021-02-27 09:16:26,309] {dag.py:2273} INFO - Setting next_dagrun for test_utils to None
[2021-02-27 09:16:26,314] {scheduler_job.py:190} INFO - Processing /usr/local/lib/python3.9/site-packages/airflow/example_dags/test_utils.py took 0.052 seconds
[2021-02-27 09:17:19,823] {scheduler_job.py:182} INFO - Started process (PID=22011) to work on /usr/local/lib/python3.9/site-packages/airflow/example_dags/test_utils.py
[2021-02-27 09:17:19,824] {scheduler_job.py:629} INFO - Processing file /usr/local/lib/python3.9/site-packages/airflow/example_dags/test_utils.py for tasks to queue
[2021-02-27 09:17:19,824] {logging_mixin.py:104} INFO - [2021-02-27 09:17:19,824] {dagbag.py:448} INFO - Filling up the DagBag from /usr/local/lib/python3.9/site-packages/airflow/example_dags/test_utils.py
[2021-02-27 09:17:19,830] {scheduler_job.py:639} INFO - DAG(s) dict_keys(['test_utils']) retrieved from /usr/local/lib/python3.9/site-packages/airflow/example_dags/test_utils.py
[2021-02-27 09:17:19,857] {logging_mixin.py:104} INFO - [2021-02-27 09:17:19,857] {dag.py:1818} INFO - Sync 1 DAGs
[2021-02-27 09:17:19,865] {logging_mixin.py:104} INFO - [2021-02-27 09:17:19,865] {dag.py:2273} INFO - Setting next_dagrun for test_utils to None
[2021-02-27 09:17:19,869] {scheduler_job.py:190} INFO - Processing /usr/local/lib/python3.9/site-packages/airflow/example_dags/test_utils.py took 0.047 seconds
[2021-02-27 09:18:12,085] {scheduler_job.py:182} INFO - Started process (PID=22065) to work on /usr/local/lib/python3.9/site-packages/airflow/example_dags/test_utils.py
[2021-02-27 09:18:12,086] {scheduler_job.py:629} INFO - Processing file /usr/local/lib/python3.9/site-packages/airflow/example_dags/test_utils.py for tasks to queue
[2021-02-27 09:18:12,086] {logging_mixin.py:104} INFO - [2021-02-27 09:18:12,086] {dagbag.py:448} INFO - Filling up the DagBag from /usr/local/lib/python3.9/site-packages/airflow/example_dags/test_utils.py
[2021-02-27 09:18:12,093] {scheduler_job.py:639} INFO - DAG(s) dict_keys(['test_utils']) retrieved from /usr/local/lib/python3.9/site-packages/airflow/example_dags/test_utils.py
[2021-02-27 09:18:12,125] {logging_mixin.py:104} INFO - [2021-02-27 09:18:12,125] {dag.py:1818} INFO - Sync 1 DAGs
[2021-02-27 09:18:12,135] {logging_mixin.py:104} INFO - [2021-02-27 09:18:12,135] {dag.py:2273} INFO - Setting next_dagrun for test_utils to None
[2021-02-27 09:18:12,141] {scheduler_job.py:190} INFO - Processing /usr/local/lib/python3.9/site-packages/airflow/example_dags/test_utils.py took 0.056 seconds
[2021-02-27 09:19:10,582] {scheduler_job.py:182} INFO - Started process (PID=22120) to work on /usr/local/lib/python3.9/site-packages/airflow/example_dags/test_utils.py
[2021-02-27 09:19:10,584] {scheduler_job.py:629} INFO - Processing file /usr/local/lib/python3.9/site-packages/airflow/example_dags/test_utils.py for tasks to queue
[2021-02-27 09:19:10,584] {logging_mixin.py:104} INFO - [2021-02-27 09:19:10,584] {dagbag.py:448} INFO - Filling up the DagBag from /usr/local/lib/python3.9/site-packages/airflow/example_dags/test_utils.py
[2021-02-27 09:19:10,590] {scheduler_job.py:639} INFO - DAG(s) dict_keys(['test_utils']) retrieved from /usr/local/lib/python3.9/site-packages/airflow/example_dags/test_utils.py
[2021-02-27 09:19:10,616] {logging_mixin.py:104} INFO - [2021-02-27 09:19:10,616] {dag.py:1818} INFO - Sync 1 DAGs
[2021-02-27 09:19:10,623] {logging_mixin.py:104} INFO - [2021-02-27 09:19:10,623] {dag.py:2273} INFO - Setting next_dagrun for test_utils to None
[2021-02-27 09:19:10,628] {scheduler_job.py:190} INFO - Processing /usr/local/lib/python3.9/site-packages/airflow/example_dags/test_utils.py took 0.046 seconds
[2021-02-27 09:20:09,476] {scheduler_job.py:182} INFO - Started process (PID=22182) to work on /usr/local/lib/python3.9/site-packages/airflow/example_dags/test_utils.py
[2021-02-27 09:20:09,477] {scheduler_job.py:629} INFO - Processing file /usr/local/lib/python3.9/site-packages/airflow/example_dags/test_utils.py for tasks to queue
[2021-02-27 09:20:09,477] {logging_mixin.py:104} INFO - [2021-02-27 09:20:09,477] {dagbag.py:448} INFO - Filling up the DagBag from /usr/local/lib/python3.9/site-packages/airflow/example_dags/test_utils.py
[2021-02-27 09:20:09,483] {scheduler_job.py:639} INFO - DAG(s) dict_keys(['test_utils']) retrieved from /usr/local/lib/python3.9/site-packages/airflow/example_dags/test_utils.py
[2021-02-27 09:20:09,513] {logging_mixin.py:104} INFO - [2021-02-27 09:20:09,513] {dag.py:1818} INFO - Sync 1 DAGs
[2021-02-27 09:20:09,523] {logging_mixin.py:104} INFO - [2021-02-27 09:20:09,523] {dag.py:2273} INFO - Setting next_dagrun for test_utils to None
[2021-02-27 09:20:09,529] {scheduler_job.py:190} INFO - Processing /usr/local/lib/python3.9/site-packages/airflow/example_dags/test_utils.py took 0.054 seconds
[2021-02-27 09:21:00,371] {scheduler_job.py:182} INFO - Started process (PID=22220) to work on /usr/local/lib/python3.9/site-packages/airflow/example_dags/test_utils.py
[2021-02-27 09:21:00,371] {scheduler_job.py:629} INFO - Processing file /usr/local/lib/python3.9/site-packages/airflow/example_dags/test_utils.py for tasks to queue
[2021-02-27 09:21:00,372] {logging_mixin.py:104} INFO - [2021-02-27 09:21:00,372] {dagbag.py:448} INFO - Filling up the DagBag from /usr/local/lib/python3.9/site-packages/airflow/example_dags/test_utils.py
[2021-02-27 09:21:00,377] {scheduler_job.py:639} INFO - DAG(s) dict_keys(['test_utils']) retrieved from /usr/local/lib/python3.9/site-packages/airflow/example_dags/test_utils.py
[2021-02-27 09:21:00,406] {logging_mixin.py:104} INFO - [2021-02-27 09:21:00,405] {dag.py:1818} INFO - Sync 1 DAGs
[2021-02-27 09:21:00,413] {logging_mixin.py:104} INFO - [2021-02-27 09:21:00,413] {dag.py:2273} INFO - Setting next_dagrun for test_utils to None
[2021-02-27 09:21:00,418] {scheduler_job.py:190} INFO - Processing /usr/local/lib/python3.9/site-packages/airflow/example_dags/test_utils.py took 0.048 seconds
[2021-02-27 09:21:57,166] {scheduler_job.py:182} INFO - Started process (PID=22260) to work on /usr/local/lib/python3.9/site-packages/airflow/example_dags/test_utils.py
[2021-02-27 09:21:57,167] {scheduler_job.py:629} INFO - Processing file /usr/local/lib/python3.9/site-packages/airflow/example_dags/test_utils.py for tasks to queue
[2021-02-27 09:21:57,168] {logging_mixin.py:104} INFO - [2021-02-27 09:21:57,168] {dagbag.py:448} INFO - Filling up the DagBag from /usr/local/lib/python3.9/site-packages/airflow/example_dags/test_utils.py
[2021-02-27 09:21:57,173] {scheduler_job.py:639} INFO - DAG(s) dict_keys(['test_utils']) retrieved from /usr/local/lib/python3.9/site-packages/airflow/example_dags/test_utils.py
[2021-02-27 09:21:57,200] {logging_mixin.py:104} INFO - [2021-02-27 09:21:57,199] {dag.py:1818} INFO - Sync 1 DAGs
[2021-02-27 09:21:57,208] {logging_mixin.py:104} INFO - [2021-02-27 09:21:57,207] {dag.py:2273} INFO - Setting next_dagrun for test_utils to None
[2021-02-27 09:21:57,212] {scheduler_job.py:190} INFO - Processing /usr/local/lib/python3.9/site-packages/airflow/example_dags/test_utils.py took 0.047 seconds
[2021-02-27 09:22:49,670] {scheduler_job.py:182} INFO - Started process (PID=22298) to work on /usr/local/lib/python3.9/site-packages/airflow/example_dags/test_utils.py
[2021-02-27 09:22:49,672] {scheduler_job.py:629} INFO - Processing file /usr/local/lib/python3.9/site-packages/airflow/example_dags/test_utils.py for tasks to queue
[2021-02-27 09:22:49,673] {logging_mixin.py:104} INFO - [2021-02-27 09:22:49,673] {dagbag.py:448} INFO - Filling up the DagBag from /usr/local/lib/python3.9/site-packages/airflow/example_dags/test_utils.py
[2021-02-27 09:22:49,681] {scheduler_job.py:639} INFO - DAG(s) dict_keys(['test_utils']) retrieved from /usr/local/lib/python3.9/site-packages/airflow/example_dags/test_utils.py
[2021-02-27 09:22:49,709] {logging_mixin.py:104} INFO - [2021-02-27 09:22:49,709] {dag.py:1818} INFO - Sync 1 DAGs
[2021-02-27 09:22:49,716] {logging_mixin.py:104} INFO - [2021-02-27 09:22:49,716] {dag.py:2273} INFO - Setting next_dagrun for test_utils to None
[2021-02-27 09:22:49,722] {scheduler_job.py:190} INFO - Processing /usr/local/lib/python3.9/site-packages/airflow/example_dags/test_utils.py took 0.052 seconds
[2021-02-27 09:23:38,701] {scheduler_job.py:182} INFO - Started process (PID=22334) to work on /usr/local/lib/python3.9/site-packages/airflow/example_dags/test_utils.py
[2021-02-27 09:23:38,702] {scheduler_job.py:629} INFO - Processing file /usr/local/lib/python3.9/site-packages/airflow/example_dags/test_utils.py for tasks to queue
[2021-02-27 09:23:38,702] {logging_mixin.py:104} INFO - [2021-02-27 09:23:38,702] {dagbag.py:448} INFO - Filling up the DagBag from /usr/local/lib/python3.9/site-packages/airflow/example_dags/test_utils.py
[2021-02-27 09:23:38,708] {scheduler_job.py:639} INFO - DAG(s) dict_keys(['test_utils']) retrieved from /usr/local/lib/python3.9/site-packages/airflow/example_dags/test_utils.py
[2021-02-27 09:23:38,738] {logging_mixin.py:104} INFO - [2021-02-27 09:23:38,737] {dag.py:1818} INFO - Sync 1 DAGs
[2021-02-27 09:23:38,746] {logging_mixin.py:104} INFO - [2021-02-27 09:23:38,745] {dag.py:2273} INFO - Setting next_dagrun for test_utils to None
[2021-02-27 09:23:38,751] {scheduler_job.py:190} INFO - Processing /usr/local/lib/python3.9/site-packages/airflow/example_dags/test_utils.py took 0.050 seconds
[2021-02-27 09:24:41,360] {scheduler_job.py:182} INFO - Started process (PID=22398) to work on /usr/local/lib/python3.9/site-packages/airflow/example_dags/test_utils.py
[2021-02-27 09:24:41,361] {scheduler_job.py:629} INFO - Processing file /usr/local/lib/python3.9/site-packages/airflow/example_dags/test_utils.py for tasks to queue
[2021-02-27 09:24:41,362] {logging_mixin.py:104} INFO - [2021-02-27 09:24:41,362] {dagbag.py:448} INFO - Filling up the DagBag from /usr/local/lib/python3.9/site-packages/airflow/example_dags/test_utils.py
[2021-02-27 09:24:41,368] {scheduler_job.py:639} INFO - DAG(s) dict_keys(['test_utils']) retrieved from /usr/local/lib/python3.9/site-packages/airflow/example_dags/test_utils.py
[2021-02-27 09:24:41,403] {logging_mixin.py:104} INFO - [2021-02-27 09:24:41,403] {dag.py:1818} INFO - Sync 1 DAGs
[2021-02-27 09:24:41,412] {logging_mixin.py:104} INFO - [2021-02-27 09:24:41,412] {dag.py:2273} INFO - Setting next_dagrun for test_utils to None
[2021-02-27 09:24:41,417] {scheduler_job.py:190} INFO - Processing /usr/local/lib/python3.9/site-packages/airflow/example_dags/test_utils.py took 0.058 seconds
[2021-02-27 09:25:38,494] {scheduler_job.py:182} INFO - Started process (PID=22440) to work on /usr/local/lib/python3.9/site-packages/airflow/example_dags/test_utils.py
[2021-02-27 09:25:38,494] {scheduler_job.py:629} INFO - Processing file /usr/local/lib/python3.9/site-packages/airflow/example_dags/test_utils.py for tasks to queue
[2021-02-27 09:25:38,495] {logging_mixin.py:104} INFO - [2021-02-27 09:25:38,494] {dagbag.py:448} INFO - Filling up the DagBag from /usr/local/lib/python3.9/site-packages/airflow/example_dags/test_utils.py
[2021-02-27 09:25:38,500] {scheduler_job.py:639} INFO - DAG(s) dict_keys(['test_utils']) retrieved from /usr/local/lib/python3.9/site-packages/airflow/example_dags/test_utils.py
[2021-02-27 09:25:38,527] {logging_mixin.py:104} INFO - [2021-02-27 09:25:38,527] {dag.py:1818} INFO - Sync 1 DAGs
[2021-02-27 09:25:38,536] {logging_mixin.py:104} INFO - [2021-02-27 09:25:38,536] {dag.py:2273} INFO - Setting next_dagrun for test_utils to None
[2021-02-27 09:25:38,541] {scheduler_job.py:190} INFO - Processing /usr/local/lib/python3.9/site-packages/airflow/example_dags/test_utils.py took 0.047 seconds
[2021-02-27 09:26:28,804] {scheduler_job.py:182} INFO - Started process (PID=22480) to work on /usr/local/lib/python3.9/site-packages/airflow/example_dags/test_utils.py
[2021-02-27 09:26:28,804] {scheduler_job.py:629} INFO - Processing file /usr/local/lib/python3.9/site-packages/airflow/example_dags/test_utils.py for tasks to queue
[2021-02-27 09:26:28,805] {logging_mixin.py:104} INFO - [2021-02-27 09:26:28,805] {dagbag.py:448} INFO - Filling up the DagBag from /usr/local/lib/python3.9/site-packages/airflow/example_dags/test_utils.py
[2021-02-27 09:26:28,810] {scheduler_job.py:639} INFO - DAG(s) dict_keys(['test_utils']) retrieved from /usr/local/lib/python3.9/site-packages/airflow/example_dags/test_utils.py
[2021-02-27 09:26:28,839] {logging_mixin.py:104} INFO - [2021-02-27 09:26:28,839] {dag.py:1818} INFO - Sync 1 DAGs
[2021-02-27 09:26:28,847] {logging_mixin.py:104} INFO - [2021-02-27 09:26:28,847] {dag.py:2273} INFO - Setting next_dagrun for test_utils to None
[2021-02-27 09:26:28,852] {scheduler_job.py:190} INFO - Processing /usr/local/lib/python3.9/site-packages/airflow/example_dags/test_utils.py took 0.049 seconds
[2021-02-27 09:27:21,687] {scheduler_job.py:182} INFO - Started process (PID=22516) to work on /usr/local/lib/python3.9/site-packages/airflow/example_dags/test_utils.py
[2021-02-27 09:27:21,687] {scheduler_job.py:629} INFO - Processing file /usr/local/lib/python3.9/site-packages/airflow/example_dags/test_utils.py for tasks to queue
[2021-02-27 09:27:21,687] {logging_mixin.py:104} INFO - [2021-02-27 09:27:21,687] {dagbag.py:448} INFO - Filling up the DagBag from /usr/local/lib/python3.9/site-packages/airflow/example_dags/test_utils.py
[2021-02-27 09:27:21,692] {scheduler_job.py:639} INFO - DAG(s) dict_keys(['test_utils']) retrieved from /usr/local/lib/python3.9/site-packages/airflow/example_dags/test_utils.py
[2021-02-27 09:27:21,720] {logging_mixin.py:104} INFO - [2021-02-27 09:27:21,720] {dag.py:1818} INFO - Sync 1 DAGs
[2021-02-27 09:27:21,728] {logging_mixin.py:104} INFO - [2021-02-27 09:27:21,728] {dag.py:2273} INFO - Setting next_dagrun for test_utils to None
[2021-02-27 09:27:21,733] {scheduler_job.py:190} INFO - Processing /usr/local/lib/python3.9/site-packages/airflow/example_dags/test_utils.py took 0.047 seconds
[2021-02-27 09:28:12,620] {scheduler_job.py:182} INFO - Started process (PID=22565) to work on /usr/local/lib/python3.9/site-packages/airflow/example_dags/test_utils.py
[2021-02-27 09:28:12,621] {scheduler_job.py:629} INFO - Processing file /usr/local/lib/python3.9/site-packages/airflow/example_dags/test_utils.py for tasks to queue
[2021-02-27 09:28:12,622] {logging_mixin.py:104} INFO - [2021-02-27 09:28:12,622] {dagbag.py:448} INFO - Filling up the DagBag from /usr/local/lib/python3.9/site-packages/airflow/example_dags/test_utils.py
[2021-02-27 09:28:12,627] {scheduler_job.py:639} INFO - DAG(s) dict_keys(['test_utils']) retrieved from /usr/local/lib/python3.9/site-packages/airflow/example_dags/test_utils.py
[2021-02-27 09:28:12,654] {logging_mixin.py:104} INFO - [2021-02-27 09:28:12,654] {dag.py:1818} INFO - Sync 1 DAGs
[2021-02-27 09:28:12,661] {logging_mixin.py:104} INFO - [2021-02-27 09:28:12,661] {dag.py:2273} INFO - Setting next_dagrun for test_utils to None
[2021-02-27 09:28:12,666] {scheduler_job.py:190} INFO - Processing /usr/local/lib/python3.9/site-packages/airflow/example_dags/test_utils.py took 0.046 seconds
[2021-02-27 09:29:00,583] {scheduler_job.py:182} INFO - Started process (PID=22595) to work on /usr/local/lib/python3.9/site-packages/airflow/example_dags/test_utils.py
[2021-02-27 09:29:00,584] {scheduler_job.py:629} INFO - Processing file /usr/local/lib/python3.9/site-packages/airflow/example_dags/test_utils.py for tasks to queue
[2021-02-27 09:29:00,584] {logging_mixin.py:104} INFO - [2021-02-27 09:29:00,584] {dagbag.py:448} INFO - Filling up the DagBag from /usr/local/lib/python3.9/site-packages/airflow/example_dags/test_utils.py
[2021-02-27 09:29:00,590] {scheduler_job.py:639} INFO - DAG(s) dict_keys(['test_utils']) retrieved from /usr/local/lib/python3.9/site-packages/airflow/example_dags/test_utils.py
[2021-02-27 09:29:00,619] {logging_mixin.py:104} INFO - [2021-02-27 09:29:00,619] {dag.py:1818} INFO - Sync 1 DAGs
[2021-02-27 09:29:00,627] {logging_mixin.py:104} INFO - [2021-02-27 09:29:00,627] {dag.py:2273} INFO - Setting next_dagrun for test_utils to None
[2021-02-27 09:29:00,632] {scheduler_job.py:190} INFO - Processing /usr/local/lib/python3.9/site-packages/airflow/example_dags/test_utils.py took 0.050 seconds
[2021-02-27 09:29:52,410] {scheduler_job.py:182} INFO - Started process (PID=22643) to work on /usr/local/lib/python3.9/site-packages/airflow/example_dags/test_utils.py
[2021-02-27 09:29:52,410] {scheduler_job.py:629} INFO - Processing file /usr/local/lib/python3.9/site-packages/airflow/example_dags/test_utils.py for tasks to queue
[2021-02-27 09:29:52,411] {logging_mixin.py:104} INFO - [2021-02-27 09:29:52,411] {dagbag.py:448} INFO - Filling up the DagBag from /usr/local/lib/python3.9/site-packages/airflow/example_dags/test_utils.py
[2021-02-27 09:29:52,417] {scheduler_job.py:639} INFO - DAG(s) dict_keys(['test_utils']) retrieved from /usr/local/lib/python3.9/site-packages/airflow/example_dags/test_utils.py
[2021-02-27 09:29:52,450] {logging_mixin.py:104} INFO - [2021-02-27 09:29:52,450] {dag.py:1818} INFO - Sync 1 DAGs
[2021-02-27 09:29:52,460] {logging_mixin.py:104} INFO - [2021-02-27 09:29:52,460] {dag.py:2273} INFO - Setting next_dagrun for test_utils to None
[2021-02-27 09:29:52,466] {scheduler_job.py:190} INFO - Processing /usr/local/lib/python3.9/site-packages/airflow/example_dags/test_utils.py took 0.057 seconds
[2021-02-27 09:30:50,696] {scheduler_job.py:182} INFO - Started process (PID=22687) to work on /usr/local/lib/python3.9/site-packages/airflow/example_dags/test_utils.py
[2021-02-27 09:30:50,697] {scheduler_job.py:629} INFO - Processing file /usr/local/lib/python3.9/site-packages/airflow/example_dags/test_utils.py for tasks to queue
[2021-02-27 09:30:50,698] {logging_mixin.py:104} INFO - [2021-02-27 09:30:50,698] {dagbag.py:448} INFO - Filling up the DagBag from /usr/local/lib/python3.9/site-packages/airflow/example_dags/test_utils.py
[2021-02-27 09:30:50,703] {scheduler_job.py:639} INFO - DAG(s) dict_keys(['test_utils']) retrieved from /usr/local/lib/python3.9/site-packages/airflow/example_dags/test_utils.py
[2021-02-27 09:30:50,734] {logging_mixin.py:104} INFO - [2021-02-27 09:30:50,733] {dag.py:1818} INFO - Sync 1 DAGs
[2021-02-27 09:30:50,742] {logging_mixin.py:104} INFO - [2021-02-27 09:30:50,742] {dag.py:2273} INFO - Setting next_dagrun for test_utils to None
[2021-02-27 09:30:50,747] {scheduler_job.py:190} INFO - Processing /usr/local/lib/python3.9/site-packages/airflow/example_dags/test_utils.py took 0.051 seconds
[2021-02-27 09:31:49,418] {scheduler_job.py:182} INFO - Started process (PID=22722) to work on /usr/local/lib/python3.9/site-packages/airflow/example_dags/test_utils.py
[2021-02-27 09:31:49,419] {scheduler_job.py:629} INFO - Processing file /usr/local/lib/python3.9/site-packages/airflow/example_dags/test_utils.py for tasks to queue
[2021-02-27 09:31:49,419] {logging_mixin.py:104} INFO - [2021-02-27 09:31:49,419] {dagbag.py:448} INFO - Filling up the DagBag from /usr/local/lib/python3.9/site-packages/airflow/example_dags/test_utils.py
[2021-02-27 09:31:49,425] {scheduler_job.py:639} INFO - DAG(s) dict_keys(['test_utils']) retrieved from /usr/local/lib/python3.9/site-packages/airflow/example_dags/test_utils.py
[2021-02-27 09:31:49,461] {logging_mixin.py:104} INFO - [2021-02-27 09:31:49,460] {dag.py:1818} INFO - Sync 1 DAGs
[2021-02-27 09:31:49,472] {logging_mixin.py:104} INFO - [2021-02-27 09:31:49,472] {dag.py:2273} INFO - Setting next_dagrun for test_utils to None
[2021-02-27 09:31:49,481] {scheduler_job.py:190} INFO - Processing /usr/local/lib/python3.9/site-packages/airflow/example_dags/test_utils.py took 0.063 seconds
[2021-02-27 09:32:42,113] {scheduler_job.py:182} INFO - Started process (PID=22761) to work on /usr/local/lib/python3.9/site-packages/airflow/example_dags/test_utils.py
[2021-02-27 09:32:42,114] {scheduler_job.py:629} INFO - Processing file /usr/local/lib/python3.9/site-packages/airflow/example_dags/test_utils.py for tasks to queue
[2021-02-27 09:32:42,114] {logging_mixin.py:104} INFO - [2021-02-27 09:32:42,114] {dagbag.py:448} INFO - Filling up the DagBag from /usr/local/lib/python3.9/site-packages/airflow/example_dags/test_utils.py
[2021-02-27 09:32:42,119] {scheduler_job.py:639} INFO - DAG(s) dict_keys(['test_utils']) retrieved from /usr/local/lib/python3.9/site-packages/airflow/example_dags/test_utils.py
[2021-02-27 09:32:42,146] {logging_mixin.py:104} INFO - [2021-02-27 09:32:42,145] {dag.py:1818} INFO - Sync 1 DAGs
[2021-02-27 09:32:42,153] {logging_mixin.py:104} INFO - [2021-02-27 09:32:42,153] {dag.py:2273} INFO - Setting next_dagrun for test_utils to None
[2021-02-27 09:32:42,157] {scheduler_job.py:190} INFO - Processing /usr/local/lib/python3.9/site-packages/airflow/example_dags/test_utils.py took 0.045 seconds
[2021-02-27 09:33:32,813] {scheduler_job.py:182} INFO - Started process (PID=22798) to work on /usr/local/lib/python3.9/site-packages/airflow/example_dags/test_utils.py
[2021-02-27 09:33:32,815] {scheduler_job.py:629} INFO - Processing file /usr/local/lib/python3.9/site-packages/airflow/example_dags/test_utils.py for tasks to queue
[2021-02-27 09:33:32,816] {logging_mixin.py:104} INFO - [2021-02-27 09:33:32,816] {dagbag.py:448} INFO - Filling up the DagBag from /usr/local/lib/python3.9/site-packages/airflow/example_dags/test_utils.py
[2021-02-27 09:33:32,823] {scheduler_job.py:639} INFO - DAG(s) dict_keys(['test_utils']) retrieved from /usr/local/lib/python3.9/site-packages/airflow/example_dags/test_utils.py
[2021-02-27 09:33:32,851] {logging_mixin.py:104} INFO - [2021-02-27 09:33:32,851] {dag.py:1818} INFO - Sync 1 DAGs
[2021-02-27 09:33:32,859] {logging_mixin.py:104} INFO - [2021-02-27 09:33:32,859] {dag.py:2273} INFO - Setting next_dagrun for test_utils to None
[2021-02-27 09:33:32,864] {scheduler_job.py:190} INFO - Processing /usr/local/lib/python3.9/site-packages/airflow/example_dags/test_utils.py took 0.051 seconds
[2021-02-27 09:34:25,049] {scheduler_job.py:182} INFO - Started process (PID=22838) to work on /usr/local/lib/python3.9/site-packages/airflow/example_dags/test_utils.py
[2021-02-27 09:34:25,050] {scheduler_job.py:629} INFO - Processing file /usr/local/lib/python3.9/site-packages/airflow/example_dags/test_utils.py for tasks to queue
[2021-02-27 09:34:25,050] {logging_mixin.py:104} INFO - [2021-02-27 09:34:25,050] {dagbag.py:448} INFO - Filling up the DagBag from /usr/local/lib/python3.9/site-packages/airflow/example_dags/test_utils.py
[2021-02-27 09:34:25,055] {scheduler_job.py:639} INFO - DAG(s) dict_keys(['test_utils']) retrieved from /usr/local/lib/python3.9/site-packages/airflow/example_dags/test_utils.py
[2021-02-27 09:34:25,083] {logging_mixin.py:104} INFO - [2021-02-27 09:34:25,083] {dag.py:1818} INFO - Sync 1 DAGs
[2021-02-27 09:34:25,091] {logging_mixin.py:104} INFO - [2021-02-27 09:34:25,091] {dag.py:2273} INFO - Setting next_dagrun for test_utils to None
[2021-02-27 09:34:25,096] {scheduler_job.py:190} INFO - Processing /usr/local/lib/python3.9/site-packages/airflow/example_dags/test_utils.py took 0.048 seconds
[2021-02-27 09:35:14,440] {scheduler_job.py:182} INFO - Started process (PID=22877) to work on /usr/local/lib/python3.9/site-packages/airflow/example_dags/test_utils.py
[2021-02-27 09:35:14,441] {scheduler_job.py:629} INFO - Processing file /usr/local/lib/python3.9/site-packages/airflow/example_dags/test_utils.py for tasks to queue
[2021-02-27 09:35:14,441] {logging_mixin.py:104} INFO - [2021-02-27 09:35:14,441] {dagbag.py:448} INFO - Filling up the DagBag from /usr/local/lib/python3.9/site-packages/airflow/example_dags/test_utils.py
[2021-02-27 09:35:14,447] {scheduler_job.py:639} INFO - DAG(s) dict_keys(['test_utils']) retrieved from /usr/local/lib/python3.9/site-packages/airflow/example_dags/test_utils.py
[2021-02-27 09:35:14,476] {logging_mixin.py:104} INFO - [2021-02-27 09:35:14,476] {dag.py:1818} INFO - Sync 1 DAGs
[2021-02-27 09:35:14,486] {logging_mixin.py:104} INFO - [2021-02-27 09:35:14,486] {dag.py:2273} INFO - Setting next_dagrun for test_utils to None
[2021-02-27 09:35:14,490] {scheduler_job.py:190} INFO - Processing /usr/local/lib/python3.9/site-packages/airflow/example_dags/test_utils.py took 0.051 seconds
[2021-02-27 09:36:10,492] {scheduler_job.py:182} INFO - Started process (PID=22912) to work on /usr/local/lib/python3.9/site-packages/airflow/example_dags/test_utils.py
[2021-02-27 09:36:10,494] {scheduler_job.py:629} INFO - Processing file /usr/local/lib/python3.9/site-packages/airflow/example_dags/test_utils.py for tasks to queue
[2021-02-27 09:36:10,494] {logging_mixin.py:104} INFO - [2021-02-27 09:36:10,494] {dagbag.py:448} INFO - Filling up the DagBag from /usr/local/lib/python3.9/site-packages/airflow/example_dags/test_utils.py
[2021-02-27 09:36:10,501] {scheduler_job.py:639} INFO - DAG(s) dict_keys(['test_utils']) retrieved from /usr/local/lib/python3.9/site-packages/airflow/example_dags/test_utils.py
[2021-02-27 09:36:10,529] {logging_mixin.py:104} INFO - [2021-02-27 09:36:10,529] {dag.py:1818} INFO - Sync 1 DAGs
[2021-02-27 09:36:10,537] {logging_mixin.py:104} INFO - [2021-02-27 09:36:10,537] {dag.py:2273} INFO - Setting next_dagrun for test_utils to None
[2021-02-27 09:36:10,541] {scheduler_job.py:190} INFO - Processing /usr/local/lib/python3.9/site-packages/airflow/example_dags/test_utils.py took 0.050 seconds
[2021-02-27 09:37:05,331] {scheduler_job.py:182} INFO - Started process (PID=22951) to work on /usr/local/lib/python3.9/site-packages/airflow/example_dags/test_utils.py
[2021-02-27 09:37:05,331] {scheduler_job.py:629} INFO - Processing file /usr/local/lib/python3.9/site-packages/airflow/example_dags/test_utils.py for tasks to queue
[2021-02-27 09:37:05,332] {logging_mixin.py:104} INFO - [2021-02-27 09:37:05,332] {dagbag.py:448} INFO - Filling up the DagBag from /usr/local/lib/python3.9/site-packages/airflow/example_dags/test_utils.py
[2021-02-27 09:37:05,337] {scheduler_job.py:639} INFO - DAG(s) dict_keys(['test_utils']) retrieved from /usr/local/lib/python3.9/site-packages/airflow/example_dags/test_utils.py
[2021-02-27 09:37:05,368] {logging_mixin.py:104} INFO - [2021-02-27 09:37:05,368] {dag.py:1818} INFO - Sync 1 DAGs
[2021-02-27 09:37:05,377] {logging_mixin.py:104} INFO - [2021-02-27 09:37:05,377] {dag.py:2273} INFO - Setting next_dagrun for test_utils to None
[2021-02-27 09:37:05,383] {scheduler_job.py:190} INFO - Processing /usr/local/lib/python3.9/site-packages/airflow/example_dags/test_utils.py took 0.053 seconds
[2021-02-27 09:37:58,161] {scheduler_job.py:182} INFO - Started process (PID=22987) to work on /usr/local/lib/python3.9/site-packages/airflow/example_dags/test_utils.py
[2021-02-27 09:37:58,162] {scheduler_job.py:629} INFO - Processing file /usr/local/lib/python3.9/site-packages/airflow/example_dags/test_utils.py for tasks to queue
[2021-02-27 09:37:58,162] {logging_mixin.py:104} INFO - [2021-02-27 09:37:58,162] {dagbag.py:448} INFO - Filling up the DagBag from /usr/local/lib/python3.9/site-packages/airflow/example_dags/test_utils.py
[2021-02-27 09:37:58,167] {scheduler_job.py:639} INFO - DAG(s) dict_keys(['test_utils']) retrieved from /usr/local/lib/python3.9/site-packages/airflow/example_dags/test_utils.py
[2021-02-27 09:37:58,194] {logging_mixin.py:104} INFO - [2021-02-27 09:37:58,193] {dag.py:1818} INFO - Sync 1 DAGs
[2021-02-27 09:37:58,203] {logging_mixin.py:104} INFO - [2021-02-27 09:37:58,203] {dag.py:2273} INFO - Setting next_dagrun for test_utils to None
[2021-02-27 09:37:58,208] {scheduler_job.py:190} INFO - Processing /usr/local/lib/python3.9/site-packages/airflow/example_dags/test_utils.py took 0.047 seconds
[2021-02-27 09:38:44,598] {scheduler_job.py:182} INFO - Started process (PID=23022) to work on /usr/local/lib/python3.9/site-packages/airflow/example_dags/test_utils.py
[2021-02-27 09:38:44,598] {scheduler_job.py:629} INFO - Processing file /usr/local/lib/python3.9/site-packages/airflow/example_dags/test_utils.py for tasks to queue
[2021-02-27 09:38:44,599] {logging_mixin.py:104} INFO - [2021-02-27 09:38:44,599] {dagbag.py:448} INFO - Filling up the DagBag from /usr/local/lib/python3.9/site-packages/airflow/example_dags/test_utils.py
[2021-02-27 09:38:44,604] {scheduler_job.py:639} INFO - DAG(s) dict_keys(['test_utils']) retrieved from /usr/local/lib/python3.9/site-packages/airflow/example_dags/test_utils.py
[2021-02-27 09:38:44,630] {logging_mixin.py:104} INFO - [2021-02-27 09:38:44,630] {dag.py:1818} INFO - Sync 1 DAGs
[2021-02-27 09:38:44,637] {logging_mixin.py:104} INFO - [2021-02-27 09:38:44,637] {dag.py:2273} INFO - Setting next_dagrun for test_utils to None
[2021-02-27 09:38:44,642] {scheduler_job.py:190} INFO - Processing /usr/local/lib/python3.9/site-packages/airflow/example_dags/test_utils.py took 0.045 seconds
[2021-02-27 09:39:32,686] {scheduler_job.py:182} INFO - Started process (PID=23056) to work on /usr/local/lib/python3.9/site-packages/airflow/example_dags/test_utils.py
[2021-02-27 09:39:32,686] {scheduler_job.py:629} INFO - Processing file /usr/local/lib/python3.9/site-packages/airflow/example_dags/test_utils.py for tasks to queue
[2021-02-27 09:39:32,686] {logging_mixin.py:104} INFO - [2021-02-27 09:39:32,686] {dagbag.py:448} INFO - Filling up the DagBag from /usr/local/lib/python3.9/site-packages/airflow/example_dags/test_utils.py
[2021-02-27 09:39:32,692] {scheduler_job.py:639} INFO - DAG(s) dict_keys(['test_utils']) retrieved from /usr/local/lib/python3.9/site-packages/airflow/example_dags/test_utils.py
[2021-02-27 09:39:32,720] {logging_mixin.py:104} INFO - [2021-02-27 09:39:32,720] {dag.py:1818} INFO - Sync 1 DAGs
[2021-02-27 09:39:32,728] {logging_mixin.py:104} INFO - [2021-02-27 09:39:32,728] {dag.py:2273} INFO - Setting next_dagrun for test_utils to None
[2021-02-27 09:39:32,734] {scheduler_job.py:190} INFO - Processing /usr/local/lib/python3.9/site-packages/airflow/example_dags/test_utils.py took 0.049 seconds
[2021-02-27 09:40:19,102] {scheduler_job.py:182} INFO - Started process (PID=23090) to work on /usr/local/lib/python3.9/site-packages/airflow/example_dags/test_utils.py
[2021-02-27 09:40:19,102] {scheduler_job.py:629} INFO - Processing file /usr/local/lib/python3.9/site-packages/airflow/example_dags/test_utils.py for tasks to queue
[2021-02-27 09:40:19,103] {logging_mixin.py:104} INFO - [2021-02-27 09:40:19,103] {dagbag.py:448} INFO - Filling up the DagBag from /usr/local/lib/python3.9/site-packages/airflow/example_dags/test_utils.py
[2021-02-27 09:40:19,108] {scheduler_job.py:639} INFO - DAG(s) dict_keys(['test_utils']) retrieved from /usr/local/lib/python3.9/site-packages/airflow/example_dags/test_utils.py
[2021-02-27 09:40:19,135] {logging_mixin.py:104} INFO - [2021-02-27 09:40:19,135] {dag.py:1818} INFO - Sync 1 DAGs
[2021-02-27 09:40:19,142] {logging_mixin.py:104} INFO - [2021-02-27 09:40:19,142] {dag.py:2273} INFO - Setting next_dagrun for test_utils to None
[2021-02-27 09:40:19,148] {scheduler_job.py:190} INFO - Processing /usr/local/lib/python3.9/site-packages/airflow/example_dags/test_utils.py took 0.046 seconds
[2021-02-27 09:41:03,651] {scheduler_job.py:182} INFO - Started process (PID=23119) to work on /usr/local/lib/python3.9/site-packages/airflow/example_dags/test_utils.py
[2021-02-27 09:41:03,651] {scheduler_job.py:629} INFO - Processing file /usr/local/lib/python3.9/site-packages/airflow/example_dags/test_utils.py for tasks to queue
[2021-02-27 09:41:03,652] {logging_mixin.py:104} INFO - [2021-02-27 09:41:03,652] {dagbag.py:448} INFO - Filling up the DagBag from /usr/local/lib/python3.9/site-packages/airflow/example_dags/test_utils.py
[2021-02-27 09:41:03,658] {scheduler_job.py:639} INFO - DAG(s) dict_keys(['test_utils']) retrieved from /usr/local/lib/python3.9/site-packages/airflow/example_dags/test_utils.py
[2021-02-27 09:41:03,692] {logging_mixin.py:104} INFO - [2021-02-27 09:41:03,692] {dag.py:1818} INFO - Sync 1 DAGs
[2021-02-27 09:41:03,701] {logging_mixin.py:104} INFO - [2021-02-27 09:41:03,701] {dag.py:2273} INFO - Setting next_dagrun for test_utils to None
[2021-02-27 09:41:03,706] {scheduler_job.py:190} INFO - Processing /usr/local/lib/python3.9/site-packages/airflow/example_dags/test_utils.py took 0.056 seconds
[2021-02-27 09:41:51,537] {scheduler_job.py:182} INFO - Started process (PID=23153) to work on /usr/local/lib/python3.9/site-packages/airflow/example_dags/test_utils.py
[2021-02-27 09:41:51,537] {scheduler_job.py:629} INFO - Processing file /usr/local/lib/python3.9/site-packages/airflow/example_dags/test_utils.py for tasks to queue
[2021-02-27 09:41:51,538] {logging_mixin.py:104} INFO - [2021-02-27 09:41:51,538] {dagbag.py:448} INFO - Filling up the DagBag from /usr/local/lib/python3.9/site-packages/airflow/example_dags/test_utils.py
[2021-02-27 09:41:51,543] {scheduler_job.py:639} INFO - DAG(s) dict_keys(['test_utils']) retrieved from /usr/local/lib/python3.9/site-packages/airflow/example_dags/test_utils.py
[2021-02-27 09:41:51,569] {logging_mixin.py:104} INFO - [2021-02-27 09:41:51,569] {dag.py:1818} INFO - Sync 1 DAGs
[2021-02-27 09:41:51,576] {logging_mixin.py:104} INFO - [2021-02-27 09:41:51,576] {dag.py:2273} INFO - Setting next_dagrun for test_utils to None
[2021-02-27 09:41:51,580] {scheduler_job.py:190} INFO - Processing /usr/local/lib/python3.9/site-packages/airflow/example_dags/test_utils.py took 0.044 seconds
[2021-02-27 09:42:37,942] {scheduler_job.py:182} INFO - Started process (PID=23188) to work on /usr/local/lib/python3.9/site-packages/airflow/example_dags/test_utils.py
[2021-02-27 09:42:37,942] {scheduler_job.py:629} INFO - Processing file /usr/local/lib/python3.9/site-packages/airflow/example_dags/test_utils.py for tasks to queue
[2021-02-27 09:42:37,943] {logging_mixin.py:104} INFO - [2021-02-27 09:42:37,943] {dagbag.py:448} INFO - Filling up the DagBag from /usr/local/lib/python3.9/site-packages/airflow/example_dags/test_utils.py
[2021-02-27 09:42:37,948] {scheduler_job.py:639} INFO - DAG(s) dict_keys(['test_utils']) retrieved from /usr/local/lib/python3.9/site-packages/airflow/example_dags/test_utils.py
[2021-02-27 09:42:37,975] {logging_mixin.py:104} INFO - [2021-02-27 09:42:37,975] {dag.py:1818} INFO - Sync 1 DAGs
[2021-02-27 09:42:37,982] {logging_mixin.py:104} INFO - [2021-02-27 09:42:37,982] {dag.py:2273} INFO - Setting next_dagrun for test_utils to None
[2021-02-27 09:42:37,987] {scheduler_job.py:190} INFO - Processing /usr/local/lib/python3.9/site-packages/airflow/example_dags/test_utils.py took 0.046 seconds
[2021-02-27 09:43:26,289] {scheduler_job.py:182} INFO - Started process (PID=23221) to work on /usr/local/lib/python3.9/site-packages/airflow/example_dags/test_utils.py
[2021-02-27 09:43:26,290] {scheduler_job.py:629} INFO - Processing file /usr/local/lib/python3.9/site-packages/airflow/example_dags/test_utils.py for tasks to queue
[2021-02-27 09:43:26,290] {logging_mixin.py:104} INFO - [2021-02-27 09:43:26,290] {dagbag.py:448} INFO - Filling up the DagBag from /usr/local/lib/python3.9/site-packages/airflow/example_dags/test_utils.py
[2021-02-27 09:43:26,295] {scheduler_job.py:639} INFO - DAG(s) dict_keys(['test_utils']) retrieved from /usr/local/lib/python3.9/site-packages/airflow/example_dags/test_utils.py
[2021-02-27 09:43:26,324] {logging_mixin.py:104} INFO - [2021-02-27 09:43:26,324] {dag.py:1818} INFO - Sync 1 DAGs
[2021-02-27 09:43:26,331] {logging_mixin.py:104} INFO - [2021-02-27 09:43:26,331] {dag.py:2273} INFO - Setting next_dagrun for test_utils to None
[2021-02-27 09:43:26,336] {scheduler_job.py:190} INFO - Processing /usr/local/lib/python3.9/site-packages/airflow/example_dags/test_utils.py took 0.048 seconds
[2021-02-27 09:44:15,225] {scheduler_job.py:182} INFO - Started process (PID=23260) to work on /usr/local/lib/python3.9/site-packages/airflow/example_dags/test_utils.py
[2021-02-27 09:44:15,226] {scheduler_job.py:629} INFO - Processing file /usr/local/lib/python3.9/site-packages/airflow/example_dags/test_utils.py for tasks to queue
[2021-02-27 09:44:15,226] {logging_mixin.py:104} INFO - [2021-02-27 09:44:15,226] {dagbag.py:448} INFO - Filling up the DagBag from /usr/local/lib/python3.9/site-packages/airflow/example_dags/test_utils.py
[2021-02-27 09:44:15,231] {scheduler_job.py:639} INFO - DAG(s) dict_keys(['test_utils']) retrieved from /usr/local/lib/python3.9/site-packages/airflow/example_dags/test_utils.py
[2021-02-27 09:44:15,258] {logging_mixin.py:104} INFO - [2021-02-27 09:44:15,258] {dag.py:1818} INFO - Sync 1 DAGs
[2021-02-27 09:44:15,267] {logging_mixin.py:104} INFO - [2021-02-27 09:44:15,267] {dag.py:2273} INFO - Setting next_dagrun for test_utils to None
[2021-02-27 09:44:15,272] {scheduler_job.py:190} INFO - Processing /usr/local/lib/python3.9/site-packages/airflow/example_dags/test_utils.py took 0.047 seconds
[2021-02-27 09:45:06,141] {scheduler_job.py:182} INFO - Started process (PID=23292) to work on /usr/local/lib/python3.9/site-packages/airflow/example_dags/test_utils.py
[2021-02-27 09:45:06,142] {scheduler_job.py:629} INFO - Processing file /usr/local/lib/python3.9/site-packages/airflow/example_dags/test_utils.py for tasks to queue
[2021-02-27 09:45:06,142] {logging_mixin.py:104} INFO - [2021-02-27 09:45:06,142] {dagbag.py:448} INFO - Filling up the DagBag from /usr/local/lib/python3.9/site-packages/airflow/example_dags/test_utils.py
[2021-02-27 09:45:06,148] {scheduler_job.py:639} INFO - DAG(s) dict_keys(['test_utils']) retrieved from /usr/local/lib/python3.9/site-packages/airflow/example_dags/test_utils.py
[2021-02-27 09:45:06,181] {logging_mixin.py:104} INFO - [2021-02-27 09:45:06,181] {dag.py:1818} INFO - Sync 1 DAGs
[2021-02-27 09:45:06,190] {logging_mixin.py:104} INFO - [2021-02-27 09:45:06,190] {dag.py:2273} INFO - Setting next_dagrun for test_utils to None
[2021-02-27 09:45:06,196] {scheduler_job.py:190} INFO - Processing /usr/local/lib/python3.9/site-packages/airflow/example_dags/test_utils.py took 0.056 seconds
[2021-02-27 09:45:58,677] {scheduler_job.py:182} INFO - Started process (PID=23330) to work on /usr/local/lib/python3.9/site-packages/airflow/example_dags/test_utils.py
[2021-02-27 09:45:58,677] {scheduler_job.py:629} INFO - Processing file /usr/local/lib/python3.9/site-packages/airflow/example_dags/test_utils.py for tasks to queue
[2021-02-27 09:45:58,678] {logging_mixin.py:104} INFO - [2021-02-27 09:45:58,678] {dagbag.py:448} INFO - Filling up the DagBag from /usr/local/lib/python3.9/site-packages/airflow/example_dags/test_utils.py
[2021-02-27 09:45:58,683] {scheduler_job.py:639} INFO - DAG(s) dict_keys(['test_utils']) retrieved from /usr/local/lib/python3.9/site-packages/airflow/example_dags/test_utils.py
[2021-02-27 09:45:58,711] {logging_mixin.py:104} INFO - [2021-02-27 09:45:58,711] {dag.py:1818} INFO - Sync 1 DAGs
[2021-02-27 09:45:58,719] {logging_mixin.py:104} INFO - [2021-02-27 09:45:58,719] {dag.py:2273} INFO - Setting next_dagrun for test_utils to None
[2021-02-27 09:45:58,724] {scheduler_job.py:190} INFO - Processing /usr/local/lib/python3.9/site-packages/airflow/example_dags/test_utils.py took 0.048 seconds
[2021-02-27 09:46:46,260] {scheduler_job.py:182} INFO - Started process (PID=23364) to work on /usr/local/lib/python3.9/site-packages/airflow/example_dags/test_utils.py
[2021-02-27 09:46:46,260] {scheduler_job.py:629} INFO - Processing file /usr/local/lib/python3.9/site-packages/airflow/example_dags/test_utils.py for tasks to queue
[2021-02-27 09:46:46,260] {logging_mixin.py:104} INFO - [2021-02-27 09:46:46,260] {dagbag.py:448} INFO - Filling up the DagBag from /usr/local/lib/python3.9/site-packages/airflow/example_dags/test_utils.py
[2021-02-27 09:46:46,265] {scheduler_job.py:639} INFO - DAG(s) dict_keys(['test_utils']) retrieved from /usr/local/lib/python3.9/site-packages/airflow/example_dags/test_utils.py
[2021-02-27 09:46:46,292] {logging_mixin.py:104} INFO - [2021-02-27 09:46:46,292] {dag.py:1818} INFO - Sync 1 DAGs
[2021-02-27 09:46:46,300] {logging_mixin.py:104} INFO - [2021-02-27 09:46:46,300] {dag.py:2273} INFO - Setting next_dagrun for test_utils to None
[2021-02-27 09:46:46,305] {scheduler_job.py:190} INFO - Processing /usr/local/lib/python3.9/site-packages/airflow/example_dags/test_utils.py took 0.046 seconds
[2021-02-27 09:47:41,717] {scheduler_job.py:182} INFO - Started process (PID=23410) to work on /usr/local/lib/python3.9/site-packages/airflow/example_dags/test_utils.py
[2021-02-27 09:47:41,717] {scheduler_job.py:629} INFO - Processing file /usr/local/lib/python3.9/site-packages/airflow/example_dags/test_utils.py for tasks to queue
[2021-02-27 09:47:41,718] {logging_mixin.py:104} INFO - [2021-02-27 09:47:41,717] {dagbag.py:448} INFO - Filling up the DagBag from /usr/local/lib/python3.9/site-packages/airflow/example_dags/test_utils.py
[2021-02-27 09:47:41,723] {scheduler_job.py:639} INFO - DAG(s) dict_keys(['test_utils']) retrieved from /usr/local/lib/python3.9/site-packages/airflow/example_dags/test_utils.py
[2021-02-27 09:47:41,756] {logging_mixin.py:104} INFO - [2021-02-27 09:47:41,756] {dag.py:1818} INFO - Sync 1 DAGs
[2021-02-27 09:47:41,765] {logging_mixin.py:104} INFO - [2021-02-27 09:47:41,765] {dag.py:2273} INFO - Setting next_dagrun for test_utils to None
[2021-02-27 09:47:41,770] {scheduler_job.py:190} INFO - Processing /usr/local/lib/python3.9/site-packages/airflow/example_dags/test_utils.py took 0.054 seconds
[2021-02-27 09:49:03,615] {scheduler_job.py:182} INFO - Started process (PID=23494) to work on /usr/local/lib/python3.9/site-packages/airflow/example_dags/test_utils.py
[2021-02-27 09:49:03,616] {scheduler_job.py:629} INFO - Processing file /usr/local/lib/python3.9/site-packages/airflow/example_dags/test_utils.py for tasks to queue
[2021-02-27 09:49:03,617] {logging_mixin.py:104} INFO - [2021-02-27 09:49:03,617] {dagbag.py:448} INFO - Filling up the DagBag from /usr/local/lib/python3.9/site-packages/airflow/example_dags/test_utils.py
[2021-02-27 09:49:03,626] {scheduler_job.py:639} INFO - DAG(s) dict_keys(['test_utils']) retrieved from /usr/local/lib/python3.9/site-packages/airflow/example_dags/test_utils.py
[2021-02-27 09:49:03,671] {logging_mixin.py:104} INFO - [2021-02-27 09:49:03,671] {dag.py:1818} INFO - Sync 1 DAGs
[2021-02-27 09:49:03,683] {logging_mixin.py:104} INFO - [2021-02-27 09:49:03,683] {dag.py:2273} INFO - Setting next_dagrun for test_utils to None
[2021-02-27 09:49:03,705] {scheduler_job.py:190} INFO - Processing /usr/local/lib/python3.9/site-packages/airflow/example_dags/test_utils.py took 0.093 seconds
[2021-02-27 10:07:18,208] {scheduler_job.py:182} INFO - Started process (PID=24589) to work on /usr/local/lib/python3.9/site-packages/airflow/example_dags/test_utils.py
[2021-02-27 10:07:18,210] {scheduler_job.py:629} INFO - Processing file /usr/local/lib/python3.9/site-packages/airflow/example_dags/test_utils.py for tasks to queue
[2021-02-27 10:07:18,210] {logging_mixin.py:104} INFO - [2021-02-27 10:07:18,210] {dagbag.py:448} INFO - Filling up the DagBag from /usr/local/lib/python3.9/site-packages/airflow/example_dags/test_utils.py
[2021-02-27 10:07:18,219] {scheduler_job.py:639} INFO - DAG(s) dict_keys(['test_utils']) retrieved from /usr/local/lib/python3.9/site-packages/airflow/example_dags/test_utils.py
[2021-02-27 10:07:18,798] {scheduler_job.py:193} ERROR - Got an exception! Propagating...
Traceback (most recent call last):
  File "/usr/local/lib/python3.9/site-packages/sqlalchemy/engine/base.py", line 2336, in _wrap_pool_connect
    return fn()
  File "/usr/local/lib/python3.9/site-packages/sqlalchemy/pool/base.py", line 364, in connect
    return _ConnectionFairy._checkout(self)
  File "/usr/local/lib/python3.9/site-packages/sqlalchemy/pool/base.py", line 778, in _checkout
    fairy = _ConnectionRecord.checkout(pool)
  File "/usr/local/lib/python3.9/site-packages/sqlalchemy/pool/base.py", line 495, in checkout
    rec = pool._do_get()
  File "/usr/local/lib/python3.9/site-packages/sqlalchemy/pool/impl.py", line 140, in _do_get
    self._dec_overflow()
  File "/usr/local/lib/python3.9/site-packages/sqlalchemy/util/langhelpers.py", line 68, in __exit__
    compat.raise_(
  File "/usr/local/lib/python3.9/site-packages/sqlalchemy/util/compat.py", line 182, in raise_
    raise exception
  File "/usr/local/lib/python3.9/site-packages/sqlalchemy/pool/impl.py", line 137, in _do_get
    return self._create_connection()
  File "/usr/local/lib/python3.9/site-packages/sqlalchemy/pool/base.py", line 309, in _create_connection
    return _ConnectionRecord(self)
  File "/usr/local/lib/python3.9/site-packages/sqlalchemy/pool/base.py", line 440, in __init__
    self.__connect(first_connect_check=True)
  File "/usr/local/lib/python3.9/site-packages/sqlalchemy/pool/base.py", line 661, in __connect
    pool.logger.debug("Error on connect(): %s", e)
  File "/usr/local/lib/python3.9/site-packages/sqlalchemy/util/langhelpers.py", line 68, in __exit__
    compat.raise_(
  File "/usr/local/lib/python3.9/site-packages/sqlalchemy/util/compat.py", line 182, in raise_
    raise exception
  File "/usr/local/lib/python3.9/site-packages/sqlalchemy/pool/base.py", line 656, in __connect
    connection = pool._invoke_creator(self)
  File "/usr/local/lib/python3.9/site-packages/sqlalchemy/engine/strategies.py", line 114, in connect
    return dialect.connect(*cargs, **cparams)
  File "/usr/local/lib/python3.9/site-packages/sqlalchemy/engine/default.py", line 508, in connect
    return self.dbapi.connect(*cargs, **cparams)
  File "/usr/local/lib/python3.9/site-packages/psycopg2/__init__.py", line 127, in connect
    conn = _connect(dsn, connection_factory=connection_factory, **kwasync)
psycopg2.OperationalError: could not translate host name "postgres" to address: nodename nor servname provided, or not known


The above exception was the direct cause of the following exception:

Traceback (most recent call last):
  File "/usr/local/lib/python3.9/site-packages/airflow/jobs/scheduler_job.py", line 184, in _run_file_processor
    result: Tuple[int, int] = dag_file_processor.process_file(
  File "/usr/local/lib/python3.9/site-packages/airflow/utils/session.py", line 65, in wrapper
    return func(*args, session=session, **kwargs)
  File "/usr/local/lib/python3.9/site-packages/airflow/jobs/scheduler_job.py", line 648, in process_file
    dagbag.sync_to_db()
  File "/usr/local/lib/python3.9/site-packages/airflow/utils/session.py", line 65, in wrapper
    return func(*args, session=session, **kwargs)
  File "/usr/local/lib/python3.9/site-packages/airflow/models/dagbag.py", line 552, in sync_to_db
    for attempt in run_with_db_retries(logger=self.log):
  File "/usr/local/lib/python3.9/site-packages/tenacity/__init__.py", line 390, in __iter__
    do = self.iter(retry_state=retry_state)
  File "/usr/local/lib/python3.9/site-packages/tenacity/__init__.py", line 368, in iter
    raise retry_exc.reraise()
  File "/usr/local/lib/python3.9/site-packages/tenacity/__init__.py", line 186, in reraise
    raise self.last_attempt.result()
  File "/usr/local/Cellar/python@3.9/3.9.1_6/Frameworks/Python.framework/Versions/3.9/lib/python3.9/concurrent/futures/_base.py", line 433, in result
    return self.__get_result()
  File "/usr/local/Cellar/python@3.9/3.9.1_6/Frameworks/Python.framework/Versions/3.9/lib/python3.9/concurrent/futures/_base.py", line 389, in __get_result
    raise self._exception
  File "/usr/local/lib/python3.9/site-packages/airflow/models/dagbag.py", line 564, in sync_to_db
    serialize_errors.extend(_serialze_dag_capturing_errors(dag, session))
  File "/usr/local/lib/python3.9/site-packages/airflow/models/dagbag.py", line 538, in _serialze_dag_capturing_errors
    SerializedDagModel.write_dag(
  File "/usr/local/lib/python3.9/site-packages/airflow/utils/session.py", line 62, in wrapper
    return func(*args, **kwargs)
  File "/usr/local/lib/python3.9/site-packages/airflow/models/serialized_dag.py", line 117, in write_dag
    if session.query(
  File "/usr/local/lib/python3.9/site-packages/sqlalchemy/orm/query.py", line 3523, in scalar
    ret = self.one()
  File "/usr/local/lib/python3.9/site-packages/sqlalchemy/orm/query.py", line 3490, in one
    ret = self.one_or_none()
  File "/usr/local/lib/python3.9/site-packages/sqlalchemy/orm/query.py", line 3459, in one_or_none
    ret = list(self)
  File "/usr/local/lib/python3.9/site-packages/sqlalchemy/orm/query.py", line 3535, in __iter__
    return self._execute_and_instances(context)
  File "/usr/local/lib/python3.9/site-packages/sqlalchemy/orm/query.py", line 3556, in _execute_and_instances
    conn = self._get_bind_args(
  File "/usr/local/lib/python3.9/site-packages/sqlalchemy/orm/query.py", line 3571, in _get_bind_args
    return fn(
  File "/usr/local/lib/python3.9/site-packages/sqlalchemy/orm/query.py", line 3550, in _connection_from_session
    conn = self.session.connection(**kw)
  File "/usr/local/lib/python3.9/site-packages/sqlalchemy/orm/session.py", line 1142, in connection
    return self._connection_for_bind(
  File "/usr/local/lib/python3.9/site-packages/sqlalchemy/orm/session.py", line 1150, in _connection_for_bind
    return self.transaction._connection_for_bind(
  File "/usr/local/lib/python3.9/site-packages/sqlalchemy/orm/session.py", line 433, in _connection_for_bind
    conn = bind._contextual_connect()
  File "/usr/local/lib/python3.9/site-packages/sqlalchemy/engine/base.py", line 2302, in _contextual_connect
    self._wrap_pool_connect(self.pool.connect, None),
  File "/usr/local/lib/python3.9/site-packages/sqlalchemy/engine/base.py", line 2339, in _wrap_pool_connect
    Connection._handle_dbapi_exception_noconnection(
  File "/usr/local/lib/python3.9/site-packages/sqlalchemy/engine/base.py", line 1583, in _handle_dbapi_exception_noconnection
    util.raise_(
  File "/usr/local/lib/python3.9/site-packages/sqlalchemy/util/compat.py", line 182, in raise_
    raise exception
  File "/usr/local/lib/python3.9/site-packages/sqlalchemy/engine/base.py", line 2336, in _wrap_pool_connect
    return fn()
  File "/usr/local/lib/python3.9/site-packages/sqlalchemy/pool/base.py", line 364, in connect
    return _ConnectionFairy._checkout(self)
  File "/usr/local/lib/python3.9/site-packages/sqlalchemy/pool/base.py", line 778, in _checkout
    fairy = _ConnectionRecord.checkout(pool)
  File "/usr/local/lib/python3.9/site-packages/sqlalchemy/pool/base.py", line 495, in checkout
    rec = pool._do_get()
  File "/usr/local/lib/python3.9/site-packages/sqlalchemy/pool/impl.py", line 140, in _do_get
    self._dec_overflow()
  File "/usr/local/lib/python3.9/site-packages/sqlalchemy/util/langhelpers.py", line 68, in __exit__
    compat.raise_(
  File "/usr/local/lib/python3.9/site-packages/sqlalchemy/util/compat.py", line 182, in raise_
    raise exception
  File "/usr/local/lib/python3.9/site-packages/sqlalchemy/pool/impl.py", line 137, in _do_get
    return self._create_connection()
  File "/usr/local/lib/python3.9/site-packages/sqlalchemy/pool/base.py", line 309, in _create_connection
    return _ConnectionRecord(self)
  File "/usr/local/lib/python3.9/site-packages/sqlalchemy/pool/base.py", line 440, in __init__
    self.__connect(first_connect_check=True)
  File "/usr/local/lib/python3.9/site-packages/sqlalchemy/pool/base.py", line 661, in __connect
    pool.logger.debug("Error on connect(): %s", e)
  File "/usr/local/lib/python3.9/site-packages/sqlalchemy/util/langhelpers.py", line 68, in __exit__
    compat.raise_(
  File "/usr/local/lib/python3.9/site-packages/sqlalchemy/util/compat.py", line 182, in raise_
    raise exception
  File "/usr/local/lib/python3.9/site-packages/sqlalchemy/pool/base.py", line 656, in __connect
    connection = pool._invoke_creator(self)
  File "/usr/local/lib/python3.9/site-packages/sqlalchemy/engine/strategies.py", line 114, in connect
    return dialect.connect(*cargs, **cparams)
  File "/usr/local/lib/python3.9/site-packages/sqlalchemy/engine/default.py", line 508, in connect
    return self.dbapi.connect(*cargs, **cparams)
  File "/usr/local/lib/python3.9/site-packages/psycopg2/__init__.py", line 127, in connect
    conn = _connect(dsn, connection_factory=connection_factory, **kwasync)
sqlalchemy.exc.OperationalError: (psycopg2.OperationalError) could not translate host name "postgres" to address: nodename nor servname provided, or not known

(Background on this error at: http://sqlalche.me/e/13/e3q8)
[2021-02-27 10:08:47,561] {scheduler_job.py:182} INFO - Started process (PID=24663) to work on /usr/local/lib/python3.9/site-packages/airflow/example_dags/test_utils.py
[2021-02-27 10:08:47,562] {scheduler_job.py:629} INFO - Processing file /usr/local/lib/python3.9/site-packages/airflow/example_dags/test_utils.py for tasks to queue
[2021-02-27 10:08:47,562] {logging_mixin.py:104} INFO - [2021-02-27 10:08:47,562] {dagbag.py:448} INFO - Filling up the DagBag from /usr/local/lib/python3.9/site-packages/airflow/example_dags/test_utils.py
[2021-02-27 10:08:47,569] {scheduler_job.py:639} INFO - DAG(s) dict_keys(['test_utils']) retrieved from /usr/local/lib/python3.9/site-packages/airflow/example_dags/test_utils.py
[2021-02-27 10:08:48,119] {scheduler_job.py:193} ERROR - Got an exception! Propagating...
Traceback (most recent call last):
  File "/usr/local/lib/python3.9/site-packages/sqlalchemy/engine/base.py", line 2336, in _wrap_pool_connect
    return fn()
  File "/usr/local/lib/python3.9/site-packages/sqlalchemy/pool/base.py", line 364, in connect
    return _ConnectionFairy._checkout(self)
  File "/usr/local/lib/python3.9/site-packages/sqlalchemy/pool/base.py", line 778, in _checkout
    fairy = _ConnectionRecord.checkout(pool)
  File "/usr/local/lib/python3.9/site-packages/sqlalchemy/pool/base.py", line 495, in checkout
    rec = pool._do_get()
  File "/usr/local/lib/python3.9/site-packages/sqlalchemy/pool/impl.py", line 140, in _do_get
    self._dec_overflow()
  File "/usr/local/lib/python3.9/site-packages/sqlalchemy/util/langhelpers.py", line 68, in __exit__
    compat.raise_(
  File "/usr/local/lib/python3.9/site-packages/sqlalchemy/util/compat.py", line 182, in raise_
    raise exception
  File "/usr/local/lib/python3.9/site-packages/sqlalchemy/pool/impl.py", line 137, in _do_get
    return self._create_connection()
  File "/usr/local/lib/python3.9/site-packages/sqlalchemy/pool/base.py", line 309, in _create_connection
    return _ConnectionRecord(self)
  File "/usr/local/lib/python3.9/site-packages/sqlalchemy/pool/base.py", line 440, in __init__
    self.__connect(first_connect_check=True)
  File "/usr/local/lib/python3.9/site-packages/sqlalchemy/pool/base.py", line 661, in __connect
    pool.logger.debug("Error on connect(): %s", e)
  File "/usr/local/lib/python3.9/site-packages/sqlalchemy/util/langhelpers.py", line 68, in __exit__
    compat.raise_(
  File "/usr/local/lib/python3.9/site-packages/sqlalchemy/util/compat.py", line 182, in raise_
    raise exception
  File "/usr/local/lib/python3.9/site-packages/sqlalchemy/pool/base.py", line 656, in __connect
    connection = pool._invoke_creator(self)
  File "/usr/local/lib/python3.9/site-packages/sqlalchemy/engine/strategies.py", line 114, in connect
    return dialect.connect(*cargs, **cparams)
  File "/usr/local/lib/python3.9/site-packages/sqlalchemy/engine/default.py", line 508, in connect
    return self.dbapi.connect(*cargs, **cparams)
  File "/usr/local/lib/python3.9/site-packages/psycopg2/__init__.py", line 127, in connect
    conn = _connect(dsn, connection_factory=connection_factory, **kwasync)
psycopg2.OperationalError: could not translate host name "postgres" to address: nodename nor servname provided, or not known


The above exception was the direct cause of the following exception:

Traceback (most recent call last):
  File "/usr/local/lib/python3.9/site-packages/airflow/jobs/scheduler_job.py", line 184, in _run_file_processor
    result: Tuple[int, int] = dag_file_processor.process_file(
  File "/usr/local/lib/python3.9/site-packages/airflow/utils/session.py", line 65, in wrapper
    return func(*args, session=session, **kwargs)
  File "/usr/local/lib/python3.9/site-packages/airflow/jobs/scheduler_job.py", line 648, in process_file
    dagbag.sync_to_db()
  File "/usr/local/lib/python3.9/site-packages/airflow/utils/session.py", line 65, in wrapper
    return func(*args, session=session, **kwargs)
  File "/usr/local/lib/python3.9/site-packages/airflow/models/dagbag.py", line 552, in sync_to_db
    for attempt in run_with_db_retries(logger=self.log):
  File "/usr/local/lib/python3.9/site-packages/tenacity/__init__.py", line 390, in __iter__
    do = self.iter(retry_state=retry_state)
  File "/usr/local/lib/python3.9/site-packages/tenacity/__init__.py", line 368, in iter
    raise retry_exc.reraise()
  File "/usr/local/lib/python3.9/site-packages/tenacity/__init__.py", line 186, in reraise
    raise self.last_attempt.result()
  File "/usr/local/Cellar/python@3.9/3.9.1_6/Frameworks/Python.framework/Versions/3.9/lib/python3.9/concurrent/futures/_base.py", line 433, in result
    return self.__get_result()
  File "/usr/local/Cellar/python@3.9/3.9.1_6/Frameworks/Python.framework/Versions/3.9/lib/python3.9/concurrent/futures/_base.py", line 389, in __get_result
    raise self._exception
  File "/usr/local/lib/python3.9/site-packages/airflow/models/dagbag.py", line 564, in sync_to_db
    serialize_errors.extend(_serialze_dag_capturing_errors(dag, session))
  File "/usr/local/lib/python3.9/site-packages/airflow/models/dagbag.py", line 538, in _serialze_dag_capturing_errors
    SerializedDagModel.write_dag(
  File "/usr/local/lib/python3.9/site-packages/airflow/utils/session.py", line 62, in wrapper
    return func(*args, **kwargs)
  File "/usr/local/lib/python3.9/site-packages/airflow/models/serialized_dag.py", line 117, in write_dag
    if session.query(
  File "/usr/local/lib/python3.9/site-packages/sqlalchemy/orm/query.py", line 3523, in scalar
    ret = self.one()
  File "/usr/local/lib/python3.9/site-packages/sqlalchemy/orm/query.py", line 3490, in one
    ret = self.one_or_none()
  File "/usr/local/lib/python3.9/site-packages/sqlalchemy/orm/query.py", line 3459, in one_or_none
    ret = list(self)
  File "/usr/local/lib/python3.9/site-packages/sqlalchemy/orm/query.py", line 3535, in __iter__
    return self._execute_and_instances(context)
  File "/usr/local/lib/python3.9/site-packages/sqlalchemy/orm/query.py", line 3556, in _execute_and_instances
    conn = self._get_bind_args(
  File "/usr/local/lib/python3.9/site-packages/sqlalchemy/orm/query.py", line 3571, in _get_bind_args
    return fn(
  File "/usr/local/lib/python3.9/site-packages/sqlalchemy/orm/query.py", line 3550, in _connection_from_session
    conn = self.session.connection(**kw)
  File "/usr/local/lib/python3.9/site-packages/sqlalchemy/orm/session.py", line 1142, in connection
    return self._connection_for_bind(
  File "/usr/local/lib/python3.9/site-packages/sqlalchemy/orm/session.py", line 1150, in _connection_for_bind
    return self.transaction._connection_for_bind(
  File "/usr/local/lib/python3.9/site-packages/sqlalchemy/orm/session.py", line 433, in _connection_for_bind
    conn = bind._contextual_connect()
  File "/usr/local/lib/python3.9/site-packages/sqlalchemy/engine/base.py", line 2302, in _contextual_connect
    self._wrap_pool_connect(self.pool.connect, None),
  File "/usr/local/lib/python3.9/site-packages/sqlalchemy/engine/base.py", line 2339, in _wrap_pool_connect
    Connection._handle_dbapi_exception_noconnection(
  File "/usr/local/lib/python3.9/site-packages/sqlalchemy/engine/base.py", line 1583, in _handle_dbapi_exception_noconnection
    util.raise_(
  File "/usr/local/lib/python3.9/site-packages/sqlalchemy/util/compat.py", line 182, in raise_
    raise exception
  File "/usr/local/lib/python3.9/site-packages/sqlalchemy/engine/base.py", line 2336, in _wrap_pool_connect
    return fn()
  File "/usr/local/lib/python3.9/site-packages/sqlalchemy/pool/base.py", line 364, in connect
    return _ConnectionFairy._checkout(self)
  File "/usr/local/lib/python3.9/site-packages/sqlalchemy/pool/base.py", line 778, in _checkout
    fairy = _ConnectionRecord.checkout(pool)
  File "/usr/local/lib/python3.9/site-packages/sqlalchemy/pool/base.py", line 495, in checkout
    rec = pool._do_get()
  File "/usr/local/lib/python3.9/site-packages/sqlalchemy/pool/impl.py", line 140, in _do_get
    self._dec_overflow()
  File "/usr/local/lib/python3.9/site-packages/sqlalchemy/util/langhelpers.py", line 68, in __exit__
    compat.raise_(
  File "/usr/local/lib/python3.9/site-packages/sqlalchemy/util/compat.py", line 182, in raise_
    raise exception
  File "/usr/local/lib/python3.9/site-packages/sqlalchemy/pool/impl.py", line 137, in _do_get
    return self._create_connection()
  File "/usr/local/lib/python3.9/site-packages/sqlalchemy/pool/base.py", line 309, in _create_connection
    return _ConnectionRecord(self)
  File "/usr/local/lib/python3.9/site-packages/sqlalchemy/pool/base.py", line 440, in __init__
    self.__connect(first_connect_check=True)
  File "/usr/local/lib/python3.9/site-packages/sqlalchemy/pool/base.py", line 661, in __connect
    pool.logger.debug("Error on connect(): %s", e)
  File "/usr/local/lib/python3.9/site-packages/sqlalchemy/util/langhelpers.py", line 68, in __exit__
    compat.raise_(
  File "/usr/local/lib/python3.9/site-packages/sqlalchemy/util/compat.py", line 182, in raise_
    raise exception
  File "/usr/local/lib/python3.9/site-packages/sqlalchemy/pool/base.py", line 656, in __connect
    connection = pool._invoke_creator(self)
  File "/usr/local/lib/python3.9/site-packages/sqlalchemy/engine/strategies.py", line 114, in connect
    return dialect.connect(*cargs, **cparams)
  File "/usr/local/lib/python3.9/site-packages/sqlalchemy/engine/default.py", line 508, in connect
    return self.dbapi.connect(*cargs, **cparams)
  File "/usr/local/lib/python3.9/site-packages/psycopg2/__init__.py", line 127, in connect
    conn = _connect(dsn, connection_factory=connection_factory, **kwasync)
sqlalchemy.exc.OperationalError: (psycopg2.OperationalError) could not translate host name "postgres" to address: nodename nor servname provided, or not known

(Background on this error at: http://sqlalche.me/e/13/e3q8)
[2021-02-27 10:09:53,079] {scheduler_job.py:182} INFO - Started process (PID=24762) to work on /usr/local/lib/python3.9/site-packages/airflow/example_dags/test_utils.py
[2021-02-27 10:09:53,080] {scheduler_job.py:629} INFO - Processing file /usr/local/lib/python3.9/site-packages/airflow/example_dags/test_utils.py for tasks to queue
[2021-02-27 10:09:53,080] {logging_mixin.py:104} INFO - [2021-02-27 10:09:53,080] {dagbag.py:448} INFO - Filling up the DagBag from /usr/local/lib/python3.9/site-packages/airflow/example_dags/test_utils.py
[2021-02-27 10:09:53,087] {scheduler_job.py:639} INFO - DAG(s) dict_keys(['test_utils']) retrieved from /usr/local/lib/python3.9/site-packages/airflow/example_dags/test_utils.py
[2021-02-27 10:09:53,993] {scheduler_job.py:193} ERROR - Got an exception! Propagating...
Traceback (most recent call last):
  File "/usr/local/lib/python3.9/site-packages/sqlalchemy/engine/base.py", line 2336, in _wrap_pool_connect
    return fn()
  File "/usr/local/lib/python3.9/site-packages/sqlalchemy/pool/base.py", line 364, in connect
    return _ConnectionFairy._checkout(self)
  File "/usr/local/lib/python3.9/site-packages/sqlalchemy/pool/base.py", line 778, in _checkout
    fairy = _ConnectionRecord.checkout(pool)
  File "/usr/local/lib/python3.9/site-packages/sqlalchemy/pool/base.py", line 495, in checkout
    rec = pool._do_get()
  File "/usr/local/lib/python3.9/site-packages/sqlalchemy/pool/impl.py", line 140, in _do_get
    self._dec_overflow()
  File "/usr/local/lib/python3.9/site-packages/sqlalchemy/util/langhelpers.py", line 68, in __exit__
    compat.raise_(
  File "/usr/local/lib/python3.9/site-packages/sqlalchemy/util/compat.py", line 182, in raise_
    raise exception
  File "/usr/local/lib/python3.9/site-packages/sqlalchemy/pool/impl.py", line 137, in _do_get
    return self._create_connection()
  File "/usr/local/lib/python3.9/site-packages/sqlalchemy/pool/base.py", line 309, in _create_connection
    return _ConnectionRecord(self)
  File "/usr/local/lib/python3.9/site-packages/sqlalchemy/pool/base.py", line 440, in __init__
    self.__connect(first_connect_check=True)
  File "/usr/local/lib/python3.9/site-packages/sqlalchemy/pool/base.py", line 661, in __connect
    pool.logger.debug("Error on connect(): %s", e)
  File "/usr/local/lib/python3.9/site-packages/sqlalchemy/util/langhelpers.py", line 68, in __exit__
    compat.raise_(
  File "/usr/local/lib/python3.9/site-packages/sqlalchemy/util/compat.py", line 182, in raise_
    raise exception
  File "/usr/local/lib/python3.9/site-packages/sqlalchemy/pool/base.py", line 656, in __connect
    connection = pool._invoke_creator(self)
  File "/usr/local/lib/python3.9/site-packages/sqlalchemy/engine/strategies.py", line 114, in connect
    return dialect.connect(*cargs, **cparams)
  File "/usr/local/lib/python3.9/site-packages/sqlalchemy/engine/default.py", line 508, in connect
    return self.dbapi.connect(*cargs, **cparams)
  File "/usr/local/lib/python3.9/site-packages/psycopg2/__init__.py", line 127, in connect
    conn = _connect(dsn, connection_factory=connection_factory, **kwasync)
psycopg2.OperationalError: FATAL:  role "karenzhang" does not exist


The above exception was the direct cause of the following exception:

Traceback (most recent call last):
  File "/usr/local/lib/python3.9/site-packages/airflow/jobs/scheduler_job.py", line 184, in _run_file_processor
    result: Tuple[int, int] = dag_file_processor.process_file(
  File "/usr/local/lib/python3.9/site-packages/airflow/utils/session.py", line 65, in wrapper
    return func(*args, session=session, **kwargs)
  File "/usr/local/lib/python3.9/site-packages/airflow/jobs/scheduler_job.py", line 648, in process_file
    dagbag.sync_to_db()
  File "/usr/local/lib/python3.9/site-packages/airflow/utils/session.py", line 65, in wrapper
    return func(*args, session=session, **kwargs)
  File "/usr/local/lib/python3.9/site-packages/airflow/models/dagbag.py", line 552, in sync_to_db
    for attempt in run_with_db_retries(logger=self.log):
  File "/usr/local/lib/python3.9/site-packages/tenacity/__init__.py", line 390, in __iter__
    do = self.iter(retry_state=retry_state)
  File "/usr/local/lib/python3.9/site-packages/tenacity/__init__.py", line 368, in iter
    raise retry_exc.reraise()
  File "/usr/local/lib/python3.9/site-packages/tenacity/__init__.py", line 186, in reraise
    raise self.last_attempt.result()
  File "/usr/local/Cellar/python@3.9/3.9.1_6/Frameworks/Python.framework/Versions/3.9/lib/python3.9/concurrent/futures/_base.py", line 433, in result
    return self.__get_result()
  File "/usr/local/Cellar/python@3.9/3.9.1_6/Frameworks/Python.framework/Versions/3.9/lib/python3.9/concurrent/futures/_base.py", line 389, in __get_result
    raise self._exception
  File "/usr/local/lib/python3.9/site-packages/airflow/models/dagbag.py", line 564, in sync_to_db
    serialize_errors.extend(_serialze_dag_capturing_errors(dag, session))
  File "/usr/local/lib/python3.9/site-packages/airflow/models/dagbag.py", line 538, in _serialze_dag_capturing_errors
    SerializedDagModel.write_dag(
  File "/usr/local/lib/python3.9/site-packages/airflow/utils/session.py", line 62, in wrapper
    return func(*args, **kwargs)
  File "/usr/local/lib/python3.9/site-packages/airflow/models/serialized_dag.py", line 117, in write_dag
    if session.query(
  File "/usr/local/lib/python3.9/site-packages/sqlalchemy/orm/query.py", line 3523, in scalar
    ret = self.one()
  File "/usr/local/lib/python3.9/site-packages/sqlalchemy/orm/query.py", line 3490, in one
    ret = self.one_or_none()
  File "/usr/local/lib/python3.9/site-packages/sqlalchemy/orm/query.py", line 3459, in one_or_none
    ret = list(self)
  File "/usr/local/lib/python3.9/site-packages/sqlalchemy/orm/query.py", line 3535, in __iter__
    return self._execute_and_instances(context)
  File "/usr/local/lib/python3.9/site-packages/sqlalchemy/orm/query.py", line 3556, in _execute_and_instances
    conn = self._get_bind_args(
  File "/usr/local/lib/python3.9/site-packages/sqlalchemy/orm/query.py", line 3571, in _get_bind_args
    return fn(
  File "/usr/local/lib/python3.9/site-packages/sqlalchemy/orm/query.py", line 3550, in _connection_from_session
    conn = self.session.connection(**kw)
  File "/usr/local/lib/python3.9/site-packages/sqlalchemy/orm/session.py", line 1142, in connection
    return self._connection_for_bind(
  File "/usr/local/lib/python3.9/site-packages/sqlalchemy/orm/session.py", line 1150, in _connection_for_bind
    return self.transaction._connection_for_bind(
  File "/usr/local/lib/python3.9/site-packages/sqlalchemy/orm/session.py", line 433, in _connection_for_bind
    conn = bind._contextual_connect()
  File "/usr/local/lib/python3.9/site-packages/sqlalchemy/engine/base.py", line 2302, in _contextual_connect
    self._wrap_pool_connect(self.pool.connect, None),
  File "/usr/local/lib/python3.9/site-packages/sqlalchemy/engine/base.py", line 2339, in _wrap_pool_connect
    Connection._handle_dbapi_exception_noconnection(
  File "/usr/local/lib/python3.9/site-packages/sqlalchemy/engine/base.py", line 1583, in _handle_dbapi_exception_noconnection
    util.raise_(
  File "/usr/local/lib/python3.9/site-packages/sqlalchemy/util/compat.py", line 182, in raise_
    raise exception
  File "/usr/local/lib/python3.9/site-packages/sqlalchemy/engine/base.py", line 2336, in _wrap_pool_connect
    return fn()
  File "/usr/local/lib/python3.9/site-packages/sqlalchemy/pool/base.py", line 364, in connect
    return _ConnectionFairy._checkout(self)
  File "/usr/local/lib/python3.9/site-packages/sqlalchemy/pool/base.py", line 778, in _checkout
    fairy = _ConnectionRecord.checkout(pool)
  File "/usr/local/lib/python3.9/site-packages/sqlalchemy/pool/base.py", line 495, in checkout
    rec = pool._do_get()
  File "/usr/local/lib/python3.9/site-packages/sqlalchemy/pool/impl.py", line 140, in _do_get
    self._dec_overflow()
  File "/usr/local/lib/python3.9/site-packages/sqlalchemy/util/langhelpers.py", line 68, in __exit__
    compat.raise_(
  File "/usr/local/lib/python3.9/site-packages/sqlalchemy/util/compat.py", line 182, in raise_
    raise exception
  File "/usr/local/lib/python3.9/site-packages/sqlalchemy/pool/impl.py", line 137, in _do_get
    return self._create_connection()
  File "/usr/local/lib/python3.9/site-packages/sqlalchemy/pool/base.py", line 309, in _create_connection
    return _ConnectionRecord(self)
  File "/usr/local/lib/python3.9/site-packages/sqlalchemy/pool/base.py", line 440, in __init__
    self.__connect(first_connect_check=True)
  File "/usr/local/lib/python3.9/site-packages/sqlalchemy/pool/base.py", line 661, in __connect
    pool.logger.debug("Error on connect(): %s", e)
  File "/usr/local/lib/python3.9/site-packages/sqlalchemy/util/langhelpers.py", line 68, in __exit__
    compat.raise_(
  File "/usr/local/lib/python3.9/site-packages/sqlalchemy/util/compat.py", line 182, in raise_
    raise exception
  File "/usr/local/lib/python3.9/site-packages/sqlalchemy/pool/base.py", line 656, in __connect
    connection = pool._invoke_creator(self)
  File "/usr/local/lib/python3.9/site-packages/sqlalchemy/engine/strategies.py", line 114, in connect
    return dialect.connect(*cargs, **cparams)
  File "/usr/local/lib/python3.9/site-packages/sqlalchemy/engine/default.py", line 508, in connect
    return self.dbapi.connect(*cargs, **cparams)
  File "/usr/local/lib/python3.9/site-packages/psycopg2/__init__.py", line 127, in connect
    conn = _connect(dsn, connection_factory=connection_factory, **kwasync)
sqlalchemy.exc.OperationalError: (psycopg2.OperationalError) FATAL:  role "karenzhang" does not exist

(Background on this error at: http://sqlalche.me/e/13/e3q8)
[2021-02-27 10:11:02,066] {scheduler_job.py:182} INFO - Started process (PID=24883) to work on /usr/local/lib/python3.9/site-packages/airflow/example_dags/test_utils.py
[2021-02-27 10:11:02,067] {scheduler_job.py:629} INFO - Processing file /usr/local/lib/python3.9/site-packages/airflow/example_dags/test_utils.py for tasks to queue
[2021-02-27 10:11:02,067] {logging_mixin.py:104} INFO - [2021-02-27 10:11:02,067] {dagbag.py:448} INFO - Filling up the DagBag from /usr/local/lib/python3.9/site-packages/airflow/example_dags/test_utils.py
[2021-02-27 10:11:02,074] {scheduler_job.py:639} INFO - DAG(s) dict_keys(['test_utils']) retrieved from /usr/local/lib/python3.9/site-packages/airflow/example_dags/test_utils.py
[2021-02-27 10:11:02,680] {scheduler_job.py:193} ERROR - Got an exception! Propagating...
Traceback (most recent call last):
  File "/usr/local/lib/python3.9/site-packages/sqlalchemy/engine/base.py", line 2336, in _wrap_pool_connect
    return fn()
  File "/usr/local/lib/python3.9/site-packages/sqlalchemy/pool/base.py", line 364, in connect
    return _ConnectionFairy._checkout(self)
  File "/usr/local/lib/python3.9/site-packages/sqlalchemy/pool/base.py", line 778, in _checkout
    fairy = _ConnectionRecord.checkout(pool)
  File "/usr/local/lib/python3.9/site-packages/sqlalchemy/pool/base.py", line 495, in checkout
    rec = pool._do_get()
  File "/usr/local/lib/python3.9/site-packages/sqlalchemy/pool/impl.py", line 140, in _do_get
    self._dec_overflow()
  File "/usr/local/lib/python3.9/site-packages/sqlalchemy/util/langhelpers.py", line 68, in __exit__
    compat.raise_(
  File "/usr/local/lib/python3.9/site-packages/sqlalchemy/util/compat.py", line 182, in raise_
    raise exception
  File "/usr/local/lib/python3.9/site-packages/sqlalchemy/pool/impl.py", line 137, in _do_get
    return self._create_connection()
  File "/usr/local/lib/python3.9/site-packages/sqlalchemy/pool/base.py", line 309, in _create_connection
    return _ConnectionRecord(self)
  File "/usr/local/lib/python3.9/site-packages/sqlalchemy/pool/base.py", line 440, in __init__
    self.__connect(first_connect_check=True)
  File "/usr/local/lib/python3.9/site-packages/sqlalchemy/pool/base.py", line 661, in __connect
    pool.logger.debug("Error on connect(): %s", e)
  File "/usr/local/lib/python3.9/site-packages/sqlalchemy/util/langhelpers.py", line 68, in __exit__
    compat.raise_(
  File "/usr/local/lib/python3.9/site-packages/sqlalchemy/util/compat.py", line 182, in raise_
    raise exception
  File "/usr/local/lib/python3.9/site-packages/sqlalchemy/pool/base.py", line 656, in __connect
    connection = pool._invoke_creator(self)
  File "/usr/local/lib/python3.9/site-packages/sqlalchemy/engine/strategies.py", line 114, in connect
    return dialect.connect(*cargs, **cparams)
  File "/usr/local/lib/python3.9/site-packages/sqlalchemy/engine/default.py", line 508, in connect
    return self.dbapi.connect(*cargs, **cparams)
  File "/usr/local/lib/python3.9/site-packages/psycopg2/__init__.py", line 127, in connect
    conn = _connect(dsn, connection_factory=connection_factory, **kwasync)
psycopg2.OperationalError: FATAL:  database "processdb" does not exist


The above exception was the direct cause of the following exception:

Traceback (most recent call last):
  File "/usr/local/lib/python3.9/site-packages/airflow/jobs/scheduler_job.py", line 184, in _run_file_processor
    result: Tuple[int, int] = dag_file_processor.process_file(
  File "/usr/local/lib/python3.9/site-packages/airflow/utils/session.py", line 65, in wrapper
    return func(*args, session=session, **kwargs)
  File "/usr/local/lib/python3.9/site-packages/airflow/jobs/scheduler_job.py", line 648, in process_file
    dagbag.sync_to_db()
  File "/usr/local/lib/python3.9/site-packages/airflow/utils/session.py", line 65, in wrapper
    return func(*args, session=session, **kwargs)
  File "/usr/local/lib/python3.9/site-packages/airflow/models/dagbag.py", line 552, in sync_to_db
    for attempt in run_with_db_retries(logger=self.log):
  File "/usr/local/lib/python3.9/site-packages/tenacity/__init__.py", line 390, in __iter__
    do = self.iter(retry_state=retry_state)
  File "/usr/local/lib/python3.9/site-packages/tenacity/__init__.py", line 368, in iter
    raise retry_exc.reraise()
  File "/usr/local/lib/python3.9/site-packages/tenacity/__init__.py", line 186, in reraise
    raise self.last_attempt.result()
  File "/usr/local/Cellar/python@3.9/3.9.1_6/Frameworks/Python.framework/Versions/3.9/lib/python3.9/concurrent/futures/_base.py", line 433, in result
    return self.__get_result()
  File "/usr/local/Cellar/python@3.9/3.9.1_6/Frameworks/Python.framework/Versions/3.9/lib/python3.9/concurrent/futures/_base.py", line 389, in __get_result
    raise self._exception
  File "/usr/local/lib/python3.9/site-packages/airflow/models/dagbag.py", line 564, in sync_to_db
    serialize_errors.extend(_serialze_dag_capturing_errors(dag, session))
  File "/usr/local/lib/python3.9/site-packages/airflow/models/dagbag.py", line 538, in _serialze_dag_capturing_errors
    SerializedDagModel.write_dag(
  File "/usr/local/lib/python3.9/site-packages/airflow/utils/session.py", line 62, in wrapper
    return func(*args, **kwargs)
  File "/usr/local/lib/python3.9/site-packages/airflow/models/serialized_dag.py", line 117, in write_dag
    if session.query(
  File "/usr/local/lib/python3.9/site-packages/sqlalchemy/orm/query.py", line 3523, in scalar
    ret = self.one()
  File "/usr/local/lib/python3.9/site-packages/sqlalchemy/orm/query.py", line 3490, in one
    ret = self.one_or_none()
  File "/usr/local/lib/python3.9/site-packages/sqlalchemy/orm/query.py", line 3459, in one_or_none
    ret = list(self)
  File "/usr/local/lib/python3.9/site-packages/sqlalchemy/orm/query.py", line 3535, in __iter__
    return self._execute_and_instances(context)
  File "/usr/local/lib/python3.9/site-packages/sqlalchemy/orm/query.py", line 3556, in _execute_and_instances
    conn = self._get_bind_args(
  File "/usr/local/lib/python3.9/site-packages/sqlalchemy/orm/query.py", line 3571, in _get_bind_args
    return fn(
  File "/usr/local/lib/python3.9/site-packages/sqlalchemy/orm/query.py", line 3550, in _connection_from_session
    conn = self.session.connection(**kw)
  File "/usr/local/lib/python3.9/site-packages/sqlalchemy/orm/session.py", line 1142, in connection
    return self._connection_for_bind(
  File "/usr/local/lib/python3.9/site-packages/sqlalchemy/orm/session.py", line 1150, in _connection_for_bind
    return self.transaction._connection_for_bind(
  File "/usr/local/lib/python3.9/site-packages/sqlalchemy/orm/session.py", line 433, in _connection_for_bind
    conn = bind._contextual_connect()
  File "/usr/local/lib/python3.9/site-packages/sqlalchemy/engine/base.py", line 2302, in _contextual_connect
    self._wrap_pool_connect(self.pool.connect, None),
  File "/usr/local/lib/python3.9/site-packages/sqlalchemy/engine/base.py", line 2339, in _wrap_pool_connect
    Connection._handle_dbapi_exception_noconnection(
  File "/usr/local/lib/python3.9/site-packages/sqlalchemy/engine/base.py", line 1583, in _handle_dbapi_exception_noconnection
    util.raise_(
  File "/usr/local/lib/python3.9/site-packages/sqlalchemy/util/compat.py", line 182, in raise_
    raise exception
  File "/usr/local/lib/python3.9/site-packages/sqlalchemy/engine/base.py", line 2336, in _wrap_pool_connect
    return fn()
  File "/usr/local/lib/python3.9/site-packages/sqlalchemy/pool/base.py", line 364, in connect
    return _ConnectionFairy._checkout(self)
  File "/usr/local/lib/python3.9/site-packages/sqlalchemy/pool/base.py", line 778, in _checkout
    fairy = _ConnectionRecord.checkout(pool)
  File "/usr/local/lib/python3.9/site-packages/sqlalchemy/pool/base.py", line 495, in checkout
    rec = pool._do_get()
  File "/usr/local/lib/python3.9/site-packages/sqlalchemy/pool/impl.py", line 140, in _do_get
    self._dec_overflow()
  File "/usr/local/lib/python3.9/site-packages/sqlalchemy/util/langhelpers.py", line 68, in __exit__
    compat.raise_(
  File "/usr/local/lib/python3.9/site-packages/sqlalchemy/util/compat.py", line 182, in raise_
    raise exception
  File "/usr/local/lib/python3.9/site-packages/sqlalchemy/pool/impl.py", line 137, in _do_get
    return self._create_connection()
  File "/usr/local/lib/python3.9/site-packages/sqlalchemy/pool/base.py", line 309, in _create_connection
    return _ConnectionRecord(self)
  File "/usr/local/lib/python3.9/site-packages/sqlalchemy/pool/base.py", line 440, in __init__
    self.__connect(first_connect_check=True)
  File "/usr/local/lib/python3.9/site-packages/sqlalchemy/pool/base.py", line 661, in __connect
    pool.logger.debug("Error on connect(): %s", e)
  File "/usr/local/lib/python3.9/site-packages/sqlalchemy/util/langhelpers.py", line 68, in __exit__
    compat.raise_(
  File "/usr/local/lib/python3.9/site-packages/sqlalchemy/util/compat.py", line 182, in raise_
    raise exception
  File "/usr/local/lib/python3.9/site-packages/sqlalchemy/pool/base.py", line 656, in __connect
    connection = pool._invoke_creator(self)
  File "/usr/local/lib/python3.9/site-packages/sqlalchemy/engine/strategies.py", line 114, in connect
    return dialect.connect(*cargs, **cparams)
  File "/usr/local/lib/python3.9/site-packages/sqlalchemy/engine/default.py", line 508, in connect
    return self.dbapi.connect(*cargs, **cparams)
  File "/usr/local/lib/python3.9/site-packages/psycopg2/__init__.py", line 127, in connect
    conn = _connect(dsn, connection_factory=connection_factory, **kwasync)
sqlalchemy.exc.OperationalError: (psycopg2.OperationalError) FATAL:  database "processdb" does not exist

(Background on this error at: http://sqlalche.me/e/13/e3q8)
[2021-02-27 10:11:57,164] {scheduler_job.py:182} INFO - Started process (PID=24982) to work on /usr/local/lib/python3.9/site-packages/airflow/example_dags/test_utils.py
[2021-02-27 10:11:57,165] {scheduler_job.py:629} INFO - Processing file /usr/local/lib/python3.9/site-packages/airflow/example_dags/test_utils.py for tasks to queue
[2021-02-27 10:11:57,165] {logging_mixin.py:104} INFO - [2021-02-27 10:11:57,165] {dagbag.py:448} INFO - Filling up the DagBag from /usr/local/lib/python3.9/site-packages/airflow/example_dags/test_utils.py
[2021-02-27 10:11:57,171] {scheduler_job.py:639} INFO - DAG(s) dict_keys(['test_utils']) retrieved from /usr/local/lib/python3.9/site-packages/airflow/example_dags/test_utils.py
[2021-02-27 10:11:57,187] {logging_mixin.py:104} INFO - [2021-02-27 10:11:57,187] {dag.py:1818} INFO - Sync 1 DAGs
[2021-02-27 10:11:57,220] {logging_mixin.py:104} INFO - [2021-02-27 10:11:57,220] {dag.py:2273} INFO - Setting next_dagrun for test_utils to None
[2021-02-27 10:11:57,227] {scheduler_job.py:190} INFO - Processing /usr/local/lib/python3.9/site-packages/airflow/example_dags/test_utils.py took 0.063 seconds
[2021-02-27 10:13:07,874] {scheduler_job.py:182} INFO - Started process (PID=25159) to work on /usr/local/lib/python3.9/site-packages/airflow/example_dags/test_utils.py
[2021-02-27 10:13:07,875] {scheduler_job.py:629} INFO - Processing file /usr/local/lib/python3.9/site-packages/airflow/example_dags/test_utils.py for tasks to queue
[2021-02-27 10:13:07,875] {logging_mixin.py:104} INFO - [2021-02-27 10:13:07,875] {dagbag.py:448} INFO - Filling up the DagBag from /usr/local/lib/python3.9/site-packages/airflow/example_dags/test_utils.py
[2021-02-27 10:13:07,882] {scheduler_job.py:639} INFO - DAG(s) dict_keys(['test_utils']) retrieved from /usr/local/lib/python3.9/site-packages/airflow/example_dags/test_utils.py
[2021-02-27 10:13:07,938] {logging_mixin.py:104} INFO - [2021-02-27 10:13:07,938] {dag.py:1818} INFO - Sync 1 DAGs
[2021-02-27 10:13:07,951] {logging_mixin.py:104} INFO - [2021-02-27 10:13:07,950] {dag.py:2273} INFO - Setting next_dagrun for test_utils to None
[2021-02-27 10:13:07,959] {scheduler_job.py:190} INFO - Processing /usr/local/lib/python3.9/site-packages/airflow/example_dags/test_utils.py took 0.086 seconds
[2021-02-27 10:13:09,170] {scheduler_job.py:182} INFO - Started process (PID=25167) to work on /usr/local/lib/python3.9/site-packages/airflow/example_dags/test_utils.py
[2021-02-27 10:13:09,171] {scheduler_job.py:629} INFO - Processing file /usr/local/lib/python3.9/site-packages/airflow/example_dags/test_utils.py for tasks to queue
[2021-02-27 10:13:09,171] {logging_mixin.py:104} INFO - [2021-02-27 10:13:09,171] {dagbag.py:448} INFO - Filling up the DagBag from /usr/local/lib/python3.9/site-packages/airflow/example_dags/test_utils.py
[2021-02-27 10:13:09,178] {scheduler_job.py:639} INFO - DAG(s) dict_keys(['test_utils']) retrieved from /usr/local/lib/python3.9/site-packages/airflow/example_dags/test_utils.py
[2021-02-27 10:13:09,227] {logging_mixin.py:104} INFO - [2021-02-27 10:13:09,227] {dag.py:1818} INFO - Sync 1 DAGs
[2021-02-27 10:13:09,243] {logging_mixin.py:104} INFO - [2021-02-27 10:13:09,243] {dag.py:2273} INFO - Setting next_dagrun for test_utils to None
[2021-02-27 10:13:09,251] {scheduler_job.py:190} INFO - Processing /usr/local/lib/python3.9/site-packages/airflow/example_dags/test_utils.py took 0.081 seconds
[2021-02-27 10:13:40,926] {scheduler_job.py:182} INFO - Started process (PID=25257) to work on /usr/local/lib/python3.9/site-packages/airflow/example_dags/test_utils.py
[2021-02-27 10:13:40,927] {scheduler_job.py:629} INFO - Processing file /usr/local/lib/python3.9/site-packages/airflow/example_dags/test_utils.py for tasks to queue
[2021-02-27 10:13:40,928] {logging_mixin.py:104} INFO - [2021-02-27 10:13:40,928] {dagbag.py:448} INFO - Filling up the DagBag from /usr/local/lib/python3.9/site-packages/airflow/example_dags/test_utils.py
[2021-02-27 10:13:40,936] {scheduler_job.py:639} INFO - DAG(s) dict_keys(['test_utils']) retrieved from /usr/local/lib/python3.9/site-packages/airflow/example_dags/test_utils.py
[2021-02-27 10:13:40,995] {logging_mixin.py:104} INFO - [2021-02-27 10:13:40,995] {dag.py:1818} INFO - Sync 1 DAGs
[2021-02-27 10:13:41,008] {logging_mixin.py:104} INFO - [2021-02-27 10:13:41,007] {dag.py:2273} INFO - Setting next_dagrun for test_utils to None
[2021-02-27 10:13:41,015] {scheduler_job.py:190} INFO - Processing /usr/local/lib/python3.9/site-packages/airflow/example_dags/test_utils.py took 0.090 seconds
[2021-02-27 10:13:58,823] {scheduler_job.py:182} INFO - Started process (PID=25287) to work on /usr/local/lib/python3.9/site-packages/airflow/example_dags/test_utils.py
[2021-02-27 10:13:58,824] {scheduler_job.py:629} INFO - Processing file /usr/local/lib/python3.9/site-packages/airflow/example_dags/test_utils.py for tasks to queue
[2021-02-27 10:13:58,824] {logging_mixin.py:104} INFO - [2021-02-27 10:13:58,824] {dagbag.py:448} INFO - Filling up the DagBag from /usr/local/lib/python3.9/site-packages/airflow/example_dags/test_utils.py
[2021-02-27 10:13:58,832] {scheduler_job.py:639} INFO - DAG(s) dict_keys(['test_utils']) retrieved from /usr/local/lib/python3.9/site-packages/airflow/example_dags/test_utils.py
[2021-02-27 10:13:58,882] {logging_mixin.py:104} INFO - [2021-02-27 10:13:58,882] {dag.py:1818} INFO - Sync 1 DAGs
[2021-02-27 10:13:58,894] {logging_mixin.py:104} INFO - [2021-02-27 10:13:58,894] {dag.py:2273} INFO - Setting next_dagrun for test_utils to None
[2021-02-27 10:13:58,900] {scheduler_job.py:190} INFO - Processing /usr/local/lib/python3.9/site-packages/airflow/example_dags/test_utils.py took 0.078 seconds
[2021-02-27 10:14:12,558] {scheduler_job.py:182} INFO - Started process (PID=25348) to work on /usr/local/lib/python3.9/site-packages/airflow/example_dags/test_utils.py
[2021-02-27 10:14:12,559] {scheduler_job.py:629} INFO - Processing file /usr/local/lib/python3.9/site-packages/airflow/example_dags/test_utils.py for tasks to queue
[2021-02-27 10:14:12,559] {logging_mixin.py:104} INFO - [2021-02-27 10:14:12,559] {dagbag.py:448} INFO - Filling up the DagBag from /usr/local/lib/python3.9/site-packages/airflow/example_dags/test_utils.py
[2021-02-27 10:14:12,565] {scheduler_job.py:639} INFO - DAG(s) dict_keys(['test_utils']) retrieved from /usr/local/lib/python3.9/site-packages/airflow/example_dags/test_utils.py
[2021-02-27 10:14:12,614] {logging_mixin.py:104} INFO - [2021-02-27 10:14:12,613] {dag.py:1818} INFO - Sync 1 DAGs
[2021-02-27 10:14:12,626] {logging_mixin.py:104} INFO - [2021-02-27 10:14:12,626] {dag.py:2273} INFO - Setting next_dagrun for test_utils to None
[2021-02-27 10:14:12,633] {scheduler_job.py:190} INFO - Processing /usr/local/lib/python3.9/site-packages/airflow/example_dags/test_utils.py took 0.076 seconds
[2021-02-27 10:14:43,984] {scheduler_job.py:182} INFO - Started process (PID=25436) to work on /usr/local/lib/python3.9/site-packages/airflow/example_dags/test_utils.py
[2021-02-27 10:14:43,985] {scheduler_job.py:629} INFO - Processing file /usr/local/lib/python3.9/site-packages/airflow/example_dags/test_utils.py for tasks to queue
[2021-02-27 10:14:43,985] {logging_mixin.py:104} INFO - [2021-02-27 10:14:43,985] {dagbag.py:448} INFO - Filling up the DagBag from /usr/local/lib/python3.9/site-packages/airflow/example_dags/test_utils.py
[2021-02-27 10:14:43,993] {scheduler_job.py:639} INFO - DAG(s) dict_keys(['test_utils']) retrieved from /usr/local/lib/python3.9/site-packages/airflow/example_dags/test_utils.py
[2021-02-27 10:14:44,039] {logging_mixin.py:104} INFO - [2021-02-27 10:14:44,039] {dag.py:1818} INFO - Sync 1 DAGs
[2021-02-27 10:14:44,050] {logging_mixin.py:104} INFO - [2021-02-27 10:14:44,049] {dag.py:2273} INFO - Setting next_dagrun for test_utils to None
[2021-02-27 10:14:44,057] {scheduler_job.py:190} INFO - Processing /usr/local/lib/python3.9/site-packages/airflow/example_dags/test_utils.py took 0.073 seconds
[2021-02-27 10:15:04,407] {scheduler_job.py:182} INFO - Started process (PID=25475) to work on /usr/local/lib/python3.9/site-packages/airflow/example_dags/test_utils.py
[2021-02-27 10:15:04,408] {scheduler_job.py:629} INFO - Processing file /usr/local/lib/python3.9/site-packages/airflow/example_dags/test_utils.py for tasks to queue
[2021-02-27 10:15:04,408] {logging_mixin.py:104} INFO - [2021-02-27 10:15:04,408] {dagbag.py:448} INFO - Filling up the DagBag from /usr/local/lib/python3.9/site-packages/airflow/example_dags/test_utils.py
[2021-02-27 10:15:04,415] {scheduler_job.py:639} INFO - DAG(s) dict_keys(['test_utils']) retrieved from /usr/local/lib/python3.9/site-packages/airflow/example_dags/test_utils.py
[2021-02-27 10:15:04,461] {logging_mixin.py:104} INFO - [2021-02-27 10:15:04,461] {dag.py:1818} INFO - Sync 1 DAGs
[2021-02-27 10:15:04,473] {logging_mixin.py:104} INFO - [2021-02-27 10:15:04,473] {dag.py:2273} INFO - Setting next_dagrun for test_utils to None
[2021-02-27 10:15:04,480] {scheduler_job.py:190} INFO - Processing /usr/local/lib/python3.9/site-packages/airflow/example_dags/test_utils.py took 0.074 seconds
[2021-02-27 10:15:15,065] {scheduler_job.py:182} INFO - Started process (PID=25523) to work on /usr/local/lib/python3.9/site-packages/airflow/example_dags/test_utils.py
[2021-02-27 10:15:15,066] {scheduler_job.py:629} INFO - Processing file /usr/local/lib/python3.9/site-packages/airflow/example_dags/test_utils.py for tasks to queue
[2021-02-27 10:15:15,066] {logging_mixin.py:104} INFO - [2021-02-27 10:15:15,066] {dagbag.py:448} INFO - Filling up the DagBag from /usr/local/lib/python3.9/site-packages/airflow/example_dags/test_utils.py
[2021-02-27 10:15:15,072] {scheduler_job.py:639} INFO - DAG(s) dict_keys(['test_utils']) retrieved from /usr/local/lib/python3.9/site-packages/airflow/example_dags/test_utils.py
[2021-02-27 10:15:15,118] {logging_mixin.py:104} INFO - [2021-02-27 10:15:15,117] {dag.py:1818} INFO - Sync 1 DAGs
[2021-02-27 10:15:15,129] {logging_mixin.py:104} INFO - [2021-02-27 10:15:15,129] {dag.py:2273} INFO - Setting next_dagrun for test_utils to None
[2021-02-27 10:15:15,135] {scheduler_job.py:190} INFO - Processing /usr/local/lib/python3.9/site-packages/airflow/example_dags/test_utils.py took 0.071 seconds
[2021-02-27 10:15:46,103] {scheduler_job.py:182} INFO - Started process (PID=25614) to work on /usr/local/lib/python3.9/site-packages/airflow/example_dags/test_utils.py
[2021-02-27 10:15:46,104] {scheduler_job.py:629} INFO - Processing file /usr/local/lib/python3.9/site-packages/airflow/example_dags/test_utils.py for tasks to queue
[2021-02-27 10:15:46,104] {logging_mixin.py:104} INFO - [2021-02-27 10:15:46,104] {dagbag.py:448} INFO - Filling up the DagBag from /usr/local/lib/python3.9/site-packages/airflow/example_dags/test_utils.py
[2021-02-27 10:15:46,112] {scheduler_job.py:639} INFO - DAG(s) dict_keys(['test_utils']) retrieved from /usr/local/lib/python3.9/site-packages/airflow/example_dags/test_utils.py
[2021-02-27 10:15:46,165] {logging_mixin.py:104} INFO - [2021-02-27 10:15:46,165] {dag.py:1818} INFO - Sync 1 DAGs
[2021-02-27 10:15:46,177] {logging_mixin.py:104} INFO - [2021-02-27 10:15:46,177] {dag.py:2273} INFO - Setting next_dagrun for test_utils to None
[2021-02-27 10:15:46,184] {scheduler_job.py:190} INFO - Processing /usr/local/lib/python3.9/site-packages/airflow/example_dags/test_utils.py took 0.082 seconds
[2021-02-27 10:16:09,881] {scheduler_job.py:182} INFO - Started process (PID=25668) to work on /usr/local/lib/python3.9/site-packages/airflow/example_dags/test_utils.py
[2021-02-27 10:16:09,882] {scheduler_job.py:629} INFO - Processing file /usr/local/lib/python3.9/site-packages/airflow/example_dags/test_utils.py for tasks to queue
[2021-02-27 10:16:09,882] {logging_mixin.py:104} INFO - [2021-02-27 10:16:09,882] {dagbag.py:448} INFO - Filling up the DagBag from /usr/local/lib/python3.9/site-packages/airflow/example_dags/test_utils.py
[2021-02-27 10:16:09,888] {scheduler_job.py:639} INFO - DAG(s) dict_keys(['test_utils']) retrieved from /usr/local/lib/python3.9/site-packages/airflow/example_dags/test_utils.py
[2021-02-27 10:16:09,932] {logging_mixin.py:104} INFO - [2021-02-27 10:16:09,932] {dag.py:1818} INFO - Sync 1 DAGs
[2021-02-27 10:16:09,944] {logging_mixin.py:104} INFO - [2021-02-27 10:16:09,943] {dag.py:2273} INFO - Setting next_dagrun for test_utils to None
[2021-02-27 10:16:09,950] {scheduler_job.py:190} INFO - Processing /usr/local/lib/python3.9/site-packages/airflow/example_dags/test_utils.py took 0.069 seconds
[2021-02-27 10:16:17,606] {scheduler_job.py:182} INFO - Started process (PID=25701) to work on /usr/local/lib/python3.9/site-packages/airflow/example_dags/test_utils.py
[2021-02-27 10:16:17,606] {scheduler_job.py:629} INFO - Processing file /usr/local/lib/python3.9/site-packages/airflow/example_dags/test_utils.py for tasks to queue
[2021-02-27 10:16:17,607] {logging_mixin.py:104} INFO - [2021-02-27 10:16:17,606] {dagbag.py:448} INFO - Filling up the DagBag from /usr/local/lib/python3.9/site-packages/airflow/example_dags/test_utils.py
[2021-02-27 10:16:17,612] {scheduler_job.py:639} INFO - DAG(s) dict_keys(['test_utils']) retrieved from /usr/local/lib/python3.9/site-packages/airflow/example_dags/test_utils.py
[2021-02-27 10:16:17,655] {logging_mixin.py:104} INFO - [2021-02-27 10:16:17,655] {dag.py:1818} INFO - Sync 1 DAGs
[2021-02-27 10:16:17,666] {logging_mixin.py:104} INFO - [2021-02-27 10:16:17,666] {dag.py:2273} INFO - Setting next_dagrun for test_utils to None
[2021-02-27 10:16:17,673] {scheduler_job.py:190} INFO - Processing /usr/local/lib/python3.9/site-packages/airflow/example_dags/test_utils.py took 0.068 seconds
[2021-02-27 10:16:48,838] {scheduler_job.py:182} INFO - Started process (PID=25792) to work on /usr/local/lib/python3.9/site-packages/airflow/example_dags/test_utils.py
[2021-02-27 10:16:48,839] {scheduler_job.py:629} INFO - Processing file /usr/local/lib/python3.9/site-packages/airflow/example_dags/test_utils.py for tasks to queue
[2021-02-27 10:16:48,839] {logging_mixin.py:104} INFO - [2021-02-27 10:16:48,839] {dagbag.py:448} INFO - Filling up the DagBag from /usr/local/lib/python3.9/site-packages/airflow/example_dags/test_utils.py
[2021-02-27 10:16:48,846] {scheduler_job.py:639} INFO - DAG(s) dict_keys(['test_utils']) retrieved from /usr/local/lib/python3.9/site-packages/airflow/example_dags/test_utils.py
[2021-02-27 10:16:48,891] {logging_mixin.py:104} INFO - [2021-02-27 10:16:48,891] {dag.py:1818} INFO - Sync 1 DAGs
[2021-02-27 10:16:48,902] {logging_mixin.py:104} INFO - [2021-02-27 10:16:48,902] {dag.py:2273} INFO - Setting next_dagrun for test_utils to None
[2021-02-27 10:16:48,909] {scheduler_job.py:190} INFO - Processing /usr/local/lib/python3.9/site-packages/airflow/example_dags/test_utils.py took 0.071 seconds
[2021-02-27 10:17:15,616] {scheduler_job.py:182} INFO - Started process (PID=25867) to work on /usr/local/lib/python3.9/site-packages/airflow/example_dags/test_utils.py
[2021-02-27 10:17:15,617] {scheduler_job.py:629} INFO - Processing file /usr/local/lib/python3.9/site-packages/airflow/example_dags/test_utils.py for tasks to queue
[2021-02-27 10:17:15,617] {logging_mixin.py:104} INFO - [2021-02-27 10:17:15,617] {dagbag.py:448} INFO - Filling up the DagBag from /usr/local/lib/python3.9/site-packages/airflow/example_dags/test_utils.py
[2021-02-27 10:17:15,623] {scheduler_job.py:639} INFO - DAG(s) dict_keys(['test_utils']) retrieved from /usr/local/lib/python3.9/site-packages/airflow/example_dags/test_utils.py
[2021-02-27 10:17:15,666] {logging_mixin.py:104} INFO - [2021-02-27 10:17:15,666] {dag.py:1818} INFO - Sync 1 DAGs
[2021-02-27 10:17:15,677] {logging_mixin.py:104} INFO - [2021-02-27 10:17:15,677] {dag.py:2273} INFO - Setting next_dagrun for test_utils to None
[2021-02-27 10:17:15,684] {scheduler_job.py:190} INFO - Processing /usr/local/lib/python3.9/site-packages/airflow/example_dags/test_utils.py took 0.069 seconds
[2021-02-27 10:17:19,850] {scheduler_job.py:182} INFO - Started process (PID=25890) to work on /usr/local/lib/python3.9/site-packages/airflow/example_dags/test_utils.py
[2021-02-27 10:17:19,850] {scheduler_job.py:629} INFO - Processing file /usr/local/lib/python3.9/site-packages/airflow/example_dags/test_utils.py for tasks to queue
[2021-02-27 10:17:19,851] {logging_mixin.py:104} INFO - [2021-02-27 10:17:19,851] {dagbag.py:448} INFO - Filling up the DagBag from /usr/local/lib/python3.9/site-packages/airflow/example_dags/test_utils.py
[2021-02-27 10:17:19,856] {scheduler_job.py:639} INFO - DAG(s) dict_keys(['test_utils']) retrieved from /usr/local/lib/python3.9/site-packages/airflow/example_dags/test_utils.py
[2021-02-27 10:17:19,900] {logging_mixin.py:104} INFO - [2021-02-27 10:17:19,900] {dag.py:1818} INFO - Sync 1 DAGs
[2021-02-27 10:17:19,911] {logging_mixin.py:104} INFO - [2021-02-27 10:17:19,911] {dag.py:2273} INFO - Setting next_dagrun for test_utils to None
[2021-02-27 10:17:19,917] {scheduler_job.py:190} INFO - Processing /usr/local/lib/python3.9/site-packages/airflow/example_dags/test_utils.py took 0.068 seconds
[2021-02-27 10:17:51,087] {scheduler_job.py:182} INFO - Started process (PID=25976) to work on /usr/local/lib/python3.9/site-packages/airflow/example_dags/test_utils.py
[2021-02-27 10:17:51,087] {scheduler_job.py:629} INFO - Processing file /usr/local/lib/python3.9/site-packages/airflow/example_dags/test_utils.py for tasks to queue
[2021-02-27 10:17:51,087] {logging_mixin.py:104} INFO - [2021-02-27 10:17:51,087] {dagbag.py:448} INFO - Filling up the DagBag from /usr/local/lib/python3.9/site-packages/airflow/example_dags/test_utils.py
[2021-02-27 10:17:51,092] {scheduler_job.py:639} INFO - DAG(s) dict_keys(['test_utils']) retrieved from /usr/local/lib/python3.9/site-packages/airflow/example_dags/test_utils.py
[2021-02-27 10:17:51,136] {logging_mixin.py:104} INFO - [2021-02-27 10:17:51,135] {dag.py:1818} INFO - Sync 1 DAGs
[2021-02-27 10:17:51,146] {logging_mixin.py:104} INFO - [2021-02-27 10:17:51,146] {dag.py:2273} INFO - Setting next_dagrun for test_utils to None
[2021-02-27 10:17:51,152] {scheduler_job.py:190} INFO - Processing /usr/local/lib/python3.9/site-packages/airflow/example_dags/test_utils.py took 0.066 seconds
[2021-02-27 10:18:20,047] {scheduler_job.py:182} INFO - Started process (PID=26058) to work on /usr/local/lib/python3.9/site-packages/airflow/example_dags/test_utils.py
[2021-02-27 10:18:20,048] {scheduler_job.py:629} INFO - Processing file /usr/local/lib/python3.9/site-packages/airflow/example_dags/test_utils.py for tasks to queue
[2021-02-27 10:18:20,048] {logging_mixin.py:104} INFO - [2021-02-27 10:18:20,048] {dagbag.py:448} INFO - Filling up the DagBag from /usr/local/lib/python3.9/site-packages/airflow/example_dags/test_utils.py
[2021-02-27 10:18:20,056] {scheduler_job.py:639} INFO - DAG(s) dict_keys(['test_utils']) retrieved from /usr/local/lib/python3.9/site-packages/airflow/example_dags/test_utils.py
[2021-02-27 10:18:20,107] {logging_mixin.py:104} INFO - [2021-02-27 10:18:20,107] {dag.py:1818} INFO - Sync 1 DAGs
[2021-02-27 10:18:20,118] {logging_mixin.py:104} INFO - [2021-02-27 10:18:20,118] {dag.py:2273} INFO - Setting next_dagrun for test_utils to None
[2021-02-27 10:18:20,124] {scheduler_job.py:190} INFO - Processing /usr/local/lib/python3.9/site-packages/airflow/example_dags/test_utils.py took 0.079 seconds
[2021-02-27 10:18:22,310] {scheduler_job.py:182} INFO - Started process (PID=26075) to work on /usr/local/lib/python3.9/site-packages/airflow/example_dags/test_utils.py
[2021-02-27 10:18:22,310] {scheduler_job.py:629} INFO - Processing file /usr/local/lib/python3.9/site-packages/airflow/example_dags/test_utils.py for tasks to queue
[2021-02-27 10:18:22,311] {logging_mixin.py:104} INFO - [2021-02-27 10:18:22,311] {dagbag.py:448} INFO - Filling up the DagBag from /usr/local/lib/python3.9/site-packages/airflow/example_dags/test_utils.py
[2021-02-27 10:18:22,316] {scheduler_job.py:639} INFO - DAG(s) dict_keys(['test_utils']) retrieved from /usr/local/lib/python3.9/site-packages/airflow/example_dags/test_utils.py
[2021-02-27 10:18:22,357] {logging_mixin.py:104} INFO - [2021-02-27 10:18:22,357] {dag.py:1818} INFO - Sync 1 DAGs
[2021-02-27 10:18:22,369] {logging_mixin.py:104} INFO - [2021-02-27 10:18:22,369] {dag.py:2273} INFO - Setting next_dagrun for test_utils to None
[2021-02-27 10:18:22,375] {scheduler_job.py:190} INFO - Processing /usr/local/lib/python3.9/site-packages/airflow/example_dags/test_utils.py took 0.066 seconds
[2021-02-27 10:18:54,299] {scheduler_job.py:182} INFO - Started process (PID=26163) to work on /usr/local/lib/python3.9/site-packages/airflow/example_dags/test_utils.py
[2021-02-27 10:18:54,301] {scheduler_job.py:629} INFO - Processing file /usr/local/lib/python3.9/site-packages/airflow/example_dags/test_utils.py for tasks to queue
[2021-02-27 10:18:54,301] {logging_mixin.py:104} INFO - [2021-02-27 10:18:54,301] {dagbag.py:448} INFO - Filling up the DagBag from /usr/local/lib/python3.9/site-packages/airflow/example_dags/test_utils.py
[2021-02-27 10:18:54,310] {scheduler_job.py:639} INFO - DAG(s) dict_keys(['test_utils']) retrieved from /usr/local/lib/python3.9/site-packages/airflow/example_dags/test_utils.py
[2021-02-27 10:18:54,367] {logging_mixin.py:104} INFO - [2021-02-27 10:18:54,367] {dag.py:1818} INFO - Sync 1 DAGs
[2021-02-27 10:18:54,379] {logging_mixin.py:104} INFO - [2021-02-27 10:18:54,379] {dag.py:2273} INFO - Setting next_dagrun for test_utils to None
[2021-02-27 10:18:54,388] {scheduler_job.py:190} INFO - Processing /usr/local/lib/python3.9/site-packages/airflow/example_dags/test_utils.py took 0.091 seconds
[2021-02-27 10:19:25,750] {scheduler_job.py:182} INFO - Started process (PID=26475) to work on /usr/local/lib/python3.9/site-packages/airflow/example_dags/test_utils.py
[2021-02-27 10:19:25,751] {scheduler_job.py:629} INFO - Processing file /usr/local/lib/python3.9/site-packages/airflow/example_dags/test_utils.py for tasks to queue
[2021-02-27 10:19:25,751] {logging_mixin.py:104} INFO - [2021-02-27 10:19:25,751] {dagbag.py:448} INFO - Filling up the DagBag from /usr/local/lib/python3.9/site-packages/airflow/example_dags/test_utils.py
[2021-02-27 10:19:25,759] {scheduler_job.py:639} INFO - DAG(s) dict_keys(['test_utils']) retrieved from /usr/local/lib/python3.9/site-packages/airflow/example_dags/test_utils.py
[2021-02-27 10:19:25,804] {logging_mixin.py:104} INFO - [2021-02-27 10:19:25,804] {dag.py:1818} INFO - Sync 1 DAGs
[2021-02-27 10:19:25,816] {logging_mixin.py:104} INFO - [2021-02-27 10:19:25,816] {dag.py:2273} INFO - Setting next_dagrun for test_utils to None
[2021-02-27 10:19:25,823] {scheduler_job.py:190} INFO - Processing /usr/local/lib/python3.9/site-packages/airflow/example_dags/test_utils.py took 0.074 seconds
[2021-02-27 10:19:26,117] {scheduler_job.py:182} INFO - Started process (PID=26476) to work on /usr/local/lib/python3.9/site-packages/airflow/example_dags/test_utils.py
[2021-02-27 10:19:26,118] {scheduler_job.py:629} INFO - Processing file /usr/local/lib/python3.9/site-packages/airflow/example_dags/test_utils.py for tasks to queue
[2021-02-27 10:19:26,118] {logging_mixin.py:104} INFO - [2021-02-27 10:19:26,118] {dagbag.py:448} INFO - Filling up the DagBag from /usr/local/lib/python3.9/site-packages/airflow/example_dags/test_utils.py
[2021-02-27 10:19:26,124] {scheduler_job.py:639} INFO - DAG(s) dict_keys(['test_utils']) retrieved from /usr/local/lib/python3.9/site-packages/airflow/example_dags/test_utils.py
[2021-02-27 10:19:26,169] {logging_mixin.py:104} INFO - [2021-02-27 10:19:26,169] {dag.py:1818} INFO - Sync 1 DAGs
[2021-02-27 10:19:26,181] {logging_mixin.py:104} INFO - [2021-02-27 10:19:26,181] {dag.py:2273} INFO - Setting next_dagrun for test_utils to None
[2021-02-27 10:19:26,188] {scheduler_job.py:190} INFO - Processing /usr/local/lib/python3.9/site-packages/airflow/example_dags/test_utils.py took 0.072 seconds
[2021-02-27 10:19:57,451] {scheduler_job.py:182} INFO - Started process (PID=26567) to work on /usr/local/lib/python3.9/site-packages/airflow/example_dags/test_utils.py
[2021-02-27 10:19:57,452] {scheduler_job.py:629} INFO - Processing file /usr/local/lib/python3.9/site-packages/airflow/example_dags/test_utils.py for tasks to queue
[2021-02-27 10:19:57,452] {logging_mixin.py:104} INFO - [2021-02-27 10:19:57,452] {dagbag.py:448} INFO - Filling up the DagBag from /usr/local/lib/python3.9/site-packages/airflow/example_dags/test_utils.py
[2021-02-27 10:19:57,459] {scheduler_job.py:639} INFO - DAG(s) dict_keys(['test_utils']) retrieved from /usr/local/lib/python3.9/site-packages/airflow/example_dags/test_utils.py
[2021-02-27 10:19:57,502] {logging_mixin.py:104} INFO - [2021-02-27 10:19:57,502] {dag.py:1818} INFO - Sync 1 DAGs
[2021-02-27 10:19:57,520] {logging_mixin.py:104} INFO - [2021-02-27 10:19:57,519] {dag.py:2273} INFO - Setting next_dagrun for test_utils to None
[2021-02-27 10:19:57,526] {scheduler_job.py:190} INFO - Processing /usr/local/lib/python3.9/site-packages/airflow/example_dags/test_utils.py took 0.076 seconds
