[2021-02-27 09:12:46,632] {scheduler_job.py:182} INFO - Started process (PID=21761) to work on /usr/local/lib/python3.9/site-packages/airflow/example_dags/subdags/subdag.py
[2021-02-27 09:12:46,632] {scheduler_job.py:629} INFO - Processing file /usr/local/lib/python3.9/site-packages/airflow/example_dags/subdags/subdag.py for tasks to queue
[2021-02-27 09:12:46,632] {logging_mixin.py:104} INFO - [2021-02-27 09:12:46,632] {dagbag.py:448} INFO - Filling up the DagBag from /usr/local/lib/python3.9/site-packages/airflow/example_dags/subdags/subdag.py
[2021-02-27 09:12:46,634] {scheduler_job.py:641} WARNING - No viable dags retrieved from /usr/local/lib/python3.9/site-packages/airflow/example_dags/subdags/subdag.py
[2021-02-27 09:12:46,658] {scheduler_job.py:190} INFO - Processing /usr/local/lib/python3.9/site-packages/airflow/example_dags/subdags/subdag.py took 0.026 seconds
[2021-02-27 09:13:33,610] {scheduler_job.py:182} INFO - Started process (PID=21792) to work on /usr/local/lib/python3.9/site-packages/airflow/example_dags/subdags/subdag.py
[2021-02-27 09:13:33,611] {scheduler_job.py:629} INFO - Processing file /usr/local/lib/python3.9/site-packages/airflow/example_dags/subdags/subdag.py for tasks to queue
[2021-02-27 09:13:33,612] {logging_mixin.py:104} INFO - [2021-02-27 09:13:33,612] {dagbag.py:448} INFO - Filling up the DagBag from /usr/local/lib/python3.9/site-packages/airflow/example_dags/subdags/subdag.py
[2021-02-27 09:13:33,614] {scheduler_job.py:641} WARNING - No viable dags retrieved from /usr/local/lib/python3.9/site-packages/airflow/example_dags/subdags/subdag.py
[2021-02-27 09:13:33,638] {scheduler_job.py:190} INFO - Processing /usr/local/lib/python3.9/site-packages/airflow/example_dags/subdags/subdag.py took 0.029 seconds
[2021-02-27 09:14:24,856] {scheduler_job.py:182} INFO - Started process (PID=21830) to work on /usr/local/lib/python3.9/site-packages/airflow/example_dags/subdags/subdag.py
[2021-02-27 09:14:24,856] {scheduler_job.py:629} INFO - Processing file /usr/local/lib/python3.9/site-packages/airflow/example_dags/subdags/subdag.py for tasks to queue
[2021-02-27 09:14:24,856] {logging_mixin.py:104} INFO - [2021-02-27 09:14:24,856] {dagbag.py:448} INFO - Filling up the DagBag from /usr/local/lib/python3.9/site-packages/airflow/example_dags/subdags/subdag.py
[2021-02-27 09:14:24,858] {scheduler_job.py:641} WARNING - No viable dags retrieved from /usr/local/lib/python3.9/site-packages/airflow/example_dags/subdags/subdag.py
[2021-02-27 09:14:24,884] {scheduler_job.py:190} INFO - Processing /usr/local/lib/python3.9/site-packages/airflow/example_dags/subdags/subdag.py took 0.029 seconds
[2021-02-27 09:15:15,427] {scheduler_job.py:182} INFO - Started process (PID=21886) to work on /usr/local/lib/python3.9/site-packages/airflow/example_dags/subdags/subdag.py
[2021-02-27 09:15:15,428] {scheduler_job.py:629} INFO - Processing file /usr/local/lib/python3.9/site-packages/airflow/example_dags/subdags/subdag.py for tasks to queue
[2021-02-27 09:15:15,428] {logging_mixin.py:104} INFO - [2021-02-27 09:15:15,428] {dagbag.py:448} INFO - Filling up the DagBag from /usr/local/lib/python3.9/site-packages/airflow/example_dags/subdags/subdag.py
[2021-02-27 09:15:15,430] {scheduler_job.py:641} WARNING - No viable dags retrieved from /usr/local/lib/python3.9/site-packages/airflow/example_dags/subdags/subdag.py
[2021-02-27 09:15:15,456] {scheduler_job.py:190} INFO - Processing /usr/local/lib/python3.9/site-packages/airflow/example_dags/subdags/subdag.py took 0.030 seconds
[2021-02-27 09:15:19,920] {scheduler_job.py:182} INFO - Started process (PID=21891) to work on /usr/local/lib/python3.9/site-packages/airflow/example_dags/subdags/subdag.py
[2021-02-27 09:15:19,921] {scheduler_job.py:629} INFO - Processing file /usr/local/lib/python3.9/site-packages/airflow/example_dags/subdags/subdag.py for tasks to queue
[2021-02-27 09:15:19,921] {logging_mixin.py:104} INFO - [2021-02-27 09:15:19,921] {dagbag.py:448} INFO - Filling up the DagBag from /usr/local/lib/python3.9/site-packages/airflow/example_dags/subdags/subdag.py
[2021-02-27 09:15:19,923] {scheduler_job.py:641} WARNING - No viable dags retrieved from /usr/local/lib/python3.9/site-packages/airflow/example_dags/subdags/subdag.py
[2021-02-27 09:15:19,952] {scheduler_job.py:190} INFO - Processing /usr/local/lib/python3.9/site-packages/airflow/example_dags/subdags/subdag.py took 0.033 seconds
[2021-02-27 09:16:06,717] {scheduler_job.py:182} INFO - Started process (PID=21947) to work on /usr/local/lib/python3.9/site-packages/airflow/example_dags/subdags/subdag.py
[2021-02-27 09:16:06,719] {scheduler_job.py:629} INFO - Processing file /usr/local/lib/python3.9/site-packages/airflow/example_dags/subdags/subdag.py for tasks to queue
[2021-02-27 09:16:06,719] {logging_mixin.py:104} INFO - [2021-02-27 09:16:06,719] {dagbag.py:448} INFO - Filling up the DagBag from /usr/local/lib/python3.9/site-packages/airflow/example_dags/subdags/subdag.py
[2021-02-27 09:16:06,722] {scheduler_job.py:641} WARNING - No viable dags retrieved from /usr/local/lib/python3.9/site-packages/airflow/example_dags/subdags/subdag.py
[2021-02-27 09:16:06,747] {scheduler_job.py:190} INFO - Processing /usr/local/lib/python3.9/site-packages/airflow/example_dags/subdags/subdag.py took 0.030 seconds
[2021-02-27 09:16:55,576] {scheduler_job.py:182} INFO - Started process (PID=21990) to work on /usr/local/lib/python3.9/site-packages/airflow/example_dags/subdags/subdag.py
[2021-02-27 09:16:55,577] {scheduler_job.py:629} INFO - Processing file /usr/local/lib/python3.9/site-packages/airflow/example_dags/subdags/subdag.py for tasks to queue
[2021-02-27 09:16:55,578] {logging_mixin.py:104} INFO - [2021-02-27 09:16:55,578] {dagbag.py:448} INFO - Filling up the DagBag from /usr/local/lib/python3.9/site-packages/airflow/example_dags/subdags/subdag.py
[2021-02-27 09:16:55,580] {scheduler_job.py:641} WARNING - No viable dags retrieved from /usr/local/lib/python3.9/site-packages/airflow/example_dags/subdags/subdag.py
[2021-02-27 09:16:55,606] {scheduler_job.py:190} INFO - Processing /usr/local/lib/python3.9/site-packages/airflow/example_dags/subdags/subdag.py took 0.031 seconds
[2021-02-27 09:17:45,257] {scheduler_job.py:182} INFO - Started process (PID=22036) to work on /usr/local/lib/python3.9/site-packages/airflow/example_dags/subdags/subdag.py
[2021-02-27 09:17:45,259] {scheduler_job.py:629} INFO - Processing file /usr/local/lib/python3.9/site-packages/airflow/example_dags/subdags/subdag.py for tasks to queue
[2021-02-27 09:17:45,259] {logging_mixin.py:104} INFO - [2021-02-27 09:17:45,259] {dagbag.py:448} INFO - Filling up the DagBag from /usr/local/lib/python3.9/site-packages/airflow/example_dags/subdags/subdag.py
[2021-02-27 09:17:45,262] {scheduler_job.py:641} WARNING - No viable dags retrieved from /usr/local/lib/python3.9/site-packages/airflow/example_dags/subdags/subdag.py
[2021-02-27 09:17:45,287] {scheduler_job.py:190} INFO - Processing /usr/local/lib/python3.9/site-packages/airflow/example_dags/subdags/subdag.py took 0.031 seconds
[2021-02-27 09:18:25,514] {scheduler_job.py:182} INFO - Started process (PID=22083) to work on /usr/local/lib/python3.9/site-packages/airflow/example_dags/subdags/subdag.py
[2021-02-27 09:18:25,515] {scheduler_job.py:629} INFO - Processing file /usr/local/lib/python3.9/site-packages/airflow/example_dags/subdags/subdag.py for tasks to queue
[2021-02-27 09:18:25,515] {logging_mixin.py:104} INFO - [2021-02-27 09:18:25,515] {dagbag.py:448} INFO - Filling up the DagBag from /usr/local/lib/python3.9/site-packages/airflow/example_dags/subdags/subdag.py
[2021-02-27 09:18:25,516] {scheduler_job.py:641} WARNING - No viable dags retrieved from /usr/local/lib/python3.9/site-packages/airflow/example_dags/subdags/subdag.py
[2021-02-27 09:18:25,541] {scheduler_job.py:190} INFO - Processing /usr/local/lib/python3.9/site-packages/airflow/example_dags/subdags/subdag.py took 0.027 seconds
[2021-02-27 09:19:23,481] {scheduler_job.py:182} INFO - Started process (PID=22136) to work on /usr/local/lib/python3.9/site-packages/airflow/example_dags/subdags/subdag.py
[2021-02-27 09:19:23,482] {scheduler_job.py:629} INFO - Processing file /usr/local/lib/python3.9/site-packages/airflow/example_dags/subdags/subdag.py for tasks to queue
[2021-02-27 09:19:23,482] {logging_mixin.py:104} INFO - [2021-02-27 09:19:23,482] {dagbag.py:448} INFO - Filling up the DagBag from /usr/local/lib/python3.9/site-packages/airflow/example_dags/subdags/subdag.py
[2021-02-27 09:19:23,484] {scheduler_job.py:641} WARNING - No viable dags retrieved from /usr/local/lib/python3.9/site-packages/airflow/example_dags/subdags/subdag.py
[2021-02-27 09:19:23,512] {scheduler_job.py:190} INFO - Processing /usr/local/lib/python3.9/site-packages/airflow/example_dags/subdags/subdag.py took 0.032 seconds
[2021-02-27 09:20:20,890] {scheduler_job.py:182} INFO - Started process (PID=22192) to work on /usr/local/lib/python3.9/site-packages/airflow/example_dags/subdags/subdag.py
[2021-02-27 09:20:20,891] {scheduler_job.py:629} INFO - Processing file /usr/local/lib/python3.9/site-packages/airflow/example_dags/subdags/subdag.py for tasks to queue
[2021-02-27 09:20:20,892] {logging_mixin.py:104} INFO - [2021-02-27 09:20:20,892] {dagbag.py:448} INFO - Filling up the DagBag from /usr/local/lib/python3.9/site-packages/airflow/example_dags/subdags/subdag.py
[2021-02-27 09:20:20,895] {scheduler_job.py:641} WARNING - No viable dags retrieved from /usr/local/lib/python3.9/site-packages/airflow/example_dags/subdags/subdag.py
[2021-02-27 09:20:20,926] {scheduler_job.py:190} INFO - Processing /usr/local/lib/python3.9/site-packages/airflow/example_dags/subdags/subdag.py took 0.037 seconds
[2021-02-27 09:21:11,630] {scheduler_job.py:182} INFO - Started process (PID=22228) to work on /usr/local/lib/python3.9/site-packages/airflow/example_dags/subdags/subdag.py
[2021-02-27 09:21:11,631] {scheduler_job.py:629} INFO - Processing file /usr/local/lib/python3.9/site-packages/airflow/example_dags/subdags/subdag.py for tasks to queue
[2021-02-27 09:21:11,631] {logging_mixin.py:104} INFO - [2021-02-27 09:21:11,631] {dagbag.py:448} INFO - Filling up the DagBag from /usr/local/lib/python3.9/site-packages/airflow/example_dags/subdags/subdag.py
[2021-02-27 09:21:11,633] {scheduler_job.py:641} WARNING - No viable dags retrieved from /usr/local/lib/python3.9/site-packages/airflow/example_dags/subdags/subdag.py
[2021-02-27 09:21:11,660] {scheduler_job.py:190} INFO - Processing /usr/local/lib/python3.9/site-packages/airflow/example_dags/subdags/subdag.py took 0.030 seconds
[2021-02-27 09:22:08,567] {scheduler_job.py:182} INFO - Started process (PID=22270) to work on /usr/local/lib/python3.9/site-packages/airflow/example_dags/subdags/subdag.py
[2021-02-27 09:22:08,569] {scheduler_job.py:629} INFO - Processing file /usr/local/lib/python3.9/site-packages/airflow/example_dags/subdags/subdag.py for tasks to queue
[2021-02-27 09:22:08,569] {logging_mixin.py:104} INFO - [2021-02-27 09:22:08,569] {dagbag.py:448} INFO - Filling up the DagBag from /usr/local/lib/python3.9/site-packages/airflow/example_dags/subdags/subdag.py
[2021-02-27 09:22:08,572] {scheduler_job.py:641} WARNING - No viable dags retrieved from /usr/local/lib/python3.9/site-packages/airflow/example_dags/subdags/subdag.py
[2021-02-27 09:22:08,598] {scheduler_job.py:190} INFO - Processing /usr/local/lib/python3.9/site-packages/airflow/example_dags/subdags/subdag.py took 0.032 seconds
[2021-02-27 09:22:58,959] {scheduler_job.py:182} INFO - Started process (PID=22303) to work on /usr/local/lib/python3.9/site-packages/airflow/example_dags/subdags/subdag.py
[2021-02-27 09:22:58,961] {scheduler_job.py:629} INFO - Processing file /usr/local/lib/python3.9/site-packages/airflow/example_dags/subdags/subdag.py for tasks to queue
[2021-02-27 09:22:58,961] {logging_mixin.py:104} INFO - [2021-02-27 09:22:58,961] {dagbag.py:448} INFO - Filling up the DagBag from /usr/local/lib/python3.9/site-packages/airflow/example_dags/subdags/subdag.py
[2021-02-27 09:22:58,963] {scheduler_job.py:641} WARNING - No viable dags retrieved from /usr/local/lib/python3.9/site-packages/airflow/example_dags/subdags/subdag.py
[2021-02-27 09:22:58,990] {scheduler_job.py:190} INFO - Processing /usr/local/lib/python3.9/site-packages/airflow/example_dags/subdags/subdag.py took 0.031 seconds
[2021-02-27 09:23:50,474] {scheduler_job.py:182} INFO - Started process (PID=22350) to work on /usr/local/lib/python3.9/site-packages/airflow/example_dags/subdags/subdag.py
[2021-02-27 09:23:50,474] {scheduler_job.py:629} INFO - Processing file /usr/local/lib/python3.9/site-packages/airflow/example_dags/subdags/subdag.py for tasks to queue
[2021-02-27 09:23:50,475] {logging_mixin.py:104} INFO - [2021-02-27 09:23:50,475] {dagbag.py:448} INFO - Filling up the DagBag from /usr/local/lib/python3.9/site-packages/airflow/example_dags/subdags/subdag.py
[2021-02-27 09:23:50,477] {scheduler_job.py:641} WARNING - No viable dags retrieved from /usr/local/lib/python3.9/site-packages/airflow/example_dags/subdags/subdag.py
[2021-02-27 09:23:50,505] {scheduler_job.py:190} INFO - Processing /usr/local/lib/python3.9/site-packages/airflow/example_dags/subdags/subdag.py took 0.032 seconds
[2021-02-27 09:24:31,855] {scheduler_job.py:182} INFO - Started process (PID=22389) to work on /usr/local/lib/python3.9/site-packages/airflow/example_dags/subdags/subdag.py
[2021-02-27 09:24:31,856] {scheduler_job.py:629} INFO - Processing file /usr/local/lib/python3.9/site-packages/airflow/example_dags/subdags/subdag.py for tasks to queue
[2021-02-27 09:24:31,857] {logging_mixin.py:104} INFO - [2021-02-27 09:24:31,857] {dagbag.py:448} INFO - Filling up the DagBag from /usr/local/lib/python3.9/site-packages/airflow/example_dags/subdags/subdag.py
[2021-02-27 09:24:31,859] {scheduler_job.py:641} WARNING - No viable dags retrieved from /usr/local/lib/python3.9/site-packages/airflow/example_dags/subdags/subdag.py
[2021-02-27 09:24:31,883] {scheduler_job.py:190} INFO - Processing /usr/local/lib/python3.9/site-packages/airflow/example_dags/subdags/subdag.py took 0.028 seconds
[2021-02-27 09:25:13,628] {scheduler_job.py:182} INFO - Started process (PID=22420) to work on /usr/local/lib/python3.9/site-packages/airflow/example_dags/subdags/subdag.py
[2021-02-27 09:25:13,628] {scheduler_job.py:629} INFO - Processing file /usr/local/lib/python3.9/site-packages/airflow/example_dags/subdags/subdag.py for tasks to queue
[2021-02-27 09:25:13,628] {logging_mixin.py:104} INFO - [2021-02-27 09:25:13,628] {dagbag.py:448} INFO - Filling up the DagBag from /usr/local/lib/python3.9/site-packages/airflow/example_dags/subdags/subdag.py
[2021-02-27 09:25:13,630] {scheduler_job.py:641} WARNING - No viable dags retrieved from /usr/local/lib/python3.9/site-packages/airflow/example_dags/subdags/subdag.py
[2021-02-27 09:25:13,655] {scheduler_job.py:190} INFO - Processing /usr/local/lib/python3.9/site-packages/airflow/example_dags/subdags/subdag.py took 0.028 seconds
[2021-02-27 09:26:06,390] {scheduler_job.py:182} INFO - Started process (PID=22465) to work on /usr/local/lib/python3.9/site-packages/airflow/example_dags/subdags/subdag.py
[2021-02-27 09:26:06,390] {scheduler_job.py:629} INFO - Processing file /usr/local/lib/python3.9/site-packages/airflow/example_dags/subdags/subdag.py for tasks to queue
[2021-02-27 09:26:06,390] {logging_mixin.py:104} INFO - [2021-02-27 09:26:06,390] {dagbag.py:448} INFO - Filling up the DagBag from /usr/local/lib/python3.9/site-packages/airflow/example_dags/subdags/subdag.py
[2021-02-27 09:26:06,392] {scheduler_job.py:641} WARNING - No viable dags retrieved from /usr/local/lib/python3.9/site-packages/airflow/example_dags/subdags/subdag.py
[2021-02-27 09:26:06,417] {scheduler_job.py:190} INFO - Processing /usr/local/lib/python3.9/site-packages/airflow/example_dags/subdags/subdag.py took 0.028 seconds
[2021-02-27 09:26:57,371] {scheduler_job.py:182} INFO - Started process (PID=22499) to work on /usr/local/lib/python3.9/site-packages/airflow/example_dags/subdags/subdag.py
[2021-02-27 09:26:57,371] {scheduler_job.py:629} INFO - Processing file /usr/local/lib/python3.9/site-packages/airflow/example_dags/subdags/subdag.py for tasks to queue
[2021-02-27 09:26:57,371] {logging_mixin.py:104} INFO - [2021-02-27 09:26:57,371] {dagbag.py:448} INFO - Filling up the DagBag from /usr/local/lib/python3.9/site-packages/airflow/example_dags/subdags/subdag.py
[2021-02-27 09:26:57,373] {scheduler_job.py:641} WARNING - No viable dags retrieved from /usr/local/lib/python3.9/site-packages/airflow/example_dags/subdags/subdag.py
[2021-02-27 09:26:57,397] {scheduler_job.py:190} INFO - Processing /usr/local/lib/python3.9/site-packages/airflow/example_dags/subdags/subdag.py took 0.027 seconds
[2021-02-27 09:27:48,147] {scheduler_job.py:182} INFO - Started process (PID=22546) to work on /usr/local/lib/python3.9/site-packages/airflow/example_dags/subdags/subdag.py
[2021-02-27 09:27:48,147] {scheduler_job.py:629} INFO - Processing file /usr/local/lib/python3.9/site-packages/airflow/example_dags/subdags/subdag.py for tasks to queue
[2021-02-27 09:27:48,147] {logging_mixin.py:104} INFO - [2021-02-27 09:27:48,147] {dagbag.py:448} INFO - Filling up the DagBag from /usr/local/lib/python3.9/site-packages/airflow/example_dags/subdags/subdag.py
[2021-02-27 09:27:48,149] {scheduler_job.py:641} WARNING - No viable dags retrieved from /usr/local/lib/python3.9/site-packages/airflow/example_dags/subdags/subdag.py
[2021-02-27 09:27:48,175] {scheduler_job.py:190} INFO - Processing /usr/local/lib/python3.9/site-packages/airflow/example_dags/subdags/subdag.py took 0.029 seconds
[2021-02-27 09:28:36,662] {scheduler_job.py:182} INFO - Started process (PID=22581) to work on /usr/local/lib/python3.9/site-packages/airflow/example_dags/subdags/subdag.py
[2021-02-27 09:28:36,663] {scheduler_job.py:629} INFO - Processing file /usr/local/lib/python3.9/site-packages/airflow/example_dags/subdags/subdag.py for tasks to queue
[2021-02-27 09:28:36,663] {logging_mixin.py:104} INFO - [2021-02-27 09:28:36,663] {dagbag.py:448} INFO - Filling up the DagBag from /usr/local/lib/python3.9/site-packages/airflow/example_dags/subdags/subdag.py
[2021-02-27 09:28:36,664] {scheduler_job.py:641} WARNING - No viable dags retrieved from /usr/local/lib/python3.9/site-packages/airflow/example_dags/subdags/subdag.py
[2021-02-27 09:28:36,687] {scheduler_job.py:190} INFO - Processing /usr/local/lib/python3.9/site-packages/airflow/example_dags/subdags/subdag.py took 0.026 seconds
[2021-02-27 09:29:25,092] {scheduler_job.py:182} INFO - Started process (PID=22620) to work on /usr/local/lib/python3.9/site-packages/airflow/example_dags/subdags/subdag.py
[2021-02-27 09:29:25,093] {scheduler_job.py:629} INFO - Processing file /usr/local/lib/python3.9/site-packages/airflow/example_dags/subdags/subdag.py for tasks to queue
[2021-02-27 09:29:25,094] {logging_mixin.py:104} INFO - [2021-02-27 09:29:25,094] {dagbag.py:448} INFO - Filling up the DagBag from /usr/local/lib/python3.9/site-packages/airflow/example_dags/subdags/subdag.py
[2021-02-27 09:29:25,095] {scheduler_job.py:641} WARNING - No viable dags retrieved from /usr/local/lib/python3.9/site-packages/airflow/example_dags/subdags/subdag.py
[2021-02-27 09:29:25,119] {scheduler_job.py:190} INFO - Processing /usr/local/lib/python3.9/site-packages/airflow/example_dags/subdags/subdag.py took 0.027 seconds
[2021-02-27 09:30:05,729] {scheduler_job.py:182} INFO - Started process (PID=22655) to work on /usr/local/lib/python3.9/site-packages/airflow/example_dags/subdags/subdag.py
[2021-02-27 09:30:05,730] {scheduler_job.py:629} INFO - Processing file /usr/local/lib/python3.9/site-packages/airflow/example_dags/subdags/subdag.py for tasks to queue
[2021-02-27 09:30:05,730] {logging_mixin.py:104} INFO - [2021-02-27 09:30:05,730] {dagbag.py:448} INFO - Filling up the DagBag from /usr/local/lib/python3.9/site-packages/airflow/example_dags/subdags/subdag.py
[2021-02-27 09:30:05,731] {scheduler_job.py:641} WARNING - No viable dags retrieved from /usr/local/lib/python3.9/site-packages/airflow/example_dags/subdags/subdag.py
[2021-02-27 09:30:05,755] {scheduler_job.py:190} INFO - Processing /usr/local/lib/python3.9/site-packages/airflow/example_dags/subdags/subdag.py took 0.027 seconds
[2021-02-27 09:31:03,956] {scheduler_job.py:182} INFO - Started process (PID=22695) to work on /usr/local/lib/python3.9/site-packages/airflow/example_dags/subdags/subdag.py
[2021-02-27 09:31:03,957] {scheduler_job.py:629} INFO - Processing file /usr/local/lib/python3.9/site-packages/airflow/example_dags/subdags/subdag.py for tasks to queue
[2021-02-27 09:31:03,957] {logging_mixin.py:104} INFO - [2021-02-27 09:31:03,957] {dagbag.py:448} INFO - Filling up the DagBag from /usr/local/lib/python3.9/site-packages/airflow/example_dags/subdags/subdag.py
[2021-02-27 09:31:03,959] {scheduler_job.py:641} WARNING - No viable dags retrieved from /usr/local/lib/python3.9/site-packages/airflow/example_dags/subdags/subdag.py
[2021-02-27 09:31:03,983] {scheduler_job.py:190} INFO - Processing /usr/local/lib/python3.9/site-packages/airflow/example_dags/subdags/subdag.py took 0.028 seconds
[2021-02-27 09:32:00,815] {scheduler_job.py:182} INFO - Started process (PID=22730) to work on /usr/local/lib/python3.9/site-packages/airflow/example_dags/subdags/subdag.py
[2021-02-27 09:32:00,816] {scheduler_job.py:629} INFO - Processing file /usr/local/lib/python3.9/site-packages/airflow/example_dags/subdags/subdag.py for tasks to queue
[2021-02-27 09:32:00,816] {logging_mixin.py:104} INFO - [2021-02-27 09:32:00,816] {dagbag.py:448} INFO - Filling up the DagBag from /usr/local/lib/python3.9/site-packages/airflow/example_dags/subdags/subdag.py
[2021-02-27 09:32:00,817] {scheduler_job.py:641} WARNING - No viable dags retrieved from /usr/local/lib/python3.9/site-packages/airflow/example_dags/subdags/subdag.py
[2021-02-27 09:32:00,843] {scheduler_job.py:190} INFO - Processing /usr/local/lib/python3.9/site-packages/airflow/example_dags/subdags/subdag.py took 0.028 seconds
[2021-02-27 09:32:53,231] {scheduler_job.py:182} INFO - Started process (PID=22769) to work on /usr/local/lib/python3.9/site-packages/airflow/example_dags/subdags/subdag.py
[2021-02-27 09:32:53,232] {scheduler_job.py:629} INFO - Processing file /usr/local/lib/python3.9/site-packages/airflow/example_dags/subdags/subdag.py for tasks to queue
[2021-02-27 09:32:53,232] {logging_mixin.py:104} INFO - [2021-02-27 09:32:53,232] {dagbag.py:448} INFO - Filling up the DagBag from /usr/local/lib/python3.9/site-packages/airflow/example_dags/subdags/subdag.py
[2021-02-27 09:32:53,234] {scheduler_job.py:641} WARNING - No viable dags retrieved from /usr/local/lib/python3.9/site-packages/airflow/example_dags/subdags/subdag.py
[2021-02-27 09:32:53,258] {scheduler_job.py:190} INFO - Processing /usr/local/lib/python3.9/site-packages/airflow/example_dags/subdags/subdag.py took 0.028 seconds
[2021-02-27 09:33:44,108] {scheduler_job.py:182} INFO - Started process (PID=22807) to work on /usr/local/lib/python3.9/site-packages/airflow/example_dags/subdags/subdag.py
[2021-02-27 09:33:44,110] {scheduler_job.py:629} INFO - Processing file /usr/local/lib/python3.9/site-packages/airflow/example_dags/subdags/subdag.py for tasks to queue
[2021-02-27 09:33:44,110] {logging_mixin.py:104} INFO - [2021-02-27 09:33:44,110] {dagbag.py:448} INFO - Filling up the DagBag from /usr/local/lib/python3.9/site-packages/airflow/example_dags/subdags/subdag.py
[2021-02-27 09:33:44,111] {scheduler_job.py:641} WARNING - No viable dags retrieved from /usr/local/lib/python3.9/site-packages/airflow/example_dags/subdags/subdag.py
[2021-02-27 09:33:44,138] {scheduler_job.py:190} INFO - Processing /usr/local/lib/python3.9/site-packages/airflow/example_dags/subdags/subdag.py took 0.030 seconds
[2021-02-27 09:34:33,523] {scheduler_job.py:182} INFO - Started process (PID=22844) to work on /usr/local/lib/python3.9/site-packages/airflow/example_dags/subdags/subdag.py
[2021-02-27 09:34:33,524] {scheduler_job.py:629} INFO - Processing file /usr/local/lib/python3.9/site-packages/airflow/example_dags/subdags/subdag.py for tasks to queue
[2021-02-27 09:34:33,524] {logging_mixin.py:104} INFO - [2021-02-27 09:34:33,524] {dagbag.py:448} INFO - Filling up the DagBag from /usr/local/lib/python3.9/site-packages/airflow/example_dags/subdags/subdag.py
[2021-02-27 09:34:33,526] {scheduler_job.py:641} WARNING - No viable dags retrieved from /usr/local/lib/python3.9/site-packages/airflow/example_dags/subdags/subdag.py
[2021-02-27 09:34:33,560] {scheduler_job.py:190} INFO - Processing /usr/local/lib/python3.9/site-packages/airflow/example_dags/subdags/subdag.py took 0.038 seconds
[2021-02-27 09:35:23,695] {scheduler_job.py:182} INFO - Started process (PID=22882) to work on /usr/local/lib/python3.9/site-packages/airflow/example_dags/subdags/subdag.py
[2021-02-27 09:35:23,697] {scheduler_job.py:629} INFO - Processing file /usr/local/lib/python3.9/site-packages/airflow/example_dags/subdags/subdag.py for tasks to queue
[2021-02-27 09:35:23,697] {logging_mixin.py:104} INFO - [2021-02-27 09:35:23,697] {dagbag.py:448} INFO - Filling up the DagBag from /usr/local/lib/python3.9/site-packages/airflow/example_dags/subdags/subdag.py
[2021-02-27 09:35:23,699] {scheduler_job.py:641} WARNING - No viable dags retrieved from /usr/local/lib/python3.9/site-packages/airflow/example_dags/subdags/subdag.py
[2021-02-27 09:35:23,725] {scheduler_job.py:190} INFO - Processing /usr/local/lib/python3.9/site-packages/airflow/example_dags/subdags/subdag.py took 0.030 seconds
[2021-02-27 09:36:21,988] {scheduler_job.py:182} INFO - Started process (PID=22921) to work on /usr/local/lib/python3.9/site-packages/airflow/example_dags/subdags/subdag.py
[2021-02-27 09:36:21,990] {scheduler_job.py:629} INFO - Processing file /usr/local/lib/python3.9/site-packages/airflow/example_dags/subdags/subdag.py for tasks to queue
[2021-02-27 09:36:21,990] {logging_mixin.py:104} INFO - [2021-02-27 09:36:21,990] {dagbag.py:448} INFO - Filling up the DagBag from /usr/local/lib/python3.9/site-packages/airflow/example_dags/subdags/subdag.py
[2021-02-27 09:36:21,991] {scheduler_job.py:641} WARNING - No viable dags retrieved from /usr/local/lib/python3.9/site-packages/airflow/example_dags/subdags/subdag.py
[2021-02-27 09:36:22,017] {scheduler_job.py:190} INFO - Processing /usr/local/lib/python3.9/site-packages/airflow/example_dags/subdags/subdag.py took 0.029 seconds
[2021-02-27 09:37:15,200] {scheduler_job.py:182} INFO - Started process (PID=22957) to work on /usr/local/lib/python3.9/site-packages/airflow/example_dags/subdags/subdag.py
[2021-02-27 09:37:15,200] {scheduler_job.py:629} INFO - Processing file /usr/local/lib/python3.9/site-packages/airflow/example_dags/subdags/subdag.py for tasks to queue
[2021-02-27 09:37:15,201] {logging_mixin.py:104} INFO - [2021-02-27 09:37:15,200] {dagbag.py:448} INFO - Filling up the DagBag from /usr/local/lib/python3.9/site-packages/airflow/example_dags/subdags/subdag.py
[2021-02-27 09:37:15,202] {scheduler_job.py:641} WARNING - No viable dags retrieved from /usr/local/lib/python3.9/site-packages/airflow/example_dags/subdags/subdag.py
[2021-02-27 09:37:15,229] {scheduler_job.py:190} INFO - Processing /usr/local/lib/python3.9/site-packages/airflow/example_dags/subdags/subdag.py took 0.030 seconds
[2021-02-27 09:38:05,525] {scheduler_job.py:182} INFO - Started process (PID=22994) to work on /usr/local/lib/python3.9/site-packages/airflow/example_dags/subdags/subdag.py
[2021-02-27 09:38:05,526] {scheduler_job.py:629} INFO - Processing file /usr/local/lib/python3.9/site-packages/airflow/example_dags/subdags/subdag.py for tasks to queue
[2021-02-27 09:38:05,526] {logging_mixin.py:104} INFO - [2021-02-27 09:38:05,526] {dagbag.py:448} INFO - Filling up the DagBag from /usr/local/lib/python3.9/site-packages/airflow/example_dags/subdags/subdag.py
[2021-02-27 09:38:05,527] {scheduler_job.py:641} WARNING - No viable dags retrieved from /usr/local/lib/python3.9/site-packages/airflow/example_dags/subdags/subdag.py
[2021-02-27 09:38:05,552] {scheduler_job.py:190} INFO - Processing /usr/local/lib/python3.9/site-packages/airflow/example_dags/subdags/subdag.py took 0.027 seconds
[2021-02-27 09:38:51,920] {scheduler_job.py:182} INFO - Started process (PID=23026) to work on /usr/local/lib/python3.9/site-packages/airflow/example_dags/subdags/subdag.py
[2021-02-27 09:38:51,920] {scheduler_job.py:629} INFO - Processing file /usr/local/lib/python3.9/site-packages/airflow/example_dags/subdags/subdag.py for tasks to queue
[2021-02-27 09:38:51,921] {logging_mixin.py:104} INFO - [2021-02-27 09:38:51,920] {dagbag.py:448} INFO - Filling up the DagBag from /usr/local/lib/python3.9/site-packages/airflow/example_dags/subdags/subdag.py
[2021-02-27 09:38:51,922] {scheduler_job.py:641} WARNING - No viable dags retrieved from /usr/local/lib/python3.9/site-packages/airflow/example_dags/subdags/subdag.py
[2021-02-27 09:38:51,947] {scheduler_job.py:190} INFO - Processing /usr/local/lib/python3.9/site-packages/airflow/example_dags/subdags/subdag.py took 0.027 seconds
[2021-02-27 09:39:40,011] {scheduler_job.py:182} INFO - Started process (PID=23062) to work on /usr/local/lib/python3.9/site-packages/airflow/example_dags/subdags/subdag.py
[2021-02-27 09:39:40,011] {scheduler_job.py:629} INFO - Processing file /usr/local/lib/python3.9/site-packages/airflow/example_dags/subdags/subdag.py for tasks to queue
[2021-02-27 09:39:40,012] {logging_mixin.py:104} INFO - [2021-02-27 09:39:40,012] {dagbag.py:448} INFO - Filling up the DagBag from /usr/local/lib/python3.9/site-packages/airflow/example_dags/subdags/subdag.py
[2021-02-27 09:39:40,013] {scheduler_job.py:641} WARNING - No viable dags retrieved from /usr/local/lib/python3.9/site-packages/airflow/example_dags/subdags/subdag.py
[2021-02-27 09:39:40,038] {scheduler_job.py:190} INFO - Processing /usr/local/lib/python3.9/site-packages/airflow/example_dags/subdags/subdag.py took 0.027 seconds
[2021-02-27 09:40:26,440] {scheduler_job.py:182} INFO - Started process (PID=23094) to work on /usr/local/lib/python3.9/site-packages/airflow/example_dags/subdags/subdag.py
[2021-02-27 09:40:26,441] {scheduler_job.py:629} INFO - Processing file /usr/local/lib/python3.9/site-packages/airflow/example_dags/subdags/subdag.py for tasks to queue
[2021-02-27 09:40:26,441] {logging_mixin.py:104} INFO - [2021-02-27 09:40:26,441] {dagbag.py:448} INFO - Filling up the DagBag from /usr/local/lib/python3.9/site-packages/airflow/example_dags/subdags/subdag.py
[2021-02-27 09:40:26,442] {scheduler_job.py:641} WARNING - No viable dags retrieved from /usr/local/lib/python3.9/site-packages/airflow/example_dags/subdags/subdag.py
[2021-02-27 09:40:26,466] {scheduler_job.py:190} INFO - Processing /usr/local/lib/python3.9/site-packages/airflow/example_dags/subdags/subdag.py took 0.026 seconds
[2021-02-27 09:41:11,019] {scheduler_job.py:182} INFO - Started process (PID=23124) to work on /usr/local/lib/python3.9/site-packages/airflow/example_dags/subdags/subdag.py
[2021-02-27 09:41:11,019] {scheduler_job.py:629} INFO - Processing file /usr/local/lib/python3.9/site-packages/airflow/example_dags/subdags/subdag.py for tasks to queue
[2021-02-27 09:41:11,020] {logging_mixin.py:104} INFO - [2021-02-27 09:41:11,020] {dagbag.py:448} INFO - Filling up the DagBag from /usr/local/lib/python3.9/site-packages/airflow/example_dags/subdags/subdag.py
[2021-02-27 09:41:11,021] {scheduler_job.py:641} WARNING - No viable dags retrieved from /usr/local/lib/python3.9/site-packages/airflow/example_dags/subdags/subdag.py
[2021-02-27 09:41:11,044] {scheduler_job.py:190} INFO - Processing /usr/local/lib/python3.9/site-packages/airflow/example_dags/subdags/subdag.py took 0.026 seconds
[2021-02-27 09:41:58,823] {scheduler_job.py:182} INFO - Started process (PID=23158) to work on /usr/local/lib/python3.9/site-packages/airflow/example_dags/subdags/subdag.py
[2021-02-27 09:41:58,823] {scheduler_job.py:629} INFO - Processing file /usr/local/lib/python3.9/site-packages/airflow/example_dags/subdags/subdag.py for tasks to queue
[2021-02-27 09:41:58,824] {logging_mixin.py:104} INFO - [2021-02-27 09:41:58,824] {dagbag.py:448} INFO - Filling up the DagBag from /usr/local/lib/python3.9/site-packages/airflow/example_dags/subdags/subdag.py
[2021-02-27 09:41:58,825] {scheduler_job.py:641} WARNING - No viable dags retrieved from /usr/local/lib/python3.9/site-packages/airflow/example_dags/subdags/subdag.py
[2021-02-27 09:41:58,851] {scheduler_job.py:190} INFO - Processing /usr/local/lib/python3.9/site-packages/airflow/example_dags/subdags/subdag.py took 0.029 seconds
[2021-02-27 09:42:45,439] {scheduler_job.py:182} INFO - Started process (PID=23194) to work on /usr/local/lib/python3.9/site-packages/airflow/example_dags/subdags/subdag.py
[2021-02-27 09:42:45,440] {scheduler_job.py:629} INFO - Processing file /usr/local/lib/python3.9/site-packages/airflow/example_dags/subdags/subdag.py for tasks to queue
[2021-02-27 09:42:45,440] {logging_mixin.py:104} INFO - [2021-02-27 09:42:45,440] {dagbag.py:448} INFO - Filling up the DagBag from /usr/local/lib/python3.9/site-packages/airflow/example_dags/subdags/subdag.py
[2021-02-27 09:42:45,441] {scheduler_job.py:641} WARNING - No viable dags retrieved from /usr/local/lib/python3.9/site-packages/airflow/example_dags/subdags/subdag.py
[2021-02-27 09:42:45,465] {scheduler_job.py:190} INFO - Processing /usr/local/lib/python3.9/site-packages/airflow/example_dags/subdags/subdag.py took 0.027 seconds
[2021-02-27 09:43:33,585] {scheduler_job.py:182} INFO - Started process (PID=23225) to work on /usr/local/lib/python3.9/site-packages/airflow/example_dags/subdags/subdag.py
[2021-02-27 09:43:33,586] {scheduler_job.py:629} INFO - Processing file /usr/local/lib/python3.9/site-packages/airflow/example_dags/subdags/subdag.py for tasks to queue
[2021-02-27 09:43:33,586] {logging_mixin.py:104} INFO - [2021-02-27 09:43:33,586] {dagbag.py:448} INFO - Filling up the DagBag from /usr/local/lib/python3.9/site-packages/airflow/example_dags/subdags/subdag.py
[2021-02-27 09:43:33,587] {scheduler_job.py:641} WARNING - No viable dags retrieved from /usr/local/lib/python3.9/site-packages/airflow/example_dags/subdags/subdag.py
[2021-02-27 09:43:33,610] {scheduler_job.py:190} INFO - Processing /usr/local/lib/python3.9/site-packages/airflow/example_dags/subdags/subdag.py took 0.025 seconds
[2021-02-27 09:44:24,462] {scheduler_job.py:182} INFO - Started process (PID=23266) to work on /usr/local/lib/python3.9/site-packages/airflow/example_dags/subdags/subdag.py
[2021-02-27 09:44:24,463] {scheduler_job.py:629} INFO - Processing file /usr/local/lib/python3.9/site-packages/airflow/example_dags/subdags/subdag.py for tasks to queue
[2021-02-27 09:44:24,463] {logging_mixin.py:104} INFO - [2021-02-27 09:44:24,463] {dagbag.py:448} INFO - Filling up the DagBag from /usr/local/lib/python3.9/site-packages/airflow/example_dags/subdags/subdag.py
[2021-02-27 09:44:24,464] {scheduler_job.py:641} WARNING - No viable dags retrieved from /usr/local/lib/python3.9/site-packages/airflow/example_dags/subdags/subdag.py
[2021-02-27 09:44:24,488] {scheduler_job.py:190} INFO - Processing /usr/local/lib/python3.9/site-packages/airflow/example_dags/subdags/subdag.py took 0.027 seconds
[2021-02-27 09:45:15,548] {scheduler_job.py:182} INFO - Started process (PID=23303) to work on /usr/local/lib/python3.9/site-packages/airflow/example_dags/subdags/subdag.py
[2021-02-27 09:45:15,548] {scheduler_job.py:629} INFO - Processing file /usr/local/lib/python3.9/site-packages/airflow/example_dags/subdags/subdag.py for tasks to queue
[2021-02-27 09:45:15,548] {logging_mixin.py:104} INFO - [2021-02-27 09:45:15,548] {dagbag.py:448} INFO - Filling up the DagBag from /usr/local/lib/python3.9/site-packages/airflow/example_dags/subdags/subdag.py
[2021-02-27 09:45:15,550] {scheduler_job.py:641} WARNING - No viable dags retrieved from /usr/local/lib/python3.9/site-packages/airflow/example_dags/subdags/subdag.py
[2021-02-27 09:45:15,575] {scheduler_job.py:190} INFO - Processing /usr/local/lib/python3.9/site-packages/airflow/example_dags/subdags/subdag.py took 0.028 seconds
[2021-02-27 09:46:06,109] {scheduler_job.py:182} INFO - Started process (PID=23336) to work on /usr/local/lib/python3.9/site-packages/airflow/example_dags/subdags/subdag.py
[2021-02-27 09:46:06,110] {scheduler_job.py:629} INFO - Processing file /usr/local/lib/python3.9/site-packages/airflow/example_dags/subdags/subdag.py for tasks to queue
[2021-02-27 09:46:06,110] {logging_mixin.py:104} INFO - [2021-02-27 09:46:06,110] {dagbag.py:448} INFO - Filling up the DagBag from /usr/local/lib/python3.9/site-packages/airflow/example_dags/subdags/subdag.py
[2021-02-27 09:46:06,111] {scheduler_job.py:641} WARNING - No viable dags retrieved from /usr/local/lib/python3.9/site-packages/airflow/example_dags/subdags/subdag.py
[2021-02-27 09:46:06,138] {scheduler_job.py:190} INFO - Processing /usr/local/lib/python3.9/site-packages/airflow/example_dags/subdags/subdag.py took 0.029 seconds
[2021-02-27 09:46:53,881] {scheduler_job.py:182} INFO - Started process (PID=23368) to work on /usr/local/lib/python3.9/site-packages/airflow/example_dags/subdags/subdag.py
[2021-02-27 09:46:53,881] {scheduler_job.py:629} INFO - Processing file /usr/local/lib/python3.9/site-packages/airflow/example_dags/subdags/subdag.py for tasks to queue
[2021-02-27 09:46:53,881] {logging_mixin.py:104} INFO - [2021-02-27 09:46:53,881] {dagbag.py:448} INFO - Filling up the DagBag from /usr/local/lib/python3.9/site-packages/airflow/example_dags/subdags/subdag.py
[2021-02-27 09:46:53,883] {scheduler_job.py:641} WARNING - No viable dags retrieved from /usr/local/lib/python3.9/site-packages/airflow/example_dags/subdags/subdag.py
[2021-02-27 09:46:53,908] {scheduler_job.py:190} INFO - Processing /usr/local/lib/python3.9/site-packages/airflow/example_dags/subdags/subdag.py took 0.028 seconds
[2021-02-27 09:47:34,307] {scheduler_job.py:182} INFO - Started process (PID=23406) to work on /usr/local/lib/python3.9/site-packages/airflow/example_dags/subdags/subdag.py
[2021-02-27 09:47:34,307] {scheduler_job.py:629} INFO - Processing file /usr/local/lib/python3.9/site-packages/airflow/example_dags/subdags/subdag.py for tasks to queue
[2021-02-27 09:47:34,308] {logging_mixin.py:104} INFO - [2021-02-27 09:47:34,308] {dagbag.py:448} INFO - Filling up the DagBag from /usr/local/lib/python3.9/site-packages/airflow/example_dags/subdags/subdag.py
[2021-02-27 09:47:34,309] {scheduler_job.py:641} WARNING - No viable dags retrieved from /usr/local/lib/python3.9/site-packages/airflow/example_dags/subdags/subdag.py
[2021-02-27 09:47:34,334] {scheduler_job.py:190} INFO - Processing /usr/local/lib/python3.9/site-packages/airflow/example_dags/subdags/subdag.py took 0.027 seconds
[2021-02-27 09:48:24,079] {scheduler_job.py:182} INFO - Started process (PID=23469) to work on /usr/local/lib/python3.9/site-packages/airflow/example_dags/subdags/subdag.py
[2021-02-27 09:48:24,080] {scheduler_job.py:629} INFO - Processing file /usr/local/lib/python3.9/site-packages/airflow/example_dags/subdags/subdag.py for tasks to queue
[2021-02-27 09:48:24,081] {logging_mixin.py:104} INFO - [2021-02-27 09:48:24,080] {dagbag.py:448} INFO - Filling up the DagBag from /usr/local/lib/python3.9/site-packages/airflow/example_dags/subdags/subdag.py
[2021-02-27 09:48:24,083] {scheduler_job.py:641} WARNING - No viable dags retrieved from /usr/local/lib/python3.9/site-packages/airflow/example_dags/subdags/subdag.py
[2021-02-27 09:48:24,108] {scheduler_job.py:190} INFO - Processing /usr/local/lib/python3.9/site-packages/airflow/example_dags/subdags/subdag.py took 0.030 seconds
[2021-02-27 09:49:29,750] {scheduler_job.py:182} INFO - Started process (PID=23526) to work on /usr/local/lib/python3.9/site-packages/airflow/example_dags/subdags/subdag.py
[2021-02-27 09:49:29,751] {scheduler_job.py:629} INFO - Processing file /usr/local/lib/python3.9/site-packages/airflow/example_dags/subdags/subdag.py for tasks to queue
[2021-02-27 09:49:29,752] {logging_mixin.py:104} INFO - [2021-02-27 09:49:29,752] {dagbag.py:448} INFO - Filling up the DagBag from /usr/local/lib/python3.9/site-packages/airflow/example_dags/subdags/subdag.py
[2021-02-27 09:49:29,755] {scheduler_job.py:641} WARNING - No viable dags retrieved from /usr/local/lib/python3.9/site-packages/airflow/example_dags/subdags/subdag.py
[2021-02-27 09:49:29,806] {scheduler_job.py:190} INFO - Processing /usr/local/lib/python3.9/site-packages/airflow/example_dags/subdags/subdag.py took 0.057 seconds
[2021-02-27 10:07:26,154] {scheduler_job.py:182} INFO - Started process (PID=24594) to work on /usr/local/lib/python3.9/site-packages/airflow/example_dags/subdags/subdag.py
[2021-02-27 10:07:26,155] {scheduler_job.py:629} INFO - Processing file /usr/local/lib/python3.9/site-packages/airflow/example_dags/subdags/subdag.py for tasks to queue
[2021-02-27 10:07:26,156] {logging_mixin.py:104} INFO - [2021-02-27 10:07:26,155] {dagbag.py:448} INFO - Filling up the DagBag from /usr/local/lib/python3.9/site-packages/airflow/example_dags/subdags/subdag.py
[2021-02-27 10:07:26,158] {scheduler_job.py:641} WARNING - No viable dags retrieved from /usr/local/lib/python3.9/site-packages/airflow/example_dags/subdags/subdag.py
[2021-02-27 10:07:26,185] {scheduler_job.py:193} ERROR - Got an exception! Propagating...
Traceback (most recent call last):
  File "/usr/local/lib/python3.9/site-packages/sqlalchemy/engine/base.py", line 2336, in _wrap_pool_connect
    return fn()
  File "/usr/local/lib/python3.9/site-packages/sqlalchemy/pool/base.py", line 364, in connect
    return _ConnectionFairy._checkout(self)
  File "/usr/local/lib/python3.9/site-packages/sqlalchemy/pool/base.py", line 778, in _checkout
    fairy = _ConnectionRecord.checkout(pool)
  File "/usr/local/lib/python3.9/site-packages/sqlalchemy/pool/base.py", line 495, in checkout
    rec = pool._do_get()
  File "/usr/local/lib/python3.9/site-packages/sqlalchemy/pool/impl.py", line 140, in _do_get
    self._dec_overflow()
  File "/usr/local/lib/python3.9/site-packages/sqlalchemy/util/langhelpers.py", line 68, in __exit__
    compat.raise_(
  File "/usr/local/lib/python3.9/site-packages/sqlalchemy/util/compat.py", line 182, in raise_
    raise exception
  File "/usr/local/lib/python3.9/site-packages/sqlalchemy/pool/impl.py", line 137, in _do_get
    return self._create_connection()
  File "/usr/local/lib/python3.9/site-packages/sqlalchemy/pool/base.py", line 309, in _create_connection
    return _ConnectionRecord(self)
  File "/usr/local/lib/python3.9/site-packages/sqlalchemy/pool/base.py", line 440, in __init__
    self.__connect(first_connect_check=True)
  File "/usr/local/lib/python3.9/site-packages/sqlalchemy/pool/base.py", line 661, in __connect
    pool.logger.debug("Error on connect(): %s", e)
  File "/usr/local/lib/python3.9/site-packages/sqlalchemy/util/langhelpers.py", line 68, in __exit__
    compat.raise_(
  File "/usr/local/lib/python3.9/site-packages/sqlalchemy/util/compat.py", line 182, in raise_
    raise exception
  File "/usr/local/lib/python3.9/site-packages/sqlalchemy/pool/base.py", line 656, in __connect
    connection = pool._invoke_creator(self)
  File "/usr/local/lib/python3.9/site-packages/sqlalchemy/engine/strategies.py", line 114, in connect
    return dialect.connect(*cargs, **cparams)
  File "/usr/local/lib/python3.9/site-packages/sqlalchemy/engine/default.py", line 508, in connect
    return self.dbapi.connect(*cargs, **cparams)
  File "/usr/local/lib/python3.9/site-packages/psycopg2/__init__.py", line 127, in connect
    conn = _connect(dsn, connection_factory=connection_factory, **kwasync)
psycopg2.OperationalError: could not translate host name "postgres" to address: nodename nor servname provided, or not known


The above exception was the direct cause of the following exception:

Traceback (most recent call last):
  File "/usr/local/lib/python3.9/site-packages/airflow/jobs/scheduler_job.py", line 184, in _run_file_processor
    result: Tuple[int, int] = dag_file_processor.process_file(
  File "/usr/local/lib/python3.9/site-packages/airflow/utils/session.py", line 65, in wrapper
    return func(*args, session=session, **kwargs)
  File "/usr/local/lib/python3.9/site-packages/airflow/jobs/scheduler_job.py", line 642, in process_file
    self.update_import_errors(session, dagbag)
  File "/usr/local/lib/python3.9/site-packages/airflow/jobs/scheduler_job.py", line 533, in update_import_errors
    session.query(errors.ImportError).filter(errors.ImportError.filename == dagbag_file).delete()
  File "/usr/local/lib/python3.9/site-packages/sqlalchemy/orm/query.py", line 3926, in delete
    delete_op.exec_()
  File "/usr/local/lib/python3.9/site-packages/sqlalchemy/orm/persistence.py", line 1697, in exec_
    self._do_exec()
  File "/usr/local/lib/python3.9/site-packages/sqlalchemy/orm/persistence.py", line 1930, in _do_exec
    self._execute_stmt(delete_stmt)
  File "/usr/local/lib/python3.9/site-packages/sqlalchemy/orm/persistence.py", line 1702, in _execute_stmt
    self.result = self.query._execute_crud(stmt, self.mapper)
  File "/usr/local/lib/python3.9/site-packages/sqlalchemy/orm/query.py", line 3564, in _execute_crud
    conn = self._connection_from_session(
  File "/usr/local/lib/python3.9/site-packages/sqlalchemy/orm/query.py", line 3550, in _connection_from_session
    conn = self.session.connection(**kw)
  File "/usr/local/lib/python3.9/site-packages/sqlalchemy/orm/session.py", line 1142, in connection
    return self._connection_for_bind(
  File "/usr/local/lib/python3.9/site-packages/sqlalchemy/orm/session.py", line 1150, in _connection_for_bind
    return self.transaction._connection_for_bind(
  File "/usr/local/lib/python3.9/site-packages/sqlalchemy/orm/session.py", line 433, in _connection_for_bind
    conn = bind._contextual_connect()
  File "/usr/local/lib/python3.9/site-packages/sqlalchemy/engine/base.py", line 2302, in _contextual_connect
    self._wrap_pool_connect(self.pool.connect, None),
  File "/usr/local/lib/python3.9/site-packages/sqlalchemy/engine/base.py", line 2339, in _wrap_pool_connect
    Connection._handle_dbapi_exception_noconnection(
  File "/usr/local/lib/python3.9/site-packages/sqlalchemy/engine/base.py", line 1583, in _handle_dbapi_exception_noconnection
    util.raise_(
  File "/usr/local/lib/python3.9/site-packages/sqlalchemy/util/compat.py", line 182, in raise_
    raise exception
  File "/usr/local/lib/python3.9/site-packages/sqlalchemy/engine/base.py", line 2336, in _wrap_pool_connect
    return fn()
  File "/usr/local/lib/python3.9/site-packages/sqlalchemy/pool/base.py", line 364, in connect
    return _ConnectionFairy._checkout(self)
  File "/usr/local/lib/python3.9/site-packages/sqlalchemy/pool/base.py", line 778, in _checkout
    fairy = _ConnectionRecord.checkout(pool)
  File "/usr/local/lib/python3.9/site-packages/sqlalchemy/pool/base.py", line 495, in checkout
    rec = pool._do_get()
  File "/usr/local/lib/python3.9/site-packages/sqlalchemy/pool/impl.py", line 140, in _do_get
    self._dec_overflow()
  File "/usr/local/lib/python3.9/site-packages/sqlalchemy/util/langhelpers.py", line 68, in __exit__
    compat.raise_(
  File "/usr/local/lib/python3.9/site-packages/sqlalchemy/util/compat.py", line 182, in raise_
    raise exception
  File "/usr/local/lib/python3.9/site-packages/sqlalchemy/pool/impl.py", line 137, in _do_get
    return self._create_connection()
  File "/usr/local/lib/python3.9/site-packages/sqlalchemy/pool/base.py", line 309, in _create_connection
    return _ConnectionRecord(self)
  File "/usr/local/lib/python3.9/site-packages/sqlalchemy/pool/base.py", line 440, in __init__
    self.__connect(first_connect_check=True)
  File "/usr/local/lib/python3.9/site-packages/sqlalchemy/pool/base.py", line 661, in __connect
    pool.logger.debug("Error on connect(): %s", e)
  File "/usr/local/lib/python3.9/site-packages/sqlalchemy/util/langhelpers.py", line 68, in __exit__
    compat.raise_(
  File "/usr/local/lib/python3.9/site-packages/sqlalchemy/util/compat.py", line 182, in raise_
    raise exception
  File "/usr/local/lib/python3.9/site-packages/sqlalchemy/pool/base.py", line 656, in __connect
    connection = pool._invoke_creator(self)
  File "/usr/local/lib/python3.9/site-packages/sqlalchemy/engine/strategies.py", line 114, in connect
    return dialect.connect(*cargs, **cparams)
  File "/usr/local/lib/python3.9/site-packages/sqlalchemy/engine/default.py", line 508, in connect
    return self.dbapi.connect(*cargs, **cparams)
  File "/usr/local/lib/python3.9/site-packages/psycopg2/__init__.py", line 127, in connect
    conn = _connect(dsn, connection_factory=connection_factory, **kwasync)
sqlalchemy.exc.OperationalError: (psycopg2.OperationalError) could not translate host name "postgres" to address: nodename nor servname provided, or not known

(Background on this error at: http://sqlalche.me/e/13/e3q8)
[2021-02-27 10:08:25,853] {scheduler_job.py:182} INFO - Started process (PID=24646) to work on /usr/local/lib/python3.9/site-packages/airflow/example_dags/subdags/subdag.py
[2021-02-27 10:08:25,855] {scheduler_job.py:629} INFO - Processing file /usr/local/lib/python3.9/site-packages/airflow/example_dags/subdags/subdag.py for tasks to queue
[2021-02-27 10:08:25,855] {logging_mixin.py:104} INFO - [2021-02-27 10:08:25,855] {dagbag.py:448} INFO - Filling up the DagBag from /usr/local/lib/python3.9/site-packages/airflow/example_dags/subdags/subdag.py
[2021-02-27 10:08:25,857] {scheduler_job.py:641} WARNING - No viable dags retrieved from /usr/local/lib/python3.9/site-packages/airflow/example_dags/subdags/subdag.py
[2021-02-27 10:08:25,885] {scheduler_job.py:193} ERROR - Got an exception! Propagating...
Traceback (most recent call last):
  File "/usr/local/lib/python3.9/site-packages/sqlalchemy/engine/base.py", line 2336, in _wrap_pool_connect
    return fn()
  File "/usr/local/lib/python3.9/site-packages/sqlalchemy/pool/base.py", line 364, in connect
    return _ConnectionFairy._checkout(self)
  File "/usr/local/lib/python3.9/site-packages/sqlalchemy/pool/base.py", line 778, in _checkout
    fairy = _ConnectionRecord.checkout(pool)
  File "/usr/local/lib/python3.9/site-packages/sqlalchemy/pool/base.py", line 495, in checkout
    rec = pool._do_get()
  File "/usr/local/lib/python3.9/site-packages/sqlalchemy/pool/impl.py", line 140, in _do_get
    self._dec_overflow()
  File "/usr/local/lib/python3.9/site-packages/sqlalchemy/util/langhelpers.py", line 68, in __exit__
    compat.raise_(
  File "/usr/local/lib/python3.9/site-packages/sqlalchemy/util/compat.py", line 182, in raise_
    raise exception
  File "/usr/local/lib/python3.9/site-packages/sqlalchemy/pool/impl.py", line 137, in _do_get
    return self._create_connection()
  File "/usr/local/lib/python3.9/site-packages/sqlalchemy/pool/base.py", line 309, in _create_connection
    return _ConnectionRecord(self)
  File "/usr/local/lib/python3.9/site-packages/sqlalchemy/pool/base.py", line 440, in __init__
    self.__connect(first_connect_check=True)
  File "/usr/local/lib/python3.9/site-packages/sqlalchemy/pool/base.py", line 661, in __connect
    pool.logger.debug("Error on connect(): %s", e)
  File "/usr/local/lib/python3.9/site-packages/sqlalchemy/util/langhelpers.py", line 68, in __exit__
    compat.raise_(
  File "/usr/local/lib/python3.9/site-packages/sqlalchemy/util/compat.py", line 182, in raise_
    raise exception
  File "/usr/local/lib/python3.9/site-packages/sqlalchemy/pool/base.py", line 656, in __connect
    connection = pool._invoke_creator(self)
  File "/usr/local/lib/python3.9/site-packages/sqlalchemy/engine/strategies.py", line 114, in connect
    return dialect.connect(*cargs, **cparams)
  File "/usr/local/lib/python3.9/site-packages/sqlalchemy/engine/default.py", line 508, in connect
    return self.dbapi.connect(*cargs, **cparams)
  File "/usr/local/lib/python3.9/site-packages/psycopg2/__init__.py", line 127, in connect
    conn = _connect(dsn, connection_factory=connection_factory, **kwasync)
psycopg2.OperationalError: could not translate host name "postgres" to address: nodename nor servname provided, or not known


The above exception was the direct cause of the following exception:

Traceback (most recent call last):
  File "/usr/local/lib/python3.9/site-packages/airflow/jobs/scheduler_job.py", line 184, in _run_file_processor
    result: Tuple[int, int] = dag_file_processor.process_file(
  File "/usr/local/lib/python3.9/site-packages/airflow/utils/session.py", line 65, in wrapper
    return func(*args, session=session, **kwargs)
  File "/usr/local/lib/python3.9/site-packages/airflow/jobs/scheduler_job.py", line 642, in process_file
    self.update_import_errors(session, dagbag)
  File "/usr/local/lib/python3.9/site-packages/airflow/jobs/scheduler_job.py", line 533, in update_import_errors
    session.query(errors.ImportError).filter(errors.ImportError.filename == dagbag_file).delete()
  File "/usr/local/lib/python3.9/site-packages/sqlalchemy/orm/query.py", line 3926, in delete
    delete_op.exec_()
  File "/usr/local/lib/python3.9/site-packages/sqlalchemy/orm/persistence.py", line 1697, in exec_
    self._do_exec()
  File "/usr/local/lib/python3.9/site-packages/sqlalchemy/orm/persistence.py", line 1930, in _do_exec
    self._execute_stmt(delete_stmt)
  File "/usr/local/lib/python3.9/site-packages/sqlalchemy/orm/persistence.py", line 1702, in _execute_stmt
    self.result = self.query._execute_crud(stmt, self.mapper)
  File "/usr/local/lib/python3.9/site-packages/sqlalchemy/orm/query.py", line 3564, in _execute_crud
    conn = self._connection_from_session(
  File "/usr/local/lib/python3.9/site-packages/sqlalchemy/orm/query.py", line 3550, in _connection_from_session
    conn = self.session.connection(**kw)
  File "/usr/local/lib/python3.9/site-packages/sqlalchemy/orm/session.py", line 1142, in connection
    return self._connection_for_bind(
  File "/usr/local/lib/python3.9/site-packages/sqlalchemy/orm/session.py", line 1150, in _connection_for_bind
    return self.transaction._connection_for_bind(
  File "/usr/local/lib/python3.9/site-packages/sqlalchemy/orm/session.py", line 433, in _connection_for_bind
    conn = bind._contextual_connect()
  File "/usr/local/lib/python3.9/site-packages/sqlalchemy/engine/base.py", line 2302, in _contextual_connect
    self._wrap_pool_connect(self.pool.connect, None),
  File "/usr/local/lib/python3.9/site-packages/sqlalchemy/engine/base.py", line 2339, in _wrap_pool_connect
    Connection._handle_dbapi_exception_noconnection(
  File "/usr/local/lib/python3.9/site-packages/sqlalchemy/engine/base.py", line 1583, in _handle_dbapi_exception_noconnection
    util.raise_(
  File "/usr/local/lib/python3.9/site-packages/sqlalchemy/util/compat.py", line 182, in raise_
    raise exception
  File "/usr/local/lib/python3.9/site-packages/sqlalchemy/engine/base.py", line 2336, in _wrap_pool_connect
    return fn()
  File "/usr/local/lib/python3.9/site-packages/sqlalchemy/pool/base.py", line 364, in connect
    return _ConnectionFairy._checkout(self)
  File "/usr/local/lib/python3.9/site-packages/sqlalchemy/pool/base.py", line 778, in _checkout
    fairy = _ConnectionRecord.checkout(pool)
  File "/usr/local/lib/python3.9/site-packages/sqlalchemy/pool/base.py", line 495, in checkout
    rec = pool._do_get()
  File "/usr/local/lib/python3.9/site-packages/sqlalchemy/pool/impl.py", line 140, in _do_get
    self._dec_overflow()
  File "/usr/local/lib/python3.9/site-packages/sqlalchemy/util/langhelpers.py", line 68, in __exit__
    compat.raise_(
  File "/usr/local/lib/python3.9/site-packages/sqlalchemy/util/compat.py", line 182, in raise_
    raise exception
  File "/usr/local/lib/python3.9/site-packages/sqlalchemy/pool/impl.py", line 137, in _do_get
    return self._create_connection()
  File "/usr/local/lib/python3.9/site-packages/sqlalchemy/pool/base.py", line 309, in _create_connection
    return _ConnectionRecord(self)
  File "/usr/local/lib/python3.9/site-packages/sqlalchemy/pool/base.py", line 440, in __init__
    self.__connect(first_connect_check=True)
  File "/usr/local/lib/python3.9/site-packages/sqlalchemy/pool/base.py", line 661, in __connect
    pool.logger.debug("Error on connect(): %s", e)
  File "/usr/local/lib/python3.9/site-packages/sqlalchemy/util/langhelpers.py", line 68, in __exit__
    compat.raise_(
  File "/usr/local/lib/python3.9/site-packages/sqlalchemy/util/compat.py", line 182, in raise_
    raise exception
  File "/usr/local/lib/python3.9/site-packages/sqlalchemy/pool/base.py", line 656, in __connect
    connection = pool._invoke_creator(self)
  File "/usr/local/lib/python3.9/site-packages/sqlalchemy/engine/strategies.py", line 114, in connect
    return dialect.connect(*cargs, **cparams)
  File "/usr/local/lib/python3.9/site-packages/sqlalchemy/engine/default.py", line 508, in connect
    return self.dbapi.connect(*cargs, **cparams)
  File "/usr/local/lib/python3.9/site-packages/psycopg2/__init__.py", line 127, in connect
    conn = _connect(dsn, connection_factory=connection_factory, **kwasync)
sqlalchemy.exc.OperationalError: (psycopg2.OperationalError) could not translate host name "postgres" to address: nodename nor servname provided, or not known

(Background on this error at: http://sqlalche.me/e/13/e3q8)
[2021-02-27 10:09:31,227] {scheduler_job.py:182} INFO - Started process (PID=24727) to work on /usr/local/lib/python3.9/site-packages/airflow/example_dags/subdags/subdag.py
[2021-02-27 10:09:31,228] {scheduler_job.py:629} INFO - Processing file /usr/local/lib/python3.9/site-packages/airflow/example_dags/subdags/subdag.py for tasks to queue
[2021-02-27 10:09:31,229] {logging_mixin.py:104} INFO - [2021-02-27 10:09:31,229] {dagbag.py:448} INFO - Filling up the DagBag from /usr/local/lib/python3.9/site-packages/airflow/example_dags/subdags/subdag.py
[2021-02-27 10:09:31,231] {scheduler_job.py:641} WARNING - No viable dags retrieved from /usr/local/lib/python3.9/site-packages/airflow/example_dags/subdags/subdag.py
[2021-02-27 10:09:31,259] {scheduler_job.py:193} ERROR - Got an exception! Propagating...
Traceback (most recent call last):
  File "/usr/local/lib/python3.9/site-packages/sqlalchemy/engine/base.py", line 2336, in _wrap_pool_connect
    return fn()
  File "/usr/local/lib/python3.9/site-packages/sqlalchemy/pool/base.py", line 364, in connect
    return _ConnectionFairy._checkout(self)
  File "/usr/local/lib/python3.9/site-packages/sqlalchemy/pool/base.py", line 778, in _checkout
    fairy = _ConnectionRecord.checkout(pool)
  File "/usr/local/lib/python3.9/site-packages/sqlalchemy/pool/base.py", line 495, in checkout
    rec = pool._do_get()
  File "/usr/local/lib/python3.9/site-packages/sqlalchemy/pool/impl.py", line 140, in _do_get
    self._dec_overflow()
  File "/usr/local/lib/python3.9/site-packages/sqlalchemy/util/langhelpers.py", line 68, in __exit__
    compat.raise_(
  File "/usr/local/lib/python3.9/site-packages/sqlalchemy/util/compat.py", line 182, in raise_
    raise exception
  File "/usr/local/lib/python3.9/site-packages/sqlalchemy/pool/impl.py", line 137, in _do_get
    return self._create_connection()
  File "/usr/local/lib/python3.9/site-packages/sqlalchemy/pool/base.py", line 309, in _create_connection
    return _ConnectionRecord(self)
  File "/usr/local/lib/python3.9/site-packages/sqlalchemy/pool/base.py", line 440, in __init__
    self.__connect(first_connect_check=True)
  File "/usr/local/lib/python3.9/site-packages/sqlalchemy/pool/base.py", line 661, in __connect
    pool.logger.debug("Error on connect(): %s", e)
  File "/usr/local/lib/python3.9/site-packages/sqlalchemy/util/langhelpers.py", line 68, in __exit__
    compat.raise_(
  File "/usr/local/lib/python3.9/site-packages/sqlalchemy/util/compat.py", line 182, in raise_
    raise exception
  File "/usr/local/lib/python3.9/site-packages/sqlalchemy/pool/base.py", line 656, in __connect
    connection = pool._invoke_creator(self)
  File "/usr/local/lib/python3.9/site-packages/sqlalchemy/engine/strategies.py", line 114, in connect
    return dialect.connect(*cargs, **cparams)
  File "/usr/local/lib/python3.9/site-packages/sqlalchemy/engine/default.py", line 508, in connect
    return self.dbapi.connect(*cargs, **cparams)
  File "/usr/local/lib/python3.9/site-packages/psycopg2/__init__.py", line 127, in connect
    conn = _connect(dsn, connection_factory=connection_factory, **kwasync)
psycopg2.OperationalError: FATAL:  role "karenzhang" does not exist


The above exception was the direct cause of the following exception:

Traceback (most recent call last):
  File "/usr/local/lib/python3.9/site-packages/airflow/jobs/scheduler_job.py", line 184, in _run_file_processor
    result: Tuple[int, int] = dag_file_processor.process_file(
  File "/usr/local/lib/python3.9/site-packages/airflow/utils/session.py", line 65, in wrapper
    return func(*args, session=session, **kwargs)
  File "/usr/local/lib/python3.9/site-packages/airflow/jobs/scheduler_job.py", line 642, in process_file
    self.update_import_errors(session, dagbag)
  File "/usr/local/lib/python3.9/site-packages/airflow/jobs/scheduler_job.py", line 533, in update_import_errors
    session.query(errors.ImportError).filter(errors.ImportError.filename == dagbag_file).delete()
  File "/usr/local/lib/python3.9/site-packages/sqlalchemy/orm/query.py", line 3926, in delete
    delete_op.exec_()
  File "/usr/local/lib/python3.9/site-packages/sqlalchemy/orm/persistence.py", line 1697, in exec_
    self._do_exec()
  File "/usr/local/lib/python3.9/site-packages/sqlalchemy/orm/persistence.py", line 1930, in _do_exec
    self._execute_stmt(delete_stmt)
  File "/usr/local/lib/python3.9/site-packages/sqlalchemy/orm/persistence.py", line 1702, in _execute_stmt
    self.result = self.query._execute_crud(stmt, self.mapper)
  File "/usr/local/lib/python3.9/site-packages/sqlalchemy/orm/query.py", line 3564, in _execute_crud
    conn = self._connection_from_session(
  File "/usr/local/lib/python3.9/site-packages/sqlalchemy/orm/query.py", line 3550, in _connection_from_session
    conn = self.session.connection(**kw)
  File "/usr/local/lib/python3.9/site-packages/sqlalchemy/orm/session.py", line 1142, in connection
    return self._connection_for_bind(
  File "/usr/local/lib/python3.9/site-packages/sqlalchemy/orm/session.py", line 1150, in _connection_for_bind
    return self.transaction._connection_for_bind(
  File "/usr/local/lib/python3.9/site-packages/sqlalchemy/orm/session.py", line 433, in _connection_for_bind
    conn = bind._contextual_connect()
  File "/usr/local/lib/python3.9/site-packages/sqlalchemy/engine/base.py", line 2302, in _contextual_connect
    self._wrap_pool_connect(self.pool.connect, None),
  File "/usr/local/lib/python3.9/site-packages/sqlalchemy/engine/base.py", line 2339, in _wrap_pool_connect
    Connection._handle_dbapi_exception_noconnection(
  File "/usr/local/lib/python3.9/site-packages/sqlalchemy/engine/base.py", line 1583, in _handle_dbapi_exception_noconnection
    util.raise_(
  File "/usr/local/lib/python3.9/site-packages/sqlalchemy/util/compat.py", line 182, in raise_
    raise exception
  File "/usr/local/lib/python3.9/site-packages/sqlalchemy/engine/base.py", line 2336, in _wrap_pool_connect
    return fn()
  File "/usr/local/lib/python3.9/site-packages/sqlalchemy/pool/base.py", line 364, in connect
    return _ConnectionFairy._checkout(self)
  File "/usr/local/lib/python3.9/site-packages/sqlalchemy/pool/base.py", line 778, in _checkout
    fairy = _ConnectionRecord.checkout(pool)
  File "/usr/local/lib/python3.9/site-packages/sqlalchemy/pool/base.py", line 495, in checkout
    rec = pool._do_get()
  File "/usr/local/lib/python3.9/site-packages/sqlalchemy/pool/impl.py", line 140, in _do_get
    self._dec_overflow()
  File "/usr/local/lib/python3.9/site-packages/sqlalchemy/util/langhelpers.py", line 68, in __exit__
    compat.raise_(
  File "/usr/local/lib/python3.9/site-packages/sqlalchemy/util/compat.py", line 182, in raise_
    raise exception
  File "/usr/local/lib/python3.9/site-packages/sqlalchemy/pool/impl.py", line 137, in _do_get
    return self._create_connection()
  File "/usr/local/lib/python3.9/site-packages/sqlalchemy/pool/base.py", line 309, in _create_connection
    return _ConnectionRecord(self)
  File "/usr/local/lib/python3.9/site-packages/sqlalchemy/pool/base.py", line 440, in __init__
    self.__connect(first_connect_check=True)
  File "/usr/local/lib/python3.9/site-packages/sqlalchemy/pool/base.py", line 661, in __connect
    pool.logger.debug("Error on connect(): %s", e)
  File "/usr/local/lib/python3.9/site-packages/sqlalchemy/util/langhelpers.py", line 68, in __exit__
    compat.raise_(
  File "/usr/local/lib/python3.9/site-packages/sqlalchemy/util/compat.py", line 182, in raise_
    raise exception
  File "/usr/local/lib/python3.9/site-packages/sqlalchemy/pool/base.py", line 656, in __connect
    connection = pool._invoke_creator(self)
  File "/usr/local/lib/python3.9/site-packages/sqlalchemy/engine/strategies.py", line 114, in connect
    return dialect.connect(*cargs, **cparams)
  File "/usr/local/lib/python3.9/site-packages/sqlalchemy/engine/default.py", line 508, in connect
    return self.dbapi.connect(*cargs, **cparams)
  File "/usr/local/lib/python3.9/site-packages/psycopg2/__init__.py", line 127, in connect
    conn = _connect(dsn, connection_factory=connection_factory, **kwasync)
sqlalchemy.exc.OperationalError: (psycopg2.OperationalError) FATAL:  role "karenzhang" does not exist

(Background on this error at: http://sqlalche.me/e/13/e3q8)
[2021-02-27 10:10:41,772] {scheduler_job.py:182} INFO - Started process (PID=24846) to work on /usr/local/lib/python3.9/site-packages/airflow/example_dags/subdags/subdag.py
[2021-02-27 10:10:41,773] {scheduler_job.py:629} INFO - Processing file /usr/local/lib/python3.9/site-packages/airflow/example_dags/subdags/subdag.py for tasks to queue
[2021-02-27 10:10:41,774] {logging_mixin.py:104} INFO - [2021-02-27 10:10:41,774] {dagbag.py:448} INFO - Filling up the DagBag from /usr/local/lib/python3.9/site-packages/airflow/example_dags/subdags/subdag.py
[2021-02-27 10:10:41,776] {scheduler_job.py:641} WARNING - No viable dags retrieved from /usr/local/lib/python3.9/site-packages/airflow/example_dags/subdags/subdag.py
[2021-02-27 10:10:41,810] {scheduler_job.py:193} ERROR - Got an exception! Propagating...
Traceback (most recent call last):
  File "/usr/local/lib/python3.9/site-packages/sqlalchemy/engine/base.py", line 2336, in _wrap_pool_connect
    return fn()
  File "/usr/local/lib/python3.9/site-packages/sqlalchemy/pool/base.py", line 364, in connect
    return _ConnectionFairy._checkout(self)
  File "/usr/local/lib/python3.9/site-packages/sqlalchemy/pool/base.py", line 778, in _checkout
    fairy = _ConnectionRecord.checkout(pool)
  File "/usr/local/lib/python3.9/site-packages/sqlalchemy/pool/base.py", line 495, in checkout
    rec = pool._do_get()
  File "/usr/local/lib/python3.9/site-packages/sqlalchemy/pool/impl.py", line 140, in _do_get
    self._dec_overflow()
  File "/usr/local/lib/python3.9/site-packages/sqlalchemy/util/langhelpers.py", line 68, in __exit__
    compat.raise_(
  File "/usr/local/lib/python3.9/site-packages/sqlalchemy/util/compat.py", line 182, in raise_
    raise exception
  File "/usr/local/lib/python3.9/site-packages/sqlalchemy/pool/impl.py", line 137, in _do_get
    return self._create_connection()
  File "/usr/local/lib/python3.9/site-packages/sqlalchemy/pool/base.py", line 309, in _create_connection
    return _ConnectionRecord(self)
  File "/usr/local/lib/python3.9/site-packages/sqlalchemy/pool/base.py", line 440, in __init__
    self.__connect(first_connect_check=True)
  File "/usr/local/lib/python3.9/site-packages/sqlalchemy/pool/base.py", line 661, in __connect
    pool.logger.debug("Error on connect(): %s", e)
  File "/usr/local/lib/python3.9/site-packages/sqlalchemy/util/langhelpers.py", line 68, in __exit__
    compat.raise_(
  File "/usr/local/lib/python3.9/site-packages/sqlalchemy/util/compat.py", line 182, in raise_
    raise exception
  File "/usr/local/lib/python3.9/site-packages/sqlalchemy/pool/base.py", line 656, in __connect
    connection = pool._invoke_creator(self)
  File "/usr/local/lib/python3.9/site-packages/sqlalchemy/engine/strategies.py", line 114, in connect
    return dialect.connect(*cargs, **cparams)
  File "/usr/local/lib/python3.9/site-packages/sqlalchemy/engine/default.py", line 508, in connect
    return self.dbapi.connect(*cargs, **cparams)
  File "/usr/local/lib/python3.9/site-packages/psycopg2/__init__.py", line 127, in connect
    conn = _connect(dsn, connection_factory=connection_factory, **kwasync)
psycopg2.OperationalError: FATAL:  role "karenzhang" does not exist


The above exception was the direct cause of the following exception:

Traceback (most recent call last):
  File "/usr/local/lib/python3.9/site-packages/airflow/jobs/scheduler_job.py", line 184, in _run_file_processor
    result: Tuple[int, int] = dag_file_processor.process_file(
  File "/usr/local/lib/python3.9/site-packages/airflow/utils/session.py", line 65, in wrapper
    return func(*args, session=session, **kwargs)
  File "/usr/local/lib/python3.9/site-packages/airflow/jobs/scheduler_job.py", line 642, in process_file
    self.update_import_errors(session, dagbag)
  File "/usr/local/lib/python3.9/site-packages/airflow/jobs/scheduler_job.py", line 533, in update_import_errors
    session.query(errors.ImportError).filter(errors.ImportError.filename == dagbag_file).delete()
  File "/usr/local/lib/python3.9/site-packages/sqlalchemy/orm/query.py", line 3926, in delete
    delete_op.exec_()
  File "/usr/local/lib/python3.9/site-packages/sqlalchemy/orm/persistence.py", line 1697, in exec_
    self._do_exec()
  File "/usr/local/lib/python3.9/site-packages/sqlalchemy/orm/persistence.py", line 1930, in _do_exec
    self._execute_stmt(delete_stmt)
  File "/usr/local/lib/python3.9/site-packages/sqlalchemy/orm/persistence.py", line 1702, in _execute_stmt
    self.result = self.query._execute_crud(stmt, self.mapper)
  File "/usr/local/lib/python3.9/site-packages/sqlalchemy/orm/query.py", line 3564, in _execute_crud
    conn = self._connection_from_session(
  File "/usr/local/lib/python3.9/site-packages/sqlalchemy/orm/query.py", line 3550, in _connection_from_session
    conn = self.session.connection(**kw)
  File "/usr/local/lib/python3.9/site-packages/sqlalchemy/orm/session.py", line 1142, in connection
    return self._connection_for_bind(
  File "/usr/local/lib/python3.9/site-packages/sqlalchemy/orm/session.py", line 1150, in _connection_for_bind
    return self.transaction._connection_for_bind(
  File "/usr/local/lib/python3.9/site-packages/sqlalchemy/orm/session.py", line 433, in _connection_for_bind
    conn = bind._contextual_connect()
  File "/usr/local/lib/python3.9/site-packages/sqlalchemy/engine/base.py", line 2302, in _contextual_connect
    self._wrap_pool_connect(self.pool.connect, None),
  File "/usr/local/lib/python3.9/site-packages/sqlalchemy/engine/base.py", line 2339, in _wrap_pool_connect
    Connection._handle_dbapi_exception_noconnection(
  File "/usr/local/lib/python3.9/site-packages/sqlalchemy/engine/base.py", line 1583, in _handle_dbapi_exception_noconnection
    util.raise_(
  File "/usr/local/lib/python3.9/site-packages/sqlalchemy/util/compat.py", line 182, in raise_
    raise exception
  File "/usr/local/lib/python3.9/site-packages/sqlalchemy/engine/base.py", line 2336, in _wrap_pool_connect
    return fn()
  File "/usr/local/lib/python3.9/site-packages/sqlalchemy/pool/base.py", line 364, in connect
    return _ConnectionFairy._checkout(self)
  File "/usr/local/lib/python3.9/site-packages/sqlalchemy/pool/base.py", line 778, in _checkout
    fairy = _ConnectionRecord.checkout(pool)
  File "/usr/local/lib/python3.9/site-packages/sqlalchemy/pool/base.py", line 495, in checkout
    rec = pool._do_get()
  File "/usr/local/lib/python3.9/site-packages/sqlalchemy/pool/impl.py", line 140, in _do_get
    self._dec_overflow()
  File "/usr/local/lib/python3.9/site-packages/sqlalchemy/util/langhelpers.py", line 68, in __exit__
    compat.raise_(
  File "/usr/local/lib/python3.9/site-packages/sqlalchemy/util/compat.py", line 182, in raise_
    raise exception
  File "/usr/local/lib/python3.9/site-packages/sqlalchemy/pool/impl.py", line 137, in _do_get
    return self._create_connection()
  File "/usr/local/lib/python3.9/site-packages/sqlalchemy/pool/base.py", line 309, in _create_connection
    return _ConnectionRecord(self)
  File "/usr/local/lib/python3.9/site-packages/sqlalchemy/pool/base.py", line 440, in __init__
    self.__connect(first_connect_check=True)
  File "/usr/local/lib/python3.9/site-packages/sqlalchemy/pool/base.py", line 661, in __connect
    pool.logger.debug("Error on connect(): %s", e)
  File "/usr/local/lib/python3.9/site-packages/sqlalchemy/util/langhelpers.py", line 68, in __exit__
    compat.raise_(
  File "/usr/local/lib/python3.9/site-packages/sqlalchemy/util/compat.py", line 182, in raise_
    raise exception
  File "/usr/local/lib/python3.9/site-packages/sqlalchemy/pool/base.py", line 656, in __connect
    connection = pool._invoke_creator(self)
  File "/usr/local/lib/python3.9/site-packages/sqlalchemy/engine/strategies.py", line 114, in connect
    return dialect.connect(*cargs, **cparams)
  File "/usr/local/lib/python3.9/site-packages/sqlalchemy/engine/default.py", line 508, in connect
    return self.dbapi.connect(*cargs, **cparams)
  File "/usr/local/lib/python3.9/site-packages/psycopg2/__init__.py", line 127, in connect
    conn = _connect(dsn, connection_factory=connection_factory, **kwasync)
sqlalchemy.exc.OperationalError: (psycopg2.OperationalError) FATAL:  role "karenzhang" does not exist

(Background on this error at: http://sqlalche.me/e/13/e3q8)
[2021-02-27 10:11:39,780] {scheduler_job.py:182} INFO - Started process (PID=24963) to work on /usr/local/lib/python3.9/site-packages/airflow/example_dags/subdags/subdag.py
[2021-02-27 10:11:39,781] {scheduler_job.py:629} INFO - Processing file /usr/local/lib/python3.9/site-packages/airflow/example_dags/subdags/subdag.py for tasks to queue
[2021-02-27 10:11:39,781] {logging_mixin.py:104} INFO - [2021-02-27 10:11:39,781] {dagbag.py:448} INFO - Filling up the DagBag from /usr/local/lib/python3.9/site-packages/airflow/example_dags/subdags/subdag.py
[2021-02-27 10:11:39,783] {scheduler_job.py:641} WARNING - No viable dags retrieved from /usr/local/lib/python3.9/site-packages/airflow/example_dags/subdags/subdag.py
[2021-02-27 10:11:39,821] {scheduler_job.py:190} INFO - Processing /usr/local/lib/python3.9/site-packages/airflow/example_dags/subdags/subdag.py took 0.041 seconds
[2021-02-27 10:12:26,412] {scheduler_job.py:182} INFO - Started process (PID=25022) to work on /usr/local/lib/python3.9/site-packages/airflow/example_dags/subdags/subdag.py
[2021-02-27 10:12:26,413] {scheduler_job.py:629} INFO - Processing file /usr/local/lib/python3.9/site-packages/airflow/example_dags/subdags/subdag.py for tasks to queue
[2021-02-27 10:12:26,413] {logging_mixin.py:104} INFO - [2021-02-27 10:12:26,413] {dagbag.py:448} INFO - Filling up the DagBag from /usr/local/lib/python3.9/site-packages/airflow/example_dags/subdags/subdag.py
[2021-02-27 10:12:26,415] {scheduler_job.py:641} WARNING - No viable dags retrieved from /usr/local/lib/python3.9/site-packages/airflow/example_dags/subdags/subdag.py
[2021-02-27 10:12:26,457] {scheduler_job.py:190} INFO - Processing /usr/local/lib/python3.9/site-packages/airflow/example_dags/subdags/subdag.py took 0.045 seconds
[2021-02-27 10:13:02,941] {scheduler_job.py:182} INFO - Started process (PID=25130) to work on /usr/local/lib/python3.9/site-packages/airflow/example_dags/subdags/subdag.py
[2021-02-27 10:13:02,942] {scheduler_job.py:629} INFO - Processing file /usr/local/lib/python3.9/site-packages/airflow/example_dags/subdags/subdag.py for tasks to queue
[2021-02-27 10:13:02,943] {logging_mixin.py:104} INFO - [2021-02-27 10:13:02,943] {dagbag.py:448} INFO - Filling up the DagBag from /usr/local/lib/python3.9/site-packages/airflow/example_dags/subdags/subdag.py
[2021-02-27 10:13:02,944] {scheduler_job.py:641} WARNING - No viable dags retrieved from /usr/local/lib/python3.9/site-packages/airflow/example_dags/subdags/subdag.py
[2021-02-27 10:13:02,990] {scheduler_job.py:190} INFO - Processing /usr/local/lib/python3.9/site-packages/airflow/example_dags/subdags/subdag.py took 0.050 seconds
[2021-02-27 10:13:15,241] {scheduler_job.py:182} INFO - Started process (PID=25186) to work on /usr/local/lib/python3.9/site-packages/airflow/example_dags/subdags/subdag.py
[2021-02-27 10:13:15,241] {scheduler_job.py:629} INFO - Processing file /usr/local/lib/python3.9/site-packages/airflow/example_dags/subdags/subdag.py for tasks to queue
[2021-02-27 10:13:15,242] {logging_mixin.py:104} INFO - [2021-02-27 10:13:15,242] {dagbag.py:448} INFO - Filling up the DagBag from /usr/local/lib/python3.9/site-packages/airflow/example_dags/subdags/subdag.py
[2021-02-27 10:13:15,244] {scheduler_job.py:641} WARNING - No viable dags retrieved from /usr/local/lib/python3.9/site-packages/airflow/example_dags/subdags/subdag.py
[2021-02-27 10:13:15,285] {scheduler_job.py:190} INFO - Processing /usr/local/lib/python3.9/site-packages/airflow/example_dags/subdags/subdag.py took 0.045 seconds
[2021-02-27 10:13:34,939] {scheduler_job.py:182} INFO - Started process (PID=25231) to work on /usr/local/lib/python3.9/site-packages/airflow/example_dags/subdags/subdag.py
[2021-02-27 10:13:34,940] {scheduler_job.py:629} INFO - Processing file /usr/local/lib/python3.9/site-packages/airflow/example_dags/subdags/subdag.py for tasks to queue
[2021-02-27 10:13:34,940] {logging_mixin.py:104} INFO - [2021-02-27 10:13:34,940] {dagbag.py:448} INFO - Filling up the DagBag from /usr/local/lib/python3.9/site-packages/airflow/example_dags/subdags/subdag.py
[2021-02-27 10:13:34,942] {scheduler_job.py:641} WARNING - No viable dags retrieved from /usr/local/lib/python3.9/site-packages/airflow/example_dags/subdags/subdag.py
[2021-02-27 10:13:34,984] {scheduler_job.py:190} INFO - Processing /usr/local/lib/python3.9/site-packages/airflow/example_dags/subdags/subdag.py took 0.045 seconds
[2021-02-27 10:14:04,862] {scheduler_job.py:182} INFO - Started process (PID=25314) to work on /usr/local/lib/python3.9/site-packages/airflow/example_dags/subdags/subdag.py
[2021-02-27 10:14:04,863] {scheduler_job.py:629} INFO - Processing file /usr/local/lib/python3.9/site-packages/airflow/example_dags/subdags/subdag.py for tasks to queue
[2021-02-27 10:14:04,863] {logging_mixin.py:104} INFO - [2021-02-27 10:14:04,863] {dagbag.py:448} INFO - Filling up the DagBag from /usr/local/lib/python3.9/site-packages/airflow/example_dags/subdags/subdag.py
[2021-02-27 10:14:04,866] {scheduler_job.py:641} WARNING - No viable dags retrieved from /usr/local/lib/python3.9/site-packages/airflow/example_dags/subdags/subdag.py
[2021-02-27 10:14:04,912] {scheduler_job.py:190} INFO - Processing /usr/local/lib/python3.9/site-packages/airflow/example_dags/subdags/subdag.py took 0.051 seconds
[2021-02-27 10:14:06,734] {scheduler_job.py:182} INFO - Started process (PID=25322) to work on /usr/local/lib/python3.9/site-packages/airflow/example_dags/subdags/subdag.py
[2021-02-27 10:14:06,735] {scheduler_job.py:629} INFO - Processing file /usr/local/lib/python3.9/site-packages/airflow/example_dags/subdags/subdag.py for tasks to queue
[2021-02-27 10:14:06,735] {logging_mixin.py:104} INFO - [2021-02-27 10:14:06,735] {dagbag.py:448} INFO - Filling up the DagBag from /usr/local/lib/python3.9/site-packages/airflow/example_dags/subdags/subdag.py
[2021-02-27 10:14:06,737] {scheduler_job.py:641} WARNING - No viable dags retrieved from /usr/local/lib/python3.9/site-packages/airflow/example_dags/subdags/subdag.py
[2021-02-27 10:14:06,779] {scheduler_job.py:190} INFO - Processing /usr/local/lib/python3.9/site-packages/airflow/example_dags/subdags/subdag.py took 0.045 seconds
[2021-02-27 10:14:38,278] {scheduler_job.py:182} INFO - Started process (PID=25414) to work on /usr/local/lib/python3.9/site-packages/airflow/example_dags/subdags/subdag.py
[2021-02-27 10:14:38,279] {scheduler_job.py:629} INFO - Processing file /usr/local/lib/python3.9/site-packages/airflow/example_dags/subdags/subdag.py for tasks to queue
[2021-02-27 10:14:38,279] {logging_mixin.py:104} INFO - [2021-02-27 10:14:38,279] {dagbag.py:448} INFO - Filling up the DagBag from /usr/local/lib/python3.9/site-packages/airflow/example_dags/subdags/subdag.py
[2021-02-27 10:14:38,281] {scheduler_job.py:641} WARNING - No viable dags retrieved from /usr/local/lib/python3.9/site-packages/airflow/example_dags/subdags/subdag.py
[2021-02-27 10:14:38,319] {scheduler_job.py:190} INFO - Processing /usr/local/lib/python3.9/site-packages/airflow/example_dags/subdags/subdag.py took 0.043 seconds
[2021-02-27 10:14:50,424] {scheduler_job.py:182} INFO - Started process (PID=25454) to work on /usr/local/lib/python3.9/site-packages/airflow/example_dags/subdags/subdag.py
[2021-02-27 10:14:50,424] {scheduler_job.py:629} INFO - Processing file /usr/local/lib/python3.9/site-packages/airflow/example_dags/subdags/subdag.py for tasks to queue
[2021-02-27 10:14:50,425] {logging_mixin.py:104} INFO - [2021-02-27 10:14:50,425] {dagbag.py:448} INFO - Filling up the DagBag from /usr/local/lib/python3.9/site-packages/airflow/example_dags/subdags/subdag.py
[2021-02-27 10:14:50,426] {scheduler_job.py:641} WARNING - No viable dags retrieved from /usr/local/lib/python3.9/site-packages/airflow/example_dags/subdags/subdag.py
[2021-02-27 10:14:50,463] {scheduler_job.py:190} INFO - Processing /usr/local/lib/python3.9/site-packages/airflow/example_dags/subdags/subdag.py took 0.040 seconds
[2021-02-27 10:15:09,917] {scheduler_job.py:182} INFO - Started process (PID=25500) to work on /usr/local/lib/python3.9/site-packages/airflow/example_dags/subdags/subdag.py
[2021-02-27 10:15:09,918] {scheduler_job.py:629} INFO - Processing file /usr/local/lib/python3.9/site-packages/airflow/example_dags/subdags/subdag.py for tasks to queue
[2021-02-27 10:15:09,918] {logging_mixin.py:104} INFO - [2021-02-27 10:15:09,918] {dagbag.py:448} INFO - Filling up the DagBag from /usr/local/lib/python3.9/site-packages/airflow/example_dags/subdags/subdag.py
[2021-02-27 10:15:09,920] {scheduler_job.py:641} WARNING - No viable dags retrieved from /usr/local/lib/python3.9/site-packages/airflow/example_dags/subdags/subdag.py
[2021-02-27 10:15:09,960] {scheduler_job.py:190} INFO - Processing /usr/local/lib/python3.9/site-packages/airflow/example_dags/subdags/subdag.py took 0.044 seconds
[2021-02-27 10:15:33,972] {scheduler_job.py:182} INFO - Started process (PID=25559) to work on /usr/local/lib/python3.9/site-packages/airflow/example_dags/subdags/subdag.py
[2021-02-27 10:15:33,973] {scheduler_job.py:629} INFO - Processing file /usr/local/lib/python3.9/site-packages/airflow/example_dags/subdags/subdag.py for tasks to queue
[2021-02-27 10:15:33,973] {logging_mixin.py:104} INFO - [2021-02-27 10:15:33,973] {dagbag.py:448} INFO - Filling up the DagBag from /usr/local/lib/python3.9/site-packages/airflow/example_dags/subdags/subdag.py
[2021-02-27 10:15:33,975] {scheduler_job.py:641} WARNING - No viable dags retrieved from /usr/local/lib/python3.9/site-packages/airflow/example_dags/subdags/subdag.py
[2021-02-27 10:15:34,013] {scheduler_job.py:190} INFO - Processing /usr/local/lib/python3.9/site-packages/airflow/example_dags/subdags/subdag.py took 0.043 seconds
[2021-02-27 10:15:41,163] {scheduler_job.py:182} INFO - Started process (PID=25591) to work on /usr/local/lib/python3.9/site-packages/airflow/example_dags/subdags/subdag.py
[2021-02-27 10:15:41,163] {scheduler_job.py:629} INFO - Processing file /usr/local/lib/python3.9/site-packages/airflow/example_dags/subdags/subdag.py for tasks to queue
[2021-02-27 10:15:41,164] {logging_mixin.py:104} INFO - [2021-02-27 10:15:41,164] {dagbag.py:448} INFO - Filling up the DagBag from /usr/local/lib/python3.9/site-packages/airflow/example_dags/subdags/subdag.py
[2021-02-27 10:15:41,165] {scheduler_job.py:641} WARNING - No viable dags retrieved from /usr/local/lib/python3.9/site-packages/airflow/example_dags/subdags/subdag.py
[2021-02-27 10:15:41,207] {scheduler_job.py:190} INFO - Processing /usr/local/lib/python3.9/site-packages/airflow/example_dags/subdags/subdag.py took 0.045 seconds
[2021-02-27 10:16:12,938] {scheduler_job.py:182} INFO - Started process (PID=25684) to work on /usr/local/lib/python3.9/site-packages/airflow/example_dags/subdags/subdag.py
[2021-02-27 10:16:12,938] {scheduler_job.py:629} INFO - Processing file /usr/local/lib/python3.9/site-packages/airflow/example_dags/subdags/subdag.py for tasks to queue
[2021-02-27 10:16:12,939] {logging_mixin.py:104} INFO - [2021-02-27 10:16:12,939] {dagbag.py:448} INFO - Filling up the DagBag from /usr/local/lib/python3.9/site-packages/airflow/example_dags/subdags/subdag.py
[2021-02-27 10:16:12,941] {scheduler_job.py:641} WARNING - No viable dags retrieved from /usr/local/lib/python3.9/site-packages/airflow/example_dags/subdags/subdag.py
[2021-02-27 10:16:12,980] {scheduler_job.py:190} INFO - Processing /usr/local/lib/python3.9/site-packages/airflow/example_dags/subdags/subdag.py took 0.043 seconds
[2021-02-27 10:16:17,961] {scheduler_job.py:182} INFO - Started process (PID=25703) to work on /usr/local/lib/python3.9/site-packages/airflow/example_dags/subdags/subdag.py
[2021-02-27 10:16:17,961] {scheduler_job.py:629} INFO - Processing file /usr/local/lib/python3.9/site-packages/airflow/example_dags/subdags/subdag.py for tasks to queue
[2021-02-27 10:16:17,962] {logging_mixin.py:104} INFO - [2021-02-27 10:16:17,962] {dagbag.py:448} INFO - Filling up the DagBag from /usr/local/lib/python3.9/site-packages/airflow/example_dags/subdags/subdag.py
[2021-02-27 10:16:17,963] {scheduler_job.py:641} WARNING - No viable dags retrieved from /usr/local/lib/python3.9/site-packages/airflow/example_dags/subdags/subdag.py
[2021-02-27 10:16:18,006] {scheduler_job.py:190} INFO - Processing /usr/local/lib/python3.9/site-packages/airflow/example_dags/subdags/subdag.py took 0.046 seconds
[2021-02-27 10:16:45,108] {scheduler_job.py:182} INFO - Started process (PID=25773) to work on /usr/local/lib/python3.9/site-packages/airflow/example_dags/subdags/subdag.py
[2021-02-27 10:16:45,109] {scheduler_job.py:629} INFO - Processing file /usr/local/lib/python3.9/site-packages/airflow/example_dags/subdags/subdag.py for tasks to queue
[2021-02-27 10:16:45,109] {logging_mixin.py:104} INFO - [2021-02-27 10:16:45,109] {dagbag.py:448} INFO - Filling up the DagBag from /usr/local/lib/python3.9/site-packages/airflow/example_dags/subdags/subdag.py
[2021-02-27 10:16:45,111] {scheduler_job.py:641} WARNING - No viable dags retrieved from /usr/local/lib/python3.9/site-packages/airflow/example_dags/subdags/subdag.py
[2021-02-27 10:16:45,153] {scheduler_job.py:190} INFO - Processing /usr/local/lib/python3.9/site-packages/airflow/example_dags/subdags/subdag.py took 0.046 seconds
[2021-02-27 10:17:01,617] {scheduler_job.py:182} INFO - Started process (PID=25820) to work on /usr/local/lib/python3.9/site-packages/airflow/example_dags/subdags/subdag.py
[2021-02-27 10:17:01,617] {scheduler_job.py:629} INFO - Processing file /usr/local/lib/python3.9/site-packages/airflow/example_dags/subdags/subdag.py for tasks to queue
[2021-02-27 10:17:01,618] {logging_mixin.py:104} INFO - [2021-02-27 10:17:01,618] {dagbag.py:448} INFO - Filling up the DagBag from /usr/local/lib/python3.9/site-packages/airflow/example_dags/subdags/subdag.py
[2021-02-27 10:17:01,619] {scheduler_job.py:641} WARNING - No viable dags retrieved from /usr/local/lib/python3.9/site-packages/airflow/example_dags/subdags/subdag.py
[2021-02-27 10:17:01,658] {scheduler_job.py:190} INFO - Processing /usr/local/lib/python3.9/site-packages/airflow/example_dags/subdags/subdag.py took 0.042 seconds
[2021-02-27 10:17:16,394] {scheduler_job.py:182} INFO - Started process (PID=25872) to work on /usr/local/lib/python3.9/site-packages/airflow/example_dags/subdags/subdag.py
[2021-02-27 10:17:16,395] {scheduler_job.py:629} INFO - Processing file /usr/local/lib/python3.9/site-packages/airflow/example_dags/subdags/subdag.py for tasks to queue
[2021-02-27 10:17:16,395] {logging_mixin.py:104} INFO - [2021-02-27 10:17:16,395] {dagbag.py:448} INFO - Filling up the DagBag from /usr/local/lib/python3.9/site-packages/airflow/example_dags/subdags/subdag.py
[2021-02-27 10:17:16,397] {scheduler_job.py:641} WARNING - No viable dags retrieved from /usr/local/lib/python3.9/site-packages/airflow/example_dags/subdags/subdag.py
[2021-02-27 10:17:16,436] {scheduler_job.py:190} INFO - Processing /usr/local/lib/python3.9/site-packages/airflow/example_dags/subdags/subdag.py took 0.044 seconds
[2021-02-27 10:17:44,679] {scheduler_job.py:182} INFO - Started process (PID=25946) to work on /usr/local/lib/python3.9/site-packages/airflow/example_dags/subdags/subdag.py
[2021-02-27 10:17:44,680] {scheduler_job.py:629} INFO - Processing file /usr/local/lib/python3.9/site-packages/airflow/example_dags/subdags/subdag.py for tasks to queue
[2021-02-27 10:17:44,680] {logging_mixin.py:104} INFO - [2021-02-27 10:17:44,680] {dagbag.py:448} INFO - Filling up the DagBag from /usr/local/lib/python3.9/site-packages/airflow/example_dags/subdags/subdag.py
[2021-02-27 10:17:44,681] {scheduler_job.py:641} WARNING - No viable dags retrieved from /usr/local/lib/python3.9/site-packages/airflow/example_dags/subdags/subdag.py
[2021-02-27 10:17:44,722] {scheduler_job.py:190} INFO - Processing /usr/local/lib/python3.9/site-packages/airflow/example_dags/subdags/subdag.py took 0.044 seconds
[2021-02-27 10:17:47,876] {scheduler_job.py:182} INFO - Started process (PID=25960) to work on /usr/local/lib/python3.9/site-packages/airflow/example_dags/subdags/subdag.py
[2021-02-27 10:17:47,876] {scheduler_job.py:629} INFO - Processing file /usr/local/lib/python3.9/site-packages/airflow/example_dags/subdags/subdag.py for tasks to queue
[2021-02-27 10:17:47,877] {logging_mixin.py:104} INFO - [2021-02-27 10:17:47,877] {dagbag.py:448} INFO - Filling up the DagBag from /usr/local/lib/python3.9/site-packages/airflow/example_dags/subdags/subdag.py
[2021-02-27 10:17:47,878] {scheduler_job.py:641} WARNING - No viable dags retrieved from /usr/local/lib/python3.9/site-packages/airflow/example_dags/subdags/subdag.py
[2021-02-27 10:17:47,919] {scheduler_job.py:190} INFO - Processing /usr/local/lib/python3.9/site-packages/airflow/example_dags/subdags/subdag.py took 0.044 seconds
[2021-02-27 10:18:19,447] {scheduler_job.py:182} INFO - Started process (PID=26056) to work on /usr/local/lib/python3.9/site-packages/airflow/example_dags/subdags/subdag.py
[2021-02-27 10:18:19,449] {scheduler_job.py:629} INFO - Processing file /usr/local/lib/python3.9/site-packages/airflow/example_dags/subdags/subdag.py for tasks to queue
[2021-02-27 10:18:19,449] {logging_mixin.py:104} INFO - [2021-02-27 10:18:19,449] {dagbag.py:448} INFO - Filling up the DagBag from /usr/local/lib/python3.9/site-packages/airflow/example_dags/subdags/subdag.py
[2021-02-27 10:18:19,451] {scheduler_job.py:641} WARNING - No viable dags retrieved from /usr/local/lib/python3.9/site-packages/airflow/example_dags/subdags/subdag.py
[2021-02-27 10:18:19,490] {scheduler_job.py:190} INFO - Processing /usr/local/lib/python3.9/site-packages/airflow/example_dags/subdags/subdag.py took 0.043 seconds
[2021-02-27 10:18:27,958] {scheduler_job.py:182} INFO - Started process (PID=26094) to work on /usr/local/lib/python3.9/site-packages/airflow/example_dags/subdags/subdag.py
[2021-02-27 10:18:27,958] {scheduler_job.py:629} INFO - Processing file /usr/local/lib/python3.9/site-packages/airflow/example_dags/subdags/subdag.py for tasks to queue
[2021-02-27 10:18:27,958] {logging_mixin.py:104} INFO - [2021-02-27 10:18:27,958] {dagbag.py:448} INFO - Filling up the DagBag from /usr/local/lib/python3.9/site-packages/airflow/example_dags/subdags/subdag.py
[2021-02-27 10:18:27,960] {scheduler_job.py:641} WARNING - No viable dags retrieved from /usr/local/lib/python3.9/site-packages/airflow/example_dags/subdags/subdag.py
[2021-02-27 10:18:28,003] {scheduler_job.py:190} INFO - Processing /usr/local/lib/python3.9/site-packages/airflow/example_dags/subdags/subdag.py took 0.046 seconds
[2021-02-27 10:18:50,817] {scheduler_job.py:182} INFO - Started process (PID=26147) to work on /usr/local/lib/python3.9/site-packages/airflow/example_dags/subdags/subdag.py
[2021-02-27 10:18:50,817] {scheduler_job.py:629} INFO - Processing file /usr/local/lib/python3.9/site-packages/airflow/example_dags/subdags/subdag.py for tasks to queue
[2021-02-27 10:18:50,817] {logging_mixin.py:104} INFO - [2021-02-27 10:18:50,817] {dagbag.py:448} INFO - Filling up the DagBag from /usr/local/lib/python3.9/site-packages/airflow/example_dags/subdags/subdag.py
[2021-02-27 10:18:50,819] {scheduler_job.py:641} WARNING - No viable dags retrieved from /usr/local/lib/python3.9/site-packages/airflow/example_dags/subdags/subdag.py
[2021-02-27 10:18:50,861] {scheduler_job.py:190} INFO - Processing /usr/local/lib/python3.9/site-packages/airflow/example_dags/subdags/subdag.py took 0.045 seconds
[2021-02-27 10:19:12,176] {scheduler_job.py:182} INFO - Started process (PID=26300) to work on /usr/local/lib/python3.9/site-packages/airflow/example_dags/subdags/subdag.py
[2021-02-27 10:19:12,177] {scheduler_job.py:629} INFO - Processing file /usr/local/lib/python3.9/site-packages/airflow/example_dags/subdags/subdag.py for tasks to queue
[2021-02-27 10:19:12,177] {logging_mixin.py:104} INFO - [2021-02-27 10:19:12,177] {dagbag.py:448} INFO - Filling up the DagBag from /usr/local/lib/python3.9/site-packages/airflow/example_dags/subdags/subdag.py
[2021-02-27 10:19:12,179] {scheduler_job.py:641} WARNING - No viable dags retrieved from /usr/local/lib/python3.9/site-packages/airflow/example_dags/subdags/subdag.py
[2021-02-27 10:19:12,223] {scheduler_job.py:190} INFO - Processing /usr/local/lib/python3.9/site-packages/airflow/example_dags/subdags/subdag.py took 0.048 seconds
[2021-02-27 10:19:22,284] {scheduler_job.py:182} INFO - Started process (PID=26461) to work on /usr/local/lib/python3.9/site-packages/airflow/example_dags/subdags/subdag.py
[2021-02-27 10:19:22,285] {scheduler_job.py:629} INFO - Processing file /usr/local/lib/python3.9/site-packages/airflow/example_dags/subdags/subdag.py for tasks to queue
[2021-02-27 10:19:22,285] {logging_mixin.py:104} INFO - [2021-02-27 10:19:22,285] {dagbag.py:448} INFO - Filling up the DagBag from /usr/local/lib/python3.9/site-packages/airflow/example_dags/subdags/subdag.py
[2021-02-27 10:19:22,287] {scheduler_job.py:641} WARNING - No viable dags retrieved from /usr/local/lib/python3.9/site-packages/airflow/example_dags/subdags/subdag.py
[2021-02-27 10:19:22,329] {scheduler_job.py:190} INFO - Processing /usr/local/lib/python3.9/site-packages/airflow/example_dags/subdags/subdag.py took 0.046 seconds
[2021-02-27 10:19:53,619] {scheduler_job.py:182} INFO - Started process (PID=26552) to work on /usr/local/lib/python3.9/site-packages/airflow/example_dags/subdags/subdag.py
[2021-02-27 10:19:53,620] {scheduler_job.py:629} INFO - Processing file /usr/local/lib/python3.9/site-packages/airflow/example_dags/subdags/subdag.py for tasks to queue
[2021-02-27 10:19:53,621] {logging_mixin.py:104} INFO - [2021-02-27 10:19:53,621] {dagbag.py:448} INFO - Filling up the DagBag from /usr/local/lib/python3.9/site-packages/airflow/example_dags/subdags/subdag.py
[2021-02-27 10:19:53,623] {scheduler_job.py:641} WARNING - No viable dags retrieved from /usr/local/lib/python3.9/site-packages/airflow/example_dags/subdags/subdag.py
[2021-02-27 10:19:53,667] {scheduler_job.py:190} INFO - Processing /usr/local/lib/python3.9/site-packages/airflow/example_dags/subdags/subdag.py took 0.049 seconds
[2021-02-27 10:19:55,493] {scheduler_job.py:182} INFO - Started process (PID=26559) to work on /usr/local/lib/python3.9/site-packages/airflow/example_dags/subdags/subdag.py
[2021-02-27 10:19:55,493] {scheduler_job.py:629} INFO - Processing file /usr/local/lib/python3.9/site-packages/airflow/example_dags/subdags/subdag.py for tasks to queue
[2021-02-27 10:19:55,494] {logging_mixin.py:104} INFO - [2021-02-27 10:19:55,493] {dagbag.py:448} INFO - Filling up the DagBag from /usr/local/lib/python3.9/site-packages/airflow/example_dags/subdags/subdag.py
[2021-02-27 10:19:55,495] {scheduler_job.py:641} WARNING - No viable dags retrieved from /usr/local/lib/python3.9/site-packages/airflow/example_dags/subdags/subdag.py
[2021-02-27 10:19:55,536] {scheduler_job.py:190} INFO - Processing /usr/local/lib/python3.9/site-packages/airflow/example_dags/subdags/subdag.py took 0.044 seconds
